mode: atomic
github.com/baaaki/mydreamcampus/grades-service/cmd/main.go:31.13,34.16 2 0
github.com/baaaki/mydreamcampus/grades-service/cmd/main.go:34.16,35.55 1 0
github.com/baaaki/mydreamcampus/grades-service/cmd/main.go:39.2,39.60 1 0
github.com/baaaki/mydreamcampus/grades-service/cmd/main.go:39.60,40.61 1 0
github.com/baaaki/mydreamcampus/grades-service/cmd/main.go:42.2,51.16 4 0
github.com/baaaki/mydreamcampus/grades-service/cmd/main.go:51.16,53.3 1 0
github.com/baaaki/mydreamcampus/grades-service/cmd/main.go:54.2,60.16 4 0
github.com/baaaki/mydreamcampus/grades-service/cmd/main.go:60.16,62.3 1 0
github.com/baaaki/mydreamcampus/grades-service/cmd/main.go:62.8,64.28 2 0
github.com/baaaki/mydreamcampus/grades-service/cmd/main.go:64.28,75.4 3 0
github.com/baaaki/mydreamcampus/grades-service/cmd/main.go:79.2,80.16 2 0
github.com/baaaki/mydreamcampus/grades-service/cmd/main.go:80.16,82.3 1 0
github.com/baaaki/mydreamcampus/grades-service/cmd/main.go:83.2,88.50 3 0
github.com/baaaki/mydreamcampus/grades-service/cmd/main.go:88.50,90.3 1 0
github.com/baaaki/mydreamcampus/grades-service/cmd/main.go:93.2,126.12 20 0
github.com/baaaki/mydreamcampus/grades-service/cmd/main.go:126.12,127.50 1 0
github.com/baaaki/mydreamcampus/grades-service/cmd/main.go:127.50,129.4 1 0
github.com/baaaki/mydreamcampus/grades-service/cmd/main.go:133.2,133.12 1 0
github.com/baaaki/mydreamcampus/grades-service/cmd/main.go:133.12,134.53 1 0
github.com/baaaki/mydreamcampus/grades-service/cmd/main.go:134.53,136.4 1 0
github.com/baaaki/mydreamcampus/grades-service/cmd/main.go:140.2,155.24 7 0
github.com/baaaki/mydreamcampus/grades-service/cmd/main.go:155.24,157.3 1 0
github.com/baaaki/mydreamcampus/grades-service/cmd/main.go:158.2,168.12 4 0
github.com/baaaki/mydreamcampus/grades-service/cmd/main.go:168.12,170.77 2 0
github.com/baaaki/mydreamcampus/grades-service/cmd/main.go:170.77,172.4 1 0
github.com/baaaki/mydreamcampus/grades-service/cmd/main.go:176.2,189.50 8 0
github.com/baaaki/mydreamcampus/grades-service/cmd/main.go:189.50,191.3 1 0
github.com/baaaki/mydreamcampus/grades-service/cmd/main.go:193.2,193.30 1 0
github.com/baaaki/mydreamcampus/grades-service/cmd/main.go:196.234,197.44 1 0
github.com/baaaki/mydreamcampus/grades-service/cmd/main.go:197.44,199.3 1 0
github.com/baaaki/mydreamcampus/grades-service/cmd/main.go:201.2,223.2 14 0
github.com/baaaki/mydreamcampus/grades-service/cmd/main.go:223.2,229.3 5 0
github.com/baaaki/mydreamcampus/grades-service/cmd/main.go:232.2,233.2 2 0
github.com/baaaki/mydreamcampus/grades-service/cmd/main.go:233.2,235.3 1 0
github.com/baaaki/mydreamcampus/grades-service/cmd/main.go:238.2,239.2 2 0
github.com/baaaki/mydreamcampus/grades-service/cmd/main.go:239.2,241.3 1 0
github.com/baaaki/mydreamcampus/grades-service/cmd/main.go:244.2,246.2 3 0
github.com/baaaki/mydreamcampus/grades-service/cmd/main.go:246.2,254.3 5 0
github.com/baaaki/mydreamcampus/grades-service/cmd/main.go:257.2,259.2 3 0
github.com/baaaki/mydreamcampus/grades-service/cmd/main.go:259.2,261.3 1 0
github.com/baaaki/mydreamcampus/grades-service/cmd/main.go:263.2,263.15 1 0
github.com/baaaki/mydreamcampus/grades-service/cmd/main.go:266.53,278.16 2 0
github.com/baaaki/mydreamcampus/grades-service/cmd/main.go:278.16,280.3 1 0
github.com/baaaki/mydreamcampus/grades-service/cmd/main.go:282.2,287.12 2 0
github.com/baaaki/mydreamcampus/grades-service/config/config.go:27.30,35.60 3 0
github.com/baaaki/mydreamcampus/grades-service/config/config.go:35.60,37.3 1 0
github.com/baaaki/mydreamcampus/grades-service/config/config.go:40.2,56.39 3 0
github.com/baaaki/mydreamcampus/grades-service/config/config.go:56.39,58.3 1 0
github.com/baaaki/mydreamcampus/grades-service/config/config.go:60.2,60.17 1 0
github.com/baaaki/mydreamcampus/grades-service/config/config.go:64.35,67.2 1 0
github.com/baaaki/mydreamcampus/grades-service/internal/db/assessment_scores.sql.go:27.132,32.2 4 0
github.com/baaaki/mydreamcampus/grades-service/internal/db/assessment_scores.sql.go:46.120,51.2 4 0
github.com/baaaki/mydreamcampus/grades-service/internal/db/assessment_scores.sql.go:60.87,63.2 2 0
github.com/baaaki/mydreamcampus/grades-service/internal/db/assessment_scores.sql.go:81.130,83.16 2 0
github.com/baaaki/mydreamcampus/grades-service/internal/db/assessment_scores.sql.go:83.16,85.3 1 0
github.com/baaaki/mydreamcampus/grades-service/internal/db/assessment_scores.sql.go:86.2,88.18 3 0
github.com/baaaki/mydreamcampus/grades-service/internal/db/assessment_scores.sql.go:88.18,90.53 2 0
github.com/baaaki/mydreamcampus/grades-service/internal/db/assessment_scores.sql.go:90.53,92.4 1 0
github.com/baaaki/mydreamcampus/grades-service/internal/db/assessment_scores.sql.go:93.3,93.41 1 0
github.com/baaaki/mydreamcampus/grades-service/internal/db/assessment_scores.sql.go:95.2,95.35 1 0
github.com/baaaki/mydreamcampus/grades-service/internal/db/assessment_scores.sql.go:95.35,97.3 1 0
github.com/baaaki/mydreamcampus/grades-service/internal/db/assessment_scores.sql.go:98.2,98.19 1 0
github.com/baaaki/mydreamcampus/grades-service/internal/db/assessment_scores.sql.go:111.143,125.2 4 0
github.com/baaaki/mydreamcampus/grades-service/internal/db/assessment_scores.sql.go:133.124,135.16 2 0
github.com/baaaki/mydreamcampus/grades-service/internal/db/assessment_scores.sql.go:135.16,137.3 1 0
github.com/baaaki/mydreamcampus/grades-service/internal/db/assessment_scores.sql.go:138.2,140.18 3 0
github.com/baaaki/mydreamcampus/grades-service/internal/db/assessment_scores.sql.go:140.18,151.17 2 0
github.com/baaaki/mydreamcampus/grades-service/internal/db/assessment_scores.sql.go:151.17,153.4 1 0
github.com/baaaki/mydreamcampus/grades-service/internal/db/assessment_scores.sql.go:154.3,154.27 1 0
github.com/baaaki/mydreamcampus/grades-service/internal/db/assessment_scores.sql.go:156.2,156.35 1 0
github.com/baaaki/mydreamcampus/grades-service/internal/db/assessment_scores.sql.go:156.35,158.3 1 0
github.com/baaaki/mydreamcampus/grades-service/internal/db/assessment_scores.sql.go:159.2,159.19 1 0
github.com/baaaki/mydreamcampus/grades-service/internal/db/assessment_scores.sql.go:173.93,178.2 4 0
github.com/baaaki/mydreamcampus/grades-service/internal/db/assessment_scores.sql.go:191.77,194.2 2 0
github.com/baaaki/mydreamcampus/grades-service/internal/db/assessment_scores.sql.go:212.109,215.2 2 0
github.com/baaaki/mydreamcampus/grades-service/internal/db/assessment_scores.sql.go:228.81,231.2 2 0
github.com/baaaki/mydreamcampus/grades-service/internal/db/assessment_scores.sql.go:259.127,279.2 4 0
github.com/baaaki/mydreamcampus/grades-service/internal/db/completed_courses.sql.go:33.113,38.2 4 0
github.com/baaaki/mydreamcampus/grades-service/internal/db/completed_courses.sql.go:83.127,133.2 4 0
github.com/baaaki/mydreamcampus/grades-service/internal/db/completed_courses.sql.go:145.101,148.2 2 0
github.com/baaaki/mydreamcampus/grades-service/internal/db/completed_courses.sql.go:160.157,188.2 4 0
github.com/baaaki/mydreamcampus/grades-service/internal/db/completed_courses.sql.go:196.122,198.16 2 0
github.com/baaaki/mydreamcampus/grades-service/internal/db/completed_courses.sql.go:198.16,200.3 1 0
github.com/baaaki/mydreamcampus/grades-service/internal/db/completed_courses.sql.go:201.2,203.18 3 0
github.com/baaaki/mydreamcampus/grades-service/internal/db/completed_courses.sql.go:203.18,228.17 2 0
github.com/baaaki/mydreamcampus/grades-service/internal/db/completed_courses.sql.go:228.17,230.4 1 0
github.com/baaaki/mydreamcampus/grades-service/internal/db/completed_courses.sql.go:231.3,231.27 1 0
github.com/baaaki/mydreamcampus/grades-service/internal/db/completed_courses.sql.go:233.2,233.35 1 0
github.com/baaaki/mydreamcampus/grades-service/internal/db/completed_courses.sql.go:233.35,235.3 1 0
github.com/baaaki/mydreamcampus/grades-service/internal/db/completed_courses.sql.go:236.2,236.19 1 0
github.com/baaaki/mydreamcampus/grades-service/internal/db/completed_courses.sql.go:245.124,247.16 2 0
github.com/baaaki/mydreamcampus/grades-service/internal/db/completed_courses.sql.go:247.16,249.3 1 0
github.com/baaaki/mydreamcampus/grades-service/internal/db/completed_courses.sql.go:250.2,252.18 3 0
github.com/baaaki/mydreamcampus/grades-service/internal/db/completed_courses.sql.go:252.18,277.17 2 0
github.com/baaaki/mydreamcampus/grades-service/internal/db/completed_courses.sql.go:277.17,279.4 1 0
github.com/baaaki/mydreamcampus/grades-service/internal/db/completed_courses.sql.go:280.3,280.27 1 0
github.com/baaaki/mydreamcampus/grades-service/internal/db/completed_courses.sql.go:282.2,282.35 1 0
github.com/baaaki/mydreamcampus/grades-service/internal/db/completed_courses.sql.go:282.35,284.3 1 0
github.com/baaaki/mydreamcampus/grades-service/internal/db/completed_courses.sql.go:285.2,285.19 1 0
github.com/baaaki/mydreamcampus/grades-service/internal/db/completed_courses.sql.go:310.111,312.16 2 0
github.com/baaaki/mydreamcampus/grades-service/internal/db/completed_courses.sql.go:312.16,314.3 1 0
github.com/baaaki/mydreamcampus/grades-service/internal/db/completed_courses.sql.go:315.2,317.18 3 0
github.com/baaaki/mydreamcampus/grades-service/internal/db/completed_courses.sql.go:317.18,326.17 2 0
github.com/baaaki/mydreamcampus/grades-service/internal/db/completed_courses.sql.go:326.17,328.4 1 0
github.com/baaaki/mydreamcampus/grades-service/internal/db/completed_courses.sql.go:329.3,329.27 1 0
github.com/baaaki/mydreamcampus/grades-service/internal/db/completed_courses.sql.go:331.2,331.35 1 0
github.com/baaaki/mydreamcampus/grades-service/internal/db/completed_courses.sql.go:331.35,333.3 1 0
github.com/baaaki/mydreamcampus/grades-service/internal/db/completed_courses.sql.go:334.2,334.19 1 0
github.com/baaaki/mydreamcampus/grades-service/internal/db/completed_courses.sql.go:357.123,367.2 2 0
github.com/baaaki/mydreamcampus/grades-service/internal/db/courses_cache.sql.go:20.95,36.2 4 0
github.com/baaaki/mydreamcampus/grades-service/internal/db/courses_cache.sql.go:70.109,96.2 4 0
github.com/baaaki/mydreamcampus/grades-service/internal/db/db.go:20.28,22.2 1 0
github.com/baaaki/mydreamcampus/grades-service/internal/db/db.go:28.46,32.2 1 0
github.com/baaaki/mydreamcampus/grades-service/internal/db/models.go:35.54,36.25 1 0
github.com/baaaki/mydreamcampus/grades-service/internal/db/models.go:37.14,38.25 1 0
github.com/baaaki/mydreamcampus/grades-service/internal/db/models.go:39.14,40.25 1 0
github.com/baaaki/mydreamcampus/grades-service/internal/db/models.go:41.10,42.73 1 0
github.com/baaaki/mydreamcampus/grades-service/internal/db/models.go:44.2,44.12 1 0
github.com/baaaki/mydreamcampus/grades-service/internal/db/models.go:53.61,54.18 1 0
github.com/baaaki/mydreamcampus/grades-service/internal/db/models.go:54.18,57.3 2 0
github.com/baaaki/mydreamcampus/grades-service/internal/db/models.go:58.2,59.38 2 0
github.com/baaaki/mydreamcampus/grades-service/internal/db/models.go:63.60,64.15 1 0
github.com/baaaki/mydreamcampus/grades-service/internal/db/models.go:64.15,66.3 1 0
github.com/baaaki/mydreamcampus/grades-service/internal/db/models.go:67.2,67.39 1 0
github.com/baaaki/mydreamcampus/grades-service/internal/db/models.go:77.55,78.25 1 0
github.com/baaaki/mydreamcampus/grades-service/internal/db/models.go:79.14,80.26 1 0
github.com/baaaki/mydreamcampus/grades-service/internal/db/models.go:81.14,82.26 1 0
github.com/baaaki/mydreamcampus/grades-service/internal/db/models.go:83.10,84.74 1 0
github.com/baaaki/mydreamcampus/grades-service/internal/db/models.go:86.2,86.12 1 0
github.com/baaaki/mydreamcampus/grades-service/internal/db/models.go:95.62,96.18 1 0
github.com/baaaki/mydreamcampus/grades-service/internal/db/models.go:96.18,99.3 2 0
github.com/baaaki/mydreamcampus/grades-service/internal/db/models.go:100.2,101.39 2 0
github.com/baaaki/mydreamcampus/grades-service/internal/db/models.go:105.61,106.15 1 0
github.com/baaaki/mydreamcampus/grades-service/internal/db/models.go:106.15,108.3 1 0
github.com/baaaki/mydreamcampus/grades-service/internal/db/models.go:109.2,109.40 1 0
github.com/baaaki/mydreamcampus/grades-service/internal/db/models.go:120.56,121.25 1 0
github.com/baaaki/mydreamcampus/grades-service/internal/db/models.go:122.14,123.27 1 0
github.com/baaaki/mydreamcampus/grades-service/internal/db/models.go:124.14,125.27 1 0
github.com/baaaki/mydreamcampus/grades-service/internal/db/models.go:126.10,127.75 1 0
github.com/baaaki/mydreamcampus/grades-service/internal/db/models.go:129.2,129.12 1 0
github.com/baaaki/mydreamcampus/grades-service/internal/db/models.go:138.63,139.18 1 0
github.com/baaaki/mydreamcampus/grades-service/internal/db/models.go:139.18,142.3 2 0
github.com/baaaki/mydreamcampus/grades-service/internal/db/models.go:143.2,144.40 2 0
github.com/baaaki/mydreamcampus/grades-service/internal/db/models.go:148.62,149.15 1 0
github.com/baaaki/mydreamcampus/grades-service/internal/db/models.go:149.15,151.3 1 0
github.com/baaaki/mydreamcampus/grades-service/internal/db/models.go:152.2,152.41 1 0
github.com/baaaki/mydreamcampus/grades-service/internal/db/outbox.sql.go:30.108,46.2 4 0
github.com/baaaki/mydreamcampus/grades-service/internal/db/outbox.sql.go:55.99,57.16 2 0
github.com/baaaki/mydreamcampus/grades-service/internal/db/outbox.sql.go:57.16,59.3 1 0
github.com/baaaki/mydreamcampus/grades-service/internal/db/outbox.sql.go:60.2,62.18 3 0
github.com/baaaki/mydreamcampus/grades-service/internal/db/outbox.sql.go:62.18,75.17 2 0
github.com/baaaki/mydreamcampus/grades-service/internal/db/outbox.sql.go:75.17,77.4 1 0
github.com/baaaki/mydreamcampus/grades-service/internal/db/outbox.sql.go:78.3,78.27 1 0
github.com/baaaki/mydreamcampus/grades-service/internal/db/outbox.sql.go:80.2,80.35 1 0
github.com/baaaki/mydreamcampus/grades-service/internal/db/outbox.sql.go:80.35,82.3 1 0
github.com/baaaki/mydreamcampus/grades-service/internal/db/outbox.sql.go:83.2,83.19 1 0
github.com/baaaki/mydreamcampus/grades-service/internal/db/outbox.sql.go:100.101,103.2 2 0
github.com/baaaki/mydreamcampus/grades-service/internal/db/outbox.sql.go:111.85,114.2 2 0
github.com/baaaki/mydreamcampus/grades-service/internal/db/outbox.sql.go:123.83,126.2 2 0
github.com/baaaki/mydreamcampus/grades-service/internal/db/periods.sql.go:29.101,49.2 4 0
github.com/baaaki/mydreamcampus/grades-service/internal/db/periods.sql.go:55.73,58.2 2 0
github.com/baaaki/mydreamcampus/grades-service/internal/db/periods.sql.go:72.123,86.2 4 0
github.com/baaaki/mydreamcampus/grades-service/internal/db/periods.sql.go:95.97,109.2 4 0
github.com/baaaki/mydreamcampus/grades-service/internal/db/periods.sql.go:117.92,131.2 4 0
github.com/baaaki/mydreamcampus/grades-service/internal/db/periods.sql.go:139.81,141.16 2 0
github.com/baaaki/mydreamcampus/grades-service/internal/db/periods.sql.go:141.16,143.3 1 0
github.com/baaaki/mydreamcampus/grades-service/internal/db/periods.sql.go:144.2,146.18 3 0
github.com/baaaki/mydreamcampus/grades-service/internal/db/periods.sql.go:146.18,157.17 2 0
github.com/baaaki/mydreamcampus/grades-service/internal/db/periods.sql.go:157.17,159.4 1 0
github.com/baaaki/mydreamcampus/grades-service/internal/db/periods.sql.go:160.3,160.27 1 0
github.com/baaaki/mydreamcampus/grades-service/internal/db/periods.sql.go:162.2,162.35 1 0
github.com/baaaki/mydreamcampus/grades-service/internal/db/periods.sql.go:162.35,164.3 1 0
github.com/baaaki/mydreamcampus/grades-service/internal/db/periods.sql.go:165.2,165.19 1 0
github.com/baaaki/mydreamcampus/grades-service/internal/db/periods.sql.go:175.105,177.16 2 0
github.com/baaaki/mydreamcampus/grades-service/internal/db/periods.sql.go:177.16,179.3 1 0
github.com/baaaki/mydreamcampus/grades-service/internal/db/periods.sql.go:180.2,182.18 3 0
github.com/baaaki/mydreamcampus/grades-service/internal/db/periods.sql.go:182.18,193.17 2 0
github.com/baaaki/mydreamcampus/grades-service/internal/db/periods.sql.go:193.17,195.4 1 0
github.com/baaaki/mydreamcampus/grades-service/internal/db/periods.sql.go:196.3,196.27 1 0
github.com/baaaki/mydreamcampus/grades-service/internal/db/periods.sql.go:198.2,198.35 1 0
github.com/baaaki/mydreamcampus/grades-service/internal/db/periods.sql.go:198.35,200.3 1 0
github.com/baaaki/mydreamcampus/grades-service/internal/db/periods.sql.go:201.2,201.19 1 0
github.com/baaaki/mydreamcampus/grades-service/internal/db/periods.sql.go:219.101,233.2 4 0
github.com/baaaki/mydreamcampus/grades-service/internal/db/prerequisite_courses_cache.sql.go:19.94,24.2 4 0
github.com/baaaki/mydreamcampus/grades-service/internal/db/registrations.sql.go:22.110,27.2 4 0
github.com/baaaki/mydreamcampus/grades-service/internal/db/registrations.sql.go:34.102,39.2 4 0
github.com/baaaki/mydreamcampus/grades-service/internal/db/registrations.sql.go:58.124,75.2 4 0
github.com/baaaki/mydreamcampus/grades-service/internal/db/registrations.sql.go:81.94,84.2 2 0
github.com/baaaki/mydreamcampus/grades-service/internal/db/registrations.sql.go:129.139,131.16 2 0
github.com/baaaki/mydreamcampus/grades-service/internal/db/registrations.sql.go:131.16,133.3 1 0
github.com/baaaki/mydreamcampus/grades-service/internal/db/registrations.sql.go:134.2,136.18 3 0
github.com/baaaki/mydreamcampus/grades-service/internal/db/registrations.sql.go:136.18,145.17 2 0
github.com/baaaki/mydreamcampus/grades-service/internal/db/registrations.sql.go:145.17,147.4 1 0
github.com/baaaki/mydreamcampus/grades-service/internal/db/registrations.sql.go:148.3,148.27 1 0
github.com/baaaki/mydreamcampus/grades-service/internal/db/registrations.sql.go:150.2,150.35 1 0
github.com/baaaki/mydreamcampus/grades-service/internal/db/registrations.sql.go:150.35,152.3 1 0
github.com/baaaki/mydreamcampus/grades-service/internal/db/registrations.sql.go:153.2,153.19 1 0
github.com/baaaki/mydreamcampus/grades-service/internal/db/registrations.sql.go:190.106,210.2 4 0
github.com/baaaki/mydreamcampus/grades-service/internal/db/registrations.sql.go:238.124,240.16 2 0
github.com/baaaki/mydreamcampus/grades-service/internal/db/registrations.sql.go:240.16,242.3 1 0
github.com/baaaki/mydreamcampus/grades-service/internal/db/registrations.sql.go:243.2,245.18 3 0
github.com/baaaki/mydreamcampus/grades-service/internal/db/registrations.sql.go:245.18,258.17 2 0
github.com/baaaki/mydreamcampus/grades-service/internal/db/registrations.sql.go:258.17,260.4 1 0
github.com/baaaki/mydreamcampus/grades-service/internal/db/registrations.sql.go:261.3,261.27 1 0
github.com/baaaki/mydreamcampus/grades-service/internal/db/registrations.sql.go:263.2,263.35 1 0
github.com/baaaki/mydreamcampus/grades-service/internal/db/registrations.sql.go:263.35,265.3 1 0
github.com/baaaki/mydreamcampus/grades-service/internal/db/registrations.sql.go:266.2,266.19 1 0
github.com/baaaki/mydreamcampus/grades-service/internal/db/registrations.sql.go:303.120,305.16 2 0
github.com/baaaki/mydreamcampus/grades-service/internal/db/registrations.sql.go:305.16,307.3 1 0
github.com/baaaki/mydreamcampus/grades-service/internal/db/registrations.sql.go:308.2,310.18 3 0
github.com/baaaki/mydreamcampus/grades-service/internal/db/registrations.sql.go:310.18,327.17 2 0
github.com/baaaki/mydreamcampus/grades-service/internal/db/registrations.sql.go:327.17,329.4 1 0
github.com/baaaki/mydreamcampus/grades-service/internal/db/registrations.sql.go:330.3,330.27 1 0
github.com/baaaki/mydreamcampus/grades-service/internal/db/registrations.sql.go:332.2,332.35 1 0
github.com/baaaki/mydreamcampus/grades-service/internal/db/registrations.sql.go:332.35,334.3 1 0
github.com/baaaki/mydreamcampus/grades-service/internal/db/registrations.sql.go:335.2,335.19 1 0
github.com/baaaki/mydreamcampus/grades-service/internal/db/registrations.sql.go:349.99,352.2 2 0
github.com/baaaki/mydreamcampus/grades-service/internal/db/students_cache.sql.go:21.83,24.2 2 0
github.com/baaaki/mydreamcampus/grades-service/internal/db/students_cache.sql.go:31.97,46.2 4 0
github.com/baaaki/mydreamcampus/grades-service/internal/db/students_cache.sql.go:77.112,101.2 4 0
github.com/baaaki/mydreamcampus/grades-service/internal/worker/event_consumer.go:27.18,33.2 1 0
github.com/baaaki/mydreamcampus/grades-service/internal/worker/event_consumer.go:35.58,40.62 3 0
github.com/baaaki/mydreamcampus/grades-service/internal/worker/event_consumer.go:40.62,42.3 1 0
github.com/baaaki/mydreamcampus/grades-service/internal/worker/event_consumer.go:43.2,48.41 2 0
github.com/baaaki/mydreamcampus/grades-service/internal/worker/event_consumer.go:48.41,49.83 1 0
github.com/baaaki/mydreamcampus/grades-service/internal/worker/event_consumer.go:49.83,51.4 1 0
github.com/baaaki/mydreamcampus/grades-service/internal/worker/event_consumer.go:53.2,53.69 1 0
github.com/baaaki/mydreamcampus/grades-service/internal/worker/event_consumer.go:53.69,55.3 1 0
github.com/baaaki/mydreamcampus/grades-service/internal/worker/event_consumer.go:55.17,57.3 1 0
github.com/baaaki/mydreamcampus/grades-service/internal/worker/event_consumer.go:60.2,61.61 2 0
github.com/baaaki/mydreamcampus/grades-service/internal/worker/event_consumer.go:61.61,63.3 1 0
github.com/baaaki/mydreamcampus/grades-service/internal/worker/event_consumer.go:64.2,67.40 2 0
github.com/baaaki/mydreamcampus/grades-service/internal/worker/event_consumer.go:67.40,68.81 1 0
github.com/baaaki/mydreamcampus/grades-service/internal/worker/event_consumer.go:68.81,70.4 1 0
github.com/baaaki/mydreamcampus/grades-service/internal/worker/event_consumer.go:72.2,72.68 1 0
github.com/baaaki/mydreamcampus/grades-service/internal/worker/event_consumer.go:72.68,74.3 1 0
github.com/baaaki/mydreamcampus/grades-service/internal/worker/event_consumer.go:74.17,76.3 1 0
github.com/baaaki/mydreamcampus/grades-service/internal/worker/event_consumer.go:79.2,80.65 2 0
github.com/baaaki/mydreamcampus/grades-service/internal/worker/event_consumer.go:80.65,82.3 1 0
github.com/baaaki/mydreamcampus/grades-service/internal/worker/event_consumer.go:83.2,83.114 1 0
github.com/baaaki/mydreamcampus/grades-service/internal/worker/event_consumer.go:83.114,85.3 1 0
github.com/baaaki/mydreamcampus/grades-service/internal/worker/event_consumer.go:86.2,86.72 1 0
github.com/baaaki/mydreamcampus/grades-service/internal/worker/event_consumer.go:86.72,88.3 1 0
github.com/baaaki/mydreamcampus/grades-service/internal/worker/event_consumer.go:88.17,90.3 1 0
github.com/baaaki/mydreamcampus/grades-service/internal/worker/event_consumer.go:93.2,94.65 2 0
github.com/baaaki/mydreamcampus/grades-service/internal/worker/event_consumer.go:94.65,96.3 1 0
github.com/baaaki/mydreamcampus/grades-service/internal/worker/event_consumer.go:97.2,97.121 1 0
github.com/baaaki/mydreamcampus/grades-service/internal/worker/event_consumer.go:97.121,99.3 1 0
github.com/baaaki/mydreamcampus/grades-service/internal/worker/event_consumer.go:100.2,100.72 1 0
github.com/baaaki/mydreamcampus/grades-service/internal/worker/event_consumer.go:100.72,102.3 1 0
github.com/baaaki/mydreamcampus/grades-service/internal/worker/event_consumer.go:102.17,104.3 1 0
github.com/baaaki/mydreamcampus/grades-service/internal/worker/event_consumer.go:106.2,112.12 4 0
github.com/baaaki/mydreamcampus/grades-service/internal/worker/event_consumer.go:119.84,124.57 2 0
github.com/baaaki/mydreamcampus/grades-service/internal/worker/event_consumer.go:124.57,127.3 2 0
github.com/baaaki/mydreamcampus/grades-service/internal/worker/event_consumer.go:129.2,129.29 1 0
github.com/baaaki/mydreamcampus/grades-service/internal/worker/event_consumer.go:130.25,132.54 2 0
github.com/baaaki/mydreamcampus/grades-service/internal/worker/event_consumer.go:132.54,135.4 2 0
github.com/baaaki/mydreamcampus/grades-service/internal/worker/event_consumer.go:136.3,136.44 1 0
github.com/baaaki/mydreamcampus/grades-service/internal/worker/event_consumer.go:138.25,140.54 2 0
github.com/baaaki/mydreamcampus/grades-service/internal/worker/event_consumer.go:140.54,143.4 2 0
github.com/baaaki/mydreamcampus/grades-service/internal/worker/event_consumer.go:144.3,144.44 1 0
github.com/baaaki/mydreamcampus/grades-service/internal/worker/event_consumer.go:146.29,148.54 2 0
github.com/baaaki/mydreamcampus/grades-service/internal/worker/event_consumer.go:148.54,151.4 2 0
github.com/baaaki/mydreamcampus/grades-service/internal/worker/event_consumer.go:152.3,152.48 1 0
github.com/baaaki/mydreamcampus/grades-service/internal/worker/event_consumer.go:154.10,156.13 2 0
github.com/baaaki/mydreamcampus/grades-service/internal/worker/event_consumer.go:160.104,175.2 3 0
github.com/baaaki/mydreamcampus/grades-service/internal/worker/event_consumer.go:177.104,192.2 3 0
github.com/baaaki/mydreamcampus/grades-service/internal/worker/event_consumer.go:194.112,198.2 2 0
github.com/baaaki/mydreamcampus/grades-service/internal/worker/event_consumer.go:204.83,209.57 2 0
github.com/baaaki/mydreamcampus/grades-service/internal/worker/event_consumer.go:209.57,212.3 2 0
github.com/baaaki/mydreamcampus/grades-service/internal/worker/event_consumer.go:214.2,214.29 1 0
github.com/baaaki/mydreamcampus/grades-service/internal/worker/event_consumer.go:215.33,217.54 2 0
github.com/baaaki/mydreamcampus/grades-service/internal/worker/event_consumer.go:217.54,220.4 2 0
github.com/baaaki/mydreamcampus/grades-service/internal/worker/event_consumer.go:221.3,221.51 1 0
github.com/baaaki/mydreamcampus/grades-service/internal/worker/event_consumer.go:223.10,225.13 2 0
github.com/baaaki/mydreamcampus/grades-service/internal/worker/event_consumer.go:229.118,234.16 3 0
github.com/baaaki/mydreamcampus/grades-service/internal/worker/event_consumer.go:234.16,237.3 2 0
github.com/baaaki/mydreamcampus/grades-service/internal/worker/event_consumer.go:239.2,251.12 2 0
github.com/baaaki/mydreamcampus/grades-service/internal/worker/event_consumer.go:258.87,260.53 2 0
github.com/baaaki/mydreamcampus/grades-service/internal/worker/event_consumer.go:260.53,263.3 2 0
github.com/baaaki/mydreamcampus/grades-service/internal/worker/event_consumer.go:265.2,273.48 4 0
github.com/baaaki/mydreamcampus/grades-service/internal/worker/event_consumer.go:273.48,280.17 2 0
github.com/baaaki/mydreamcampus/grades-service/internal/worker/event_consumer.go:280.17,287.12 3 0
github.com/baaaki/mydreamcampus/grades-service/internal/worker/event_consumer.go:289.3,289.17 1 0
github.com/baaaki/mydreamcampus/grades-service/internal/worker/event_consumer.go:293.2,293.41 1 0
github.com/baaaki/mydreamcampus/grades-service/internal/worker/event_consumer.go:293.41,300.3 2 0
github.com/baaaki/mydreamcampus/grades-service/internal/worker/event_consumer.go:302.2,302.12 1 0
github.com/baaaki/mydreamcampus/grades-service/internal/worker/event_consumer.go:309.87,311.53 2 0
github.com/baaaki/mydreamcampus/grades-service/internal/worker/event_consumer.go:311.53,314.3 2 0
github.com/baaaki/mydreamcampus/grades-service/internal/worker/event_consumer.go:316.2,324.4 2 0
github.com/baaaki/mydreamcampus/grades-service/internal/worker/finalize_consumer.go:27.21,33.2 1 0
github.com/baaaki/mydreamcampus/grades-service/internal/worker/finalize_consumer.go:35.61,39.55 3 0
github.com/baaaki/mydreamcampus/grades-service/internal/worker/finalize_consumer.go:39.55,41.3 1 0
github.com/baaaki/mydreamcampus/grades-service/internal/worker/finalize_consumer.go:42.2,42.96 1 0
github.com/baaaki/mydreamcampus/grades-service/internal/worker/finalize_consumer.go:42.96,44.3 1 0
github.com/baaaki/mydreamcampus/grades-service/internal/worker/finalize_consumer.go:45.2,45.62 1 0
github.com/baaaki/mydreamcampus/grades-service/internal/worker/finalize_consumer.go:45.62,47.3 1 0
github.com/baaaki/mydreamcampus/grades-service/internal/worker/finalize_consumer.go:47.17,49.3 1 0
github.com/baaaki/mydreamcampus/grades-service/internal/worker/finalize_consumer.go:51.2,55.12 4 0
github.com/baaaki/mydreamcampus/grades-service/internal/worker/finalize_consumer.go:58.92,60.53 2 0
github.com/baaaki/mydreamcampus/grades-service/internal/worker/finalize_consumer.go:60.53,63.3 2 0
github.com/baaaki/mydreamcampus/grades-service/internal/worker/finalize_consumer.go:68.2,69.16 2 0
github.com/baaaki/mydreamcampus/grades-service/internal/worker/finalize_consumer.go:69.16,72.3 2 0
github.com/baaaki/mydreamcampus/grades-service/internal/worker/finalize_consumer.go:73.2,73.23 1 0
github.com/baaaki/mydreamcampus/grades-service/internal/worker/finalize_consumer.go:73.23,79.3 2 0
github.com/baaaki/mydreamcampus/grades-service/internal/worker/finalize_consumer.go:81.2,87.106 2 0
github.com/baaaki/mydreamcampus/grades-service/internal/worker/finalize_consumer.go:87.106,90.3 2 0
github.com/baaaki/mydreamcampus/grades-service/internal/worker/finalize_consumer.go:92.2,92.12 1 0
github.com/baaaki/mydreamcampus/grades-service/internal/worker/outbox_worker.go:26.17,33.2 1 0
github.com/baaaki/mydreamcampus/grades-service/internal/worker/outbox_worker.go:35.51,47.6 5 0
github.com/baaaki/mydreamcampus/grades-service/internal/worker/outbox_worker.go:47.6,48.10 1 0
github.com/baaaki/mydreamcampus/grades-service/internal/worker/outbox_worker.go:49.21,51.10 2 0
github.com/baaaki/mydreamcampus/grades-service/internal/worker/outbox_worker.go:52.19,53.23 1 0
github.com/baaaki/mydreamcampus/grades-service/internal/worker/outbox_worker.go:58.58,61.16 2 0
github.com/baaaki/mydreamcampus/grades-service/internal/worker/outbox_worker.go:61.16,64.3 2 0
github.com/baaaki/mydreamcampus/grades-service/internal/worker/outbox_worker.go:66.2,66.22 1 0
github.com/baaaki/mydreamcampus/grades-service/internal/worker/outbox_worker.go:66.22,68.3 1 0
github.com/baaaki/mydreamcampus/grades-service/internal/worker/outbox_worker.go:70.2,72.31 2 0
github.com/baaaki/mydreamcampus/grades-service/internal/worker/outbox_worker.go:72.31,73.105 1 0
github.com/baaaki/mydreamcampus/grades-service/internal/worker/outbox_worker.go:73.105,79.12 2 0
github.com/baaaki/mydreamcampus/grades-service/internal/worker/outbox_worker.go:83.3,83.78 1 0
github.com/baaaki/mydreamcampus/grades-service/internal/worker/outbox_worker.go:83.78,88.4 1 0
github.com/baaaki/mydreamcampus/grades-service/internal/worker/outbox_worker.go:92.136,103.80 3 0
github.com/baaaki/mydreamcampus/grades-service/internal/worker/outbox_worker.go:103.80,105.3 1 0
github.com/baaaki/mydreamcampus/grades-service/internal/worker/outbox_worker.go:107.2,112.12 2 0
github.com/baaaki/mydreamcampus/grades-service/internal/handler/grade_handler.go:24.17,29.2 1 0
github.com/baaaki/mydreamcampus/grades-service/internal/handler/grade_handler.go:36.56,44.13 3 0
github.com/baaaki/mydreamcampus/grades-service/internal/handler/grade_handler.go:44.13,51.3 3 0
github.com/baaaki/mydreamcampus/grades-service/internal/handler/grade_handler.go:54.2,55.16 2 0
github.com/baaaki/mydreamcampus/grades-service/internal/handler/grade_handler.go:55.16,62.3 3 0
github.com/baaaki/mydreamcampus/grades-service/internal/handler/grade_handler.go:65.2,67.16 3 0
github.com/baaaki/mydreamcampus/grades-service/internal/handler/grade_handler.go:67.16,74.3 3 0
github.com/baaaki/mydreamcampus/grades-service/internal/handler/grade_handler.go:76.2,87.16 5 0
github.com/baaaki/mydreamcampus/grades-service/internal/handler/grade_handler.go:87.16,91.3 3 0
github.com/baaaki/mydreamcampus/grades-service/internal/handler/grade_handler.go:93.2,93.31 1 0
github.com/baaaki/mydreamcampus/grades-service/internal/handler/grade_handler.go:97.58,105.13 3 0
github.com/baaaki/mydreamcampus/grades-service/internal/handler/grade_handler.go:105.13,112.3 3 0
github.com/baaaki/mydreamcampus/grades-service/internal/handler/grade_handler.go:115.2,116.16 2 0
github.com/baaaki/mydreamcampus/grades-service/internal/handler/grade_handler.go:116.16,123.3 3 0
github.com/baaaki/mydreamcampus/grades-service/internal/handler/grade_handler.go:126.2,128.16 3 0
github.com/baaaki/mydreamcampus/grades-service/internal/handler/grade_handler.go:128.16,135.3 3 0
github.com/baaaki/mydreamcampus/grades-service/internal/handler/grade_handler.go:137.2,148.16 5 0
github.com/baaaki/mydreamcampus/grades-service/internal/handler/grade_handler.go:148.16,152.3 3 0
github.com/baaaki/mydreamcampus/grades-service/internal/handler/grade_handler.go:154.2,154.33 1 0
github.com/baaaki/mydreamcampus/grades-service/internal/handler/grade_handler.go:158.52,166.13 3 0
github.com/baaaki/mydreamcampus/grades-service/internal/handler/grade_handler.go:166.13,173.3 3 0
github.com/baaaki/mydreamcampus/grades-service/internal/handler/grade_handler.go:176.2,177.16 2 0
github.com/baaaki/mydreamcampus/grades-service/internal/handler/grade_handler.go:177.16,184.3 3 0
github.com/baaaki/mydreamcampus/grades-service/internal/handler/grade_handler.go:187.2,189.16 3 0
github.com/baaaki/mydreamcampus/grades-service/internal/handler/grade_handler.go:189.16,196.3 3 0
github.com/baaaki/mydreamcampus/grades-service/internal/handler/grade_handler.go:199.2,200.47 2 0
github.com/baaaki/mydreamcampus/grades-service/internal/handler/grade_handler.go:200.47,207.3 3 0
github.com/baaaki/mydreamcampus/grades-service/internal/handler/grade_handler.go:209.2,217.16 3 0
github.com/baaaki/mydreamcampus/grades-service/internal/handler/grade_handler.go:217.16,221.3 3 0
github.com/baaaki/mydreamcampus/grades-service/internal/handler/grade_handler.go:223.2,224.36 2 0
github.com/baaaki/mydreamcampus/grades-service/internal/handler/grade_handler.go:228.57,236.13 3 0
github.com/baaaki/mydreamcampus/grades-service/internal/handler/grade_handler.go:236.13,243.3 3 0
github.com/baaaki/mydreamcampus/grades-service/internal/handler/grade_handler.go:246.2,247.16 2 0
github.com/baaaki/mydreamcampus/grades-service/internal/handler/grade_handler.go:247.16,254.3 3 0
github.com/baaaki/mydreamcampus/grades-service/internal/handler/grade_handler.go:257.2,259.16 3 0
github.com/baaaki/mydreamcampus/grades-service/internal/handler/grade_handler.go:259.16,266.3 3 0
github.com/baaaki/mydreamcampus/grades-service/internal/handler/grade_handler.go:269.2,270.47 2 0
github.com/baaaki/mydreamcampus/grades-service/internal/handler/grade_handler.go:270.47,277.3 3 0
github.com/baaaki/mydreamcampus/grades-service/internal/handler/grade_handler.go:279.2,287.16 3 0
github.com/baaaki/mydreamcampus/grades-service/internal/handler/grade_handler.go:287.16,291.3 3 0
github.com/baaaki/mydreamcampus/grades-service/internal/handler/grade_handler.go:293.2,297.36 2 0
github.com/baaaki/mydreamcampus/grades-service/internal/handler/grade_handler.go:303.55,310.13 3 0
github.com/baaaki/mydreamcampus/grades-service/internal/handler/grade_handler.go:310.13,316.3 2 0
github.com/baaaki/mydreamcampus/grades-service/internal/handler/grade_handler.go:317.2,318.16 2 0
github.com/baaaki/mydreamcampus/grades-service/internal/handler/grade_handler.go:318.16,321.3 2 0
github.com/baaaki/mydreamcampus/grades-service/internal/handler/grade_handler.go:323.2,324.16 2 0
github.com/baaaki/mydreamcampus/grades-service/internal/handler/grade_handler.go:324.16,327.3 2 0
github.com/baaaki/mydreamcampus/grades-service/internal/handler/grade_handler.go:329.2,330.16 2 0
github.com/baaaki/mydreamcampus/grades-service/internal/handler/grade_handler.go:330.16,333.3 2 0
github.com/baaaki/mydreamcampus/grades-service/internal/handler/grade_handler.go:335.2,342.16 3 0
github.com/baaaki/mydreamcampus/grades-service/internal/handler/grade_handler.go:342.16,346.3 3 0
github.com/baaaki/mydreamcampus/grades-service/internal/handler/grade_handler.go:348.2,348.31 1 0
github.com/baaaki/mydreamcampus/grades-service/internal/handler/grade_handler.go:356.52,364.13 3 0
github.com/baaaki/mydreamcampus/grades-service/internal/handler/grade_handler.go:364.13,371.3 3 0
github.com/baaaki/mydreamcampus/grades-service/internal/handler/grade_handler.go:374.2,375.16 2 0
github.com/baaaki/mydreamcampus/grades-service/internal/handler/grade_handler.go:375.16,382.3 3 0
github.com/baaaki/mydreamcampus/grades-service/internal/handler/grade_handler.go:384.2,390.16 3 0
github.com/baaaki/mydreamcampus/grades-service/internal/handler/grade_handler.go:390.16,394.3 3 0
github.com/baaaki/mydreamcampus/grades-service/internal/handler/grade_handler.go:396.2,396.31 1 0
github.com/baaaki/mydreamcampus/grades-service/internal/handler/grade_handler.go:400.54,408.13 3 0
github.com/baaaki/mydreamcampus/grades-service/internal/handler/grade_handler.go:408.13,415.3 3 0
github.com/baaaki/mydreamcampus/grades-service/internal/handler/grade_handler.go:418.2,419.16 2 0
github.com/baaaki/mydreamcampus/grades-service/internal/handler/grade_handler.go:419.16,426.3 3 0
github.com/baaaki/mydreamcampus/grades-service/internal/handler/grade_handler.go:428.2,429.13 2 0
github.com/baaaki/mydreamcampus/grades-service/internal/handler/grade_handler.go:429.13,436.3 3 0
github.com/baaaki/mydreamcampus/grades-service/internal/handler/grade_handler.go:439.2,441.16 3 0
github.com/baaaki/mydreamcampus/grades-service/internal/handler/grade_handler.go:441.16,448.3 3 0
github.com/baaaki/mydreamcampus/grades-service/internal/handler/grade_handler.go:450.2,463.16 3 0
github.com/baaaki/mydreamcampus/grades-service/internal/handler/grade_handler.go:463.16,467.3 3 0
github.com/baaaki/mydreamcampus/grades-service/internal/handler/grade_handler.go:469.2,469.35 1 0
github.com/baaaki/mydreamcampus/grades-service/internal/handler/grade_handler.go:478.54,486.41 3 0
github.com/baaaki/mydreamcampus/grades-service/internal/handler/grade_handler.go:486.41,493.3 3 0
github.com/baaaki/mydreamcampus/grades-service/internal/handler/grade_handler.go:496.2,497.47 2 0
github.com/baaaki/mydreamcampus/grades-service/internal/handler/grade_handler.go:497.47,504.3 3 0
github.com/baaaki/mydreamcampus/grades-service/internal/handler/grade_handler.go:506.2,519.16 5 0
github.com/baaaki/mydreamcampus/grades-service/internal/handler/grade_handler.go:519.16,523.3 3 0
github.com/baaaki/mydreamcampus/grades-service/internal/handler/grade_handler.go:525.2,529.31 2 0
github.com/baaaki/mydreamcampus/grades-service/internal/handler/grade_handler.go:534.52,541.47 3 0
github.com/baaaki/mydreamcampus/grades-service/internal/handler/grade_handler.go:541.47,548.3 3 0
github.com/baaaki/mydreamcampus/grades-service/internal/handler/grade_handler.go:550.2,555.102 2 0
github.com/baaaki/mydreamcampus/grades-service/internal/handler/grade_handler.go:555.102,559.3 3 0
github.com/baaaki/mydreamcampus/grades-service/internal/handler/grade_handler.go:561.2,566.4 2 0
github.com/baaaki/mydreamcampus/grades-service/internal/handler/grade_handler.go:571.50,578.47 3 0
github.com/baaaki/mydreamcampus/grades-service/internal/handler/grade_handler.go:578.47,585.3 3 0
github.com/baaaki/mydreamcampus/grades-service/internal/handler/grade_handler.go:587.2,592.100 2 0
github.com/baaaki/mydreamcampus/grades-service/internal/handler/grade_handler.go:592.100,596.3 3 0
github.com/baaaki/mydreamcampus/grades-service/internal/handler/grade_handler.go:598.2,603.4 2 0
github.com/baaaki/mydreamcampus/grades-service/internal/handler/grade_handler.go:611.63,618.44 2 0
github.com/baaaki/mydreamcampus/grades-service/internal/handler/grade_handler.go:618.44,628.3 3 0
github.com/baaaki/mydreamcampus/grades-service/internal/handler/grade_handler.go:631.2,637.4 2 0
github.com/baaaki/mydreamcampus/grades-service/internal/repository/cache_repository.go:16.62,21.2 1 0
github.com/baaaki/mydreamcampus/grades-service/internal/repository/cache_repository.go:24.126,26.2 1 0
github.com/baaaki/mydreamcampus/grades-service/internal/repository/cache_repository.go:28.108,30.2 1 0
github.com/baaaki/mydreamcampus/grades-service/internal/repository/cache_repository.go:32.91,34.2 1 0
github.com/baaaki/mydreamcampus/grades-service/internal/repository/cache_repository.go:37.123,39.2 1 0
github.com/baaaki/mydreamcampus/grades-service/internal/repository/cache_repository.go:41.106,43.2 1 0
github.com/baaaki/mydreamcampus/grades-service/internal/repository/cache_repository.go:45.102,47.2 1 0
github.com/baaaki/mydreamcampus/grades-service/internal/repository/completed_repository.go:16.70,21.2 1 0
github.com/baaaki/mydreamcampus/grades-service/internal/repository/completed_repository.go:23.145,25.2 1 0
github.com/baaaki/mydreamcampus/grades-service/internal/repository/completed_repository.go:27.116,29.2 1 0
github.com/baaaki/mydreamcampus/grades-service/internal/repository/completed_repository.go:31.139,33.2 1 0
github.com/baaaki/mydreamcampus/grades-service/internal/repository/completed_repository.go:35.137,37.2 1 0
github.com/baaaki/mydreamcampus/grades-service/internal/repository/completed_repository.go:39.128,41.2 1 0
github.com/baaaki/mydreamcampus/grades-service/internal/repository/completed_repository.go:43.126,45.2 1 0
github.com/baaaki/mydreamcampus/grades-service/internal/repository/completed_repository.go:47.165,52.2 1 0
github.com/baaaki/mydreamcampus/grades-service/internal/repository/completed_repository.go:54.138,56.2 1 0
github.com/baaaki/mydreamcampus/grades-service/internal/repository/outbox_repository.go:16.64,21.2 1 0
github.com/baaaki/mydreamcampus/grades-service/internal/repository/outbox_repository.go:23.123,25.2 1 0
github.com/baaaki/mydreamcampus/grades-service/internal/repository/outbox_repository.go:27.111,29.2 1 0
github.com/baaaki/mydreamcampus/grades-service/internal/repository/outbox_repository.go:31.94,33.2 1 0
github.com/baaaki/mydreamcampus/grades-service/internal/repository/outbox_repository.go:35.113,37.2 1 0
github.com/baaaki/mydreamcampus/grades-service/internal/repository/outbox_repository.go:39.92,41.2 1 0
github.com/baaaki/mydreamcampus/grades-service/internal/repository/registration_repository.go:16.76,21.2 1 0
github.com/baaaki/mydreamcampus/grades-service/internal/repository/registration_repository.go:23.145,25.2 1 0
github.com/baaaki/mydreamcampus/grades-service/internal/repository/registration_repository.go:27.124,29.2 1 0
github.com/baaaki/mydreamcampus/grades-service/internal/repository/registration_repository.go:31.142,33.2 1 0
github.com/baaaki/mydreamcampus/grades-service/internal/repository/registration_repository.go:35.133,37.2 1 0
github.com/baaaki/mydreamcampus/grades-service/internal/repository/registration_repository.go:39.117,41.2 1 0
github.com/baaaki/mydreamcampus/grades-service/internal/repository/registration_repository.go:43.117,45.2 1 0
github.com/baaaki/mydreamcampus/grades-service/internal/repository/registration_repository.go:47.125,49.2 1 0
github.com/baaaki/mydreamcampus/grades-service/internal/repository/registration_repository.go:51.109,53.2 1 0
github.com/baaaki/mydreamcampus/grades-service/internal/repository/registration_repository.go:55.157,57.2 1 0
github.com/baaaki/mydreamcampus/grades-service/internal/repository/score_repository.go:18.62,23.2 1 0
github.com/baaaki/mydreamcampus/grades-service/internal/repository/score_repository.go:25.141,27.2 1 0
github.com/baaaki/mydreamcampus/grades-service/internal/repository/score_repository.go:37.38,39.16 2 0
github.com/baaaki/mydreamcampus/grades-service/internal/repository/score_repository.go:39.16,41.3 1 0
github.com/baaaki/mydreamcampus/grades-service/internal/repository/score_repository.go:42.2,47.16 4 0
github.com/baaaki/mydreamcampus/grades-service/internal/repository/score_repository.go:47.16,49.3 1 0
github.com/baaaki/mydreamcampus/grades-service/internal/repository/score_repository.go:51.2,51.24 1 0
github.com/baaaki/mydreamcampus/grades-service/internal/repository/score_repository.go:51.24,52.69 1 0
github.com/baaaki/mydreamcampus/grades-service/internal/repository/score_repository.go:52.69,54.4 1 0
github.com/baaaki/mydreamcampus/grades-service/internal/repository/score_repository.go:57.2,57.39 1 0
github.com/baaaki/mydreamcampus/grades-service/internal/repository/score_repository.go:57.39,59.3 1 0
github.com/baaaki/mydreamcampus/grades-service/internal/repository/score_repository.go:61.2,61.19 1 0
github.com/baaaki/mydreamcampus/grades-service/internal/repository/score_repository.go:64.135,66.2 1 0
github.com/baaaki/mydreamcampus/grades-service/internal/repository/score_repository.go:68.128,73.2 1 0
github.com/baaaki/mydreamcampus/grades-service/internal/repository/score_repository.go:86.125,87.23 1 0
github.com/baaaki/mydreamcampus/grades-service/internal/repository/score_repository.go:87.23,89.3 1 0
github.com/baaaki/mydreamcampus/grades-service/internal/repository/score_repository.go:91.2,92.16 2 0
github.com/baaaki/mydreamcampus/grades-service/internal/repository/score_repository.go:92.16,94.3 1 0
github.com/baaaki/mydreamcampus/grades-service/internal/repository/score_repository.go:95.2,100.32 4 0
github.com/baaaki/mydreamcampus/grades-service/internal/repository/score_repository.go:100.32,101.78 1 0
github.com/baaaki/mydreamcampus/grades-service/internal/repository/score_repository.go:101.78,103.4 1 0
github.com/baaaki/mydreamcampus/grades-service/internal/repository/score_repository.go:104.3,104.31 1 0
github.com/baaaki/mydreamcampus/grades-service/internal/repository/score_repository.go:104.31,105.76 1 0
github.com/baaaki/mydreamcampus/grades-service/internal/repository/score_repository.go:105.76,107.5 1 0
github.com/baaaki/mydreamcampus/grades-service/internal/repository/score_repository.go:109.3,109.10 1 0
github.com/baaaki/mydreamcampus/grades-service/internal/repository/score_repository.go:112.2,112.39 1 0
github.com/baaaki/mydreamcampus/grades-service/internal/repository/score_repository.go:112.39,114.3 1 0
github.com/baaaki/mydreamcampus/grades-service/internal/repository/score_repository.go:115.2,115.19 1 0
github.com/baaaki/mydreamcampus/grades-service/internal/repository/score_repository.go:118.131,120.2 1 0
github.com/baaaki/mydreamcampus/grades-service/internal/repository/score_repository.go:122.95,124.2 1 0
github.com/baaaki/mydreamcampus/grades-service/internal/repository/score_repository.go:126.152,131.2 1 0
github.com/baaaki/mydreamcampus/grades-service/internal/repository/score_repository.go:133.105,138.2 1 0
github.com/baaaki/mydreamcampus/grades-service/internal/repository/score_repository.go:140.103,145.2 1 0
github.com/baaaki/mydreamcampus/grades-service/internal/repository/score_repository.go:147.129,152.2 1 0
github.com/baaaki/mydreamcampus/grades-service/internal/repository/score_repository.go:154.113,159.2 1 0
github.com/baaaki/mydreamcampus/grades-service/internal/service/grade_service.go:51.17,63.2 1 0
github.com/baaaki/mydreamcampus/grades-service/internal/service/grade_service.go:69.163,72.16 2 0
github.com/baaaki/mydreamcampus/grades-service/internal/service/grade_service.go:72.16,75.3 2 0
github.com/baaaki/mydreamcampus/grades-service/internal/service/grade_service.go:78.2,78.47 1 0
github.com/baaaki/mydreamcampus/grades-service/internal/service/grade_service.go:78.47,80.3 1 0
github.com/baaaki/mydreamcampus/grades-service/internal/service/grade_service.go:83.2,84.79 2 0
github.com/baaaki/mydreamcampus/grades-service/internal/service/grade_service.go:84.79,87.3 2 0
github.com/baaaki/mydreamcampus/grades-service/internal/service/grade_service.go:89.2,89.36 1 0
github.com/baaaki/mydreamcampus/grades-service/internal/service/grade_service.go:89.36,91.3 1 0
github.com/baaaki/mydreamcampus/grades-service/internal/service/grade_service.go:94.2,94.57 1 0
github.com/baaaki/mydreamcampus/grades-service/internal/service/grade_service.go:94.57,96.3 1 0
github.com/baaaki/mydreamcampus/grades-service/internal/service/grade_service.go:99.2,101.79 3 0
github.com/baaaki/mydreamcampus/grades-service/internal/service/grade_service.go:101.79,103.3 1 0
github.com/baaaki/mydreamcampus/grades-service/internal/service/grade_service.go:105.2,106.25 2 0
github.com/baaaki/mydreamcampus/grades-service/internal/service/grade_service.go:106.25,107.15 1 0
github.com/baaaki/mydreamcampus/grades-service/internal/service/grade_service.go:107.15,109.4 1 0
github.com/baaaki/mydreamcampus/grades-service/internal/service/grade_service.go:110.3,110.43 1 0
github.com/baaaki/mydreamcampus/grades-service/internal/service/grade_service.go:114.2,114.22 1 0
github.com/baaaki/mydreamcampus/grades-service/internal/service/grade_service.go:114.22,115.41 1 0
github.com/baaaki/mydreamcampus/grades-service/internal/service/grade_service.go:115.41,117.4 1 0
github.com/baaaki/mydreamcampus/grades-service/internal/service/grade_service.go:121.2,122.22 2 0
github.com/baaaki/mydreamcampus/grades-service/internal/service/grade_service.go:122.22,125.51 2 0
github.com/baaaki/mydreamcampus/grades-service/internal/service/grade_service.go:125.51,128.4 2 0
github.com/baaaki/mydreamcampus/grades-service/internal/service/grade_service.go:131.2,140.16 3 0
github.com/baaaki/mydreamcampus/grades-service/internal/service/grade_service.go:140.16,143.3 2 0
github.com/baaaki/mydreamcampus/grades-service/internal/service/grade_service.go:145.2,146.16 2 0
github.com/baaaki/mydreamcampus/grades-service/internal/service/grade_service.go:146.16,149.3 2 0
github.com/baaaki/mydreamcampus/grades-service/internal/service/grade_service.go:152.2,153.16 2 0
github.com/baaaki/mydreamcampus/grades-service/internal/service/grade_service.go:153.16,156.3 2 0
github.com/baaaki/mydreamcampus/grades-service/internal/service/grade_service.go:158.2,166.23 2 0
github.com/baaaki/mydreamcampus/grades-service/internal/service/grade_service.go:166.23,168.17 2 0
github.com/baaaki/mydreamcampus/grades-service/internal/service/grade_service.go:168.17,170.4 1 0
github.com/baaaki/mydreamcampus/grades-service/internal/service/grade_service.go:173.2,173.22 1 0
github.com/baaaki/mydreamcampus/grades-service/internal/service/grade_service.go:176.178,177.26 1 0
github.com/baaaki/mydreamcampus/grades-service/internal/service/grade_service.go:177.26,179.3 1 0
github.com/baaaki/mydreamcampus/grades-service/internal/service/grade_service.go:182.2,183.31 2 0
github.com/baaaki/mydreamcampus/grades-service/internal/service/grade_service.go:183.31,185.3 1 0
github.com/baaaki/mydreamcampus/grades-service/internal/service/grade_service.go:186.2,187.16 2 0
github.com/baaaki/mydreamcampus/grades-service/internal/service/grade_service.go:187.16,190.3 2 0
github.com/baaaki/mydreamcampus/grades-service/internal/service/grade_service.go:192.2,193.34 2 0
github.com/baaaki/mydreamcampus/grades-service/internal/service/grade_service.go:193.34,195.3 1 0
github.com/baaaki/mydreamcampus/grades-service/internal/service/grade_service.go:199.2,199.29 1 0
github.com/baaaki/mydreamcampus/grades-service/internal/service/grade_service.go:199.29,201.3 1 0
github.com/baaaki/mydreamcampus/grades-service/internal/service/grade_service.go:202.2,203.83 2 0
github.com/baaaki/mydreamcampus/grades-service/internal/service/grade_service.go:203.83,206.3 2 0
github.com/baaaki/mydreamcampus/grades-service/internal/service/grade_service.go:207.2,207.36 1 0
github.com/baaaki/mydreamcampus/grades-service/internal/service/grade_service.go:207.36,209.3 1 0
github.com/baaaki/mydreamcampus/grades-service/internal/service/grade_service.go:213.2,215.25 3 0
github.com/baaaki/mydreamcampus/grades-service/internal/service/grade_service.go:215.25,217.3 1 0
github.com/baaaki/mydreamcampus/grades-service/internal/service/grade_service.go:220.2,221.16 2 0
github.com/baaaki/mydreamcampus/grades-service/internal/service/grade_service.go:221.16,224.3 2 0
github.com/baaaki/mydreamcampus/grades-service/internal/service/grade_service.go:225.2,226.32 2 0
github.com/baaaki/mydreamcampus/grades-service/internal/service/grade_service.go:226.32,228.3 1 0
github.com/baaaki/mydreamcampus/grades-service/internal/service/grade_service.go:232.2,233.31 2 0
github.com/baaaki/mydreamcampus/grades-service/internal/service/grade_service.go:233.31,235.10 2 0
github.com/baaaki/mydreamcampus/grades-service/internal/service/grade_service.go:235.10,237.12 2 0
github.com/baaaki/mydreamcampus/grades-service/internal/service/grade_service.go:239.3,239.31 1 0
github.com/baaaki/mydreamcampus/grades-service/internal/service/grade_service.go:239.31,241.12 2 0
github.com/baaaki/mydreamcampus/grades-service/internal/service/grade_service.go:243.3,243.39 1 0
github.com/baaaki/mydreamcampus/grades-service/internal/service/grade_service.go:243.39,245.12 2 0
github.com/baaaki/mydreamcampus/grades-service/internal/service/grade_service.go:247.3,247.49 1 0
github.com/baaaki/mydreamcampus/grades-service/internal/service/grade_service.go:247.49,249.12 2 0
github.com/baaaki/mydreamcampus/grades-service/internal/service/grade_service.go:251.3,251.55 1 0
github.com/baaaki/mydreamcampus/grades-service/internal/service/grade_service.go:251.55,253.12 2 0
github.com/baaaki/mydreamcampus/grades-service/internal/service/grade_service.go:255.3,255.57 1 0
github.com/baaaki/mydreamcampus/grades-service/internal/service/grade_service.go:255.57,257.12 2 0
github.com/baaaki/mydreamcampus/grades-service/internal/service/grade_service.go:260.3,261.21 2 0
github.com/baaaki/mydreamcampus/grades-service/internal/service/grade_service.go:261.21,263.52 2 0
github.com/baaaki/mydreamcampus/grades-service/internal/service/grade_service.go:263.52,265.13 2 0
github.com/baaaki/mydreamcampus/grades-service/internal/service/grade_service.go:269.3,270.17 2 0
github.com/baaaki/mydreamcampus/grades-service/internal/service/grade_service.go:270.17,272.12 2 0
github.com/baaaki/mydreamcampus/grades-service/internal/service/grade_service.go:275.3,284.5 1 0
github.com/baaaki/mydreamcampus/grades-service/internal/service/grade_service.go:288.2,289.16 2 0
github.com/baaaki/mydreamcampus/grades-service/internal/service/grade_service.go:289.16,292.3 2 0
github.com/baaaki/mydreamcampus/grades-service/internal/service/grade_service.go:294.2,297.8 1 0
github.com/baaaki/mydreamcampus/grades-service/internal/service/grade_service.go:304.131,307.16 2 0
github.com/baaaki/mydreamcampus/grades-service/internal/service/grade_service.go:307.16,310.3 2 0
github.com/baaaki/mydreamcampus/grades-service/internal/service/grade_service.go:313.2,314.16 2 0
github.com/baaaki/mydreamcampus/grades-service/internal/service/grade_service.go:314.16,317.3 2 0
github.com/baaaki/mydreamcampus/grades-service/internal/service/grade_service.go:319.2,319.29 1 0
github.com/baaaki/mydreamcampus/grades-service/internal/service/grade_service.go:319.29,322.3 2 0
github.com/baaaki/mydreamcampus/grades-service/internal/service/grade_service.go:325.2,326.73 2 0
github.com/baaaki/mydreamcampus/grades-service/internal/service/grade_service.go:326.73,329.3 2 0
github.com/baaaki/mydreamcampus/grades-service/internal/service/grade_service.go:332.2,344.36 4 0
github.com/baaaki/mydreamcampus/grades-service/internal/service/grade_service.go:344.36,347.17 2 0
github.com/baaaki/mydreamcampus/grades-service/internal/service/grade_service.go:347.17,349.12 2 0
github.com/baaaki/mydreamcampus/grades-service/internal/service/grade_service.go:352.3,353.32 2 0
github.com/baaaki/mydreamcampus/grades-service/internal/service/grade_service.go:353.32,354.64 1 0
github.com/baaaki/mydreamcampus/grades-service/internal/service/grade_service.go:354.64,356.19 2 0
github.com/baaaki/mydreamcampus/grades-service/internal/service/grade_service.go:356.19,358.6 1 0
github.com/baaaki/mydreamcampus/grades-service/internal/service/grade_service.go:358.11,360.6 1 0
github.com/baaaki/mydreamcampus/grades-service/internal/service/grade_service.go:361.10,363.5 1 0
github.com/baaaki/mydreamcampus/grades-service/internal/service/grade_service.go:366.3,372.49 2 0
github.com/baaaki/mydreamcampus/grades-service/internal/service/grade_service.go:372.49,376.32 3 0
github.com/baaaki/mydreamcampus/grades-service/internal/service/grade_service.go:376.32,378.5 1 0
github.com/baaaki/mydreamcampus/grades-service/internal/service/grade_service.go:379.4,379.72 1 0
github.com/baaaki/mydreamcampus/grades-service/internal/service/grade_service.go:380.9,384.4 2 0
github.com/baaaki/mydreamcampus/grades-service/internal/service/grade_service.go:388.2,389.36 2 0
github.com/baaaki/mydreamcampus/grades-service/internal/service/grade_service.go:389.36,391.3 1 0
github.com/baaaki/mydreamcampus/grades-service/internal/service/grade_service.go:393.2,407.33 4 0
github.com/baaaki/mydreamcampus/grades-service/internal/service/grade_service.go:407.33,409.48 2 0
github.com/baaaki/mydreamcampus/grades-service/internal/service/grade_service.go:409.48,411.4 1 0
github.com/baaaki/mydreamcampus/grades-service/internal/service/grade_service.go:411.9,415.4 3 0
github.com/baaaki/mydreamcampus/grades-service/internal/service/grade_service.go:419.2,423.16 3 0
github.com/baaaki/mydreamcampus/grades-service/internal/service/grade_service.go:423.16,426.3 2 0
github.com/baaaki/mydreamcampus/grades-service/internal/service/grade_service.go:427.2,437.38 8 0
github.com/baaaki/mydreamcampus/grades-service/internal/service/grade_service.go:437.38,442.18 1 0
github.com/baaaki/mydreamcampus/grades-service/internal/service/grade_service.go:442.18,444.4 1 0
github.com/baaaki/mydreamcampus/grades-service/internal/service/grade_service.go:447.3,448.17 2 0
github.com/baaaki/mydreamcampus/grades-service/internal/service/grade_service.go:448.17,450.12 2 0
github.com/baaaki/mydreamcampus/grades-service/internal/service/grade_service.go:454.3,455.48 2 0
github.com/baaaki/mydreamcampus/grades-service/internal/service/grade_service.go:455.48,459.4 3 0
github.com/baaaki/mydreamcampus/grades-service/internal/service/grade_service.go:460.3,496.17 5 0
github.com/baaaki/mydreamcampus/grades-service/internal/service/grade_service.go:496.17,498.12 2 0
github.com/baaaki/mydreamcampus/grades-service/internal/service/grade_service.go:502.3,502.36 1 0
github.com/baaaki/mydreamcampus/grades-service/internal/service/grade_service.go:502.36,507.18 3 0
github.com/baaaki/mydreamcampus/grades-service/internal/service/grade_service.go:507.18,509.5 1 0
github.com/baaaki/mydreamcampus/grades-service/internal/service/grade_service.go:509.10,509.23 1 0
github.com/baaaki/mydreamcampus/grades-service/internal/service/grade_service.go:509.23,526.20 8 0
github.com/baaaki/mydreamcampus/grades-service/internal/service/grade_service.go:526.20,528.6 1 0
github.com/baaaki/mydreamcampus/grades-service/internal/service/grade_service.go:530.9,532.4 1 0
github.com/baaaki/mydreamcampus/grades-service/internal/service/grade_service.go:536.2,536.69 1 0
github.com/baaaki/mydreamcampus/grades-service/internal/service/grade_service.go:536.69,538.3 1 0
github.com/baaaki/mydreamcampus/grades-service/internal/service/grade_service.go:539.2,539.83 1 0
github.com/baaaki/mydreamcampus/grades-service/internal/service/grade_service.go:539.83,541.3 1 0
github.com/baaaki/mydreamcampus/grades-service/internal/service/grade_service.go:544.2,563.17 12 0
github.com/baaaki/mydreamcampus/grades-service/internal/service/grade_service.go:563.17,565.3 1 0
github.com/baaaki/mydreamcampus/grades-service/internal/service/grade_service.go:568.2,568.39 1 0
github.com/baaaki/mydreamcampus/grades-service/internal/service/grade_service.go:568.39,571.3 2 0
github.com/baaaki/mydreamcampus/grades-service/internal/service/grade_service.go:573.2,580.8 1 0
github.com/baaaki/mydreamcampus/grades-service/internal/service/grade_service.go:587.154,590.16 2 0
github.com/baaaki/mydreamcampus/grades-service/internal/service/grade_service.go:590.16,592.3 1 0
github.com/baaaki/mydreamcampus/grades-service/internal/service/grade_service.go:595.2,595.53 1 0
github.com/baaaki/mydreamcampus/grades-service/internal/service/grade_service.go:595.53,597.3 1 0
github.com/baaaki/mydreamcampus/grades-service/internal/service/grade_service.go:600.2,601.73 2 0
github.com/baaaki/mydreamcampus/grades-service/internal/service/grade_service.go:601.73,604.3 2 0
github.com/baaaki/mydreamcampus/grades-service/internal/service/grade_service.go:607.2,608.16 2 0
github.com/baaaki/mydreamcampus/grades-service/internal/service/grade_service.go:608.16,611.3 2 0
github.com/baaaki/mydreamcampus/grades-service/internal/service/grade_service.go:614.2,615.30 2 0
github.com/baaaki/mydreamcampus/grades-service/internal/service/grade_service.go:615.30,620.17 2 0
github.com/baaaki/mydreamcampus/grades-service/internal/service/grade_service.go:620.17,623.4 2 0
github.com/baaaki/mydreamcampus/grades-service/internal/service/grade_service.go:625.3,632.5 1 0
github.com/baaaki/mydreamcampus/grades-service/internal/service/grade_service.go:636.2,649.18 4 0
github.com/baaaki/mydreamcampus/grades-service/internal/service/grade_service.go:649.18,651.33 1 0
github.com/baaaki/mydreamcampus/grades-service/internal/service/grade_service.go:651.33,652.21 1 0
github.com/baaaki/mydreamcampus/grades-service/internal/service/grade_service.go:652.21,654.10 2 0
github.com/baaaki/mydreamcampus/grades-service/internal/service/grade_service.go:659.2,659.22 1 0
github.com/baaaki/mydreamcampus/grades-service/internal/service/grade_service.go:662.158,665.16 2 0
github.com/baaaki/mydreamcampus/grades-service/internal/service/grade_service.go:665.16,667.3 1 0
github.com/baaaki/mydreamcampus/grades-service/internal/service/grade_service.go:670.2,670.53 1 0
github.com/baaaki/mydreamcampus/grades-service/internal/service/grade_service.go:670.53,672.3 1 0
github.com/baaaki/mydreamcampus/grades-service/internal/service/grade_service.go:675.2,676.16 2 0
github.com/baaaki/mydreamcampus/grades-service/internal/service/grade_service.go:676.16,679.3 2 0
github.com/baaaki/mydreamcampus/grades-service/internal/service/grade_service.go:682.2,683.73 2 0
github.com/baaaki/mydreamcampus/grades-service/internal/service/grade_service.go:683.73,686.3 2 0
github.com/baaaki/mydreamcampus/grades-service/internal/service/grade_service.go:689.2,690.36 2 0
github.com/baaaki/mydreamcampus/grades-service/internal/service/grade_service.go:690.36,692.17 2 0
github.com/baaaki/mydreamcampus/grades-service/internal/service/grade_service.go:692.17,694.12 2 0
github.com/baaaki/mydreamcampus/grades-service/internal/service/grade_service.go:697.3,698.32 2 0
github.com/baaaki/mydreamcampus/grades-service/internal/service/grade_service.go:698.32,703.25 2 0
github.com/baaaki/mydreamcampus/grades-service/internal/service/grade_service.go:703.25,705.19 2 0
github.com/baaaki/mydreamcampus/grades-service/internal/service/grade_service.go:705.19,707.6 1 0
github.com/baaaki/mydreamcampus/grades-service/internal/service/grade_service.go:709.4,709.33 1 0
github.com/baaaki/mydreamcampus/grades-service/internal/service/grade_service.go:713.3,714.24 2 0
github.com/baaaki/mydreamcampus/grades-service/internal/service/grade_service.go:714.24,716.39 2 0
github.com/baaaki/mydreamcampus/grades-service/internal/service/grade_service.go:716.39,717.28 1 0
github.com/baaaki/mydreamcampus/grades-service/internal/service/grade_service.go:717.28,719.6 1 0
github.com/baaaki/mydreamcampus/grades-service/internal/service/grade_service.go:721.4,722.25 2 0
github.com/baaaki/mydreamcampus/grades-service/internal/service/grade_service.go:725.3,734.5 1 0
github.com/baaaki/mydreamcampus/grades-service/internal/service/grade_service.go:737.2,741.8 1 0
github.com/baaaki/mydreamcampus/grades-service/internal/service/grade_service.go:748.107,750.16 2 0
github.com/baaaki/mydreamcampus/grades-service/internal/service/grade_service.go:750.16,752.3 1 0
github.com/baaaki/mydreamcampus/grades-service/internal/service/grade_service.go:754.2,758.16 2 0
github.com/baaaki/mydreamcampus/grades-service/internal/service/grade_service.go:758.16,760.3 1 0
github.com/baaaki/mydreamcampus/grades-service/internal/service/grade_service.go:762.2,762.47 1 0
github.com/baaaki/mydreamcampus/grades-service/internal/service/grade_service.go:768.100,770.16 2 0
github.com/baaaki/mydreamcampus/grades-service/internal/service/grade_service.go:770.16,772.3 1 0
github.com/baaaki/mydreamcampus/grades-service/internal/service/grade_service.go:774.2,775.73 2 0
github.com/baaaki/mydreamcampus/grades-service/internal/service/grade_service.go:775.73,777.3 1 0
github.com/baaaki/mydreamcampus/grades-service/internal/service/grade_service.go:779.2,780.16 2 0
github.com/baaaki/mydreamcampus/grades-service/internal/service/grade_service.go:780.16,782.3 1 0
github.com/baaaki/mydreamcampus/grades-service/internal/service/grade_service.go:784.2,784.27 1 0
github.com/baaaki/mydreamcampus/grades-service/internal/service/grade_service.go:784.27,786.3 1 0
github.com/baaaki/mydreamcampus/grades-service/internal/service/grade_service.go:788.2,788.30 1 0
github.com/baaaki/mydreamcampus/grades-service/internal/service/grade_service.go:788.30,790.17 2 0
github.com/baaaki/mydreamcampus/grades-service/internal/service/grade_service.go:790.17,792.4 1 0
github.com/baaaki/mydreamcampus/grades-service/internal/service/grade_service.go:794.3,794.37 1 0
github.com/baaaki/mydreamcampus/grades-service/internal/service/grade_service.go:794.37,801.4 2 0
github.com/baaaki/mydreamcampus/grades-service/internal/service/grade_service.go:804.2,804.18 1 0
github.com/baaaki/mydreamcampus/grades-service/internal/service/grade_service.go:807.67,808.30 1 7
github.com/baaaki/mydreamcampus/grades-service/internal/service/grade_service.go:808.30,809.24 1 9
github.com/baaaki/mydreamcampus/grades-service/internal/service/grade_service.go:809.24,811.4 1 2
github.com/baaaki/mydreamcampus/grades-service/internal/service/grade_service.go:813.2,813.14 1 5
github.com/baaaki/mydreamcampus/grades-service/internal/service/grade_service.go:824.131,834.16 6 1
github.com/baaaki/mydreamcampus/grades-service/internal/service/grade_service.go:834.16,836.3 1 0
github.com/baaaki/mydreamcampus/grades-service/internal/service/grade_service.go:838.2,842.8 1 1
github.com/baaaki/mydreamcampus/grades-service/internal/service/grade_service.go:848.143,849.18 1 2
github.com/baaaki/mydreamcampus/grades-service/internal/service/grade_service.go:849.18,851.3 1 1
github.com/baaaki/mydreamcampus/grades-service/internal/service/grade_service.go:853.2,863.16 7 1
github.com/baaaki/mydreamcampus/grades-service/internal/service/grade_service.go:863.16,865.3 1 0
github.com/baaaki/mydreamcampus/grades-service/internal/service/grade_service.go:867.2,871.8 1 1
github.com/baaaki/mydreamcampus/grades-service/internal/service/grade_service.go:878.121,881.16 2 0
github.com/baaaki/mydreamcampus/grades-service/internal/service/grade_service.go:881.16,884.3 2 0
github.com/baaaki/mydreamcampus/grades-service/internal/service/grade_service.go:887.2,888.25 2 0
github.com/baaaki/mydreamcampus/grades-service/internal/service/grade_service.go:888.25,890.3 1 0
github.com/baaaki/mydreamcampus/grades-service/internal/service/grade_service.go:893.2,894.82 2 0
github.com/baaaki/mydreamcampus/grades-service/internal/service/grade_service.go:894.82,897.3 2 0
github.com/baaaki/mydreamcampus/grades-service/internal/service/grade_service.go:900.2,901.13 2 0
github.com/baaaki/mydreamcampus/grades-service/internal/service/grade_service.go:901.13,903.3 1 0
github.com/baaaki/mydreamcampus/grades-service/internal/service/grade_service.go:906.2,913.86 2 0
github.com/baaaki/mydreamcampus/grades-service/internal/service/grade_service.go:913.86,916.3 2 0
github.com/baaaki/mydreamcampus/grades-service/internal/service/grade_service.go:919.2,920.16 2 0
github.com/baaaki/mydreamcampus/grades-service/internal/service/grade_service.go:920.16,923.3 2 0
github.com/baaaki/mydreamcampus/grades-service/internal/service/grade_service.go:925.2,926.73 2 0
github.com/baaaki/mydreamcampus/grades-service/internal/service/grade_service.go:926.73,929.3 2 0
github.com/baaaki/mydreamcampus/grades-service/internal/service/grade_service.go:932.2,942.63 6 0
github.com/baaaki/mydreamcampus/grades-service/internal/service/grade_service.go:942.63,944.3 1 0
github.com/baaaki/mydreamcampus/grades-service/internal/service/grade_service.go:944.8,946.3 1 0
github.com/baaaki/mydreamcampus/grades-service/internal/service/grade_service.go:949.2,950.16 2 0
github.com/baaaki/mydreamcampus/grades-service/internal/service/grade_service.go:950.16,953.3 2 0
github.com/baaaki/mydreamcampus/grades-service/internal/service/grade_service.go:956.2,957.63 2 0
github.com/baaaki/mydreamcampus/grades-service/internal/service/grade_service.go:957.63,961.3 3 0
github.com/baaaki/mydreamcampus/grades-service/internal/service/grade_service.go:962.2,973.16 3 0
github.com/baaaki/mydreamcampus/grades-service/internal/service/grade_service.go:973.16,976.3 2 0
github.com/baaaki/mydreamcampus/grades-service/internal/service/grade_service.go:979.2,979.26 1 0
github.com/baaaki/mydreamcampus/grades-service/internal/service/grade_service.go:979.26,982.42 2 0
github.com/baaaki/mydreamcampus/grades-service/internal/service/grade_service.go:982.42,984.4 1 0
github.com/baaaki/mydreamcampus/grades-service/internal/service/grade_service.go:985.3,1001.5 1 0
github.com/baaaki/mydreamcampus/grades-service/internal/service/grade_service.go:1004.2,1028.63 3 0
github.com/baaaki/mydreamcampus/grades-service/internal/service/grade_service.go:1028.63,1030.3 1 0
github.com/baaaki/mydreamcampus/grades-service/internal/service/grade_service.go:1032.2,1032.22 1 0
github.com/baaaki/mydreamcampus/grades-service/internal/service/grade_service.go:1039.102,1041.16 2 0
github.com/baaaki/mydreamcampus/grades-service/internal/service/grade_service.go:1041.16,1043.3 1 0
github.com/baaaki/mydreamcampus/grades-service/internal/service/grade_service.go:1046.2,1046.79 1 0
github.com/baaaki/mydreamcampus/grades-service/internal/service/grade_service.go:1046.79,1048.3 1 0
github.com/baaaki/mydreamcampus/grades-service/internal/service/grade_service.go:1050.2,1050.75 1 0
github.com/baaaki/mydreamcampus/grades-service/internal/service/grade_service.go:1050.75,1053.3 2 0
github.com/baaaki/mydreamcampus/grades-service/internal/service/grade_service.go:1055.2,1059.12 2 0
github.com/baaaki/mydreamcampus/grades-service/internal/service/grade_service.go:1062.100,1064.16 2 0
github.com/baaaki/mydreamcampus/grades-service/internal/service/grade_service.go:1064.16,1066.3 1 0
github.com/baaaki/mydreamcampus/grades-service/internal/service/grade_service.go:1069.2,1069.79 1 0
github.com/baaaki/mydreamcampus/grades-service/internal/service/grade_service.go:1069.79,1071.3 1 0
github.com/baaaki/mydreamcampus/grades-service/internal/service/grade_service.go:1073.2,1073.73 1 0
github.com/baaaki/mydreamcampus/grades-service/internal/service/grade_service.go:1073.73,1076.3 2 0
github.com/baaaki/mydreamcampus/grades-service/internal/service/grade_service.go:1078.2,1084.16 3 0
github.com/baaaki/mydreamcampus/grades-service/internal/service/grade_service.go:1084.16,1087.3 2 0
github.com/baaaki/mydreamcampus/grades-service/internal/service/grade_service.go:1089.2,1090.16 2 0
github.com/baaaki/mydreamcampus/grades-service/internal/service/grade_service.go:1090.16,1093.3 2 0
github.com/baaaki/mydreamcampus/grades-service/internal/service/grade_service.go:1095.2,1095.15 1 0
github.com/baaaki/mydreamcampus/grades-service/internal/service/grade_service.go:1095.15,1096.108 1 0
github.com/baaaki/mydreamcampus/grades-service/internal/service/grade_service.go:1096.108,1098.4 1 0
github.com/baaaki/mydreamcampus/grades-service/internal/service/grade_service.go:1101.2,1101.12 1 0
github.com/baaaki/mydreamcampus/grades-service/internal/service/grade_service.go:1111.150,1113.16 2 0
github.com/baaaki/mydreamcampus/grades-service/internal/service/grade_service.go:1113.16,1116.3 2 0
github.com/baaaki/mydreamcampus/grades-service/internal/service/grade_service.go:1117.2,1117.41 1 0
github.com/baaaki/mydreamcampus/grades-service/internal/service/grade_service.go:1117.41,1119.3 1 0
github.com/baaaki/mydreamcampus/grades-service/internal/service/grade_service.go:1121.2,1122.73 2 0
github.com/baaaki/mydreamcampus/grades-service/internal/service/grade_service.go:1122.73,1125.3 2 0
github.com/baaaki/mydreamcampus/grades-service/internal/service/grade_service.go:1126.2,1126.32 1 0
github.com/baaaki/mydreamcampus/grades-service/internal/service/grade_service.go:1126.32,1128.3 1 0
github.com/baaaki/mydreamcampus/grades-service/internal/service/grade_service.go:1130.2,1131.25 2 0
github.com/baaaki/mydreamcampus/grades-service/internal/service/grade_service.go:1131.25,1133.3 1 0
github.com/baaaki/mydreamcampus/grades-service/internal/service/grade_service.go:1135.2,1136.16 2 0
github.com/baaaki/mydreamcampus/grades-service/internal/service/grade_service.go:1136.16,1139.3 2 0
github.com/baaaki/mydreamcampus/grades-service/internal/service/grade_service.go:1140.2,1144.16 2 0
github.com/baaaki/mydreamcampus/grades-service/internal/service/grade_service.go:1144.16,1147.3 2 0
github.com/baaaki/mydreamcampus/grades-service/internal/service/grade_service.go:1148.2,1148.36 1 0
github.com/baaaki/mydreamcampus/grades-service/internal/service/grade_service.go:1148.36,1155.3 2 0
github.com/baaaki/mydreamcampus/grades-service/internal/service/grade_service.go:1157.2,1157.83 1 0
github.com/baaaki/mydreamcampus/grades-service/internal/service/grade_service.go:1157.83,1160.3 2 0
github.com/baaaki/mydreamcampus/grades-service/internal/service/grade_service.go:1161.2,1174.16 4 0
github.com/baaaki/mydreamcampus/grades-service/internal/service/grade_service.go:1174.16,1177.3 2 0
github.com/baaaki/mydreamcampus/grades-service/internal/service/grade_service.go:1178.2,1178.15 1 0
github.com/baaaki/mydreamcampus/grades-service/internal/service/grade_service.go:1178.15,1179.105 1 0
github.com/baaaki/mydreamcampus/grades-service/internal/service/grade_service.go:1179.105,1182.4 2 0
github.com/baaaki/mydreamcampus/grades-service/internal/service/grade_service.go:1183.3,1183.36 1 0
github.com/baaaki/mydreamcampus/grades-service/internal/service/grade_service.go:1186.2,1186.22 1 0
github.com/baaaki/mydreamcampus/grades-service/internal/service/grade_service.go:1192.127,1194.16 2 0
github.com/baaaki/mydreamcampus/grades-service/internal/service/grade_service.go:1194.16,1196.3 1 0
github.com/baaaki/mydreamcampus/grades-service/internal/service/grade_service.go:1197.2,1197.77 1 0
github.com/baaaki/mydreamcampus/grades-service/internal/service/grade_service.go:1197.77,1199.3 1 0
github.com/baaaki/mydreamcampus/grades-service/internal/service/grade_service.go:1200.2,1204.12 2 0
github.com/baaaki/mydreamcampus/grades-service/internal/service/grade_service.go:1208.109,1209.29 1 0
github.com/baaaki/mydreamcampus/grades-service/internal/service/grade_service.go:1209.29,1211.3 1 0
github.com/baaaki/mydreamcampus/grades-service/internal/service/grade_service.go:1213.2,1214.16 2 0
github.com/baaaki/mydreamcampus/grades-service/internal/service/grade_service.go:1214.16,1216.3 1 0
github.com/baaaki/mydreamcampus/grades-service/internal/service/grade_service.go:1218.2,1219.16 2 0
github.com/baaaki/mydreamcampus/grades-service/internal/service/grade_service.go:1219.16,1221.3 1 0
github.com/baaaki/mydreamcampus/grades-service/internal/service/grade_service.go:1223.2,1223.50 1 0
github.com/baaaki/mydreamcampus/grades-service/internal/service/grade_service.go:1223.50,1225.3 1 0
github.com/baaaki/mydreamcampus/grades-service/internal/service/grade_service.go:1227.2,1227.12 1 0
github.com/baaaki/mydreamcampus/grades-service/internal/service/grade_service.go:1239.152,1242.29 2 0
github.com/baaaki/mydreamcampus/grades-service/internal/service/grade_service.go:1242.29,1244.17 2 0
github.com/baaaki/mydreamcampus/grades-service/internal/service/grade_service.go:1244.17,1246.4 1 0
github.com/baaaki/mydreamcampus/grades-service/internal/service/grade_service.go:1246.9,1251.4 1 0
github.com/baaaki/mydreamcampus/grades-service/internal/service/grade_service.go:1254.2,1255.16 2 0
github.com/baaaki/mydreamcampus/grades-service/internal/service/grade_service.go:1255.16,1264.3 1 0
github.com/baaaki/mydreamcampus/grades-service/internal/service/grade_service.go:1266.2,1267.47 2 0
github.com/baaaki/mydreamcampus/grades-service/internal/service/grade_service.go:1267.47,1272.18 3 0
github.com/baaaki/mydreamcampus/grades-service/internal/service/grade_service.go:1272.18,1280.4 1 0
github.com/baaaki/mydreamcampus/grades-service/internal/service/grade_service.go:1283.2,1289.4 1 0
github.com/baaaki/mydreamcampus/grades-service/internal/service/grading_helpers.go:11.65,12.23 1 5
github.com/baaaki/mydreamcampus/grades-service/internal/service/grading_helpers.go:12.23,14.3 1 3
github.com/baaaki/mydreamcampus/grades-service/internal/service/grading_helpers.go:15.2,15.35 1 2
github.com/baaaki/mydreamcampus/grades-service/internal/service/grading_helpers.go:19.69,20.9 1 18
github.com/baaaki/mydreamcampus/grades-service/internal/service/grading_helpers.go:21.23,22.30 1 2
github.com/baaaki/mydreamcampus/grades-service/internal/service/grading_helpers.go:23.23,24.30 1 2
github.com/baaaki/mydreamcampus/grades-service/internal/service/grading_helpers.go:25.23,26.30 1 1
github.com/baaaki/mydreamcampus/grades-service/internal/service/grading_helpers.go:27.23,28.30 1 1
github.com/baaaki/mydreamcampus/grades-service/internal/service/grading_helpers.go:29.23,30.30 1 1
github.com/baaaki/mydreamcampus/grades-service/internal/service/grading_helpers.go:31.23,32.30 1 1
github.com/baaaki/mydreamcampus/grades-service/internal/service/grading_helpers.go:33.23,34.30 1 1
github.com/baaaki/mydreamcampus/grades-service/internal/service/grading_helpers.go:35.23,36.30 1 1
github.com/baaaki/mydreamcampus/grades-service/internal/service/grading_helpers.go:37.23,38.30 1 1
github.com/baaaki/mydreamcampus/grades-service/internal/service/grading_helpers.go:39.23,40.30 1 1
github.com/baaaki/mydreamcampus/grades-service/internal/service/grading_helpers.go:41.23,42.30 1 1
github.com/baaaki/mydreamcampus/grades-service/internal/service/grading_helpers.go:43.23,44.30 1 1
github.com/baaaki/mydreamcampus/grades-service/internal/service/grading_helpers.go:45.23,46.30 1 1
github.com/baaaki/mydreamcampus/grades-service/internal/service/grading_helpers.go:47.23,48.30 1 1
github.com/baaaki/mydreamcampus/grades-service/internal/service/grading_helpers.go:49.10,50.30 1 2
github.com/baaaki/mydreamcampus/grades-service/internal/service/grading_helpers.go:55.92,57.17 1 5
github.com/baaaki/mydreamcampus/grades-service/internal/service/grading_helpers.go:57.17,59.3 1 1
github.com/baaaki/mydreamcampus/grades-service/internal/service/grading_helpers.go:61.2,64.9 3 4
github.com/baaaki/mydreamcampus/grades-service/internal/service/grading_helpers.go:65.22,66.36 1 1
github.com/baaaki/mydreamcampus/grades-service/internal/service/grading_helpers.go:67.22,68.36 1 0
github.com/baaaki/mydreamcampus/grades-service/internal/service/grading_helpers.go:69.22,70.36 1 0
github.com/baaaki/mydreamcampus/grades-service/internal/service/grading_helpers.go:71.22,72.36 1 0
github.com/baaaki/mydreamcampus/grades-service/internal/service/grading_helpers.go:73.22,74.36 1 0
github.com/baaaki/mydreamcampus/grades-service/internal/service/grading_helpers.go:75.22,76.36 1 0
github.com/baaaki/mydreamcampus/grades-service/internal/service/grading_helpers.go:77.22,78.36 1 0
github.com/baaaki/mydreamcampus/grades-service/internal/service/grading_helpers.go:79.22,80.36 1 0
github.com/baaaki/mydreamcampus/grades-service/internal/service/grading_helpers.go:81.22,82.36 1 1
github.com/baaaki/mydreamcampus/grades-service/internal/service/grading_helpers.go:83.23,84.36 1 0
github.com/baaaki/mydreamcampus/grades-service/internal/service/grading_helpers.go:85.23,86.36 1 0
github.com/baaaki/mydreamcampus/grades-service/internal/service/grading_helpers.go:87.23,88.36 1 0
github.com/baaaki/mydreamcampus/grades-service/internal/service/grading_helpers.go:89.23,90.36 1 1
github.com/baaaki/mydreamcampus/grades-service/internal/service/grading_helpers.go:91.23,92.36 1 0
github.com/baaaki/mydreamcampus/grades-service/internal/service/grading_helpers.go:93.10,94.36 1 1
github.com/baaaki/mydreamcampus/grades-service/internal/service/grading_helpers.go:97.2,97.27 1 4
github.com/baaaki/mydreamcampus/grades-service/internal/service/grading_helpers.go:101.43,111.2 2 15
github.com/baaaki/mydreamcampus/grades-service/internal/service/grading_helpers.go:122.67,123.24 1 5
github.com/baaaki/mydreamcampus/grades-service/internal/service/grading_helpers.go:123.24,125.3 1 1
github.com/baaaki/mydreamcampus/grades-service/internal/service/grading_helpers.go:128.2,132.31 4 4
github.com/baaaki/mydreamcampus/grades-service/internal/service/grading_helpers.go:132.31,134.16 2 13
github.com/baaaki/mydreamcampus/grades-service/internal/service/grading_helpers.go:134.16,136.4 1 0
github.com/baaaki/mydreamcampus/grades-service/internal/service/grading_helpers.go:137.3,137.16 1 13
github.com/baaaki/mydreamcampus/grades-service/internal/service/grading_helpers.go:137.16,139.4 1 6
github.com/baaaki/mydreamcampus/grades-service/internal/service/grading_helpers.go:142.2,146.31 3 4
github.com/baaaki/mydreamcampus/grades-service/internal/service/grading_helpers.go:146.31,148.3 1 13
github.com/baaaki/mydreamcampus/grades-service/internal/service/grading_helpers.go:149.2,158.3 3 4
github.com/baaaki/mydreamcampus/grades-service/internal/service/grading_helpers.go:162.97,166.30 3 6
github.com/baaaki/mydreamcampus/grades-service/internal/service/grading_helpers.go:166.30,167.49 1 11
github.com/baaaki/mydreamcampus/grades-service/internal/service/grading_helpers.go:167.49,170.4 2 8
github.com/baaaki/mydreamcampus/grades-service/internal/service/grading_helpers.go:173.2,173.22 1 6
github.com/baaaki/mydreamcampus/grades-service/internal/service/grading_helpers.go:173.22,175.3 1 2
github.com/baaaki/mydreamcampus/grades-service/internal/service/grading_helpers.go:177.2,177.58 1 4
github.com/baaaki/mydreamcampus/grades-service/internal/service/student_grades_service.go:32.25,39.2 1 0
github.com/baaaki/mydreamcampus/grades-service/internal/service/student_grades_service.go:41.117,44.16 2 0
github.com/baaaki/mydreamcampus/grades-service/internal/service/student_grades_service.go:44.16,47.3 2 0
github.com/baaaki/mydreamcampus/grades-service/internal/service/student_grades_service.go:49.2,49.43 1 0
github.com/baaaki/mydreamcampus/grades-service/internal/service/student_grades_service.go:49.43,51.3 1 0
github.com/baaaki/mydreamcampus/grades-service/internal/service/student_grades_service.go:54.2,55.16 2 0
github.com/baaaki/mydreamcampus/grades-service/internal/service/student_grades_service.go:55.16,58.3 2 0
github.com/baaaki/mydreamcampus/grades-service/internal/service/student_grades_service.go:60.2,61.32 2 0
github.com/baaaki/mydreamcampus/grades-service/internal/service/student_grades_service.go:61.32,63.17 2 0
github.com/baaaki/mydreamcampus/grades-service/internal/service/student_grades_service.go:63.17,68.4 2 0
github.com/baaaki/mydreamcampus/grades-service/internal/service/student_grades_service.go:69.3,75.5 1 0
github.com/baaaki/mydreamcampus/grades-service/internal/service/student_grades_service.go:79.2,80.16 2 0
github.com/baaaki/mydreamcampus/grades-service/internal/service/student_grades_service.go:80.16,83.3 2 0
github.com/baaaki/mydreamcampus/grades-service/internal/service/student_grades_service.go:85.2,86.38 2 0
github.com/baaaki/mydreamcampus/grades-service/internal/service/student_grades_service.go:86.38,88.17 2 0
github.com/baaaki/mydreamcampus/grades-service/internal/service/student_grades_service.go:88.17,91.4 2 0
github.com/baaaki/mydreamcampus/grades-service/internal/service/student_grades_service.go:94.3,95.35 2 0
github.com/baaaki/mydreamcampus/grades-service/internal/service/student_grades_service.go:95.35,96.81 1 0
github.com/baaaki/mydreamcampus/grades-service/internal/service/student_grades_service.go:96.81,99.5 2 0
github.com/baaaki/mydreamcampus/grades-service/internal/service/student_grades_service.go:102.3,110.5 1 0
github.com/baaaki/mydreamcampus/grades-service/internal/service/student_grades_service.go:114.2,115.16 2 0
github.com/baaaki/mydreamcampus/grades-service/internal/service/student_grades_service.go:115.16,118.3 2 0
github.com/baaaki/mydreamcampus/grades-service/internal/service/student_grades_service.go:120.2,130.8 3 0
github.com/baaaki/mydreamcampus/grades-service/internal/service/student_grades_service.go:133.166,135.60 1 0
github.com/baaaki/mydreamcampus/grades-service/internal/service/student_grades_service.go:135.60,137.3 1 0
github.com/baaaki/mydreamcampus/grades-service/internal/service/student_grades_service.go:140.2,141.16 2 0
github.com/baaaki/mydreamcampus/grades-service/internal/service/student_grades_service.go:141.16,144.3 2 0
github.com/baaaki/mydreamcampus/grades-service/internal/service/student_grades_service.go:146.2,146.73 1 0
github.com/baaaki/mydreamcampus/grades-service/internal/service/student_grades_service.go:146.73,148.3 1 0
github.com/baaaki/mydreamcampus/grades-service/internal/service/student_grades_service.go:151.2,152.16 2 0
github.com/baaaki/mydreamcampus/grades-service/internal/service/student_grades_service.go:152.16,155.3 2 0
github.com/baaaki/mydreamcampus/grades-service/internal/service/student_grades_service.go:158.2,159.36 2 0
github.com/baaaki/mydreamcampus/grades-service/internal/service/student_grades_service.go:159.36,162.50 2 0
github.com/baaaki/mydreamcampus/grades-service/internal/service/student_grades_service.go:162.50,168.4 1 0
github.com/baaaki/mydreamcampus/grades-service/internal/service/student_grades_service.go:170.3,175.5 1 0
github.com/baaaki/mydreamcampus/grades-service/internal/service/student_grades_service.go:179.2,180.34 2 0
github.com/baaaki/mydreamcampus/grades-service/internal/service/student_grades_service.go:180.34,184.38 3 0
github.com/baaaki/mydreamcampus/grades-service/internal/service/student_grades_service.go:184.38,188.4 3 0
github.com/baaaki/mydreamcampus/grades-service/internal/service/student_grades_service.go:190.3,191.26 2 0
github.com/baaaki/mydreamcampus/grades-service/internal/service/student_grades_service.go:191.26,193.4 1 0
github.com/baaaki/mydreamcampus/grades-service/internal/service/student_grades_service.go:195.3,195.38 1 0
github.com/baaaki/mydreamcampus/grades-service/internal/service/student_grades_service.go:199.2,200.16 2 0
github.com/baaaki/mydreamcampus/grades-service/internal/service/student_grades_service.go:200.16,203.3 2 0
github.com/baaaki/mydreamcampus/grades-service/internal/service/student_grades_service.go:205.2,210.37 4 0
github.com/baaaki/mydreamcampus/grades-service/internal/service/student_grades_service.go:210.37,211.71 1 0
github.com/baaaki/mydreamcampus/grades-service/internal/service/student_grades_service.go:211.71,213.4 1 0
github.com/baaaki/mydreamcampus/grades-service/internal/service/student_grades_service.go:216.2,229.8 1 0
github.com/baaaki/mydreamcampus/grades-service/internal/service/student_grades_service.go:234.52,237.21 2 9
github.com/baaaki/mydreamcampus/grades-service/internal/service/student_grades_service.go:237.21,239.3 1 3
github.com/baaaki/mydreamcampus/grades-service/internal/service/student_grades_service.go:241.2,242.16 2 6
github.com/baaaki/mydreamcampus/grades-service/internal/service/student_grades_service.go:242.16,244.3 1 1
github.com/baaaki/mydreamcampus/grades-service/internal/service/student_grades_service.go:246.2,254.22 4 5
github.com/baaaki/mydreamcampus/grades-service/internal/service/student_grades_service.go:254.22,256.3 1 1
github.com/baaaki/mydreamcampus/grades-service/internal/service/student_grades_service.go:258.2,258.22 1 5
github.com/baaaki/mydreamcampus/grades-service/internal/service/student_grades_service.go:258.22,260.3 1 2
github.com/baaaki/mydreamcampus/grades-service/internal/service/student_grades_service.go:262.2,262.46 1 3
github.com/baaaki/mydreamcampus/grades-service/internal/service/student_grades_service.go:265.43,268.16 2 6
github.com/baaaki/mydreamcampus/grades-service/internal/service/student_grades_service.go:268.16,270.3 1 3
github.com/baaaki/mydreamcampus/grades-service/internal/service/student_grades_service.go:271.2,271.12 1 3
github.com/baaaki/mydreamcampus/grades-service/internal/service/student_grades_service.go:276.45,277.14 1 9
github.com/baaaki/mydreamcampus/grades-service/internal/service/student_grades_service.go:277.14,279.3 1 1
github.com/baaaki/mydreamcampus/grades-service/internal/service/student_grades_service.go:280.2,280.25 1 8
github.com/baaaki/mydreamcampus/grades-service/internal/service/student_grades_service.go:281.22,283.17 2 1
github.com/baaaki/mydreamcampus/grades-service/internal/service/student_grades_service.go:283.17,285.4 1 0
github.com/baaaki/mydreamcampus/grades-service/internal/service/student_grades_service.go:286.3,286.19 1 1
github.com/baaaki/mydreamcampus/grades-service/internal/service/student_grades_service.go:287.15,288.13 1 1
github.com/baaaki/mydreamcampus/grades-service/internal/service/student_grades_service.go:289.15,290.22 1 1
github.com/baaaki/mydreamcampus/grades-service/internal/service/student_grades_service.go:291.13,292.22 1 1
github.com/baaaki/mydreamcampus/grades-service/internal/service/student_grades_service.go:293.13,294.22 1 1
github.com/baaaki/mydreamcampus/grades-service/internal/service/student_grades_service.go:295.14,297.11 2 2
github.com/baaaki/mydreamcampus/grades-service/internal/service/student_grades_service.go:298.10,301.11 3 1
github.com/baaaki/mydreamcampus/grades-service/internal/service/student_grades_service.go:308.68,310.16 2 10
github.com/baaaki/mydreamcampus/grades-service/internal/service/student_grades_service.go:310.16,312.3 1 1
github.com/baaaki/mydreamcampus/grades-service/internal/service/student_grades_service.go:313.2,314.25 2 9
github.com/baaaki/mydreamcampus/grades-service/internal/service/student_grades_service.go:315.14,316.8 1 6
github.com/baaaki/mydreamcampus/grades-service/internal/service/student_grades_service.go:317.14,318.16 1 1
github.com/baaaki/mydreamcampus/grades-service/internal/service/student_grades_service.go:319.22,323.17 2 1
github.com/baaaki/mydreamcampus/grades-service/internal/service/student_grades_service.go:323.17,325.4 1 0
github.com/baaaki/mydreamcampus/grades-service/internal/service/student_grades_service.go:326.3,326.16 1 1
github.com/baaaki/mydreamcampus/grades-service/internal/service/student_grades_service.go:327.10,328.59 1 1
github.com/baaaki/mydreamcampus/grades-service/internal/service/student_grades_service.go:330.2,330.40 1 8
github.com/baaaki/mydreamcampus/grades-service/internal/service/student_grades_service.go:330.40,332.3 1 2
github.com/baaaki/mydreamcampus/grades-service/internal/service/student_grades_service.go:336.2,342.48 3 6
github.com/baaaki/mydreamcampus/grades-service/internal/service/student_grades_service.go:342.48,344.3 1 1
github.com/baaaki/mydreamcampus/grades-service/internal/service/student_grades_service.go:345.2,345.27 1 5
github.com/baaaki/mydreamcampus/grades-service/internal/service/student_grades_service.go:345.27,350.37 2 5
github.com/baaaki/mydreamcampus/grades-service/internal/service/student_grades_service.go:350.37,351.55 1 4
github.com/baaaki/mydreamcampus/grades-service/internal/service/student_grades_service.go:351.55,353.5 1 4
github.com/baaaki/mydreamcampus/grades-service/internal/service/student_grades_service.go:355.3,355.21 1 5
github.com/baaaki/mydreamcampus/grades-service/internal/service/student_grades_service.go:357.2,357.17 1 5
github.com/baaaki/mydreamcampus/grades-service/internal/service/student_grades_service.go:361.41,362.14 1 0
github.com/baaaki/mydreamcampus/grades-service/internal/service/student_grades_service.go:362.14,364.3 1 0
github.com/baaaki/mydreamcampus/grades-service/internal/service/student_grades_service.go:365.2,365.25 1 0
github.com/baaaki/mydreamcampus/grades-service/internal/service/student_grades_service.go:366.22,368.17 2 0
github.com/baaaki/mydreamcampus/grades-service/internal/service/student_grades_service.go:368.17,370.4 1 0
github.com/baaaki/mydreamcampus/grades-service/internal/service/student_grades_service.go:371.3,371.26 1 0
github.com/baaaki/mydreamcampus/grades-service/internal/service/student_grades_service.go:372.13,373.13 1 0
github.com/baaaki/mydreamcampus/grades-service/internal/service/student_grades_service.go:374.13,375.20 1 0
github.com/baaaki/mydreamcampus/grades-service/internal/service/student_grades_service.go:376.15,377.20 1 0
github.com/baaaki/mydreamcampus/grades-service/internal/service/student_grades_service.go:378.14,380.11 2 0
github.com/baaaki/mydreamcampus/grades-service/internal/service/student_grades_service.go:381.10,384.11 3 0
