mode: atomic
github.com/baaaki/mydreamcampus/shared/database/database.go:11.64,13.16 2 0
github.com/baaaki/mydreamcampus/shared/database/database.go:13.16,15.3 1 0
github.com/baaaki/mydreamcampus/shared/database/database.go:20.2,40.16 9 0
github.com/baaaki/mydreamcampus/shared/database/database.go:40.16,42.3 1 0
github.com/baaaki/mydreamcampus/shared/database/database.go:45.2,45.39 1 0
github.com/baaaki/mydreamcampus/shared/database/database.go:45.39,47.3 1 0
github.com/baaaki/mydreamcampus/shared/database/database.go:49.2,49.18 1 0
github.com/baaaki/mydreamcampus/shared/rabbitmq/connection.go:24.53,32.28 3 0
github.com/baaaki/mydreamcampus/shared/rabbitmq/connection.go:32.28,33.37 1 0
github.com/baaaki/mydreamcampus/shared/rabbitmq/connection.go:33.37,40.24 2 0
github.com/baaaki/mydreamcampus/shared/rabbitmq/connection.go:40.24,43.13 3 0
github.com/baaaki/mydreamcampus/shared/rabbitmq/connection.go:45.4,45.19 1 0
github.com/baaaki/mydreamcampus/shared/rabbitmq/connection.go:47.3,47.8 1 0
github.com/baaaki/mydreamcampus/shared/rabbitmq/connection.go:50.2,50.15 1 0
github.com/baaaki/mydreamcampus/shared/rabbitmq/connection.go:54.38,58.16 3 0
github.com/baaaki/mydreamcampus/shared/rabbitmq/connection.go:58.16,60.3 1 0
github.com/baaaki/mydreamcampus/shared/rabbitmq/connection.go:62.2,63.16 2 0
github.com/baaaki/mydreamcampus/shared/rabbitmq/connection.go:63.16,66.3 2 0
github.com/baaaki/mydreamcampus/shared/rabbitmq/connection.go:70.2,70.50 1 0
github.com/baaaki/mydreamcampus/shared/rabbitmq/connection.go:70.50,74.3 3 0
github.com/baaaki/mydreamcampus/shared/rabbitmq/connection.go:76.2,88.12 8 0
github.com/baaaki/mydreamcampus/shared/rabbitmq/connection.go:92.40,93.6 1 0
github.com/baaaki/mydreamcampus/shared/rabbitmq/connection.go:93.6,95.17 2 0
github.com/baaaki/mydreamcampus/shared/rabbitmq/connection.go:95.17,100.8 3 0
github.com/baaaki/mydreamcampus/shared/rabbitmq/connection.go:100.8,104.39 3 0
github.com/baaaki/mydreamcampus/shared/rabbitmq/connection.go:104.39,106.14 2 0
github.com/baaaki/mydreamcampus/shared/rabbitmq/connection.go:109.5,110.10 2 0
github.com/baaaki/mydreamcampus/shared/rabbitmq/connection.go:117.46,119.2 1 0
github.com/baaaki/mydreamcampus/shared/rabbitmq/connection.go:122.36,123.22 1 0
github.com/baaaki/mydreamcampus/shared/rabbitmq/connection.go:123.22,124.43 1 0
github.com/baaaki/mydreamcampus/shared/rabbitmq/connection.go:124.43,126.4 1 0
github.com/baaaki/mydreamcampus/shared/rabbitmq/connection.go:128.2,128.19 1 0
github.com/baaaki/mydreamcampus/shared/rabbitmq/connection.go:128.19,130.3 1 0
github.com/baaaki/mydreamcampus/shared/rabbitmq/connection.go:131.2,131.12 1 0
github.com/baaaki/mydreamcampus/shared/rabbitmq/connection.go:135.41,137.2 1 0
github.com/baaaki/mydreamcampus/shared/rabbitmq/connection.go:142.54,143.35 1 0
github.com/baaaki/mydreamcampus/shared/rabbitmq/connection.go:143.35,145.3 1 0
github.com/baaaki/mydreamcampus/shared/rabbitmq/connection.go:146.2,146.23 1 0
github.com/baaaki/mydreamcampus/shared/rabbitmq/connection.go:146.23,148.3 1 0
github.com/baaaki/mydreamcampus/shared/rabbitmq/connection.go:149.2,149.12 1 0
github.com/baaaki/mydreamcampus/shared/rabbitmq/consumer.go:21.46,25.2 1 0
github.com/baaaki/mydreamcampus/shared/rabbitmq/consumer.go:28.57,38.2 2 0
github.com/baaaki/mydreamcampus/shared/rabbitmq/consumer.go:41.80,49.2 1 0
github.com/baaaki/mydreamcampus/shared/rabbitmq/consumer.go:52.76,62.16 2 0
github.com/baaaki/mydreamcampus/shared/rabbitmq/consumer.go:62.16,64.3 1 0
github.com/baaaki/mydreamcampus/shared/rabbitmq/consumer.go:66.2,69.12 2 0
github.com/baaaki/mydreamcampus/shared/rabbitmq/consumer.go:69.12,70.25 1 0
github.com/baaaki/mydreamcampus/shared/rabbitmq/consumer.go:70.25,78.44 2 0
github.com/baaaki/mydreamcampus/shared/rabbitmq/consumer.go:78.44,87.13 3 0
github.com/baaaki/mydreamcampus/shared/rabbitmq/consumer.go:91.4,91.18 1 0
github.com/baaaki/mydreamcampus/shared/rabbitmq/consumer.go:95.2,95.12 1 0
github.com/baaaki/mydreamcampus/shared/rabbitmq/consumer.go:99.99,109.16 2 0
github.com/baaaki/mydreamcampus/shared/rabbitmq/consumer.go:109.16,111.3 1 0
github.com/baaaki/mydreamcampus/shared/rabbitmq/consumer.go:113.2,118.12 2 0
github.com/baaaki/mydreamcampus/shared/rabbitmq/consumer.go:118.12,119.25 1 0
github.com/baaaki/mydreamcampus/shared/rabbitmq/consumer.go:119.25,128.44 3 0
github.com/baaaki/mydreamcampus/shared/rabbitmq/consumer.go:128.44,136.32 2 0
github.com/baaaki/mydreamcampus/shared/rabbitmq/consumer.go:136.32,140.6 2 0
github.com/baaaki/mydreamcampus/shared/rabbitmq/consumer.go:140.11,147.6 2 0
github.com/baaaki/mydreamcampus/shared/rabbitmq/consumer.go:148.5,148.13 1 0
github.com/baaaki/mydreamcampus/shared/rabbitmq/consumer.go:152.4,152.18 1 0
github.com/baaaki/mydreamcampus/shared/rabbitmq/consumer.go:156.2,156.12 1 0
github.com/baaaki/mydreamcampus/shared/rabbitmq/consumer.go:160.44,161.20 1 0
github.com/baaaki/mydreamcampus/shared/rabbitmq/consumer.go:161.20,163.3 1 0
github.com/baaaki/mydreamcampus/shared/rabbitmq/consumer.go:165.2,165.60 1 0
github.com/baaaki/mydreamcampus/shared/rabbitmq/consumer.go:165.60,167.3 1 0
github.com/baaaki/mydreamcampus/shared/rabbitmq/consumer.go:169.2,169.10 1 0
github.com/baaaki/mydreamcampus/shared/rabbitmq/consumer.go:173.74,175.20 2 0
github.com/baaaki/mydreamcampus/shared/rabbitmq/consumer.go:175.20,177.3 1 0
github.com/baaaki/mydreamcampus/shared/rabbitmq/consumer.go:178.2,193.16 3 0
github.com/baaaki/mydreamcampus/shared/rabbitmq/consumer.go:193.16,198.3 1 0
github.com/baaaki/mydreamcampus/shared/rabbitmq/consumer.go:202.47,203.48 1 0
github.com/baaaki/mydreamcampus/shared/rabbitmq/consumer.go:203.48,205.3 1 0
github.com/baaaki/mydreamcampus/shared/rabbitmq/consumer.go:206.2,206.12 1 0
github.com/baaaki/mydreamcampus/shared/rabbitmq/dlq.go:10.62,23.16 3 0
github.com/baaaki/mydreamcampus/shared/rabbitmq/dlq.go:23.16,25.3 1 0
github.com/baaaki/mydreamcampus/shared/rabbitmq/dlq.go:28.2,35.16 1 0
github.com/baaaki/mydreamcampus/shared/rabbitmq/dlq.go:35.16,37.3 1 0
github.com/baaaki/mydreamcampus/shared/rabbitmq/dlq.go:40.2,46.16 1 0
github.com/baaaki/mydreamcampus/shared/rabbitmq/dlq.go:46.16,48.3 1 0
github.com/baaaki/mydreamcampus/shared/rabbitmq/dlq.go:51.2,64.16 2 0
github.com/baaaki/mydreamcampus/shared/rabbitmq/dlq.go:64.16,66.3 1 0
github.com/baaaki/mydreamcampus/shared/rabbitmq/dlq.go:68.2,68.12 1 0
github.com/baaaki/mydreamcampus/shared/rabbitmq/dlq.go:72.80,85.16 3 0
github.com/baaaki/mydreamcampus/shared/rabbitmq/dlq.go:85.16,87.3 1 0
github.com/baaaki/mydreamcampus/shared/rabbitmq/dlq.go:90.2,97.16 1 0
github.com/baaaki/mydreamcampus/shared/rabbitmq/dlq.go:97.16,99.3 1 0
github.com/baaaki/mydreamcampus/shared/rabbitmq/dlq.go:102.2,108.16 1 0
github.com/baaaki/mydreamcampus/shared/rabbitmq/dlq.go:108.16,110.3 1 0
github.com/baaaki/mydreamcampus/shared/rabbitmq/dlq.go:113.2,125.16 2 0
github.com/baaaki/mydreamcampus/shared/rabbitmq/dlq.go:125.16,127.3 1 0
github.com/baaaki/mydreamcampus/shared/rabbitmq/dlq.go:129.2,129.12 1 0
github.com/baaaki/mydreamcampus/shared/rabbitmq/publisher.go:21.48,25.2 1 0
github.com/baaaki/mydreamcampus/shared/rabbitmq/publisher.go:28.64,38.2 1 0
github.com/baaaki/mydreamcampus/shared/rabbitmq/publisher.go:41.102,44.16 2 0
github.com/baaaki/mydreamcampus/shared/rabbitmq/publisher.go:44.16,46.3 1 0
github.com/baaaki/mydreamcampus/shared/rabbitmq/publisher.go:49.2,63.16 2 0
github.com/baaaki/mydreamcampus/shared/rabbitmq/publisher.go:63.16,70.3 2 0
github.com/baaaki/mydreamcampus/shared/rabbitmq/publisher.go:72.2,78.12 2 0
github.com/baaaki/mydreamcampus/shared/rabbitmq/publisher.go:83.91,94.16 3 0
github.com/baaaki/mydreamcampus/shared/rabbitmq/publisher.go:94.16,96.3 1 0
github.com/baaaki/mydreamcampus/shared/rabbitmq/publisher.go:98.2,98.86 1 0
github.com/baaaki/mydreamcampus/shared/rabbitmq/publisher.go:98.86,100.3 1 0
github.com/baaaki/mydreamcampus/shared/rabbitmq/publisher.go:102.2,102.12 1 0
github.com/baaaki/mydreamcampus/shared/rabbitmq/publisher.go:106.127,108.28 2 0
github.com/baaaki/mydreamcampus/shared/rabbitmq/publisher.go:108.28,110.17 2 0
github.com/baaaki/mydreamcampus/shared/rabbitmq/publisher.go:110.17,112.4 1 0
github.com/baaaki/mydreamcampus/shared/rabbitmq/publisher.go:114.3,121.47 2 0
github.com/baaaki/mydreamcampus/shared/rabbitmq/publisher.go:124.2,124.75 1 0
github.com/baaaki/mydreamcampus/shared/redis/ratelimit.go:52.130,61.16 6 0
github.com/baaaki/mydreamcampus/shared/redis/ratelimit.go:61.16,63.3 1 0
github.com/baaaki/mydreamcampus/shared/redis/ratelimit.go:65.2,69.46 4 0
github.com/baaaki/mydreamcampus/shared/redis/redis.go:19.71,37.44 5 0
github.com/baaaki/mydreamcampus/shared/redis/redis.go:37.44,39.3 1 0
github.com/baaaki/mydreamcampus/shared/redis/redis.go:41.2,42.41 2 0
github.com/baaaki/mydreamcampus/shared/redis/redis.go:46.57,48.2 1 0
github.com/baaaki/mydreamcampus/shared/redis/redis.go:51.39,52.21 1 0
github.com/baaaki/mydreamcampus/shared/redis/redis.go:52.21,55.3 2 0
github.com/baaaki/mydreamcampus/shared/redis/redis.go:56.2,56.12 1 0
github.com/baaaki/mydreamcampus/shared/redis/redis.go:60.96,63.2 2 0
github.com/baaaki/mydreamcampus/shared/redis/redis.go:66.90,69.22 3 0
github.com/baaaki/mydreamcampus/shared/redis/redis.go:69.22,71.3 1 0
github.com/baaaki/mydreamcampus/shared/redis/redis.go:72.2,72.17 1 0
github.com/baaaki/mydreamcampus/shared/redis/redis.go:84.112,87.2 2 0
github.com/baaaki/mydreamcampus/shared/redis/redis.go:90.90,93.22 3 0
github.com/baaaki/mydreamcampus/shared/redis/redis.go:93.22,95.3 1 0
github.com/baaaki/mydreamcampus/shared/redis/redis.go:96.2,96.17 1 0
github.com/baaaki/mydreamcampus/shared/redis/redis.go:100.83,103.2 2 0
github.com/baaaki/mydreamcampus/shared/redis/redis.go:107.94,111.6 3 0
github.com/baaaki/mydreamcampus/shared/redis/redis.go:111.6,115.17 4 0
github.com/baaaki/mydreamcampus/shared/redis/redis.go:115.17,117.4 1 0
github.com/baaaki/mydreamcampus/shared/redis/redis.go:120.3,120.28 1 0
github.com/baaaki/mydreamcampus/shared/redis/redis.go:120.28,122.35 2 0
github.com/baaaki/mydreamcampus/shared/redis/redis.go:122.35,124.5 1 0
github.com/baaaki/mydreamcampus/shared/redis/redis.go:127.3,127.18 1 0
github.com/baaaki/mydreamcampus/shared/redis/redis.go:127.18,128.9 1 0
github.com/baaaki/mydreamcampus/shared/redis/redis.go:132.2,132.27 1 0
github.com/baaaki/mydreamcampus/shared/redis/redis.go:132.27,134.3 1 0
github.com/baaaki/mydreamcampus/shared/redis/redis.go:136.2,136.12 1 0
github.com/baaaki/mydreamcampus/shared/redis/redis.go:150.113,152.23 1 0
github.com/baaaki/mydreamcampus/shared/redis/redis.go:152.23,154.3 1 0
github.com/baaaki/mydreamcampus/shared/redis/redis.go:155.2,156.56 2 0
github.com/baaaki/mydreamcampus/shared/redis/redis.go:160.97,163.16 3 0
github.com/baaaki/mydreamcampus/shared/redis/redis.go:163.16,165.3 1 0
github.com/baaaki/mydreamcampus/shared/redis/redis.go:166.2,166.24 1 0
github.com/baaaki/mydreamcampus/shared/redis/redis.go:172.108,177.2 2 0
github.com/baaaki/mydreamcampus/shared/redis/redis.go:180.93,183.22 3 0
github.com/baaaki/mydreamcampus/shared/redis/redis.go:183.22,185.3 1 0
github.com/baaaki/mydreamcampus/shared/redis/redis.go:186.2,186.17 1 0
github.com/baaaki/mydreamcampus/shared/repository/period_repository.go:30.64,32.2 1 0
github.com/baaaki/mydreamcampus/shared/repository/period_repository.go:35.105,47.16 3 0
github.com/baaaki/mydreamcampus/shared/repository/period_repository.go:47.16,49.3 1 0
github.com/baaaki/mydreamcampus/shared/repository/period_repository.go:50.2,50.21 1 0
github.com/baaaki/mydreamcampus/shared/repository/period_repository.go:54.113,61.16 2 0
github.com/baaaki/mydreamcampus/shared/repository/period_repository.go:61.16,63.3 1 0
github.com/baaaki/mydreamcampus/shared/repository/period_repository.go:64.2,66.26 2 0
github.com/baaaki/mydreamcampus/shared/repository/period_repository.go:70.89,76.16 2 0
github.com/baaaki/mydreamcampus/shared/repository/period_repository.go:76.16,78.3 1 0
github.com/baaaki/mydreamcampus/shared/repository/period_repository.go:79.2,81.26 2 0
github.com/baaaki/mydreamcampus/shared/repository/period_repository.go:85.102,96.16 3 0
github.com/baaaki/mydreamcampus/shared/repository/period_repository.go:96.16,98.3 1 0
github.com/baaaki/mydreamcampus/shared/repository/period_repository.go:99.2,99.16 1 0
github.com/baaaki/mydreamcampus/shared/repository/period_repository.go:103.139,117.16 3 0
github.com/baaaki/mydreamcampus/shared/repository/period_repository.go:117.16,119.3 1 0
github.com/baaaki/mydreamcampus/shared/repository/period_repository.go:120.2,120.16 1 0
github.com/baaaki/mydreamcampus/shared/repository/period_repository.go:124.82,126.16 2 0
github.com/baaaki/mydreamcampus/shared/repository/period_repository.go:126.16,128.3 1 0
github.com/baaaki/mydreamcampus/shared/repository/period_repository.go:129.2,129.28 1 0
github.com/baaaki/mydreamcampus/shared/repository/period_repository.go:129.28,131.3 1 0
github.com/baaaki/mydreamcampus/shared/repository/period_repository.go:132.2,132.12 1 0
github.com/baaaki/mydreamcampus/shared/repository/period_repository.go:138.133,140.21 1 0
github.com/baaaki/mydreamcampus/shared/repository/period_repository.go:140.21,152.17 3 0
github.com/baaaki/mydreamcampus/shared/repository/period_repository.go:152.17,154.4 1 0
github.com/baaaki/mydreamcampus/shared/repository/period_repository.go:159.2,170.16 3 0
github.com/baaaki/mydreamcampus/shared/repository/period_repository.go:170.16,172.3 1 0
github.com/baaaki/mydreamcampus/shared/repository/period_repository.go:173.2,173.16 1 0
github.com/baaaki/mydreamcampus/shared/repository/period_repository.go:177.95,180.2 2 0
github.com/baaaki/mydreamcampus/shared/repository/period_repository.go:183.148,195.16 3 0
github.com/baaaki/mydreamcampus/shared/repository/period_repository.go:195.16,197.3 1 0
github.com/baaaki/mydreamcampus/shared/repository/period_repository.go:198.2,198.16 1 0
github.com/baaaki/mydreamcampus/shared/repository/period_repository.go:201.59,203.18 2 0
github.com/baaaki/mydreamcampus/shared/repository/period_repository.go:203.18,209.17 2 0
github.com/baaaki/mydreamcampus/shared/repository/period_repository.go:209.17,211.4 1 0
github.com/baaaki/mydreamcampus/shared/repository/period_repository.go:212.3,212.31 1 0
github.com/baaaki/mydreamcampus/shared/repository/period_repository.go:214.2,214.28 1 0
github.com/baaaki/mydreamcampus/shared/repository/simple_period_repository.go:30.76,32.2 1 0
github.com/baaaki/mydreamcampus/shared/repository/simple_period_repository.go:35.107,47.16 3 0
github.com/baaaki/mydreamcampus/shared/repository/simple_period_repository.go:47.16,49.3 1 0
github.com/baaaki/mydreamcampus/shared/repository/simple_period_repository.go:50.2,50.21 1 0
github.com/baaaki/mydreamcampus/shared/repository/simple_period_repository.go:54.117,61.16 2 0
github.com/baaaki/mydreamcampus/shared/repository/simple_period_repository.go:61.16,63.3 1 0
github.com/baaaki/mydreamcampus/shared/repository/simple_period_repository.go:64.2,66.32 2 0
github.com/baaaki/mydreamcampus/shared/repository/simple_period_repository.go:70.93,76.16 2 0
github.com/baaaki/mydreamcampus/shared/repository/simple_period_repository.go:76.16,78.3 1 0
github.com/baaaki/mydreamcampus/shared/repository/simple_period_repository.go:79.2,81.32 2 0
github.com/baaaki/mydreamcampus/shared/repository/simple_period_repository.go:85.106,96.16 3 0
github.com/baaaki/mydreamcampus/shared/repository/simple_period_repository.go:96.16,98.3 1 0
github.com/baaaki/mydreamcampus/shared/repository/simple_period_repository.go:99.2,99.16 1 0
github.com/baaaki/mydreamcampus/shared/repository/simple_period_repository.go:103.143,117.16 3 0
github.com/baaaki/mydreamcampus/shared/repository/simple_period_repository.go:117.16,119.3 1 0
github.com/baaaki/mydreamcampus/shared/repository/simple_period_repository.go:120.2,120.16 1 0
github.com/baaaki/mydreamcampus/shared/repository/simple_period_repository.go:124.88,126.16 2 0
github.com/baaaki/mydreamcampus/shared/repository/simple_period_repository.go:126.16,128.3 1 0
github.com/baaaki/mydreamcampus/shared/repository/simple_period_repository.go:129.2,129.28 1 0
github.com/baaaki/mydreamcampus/shared/repository/simple_period_repository.go:129.28,131.3 1 0
github.com/baaaki/mydreamcampus/shared/repository/simple_period_repository.go:132.2,132.12 1 0
github.com/baaaki/mydreamcampus/shared/repository/simple_period_repository.go:136.121,148.16 3 0
github.com/baaaki/mydreamcampus/shared/repository/simple_period_repository.go:148.16,150.3 1 0
github.com/baaaki/mydreamcampus/shared/repository/simple_period_repository.go:151.2,151.16 1 0
github.com/baaaki/mydreamcampus/shared/repository/simple_period_repository.go:155.101,158.2 2 0
github.com/baaaki/mydreamcampus/shared/repository/simple_period_repository.go:161.152,173.16 3 0
github.com/baaaki/mydreamcampus/shared/repository/simple_period_repository.go:173.16,175.3 1 0
github.com/baaaki/mydreamcampus/shared/repository/simple_period_repository.go:176.2,176.16 1 0
github.com/baaaki/mydreamcampus/shared/repository/simple_period_repository.go:179.63,181.18 2 0
github.com/baaaki/mydreamcampus/shared/repository/simple_period_repository.go:181.18,187.17 2 0
github.com/baaaki/mydreamcampus/shared/repository/simple_period_repository.go:187.17,189.4 1 0
github.com/baaaki/mydreamcampus/shared/repository/simple_period_repository.go:190.3,190.31 1 0
github.com/baaaki/mydreamcampus/shared/repository/simple_period_repository.go:192.2,192.28 1 0
github.com/baaaki/mydreamcampus/shared/errors/errors.go:24.35,25.20 1 4
github.com/baaaki/mydreamcampus/shared/errors/errors.go:25.20,27.3 1 3
github.com/baaaki/mydreamcampus/shared/errors/errors.go:28.2,28.50 1 1
github.com/baaaki/mydreamcampus/shared/errors/errors.go:33.35,35.2 1 5
github.com/baaaki/mydreamcampus/shared/errors/errors.go:39.42,41.9 2 7
github.com/baaaki/mydreamcampus/shared/errors/errors.go:41.9,43.3 1 1
github.com/baaaki/mydreamcampus/shared/errors/errors.go:44.2,44.25 1 6
github.com/baaaki/mydreamcampus/shared/errors/errors.go:52.58,59.2 1 15
github.com/baaaki/mydreamcampus/shared/errors/errors.go:68.52,69.19 1 4
github.com/baaaki/mydreamcampus/shared/errors/errors.go:69.19,71.3 1 1
github.com/baaaki/mydreamcampus/shared/errors/errors.go:72.2,77.3 1 3
github.com/baaaki/mydreamcampus/shared/errors/errors.go:81.79,82.19 1 2
github.com/baaaki/mydreamcampus/shared/errors/errors.go:82.19,84.3 1 0
github.com/baaaki/mydreamcampus/shared/errors/errors.go:85.2,90.3 1 2
github.com/baaaki/mydreamcampus/shared/errors/errors.go:104.38,106.29 2 2
github.com/baaaki/mydreamcampus/shared/errors/errors.go:106.29,108.3 1 1
github.com/baaaki/mydreamcampus/shared/errors/errors.go:109.2,109.19 1 1
github.com/baaaki/mydreamcampus/shared/errors/errors.go:114.33,116.2 1 0
github.com/baaaki/mydreamcampus/shared/errors/errors.go:119.33,121.2 1 3
github.com/baaaki/mydreamcampus/shared/errors/errors.go:124.35,126.2 1 2
github.com/baaaki/mydreamcampus/shared/errors/errors.go:129.37,131.2 1 1
github.com/baaaki/mydreamcampus/shared/errors/errors.go:134.34,136.2 1 1
github.com/baaaki/mydreamcampus/shared/errors/errors.go:139.33,141.2 1 1
github.com/baaaki/mydreamcampus/shared/config/config.go:77.104,94.45 8 0
github.com/baaaki/mydreamcampus/shared/config/config.go:94.45,96.48 2 0
github.com/baaaki/mydreamcampus/shared/config/config.go:96.48,99.4 1 0
github.com/baaaki/mydreamcampus/shared/config/config.go:104.2,126.42 2 0
github.com/baaaki/mydreamcampus/shared/config/config.go:126.42,128.3 1 0
github.com/baaaki/mydreamcampus/shared/config/config.go:130.2,130.20 1 0
github.com/baaaki/mydreamcampus/shared/config/config.go:134.64,152.2 8 0
github.com/baaaki/mydreamcampus/shared/config/config.go:155.39,156.25 1 0
github.com/baaaki/mydreamcampus/shared/config/config.go:156.25,158.3 1 0
github.com/baaaki/mydreamcampus/shared/config/config.go:159.2,159.26 1 0
github.com/baaaki/mydreamcampus/shared/config/config.go:159.26,161.3 1 0
github.com/baaaki/mydreamcampus/shared/config/config.go:162.2,162.26 1 0
github.com/baaaki/mydreamcampus/shared/config/config.go:162.26,164.3 1 0
github.com/baaaki/mydreamcampus/shared/config/config.go:165.2,165.24 1 0
github.com/baaaki/mydreamcampus/shared/config/config.go:165.24,167.3 1 0
github.com/baaaki/mydreamcampus/shared/config/config.go:168.2,168.96 1 0
github.com/baaaki/mydreamcampus/shared/config/config.go:168.96,170.3 1 0
github.com/baaaki/mydreamcampus/shared/config/config.go:171.2,171.12 1 0
github.com/baaaki/mydreamcampus/shared/config/helpers.go:14.43,28.45 7 0
github.com/baaaki/mydreamcampus/shared/config/helpers.go:28.45,30.48 2 0
github.com/baaaki/mydreamcampus/shared/config/helpers.go:30.48,33.4 1 0
github.com/baaaki/mydreamcampus/shared/config/helpers.go:37.2,37.12 1 0
github.com/baaaki/mydreamcampus/shared/config/helpers.go:44.65,88.2 24 4
github.com/baaaki/mydreamcampus/shared/config/helpers.go:92.96,119.22 6 1
github.com/baaaki/mydreamcampus/shared/config/helpers.go:119.22,121.3 1 1
github.com/baaaki/mydreamcampus/shared/config/helpers.go:123.2,123.47 1 1
github.com/baaaki/mydreamcampus/shared/config/helpers.go:128.44,142.2 1 1
github.com/baaaki/mydreamcampus/shared/config/helpers.go:152.119,153.23 1 8
github.com/baaaki/mydreamcampus/shared/config/helpers.go:153.23,155.3 1 1
github.com/baaaki/mydreamcampus/shared/config/helpers.go:156.2,156.24 1 7
github.com/baaaki/mydreamcampus/shared/config/helpers.go:156.24,158.3 1 1
github.com/baaaki/mydreamcampus/shared/config/helpers.go:159.2,159.24 1 6
github.com/baaaki/mydreamcampus/shared/config/helpers.go:159.24,161.3 1 1
github.com/baaaki/mydreamcampus/shared/config/helpers.go:162.2,162.22 1 5
github.com/baaaki/mydreamcampus/shared/config/helpers.go:162.22,164.3 1 1
github.com/baaaki/mydreamcampus/shared/config/helpers.go:165.2,165.92 1 4
github.com/baaaki/mydreamcampus/shared/config/helpers.go:165.92,167.3 1 1
github.com/baaaki/mydreamcampus/shared/config/helpers.go:168.2,168.80 1 3
github.com/baaaki/mydreamcampus/shared/config/helpers.go:168.80,170.3 1 1
github.com/baaaki/mydreamcampus/shared/config/helpers.go:171.2,171.12 1 2
github.com/baaaki/mydreamcampus/shared/config/helpers.go:178.72,179.22 1 5
github.com/baaaki/mydreamcampus/shared/config/helpers.go:179.22,181.3 1 1
github.com/baaaki/mydreamcampus/shared/config/helpers.go:182.2,182.40 1 4
github.com/baaaki/mydreamcampus/shared/config/helpers.go:182.40,183.27 1 3
github.com/baaaki/mydreamcampus/shared/config/helpers.go:183.27,185.4 1 1
github.com/baaaki/mydreamcampus/shared/config/helpers.go:186.3,186.48 1 2
github.com/baaaki/mydreamcampus/shared/config/helpers.go:186.48,188.4 1 1
github.com/baaaki/mydreamcampus/shared/config/helpers.go:190.2,190.12 1 2
github.com/baaaki/mydreamcampus/shared/config/ports.go:54.48,55.49 1 10
github.com/baaaki/mydreamcampus/shared/config/ports.go:55.49,57.3 1 9
github.com/baaaki/mydreamcampus/shared/config/ports.go:58.2,58.15 1 1
github.com/baaaki/mydreamcampus/shared/config/ports.go:62.43,63.44 1 9
github.com/baaaki/mydreamcampus/shared/config/ports.go:63.44,65.3 1 8
github.com/baaaki/mydreamcampus/shared/config/ports.go:66.2,66.15 1 1
github.com/baaaki/mydreamcampus/shared/clock/clock.go:31.22,35.39 3 29
github.com/baaaki/mydreamcampus/shared/clock/clock.go:35.39,37.3 1 26
github.com/baaaki/mydreamcampus/shared/clock/clock.go:38.2,38.19 1 3
github.com/baaaki/mydreamcampus/shared/clock/clock.go:42.23,48.2 4 28
github.com/baaaki/mydreamcampus/shared/clock/clock.go:51.14,57.2 4 7
github.com/baaaki/mydreamcampus/shared/clock/clock.go:60.21,65.2 3 28
github.com/baaaki/mydreamcampus/shared/clock/clock.go:68.33,72.39 3 3
github.com/baaaki/mydreamcampus/shared/clock/clock.go:72.39,75.3 2 1
github.com/baaaki/mydreamcampus/shared/clock/clock.go:76.2,76.12 1 2
github.com/baaaki/mydreamcampus/shared/audit/http_logger.go:23.68,29.2 1 0
github.com/baaaki/mydreamcampus/shared/audit/http_logger.go:31.71,35.16 3 0
github.com/baaaki/mydreamcampus/shared/audit/http_logger.go:35.16,37.3 1 0
github.com/baaaki/mydreamcampus/shared/audit/http_logger.go:39.2,41.16 3 0
github.com/baaaki/mydreamcampus/shared/audit/http_logger.go:41.16,43.3 1 0
github.com/baaaki/mydreamcampus/shared/audit/http_logger.go:44.2,47.16 3 0
github.com/baaaki/mydreamcampus/shared/audit/http_logger.go:47.16,55.3 2 0
github.com/baaaki/mydreamcampus/shared/audit/http_logger.go:56.2,58.43 2 0
github.com/baaaki/mydreamcampus/shared/audit/http_logger.go:58.43,63.3 1 0
github.com/baaaki/mydreamcampus/shared/audit/http_logger.go:65.2,65.12 1 0
github.com/baaaki/mydreamcampus/shared/audit/security.go:49.39,51.33 2 4
github.com/baaaki/mydreamcampus/shared/audit/security.go:51.33,53.3 1 1
github.com/baaaki/mydreamcampus/shared/audit/security.go:53.8,55.3 1 3
github.com/baaaki/mydreamcampus/shared/audit/security.go:58.2,65.16 7 4
github.com/baaaki/mydreamcampus/shared/audit/security.go:65.16,66.70 1 0
github.com/baaaki/mydreamcampus/shared/audit/security.go:71.39,72.27 1 4
github.com/baaaki/mydreamcampus/shared/audit/security.go:72.27,74.3 1 1
github.com/baaaki/mydreamcampus/shared/audit/security.go:76.2,83.24 2 3
github.com/baaaki/mydreamcampus/shared/audit/security.go:83.24,85.3 1 3
github.com/baaaki/mydreamcampus/shared/audit/security.go:86.2,86.23 1 3
github.com/baaaki/mydreamcampus/shared/audit/security.go:86.23,88.3 1 1
github.com/baaaki/mydreamcampus/shared/audit/security.go:89.2,89.26 1 3
github.com/baaaki/mydreamcampus/shared/audit/security.go:89.26,91.3 1 1
github.com/baaaki/mydreamcampus/shared/audit/security.go:92.2,92.24 1 3
github.com/baaaki/mydreamcampus/shared/audit/security.go:92.24,94.3 1 1
github.com/baaaki/mydreamcampus/shared/audit/security.go:95.2,95.24 1 3
github.com/baaaki/mydreamcampus/shared/audit/security.go:95.24,97.3 1 2
github.com/baaaki/mydreamcampus/shared/audit/security.go:98.2,98.35 1 3
github.com/baaaki/mydreamcampus/shared/audit/security.go:98.35,100.3 1 2
github.com/baaaki/mydreamcampus/shared/audit/security.go:102.2,102.50 1 3
github.com/baaaki/mydreamcampus/shared/audit/security.go:106.104,115.2 1 1
github.com/baaaki/mydreamcampus/shared/audit/security.go:118.144,129.2 1 1
github.com/baaaki/mydreamcampus/shared/audit/security.go:132.21,133.27 1 3
github.com/baaaki/mydreamcampus/shared/audit/security.go:133.27,135.3 1 3
github.com/baaaki/mydreamcampus/shared/client/semester_client.go:39.63,48.2 1 6
github.com/baaaki/mydreamcampus/shared/client/semester_client.go:51.107,54.82 2 9
github.com/baaaki/mydreamcampus/shared/client/semester_client.go:54.82,57.3 2 1
github.com/baaaki/mydreamcampus/shared/client/semester_client.go:58.2,64.16 4 8
github.com/baaaki/mydreamcampus/shared/client/semester_client.go:64.16,66.3 1 0
github.com/baaaki/mydreamcampus/shared/client/semester_client.go:69.2,69.48 1 8
github.com/baaaki/mydreamcampus/shared/client/semester_client.go:69.48,71.3 1 1
github.com/baaaki/mydreamcampus/shared/client/semester_client.go:73.2,74.16 2 8
github.com/baaaki/mydreamcampus/shared/client/semester_client.go:74.16,76.3 1 0
github.com/baaaki/mydreamcampus/shared/client/semester_client.go:77.2,79.44 2 8
github.com/baaaki/mydreamcampus/shared/client/semester_client.go:79.44,81.3 1 1
github.com/baaaki/mydreamcampus/shared/client/semester_client.go:83.2,83.38 1 7
github.com/baaaki/mydreamcampus/shared/client/semester_client.go:83.38,85.3 1 1
github.com/baaaki/mydreamcampus/shared/client/semester_client.go:87.2,88.65 2 6
github.com/baaaki/mydreamcampus/shared/client/semester_client.go:88.65,90.3 1 0
github.com/baaaki/mydreamcampus/shared/client/semester_client.go:93.2,106.19 5 6
github.com/baaaki/mydreamcampus/shared/client/semester_client.go:110.63,114.2 3 1
github.com/baaaki/mydreamcampus/shared/logger/context.go:17.57,20.2 2 1
github.com/baaaki/mydreamcampus/shared/logger/context.go:25.80,26.21 1 3
github.com/baaaki/mydreamcampus/shared/logger/context.go:26.21,28.3 1 1
github.com/baaaki/mydreamcampus/shared/logger/context.go:29.2,29.56 1 3
github.com/baaaki/mydreamcampus/shared/logger/context.go:33.47,34.59 1 6
github.com/baaaki/mydreamcampus/shared/logger/context.go:34.59,36.3 1 4
github.com/baaaki/mydreamcampus/shared/logger/context.go:37.2,37.11 1 2
github.com/baaaki/mydreamcampus/shared/logger/context.go:41.51,42.53 1 2
github.com/baaaki/mydreamcampus/shared/logger/context.go:42.53,44.3 1 1
github.com/baaaki/mydreamcampus/shared/logger/context.go:45.2,45.12 1 1
github.com/baaaki/mydreamcampus/shared/logger/context.go:50.50,52.2 1 1
github.com/baaaki/mydreamcampus/shared/logger/context.go:56.81,59.2 2 0
github.com/baaaki/mydreamcampus/shared/logger/logger.go:11.29,14.25 2 2
github.com/baaaki/mydreamcampus/shared/logger/logger.go:14.25,26.3 3 0
github.com/baaaki/mydreamcampus/shared/logger/logger.go:26.8,33.3 4 2
github.com/baaaki/mydreamcampus/shared/logger/logger.go:35.2,43.16 4 2
github.com/baaaki/mydreamcampus/shared/logger/logger.go:43.16,45.3 1 0
github.com/baaaki/mydreamcampus/shared/logger/logger.go:47.2,48.12 2 2
github.com/baaaki/mydreamcampus/shared/logger/logger.go:52.45,54.2 1 0
github.com/baaaki/mydreamcampus/shared/logger/logger.go:56.44,58.2 1 0
github.com/baaaki/mydreamcampus/shared/logger/logger.go:60.44,62.2 1 0
github.com/baaaki/mydreamcampus/shared/logger/logger.go:64.45,66.2 1 0
github.com/baaaki/mydreamcampus/shared/logger/logger.go:68.45,70.2 1 0
github.com/baaaki/mydreamcampus/shared/logger/logger.go:73.13,74.16 1 2
github.com/baaaki/mydreamcampus/shared/logger/logger.go:74.16,76.3 1 2
github.com/baaaki/mydreamcampus/shared/logger/logger.go:80.27,81.34 1 0
github.com/baaaki/mydreamcampus/shared/logger/logger.go:81.34,82.55 1 0
github.com/baaaki/mydreamcampus/shared/rules/grading_rules.go:36.59,39.92 2 8
github.com/baaaki/mydreamcampus/shared/rules/grading_rules.go:39.92,41.3 1 1
github.com/baaaki/mydreamcampus/shared/rules/grading_rules.go:43.2,46.67 2 8
github.com/baaaki/mydreamcampus/shared/rules/grading_rules.go:46.67,52.3 1 2
github.com/baaaki/mydreamcampus/shared/rules/grading_rules.go:55.2,55.26 1 6
github.com/baaaki/mydreamcampus/shared/rules/grading_rules.go:55.26,61.3 1 1
github.com/baaaki/mydreamcampus/shared/rules/grading_rules.go:64.2,64.21 1 5
github.com/baaaki/mydreamcampus/shared/rules/grading_rules.go:64.21,70.3 1 1
github.com/baaaki/mydreamcampus/shared/rules/grading_rules.go:73.2,73.34 1 4
github.com/baaaki/mydreamcampus/shared/rules/grading_rules.go:73.34,79.3 1 1
github.com/baaaki/mydreamcampus/shared/rules/grading_rules.go:81.2,85.3 1 3
github.com/baaaki/mydreamcampus/shared/rules/period_rules.go:19.73,22.29 2 4
github.com/baaaki/mydreamcampus/shared/rules/period_rules.go:22.29,28.3 1 1
github.com/baaaki/mydreamcampus/shared/rules/period_rules.go:30.2,30.26 1 3
github.com/baaaki/mydreamcampus/shared/rules/period_rules.go:30.26,36.3 1 1
github.com/baaaki/mydreamcampus/shared/rules/period_rules.go:38.2,42.3 1 2
github.com/baaaki/mydreamcampus/shared/rules/semester_rules.go:36.83,40.36 2 7
github.com/baaaki/mydreamcampus/shared/rules/semester_rules.go:40.36,45.3 1 2
github.com/baaaki/mydreamcampus/shared/rules/semester_rules.go:48.2,48.26 1 5
github.com/baaaki/mydreamcampus/shared/rules/semester_rules.go:48.26,53.3 1 1
github.com/baaaki/mydreamcampus/shared/rules/semester_rules.go:56.2,56.31 1 4
github.com/baaaki/mydreamcampus/shared/rules/semester_rules.go:56.31,61.3 1 1
github.com/baaaki/mydreamcampus/shared/rules/semester_rules.go:64.2,64.37 1 3
github.com/baaaki/mydreamcampus/shared/rules/semester_rules.go:64.37,69.3 1 1
github.com/baaaki/mydreamcampus/shared/rules/semester_rules.go:71.2,71.34 1 2
github.com/baaaki/mydreamcampus/shared/rules/semester_rules.go:71.34,76.3 1 1
github.com/baaaki/mydreamcampus/shared/rules/semester_rules.go:78.2,81.3 1 1
github.com/baaaki/mydreamcampus/shared/rules/semester_rules.go:96.75,100.31 2 4
github.com/baaaki/mydreamcampus/shared/rules/semester_rules.go:100.31,105.3 1 1
github.com/baaaki/mydreamcampus/shared/rules/semester_rules.go:107.2,107.37 1 3
github.com/baaaki/mydreamcampus/shared/rules/semester_rules.go:107.37,112.3 1 1
github.com/baaaki/mydreamcampus/shared/rules/semester_rules.go:114.2,114.34 1 2
github.com/baaaki/mydreamcampus/shared/rules/semester_rules.go:114.34,119.3 1 1
github.com/baaaki/mydreamcampus/shared/rules/semester_rules.go:121.2,124.3 1 1
github.com/baaaki/mydreamcampus/shared/semester/http_checker.go:18.57,25.2 1 5
github.com/baaaki/mydreamcampus/shared/semester/http_checker.go:27.96,31.16 3 5
github.com/baaaki/mydreamcampus/shared/semester/http_checker.go:31.16,33.3 1 0
github.com/baaaki/mydreamcampus/shared/semester/http_checker.go:35.2,36.16 2 5
github.com/baaaki/mydreamcampus/shared/semester/http_checker.go:36.16,38.3 1 1
github.com/baaaki/mydreamcampus/shared/semester/http_checker.go:39.2,41.38 2 4
github.com/baaaki/mydreamcampus/shared/semester/http_checker.go:41.38,43.3 1 1
github.com/baaaki/mydreamcampus/shared/semester/http_checker.go:45.2,48.67 2 3
github.com/baaaki/mydreamcampus/shared/semester/http_checker.go:48.67,50.3 1 1
github.com/baaaki/mydreamcampus/shared/semester/http_checker.go:52.2,52.27 1 2
github.com/baaaki/mydreamcampus/shared/handler/health.go:16.58,17.30 1 1
github.com/baaaki/mydreamcampus/shared/handler/health.go:17.30,22.3 1 1
github.com/baaaki/mydreamcampus/shared/handler/health.go:28.90,29.30 1 3
github.com/baaaki/mydreamcampus/shared/handler/health.go:29.30,35.35 5 3
github.com/baaaki/mydreamcampus/shared/handler/health.go:35.35,36.37 1 4
github.com/baaaki/mydreamcampus/shared/handler/health.go:36.37,39.5 2 1
github.com/baaaki/mydreamcampus/shared/handler/health.go:39.10,41.5 1 3
github.com/baaaki/mydreamcampus/shared/handler/health.go:44.3,46.13 3 3
github.com/baaaki/mydreamcampus/shared/handler/health.go:46.13,49.4 2 1
github.com/baaaki/mydreamcampus/shared/handler/health.go:51.3,55.5 1 3
github.com/baaaki/mydreamcampus/shared/handler/internal_period_handler.go:22.95,24.2 1 0
github.com/baaaki/mydreamcampus/shared/handler/internal_period_handler.go:27.69,31.2 3 0
github.com/baaaki/mydreamcampus/shared/handler/internal_period_handler.go:34.62,36.47 2 0
github.com/baaaki/mydreamcampus/shared/handler/internal_period_handler.go:36.47,43.3 3 0
github.com/baaaki/mydreamcampus/shared/handler/internal_period_handler.go:45.2,45.43 1 0
github.com/baaaki/mydreamcampus/shared/handler/internal_period_handler.go:45.43,51.3 2 0
github.com/baaaki/mydreamcampus/shared/handler/internal_period_handler.go:53.2,59.16 2 0
github.com/baaaki/mydreamcampus/shared/handler/internal_period_handler.go:59.16,66.3 3 0
github.com/baaaki/mydreamcampus/shared/handler/internal_period_handler.go:68.2,81.4 2 0
github.com/baaaki/mydreamcampus/shared/handler/internal_period_handler.go:85.72,87.20 2 0
github.com/baaaki/mydreamcampus/shared/handler/internal_period_handler.go:87.20,90.3 2 0
github.com/baaaki/mydreamcampus/shared/handler/internal_period_handler.go:92.2,92.85 1 0
github.com/baaaki/mydreamcampus/shared/handler/internal_period_handler.go:92.85,96.3 3 0
github.com/baaaki/mydreamcampus/shared/handler/internal_period_handler.go:98.2,98.32 1 0
github.com/baaaki/mydreamcampus/shared/handler/internal_period_handler.go:107.72,109.20 2 0
github.com/baaaki/mydreamcampus/shared/handler/internal_period_handler.go:109.20,112.3 2 0
github.com/baaaki/mydreamcampus/shared/handler/internal_period_handler.go:114.2,115.47 2 0
github.com/baaaki/mydreamcampus/shared/handler/internal_period_handler.go:115.47,118.3 2 0
github.com/baaaki/mydreamcampus/shared/handler/internal_period_handler.go:120.2,120.43 1 0
github.com/baaaki/mydreamcampus/shared/handler/internal_period_handler.go:120.43,123.3 2 0
github.com/baaaki/mydreamcampus/shared/handler/internal_period_handler.go:125.2,126.16 2 0
github.com/baaaki/mydreamcampus/shared/handler/internal_period_handler.go:126.16,130.3 3 0
github.com/baaaki/mydreamcampus/shared/handler/internal_period_handler.go:132.2,140.4 1 0
github.com/baaaki/mydreamcampus/shared/handler/internal_period_handler_full.go:23.97,25.2 1 0
github.com/baaaki/mydreamcampus/shared/handler/internal_period_handler_full.go:28.73,32.2 3 0
github.com/baaaki/mydreamcampus/shared/handler/internal_period_handler_full.go:35.66,37.47 2 0
github.com/baaaki/mydreamcampus/shared/handler/internal_period_handler_full.go:37.47,44.3 3 0
github.com/baaaki/mydreamcampus/shared/handler/internal_period_handler_full.go:46.2,46.43 1 0
github.com/baaaki/mydreamcampus/shared/handler/internal_period_handler_full.go:46.43,52.3 2 0
github.com/baaaki/mydreamcampus/shared/handler/internal_period_handler_full.go:54.2,61.16 2 0
github.com/baaaki/mydreamcampus/shared/handler/internal_period_handler_full.go:61.16,68.3 3 0
github.com/baaaki/mydreamcampus/shared/handler/internal_period_handler_full.go:70.2,84.4 2 0
github.com/baaaki/mydreamcampus/shared/handler/internal_period_handler_full.go:88.76,90.20 2 0
github.com/baaaki/mydreamcampus/shared/handler/internal_period_handler_full.go:90.20,93.3 2 0
github.com/baaaki/mydreamcampus/shared/handler/internal_period_handler_full.go:95.2,95.85 1 0
github.com/baaaki/mydreamcampus/shared/handler/internal_period_handler_full.go:95.85,99.3 3 0
github.com/baaaki/mydreamcampus/shared/handler/internal_period_handler_full.go:101.2,101.32 1 0
github.com/baaaki/mydreamcampus/shared/handler/internal_period_handler_full.go:110.76,112.20 2 0
github.com/baaaki/mydreamcampus/shared/handler/internal_period_handler_full.go:112.20,115.3 2 0
github.com/baaaki/mydreamcampus/shared/handler/internal_period_handler_full.go:117.2,118.47 2 0
github.com/baaaki/mydreamcampus/shared/handler/internal_period_handler_full.go:118.47,121.3 2 0
github.com/baaaki/mydreamcampus/shared/handler/internal_period_handler_full.go:123.2,123.43 1 0
github.com/baaaki/mydreamcampus/shared/handler/internal_period_handler_full.go:123.43,126.3 2 0
github.com/baaaki/mydreamcampus/shared/handler/internal_period_handler_full.go:128.2,129.16 2 0
github.com/baaaki/mydreamcampus/shared/handler/internal_period_handler_full.go:129.16,133.3 3 0
github.com/baaaki/mydreamcampus/shared/handler/internal_period_handler_full.go:135.2,144.4 1 0
github.com/baaaki/mydreamcampus/shared/handler/period_handler.go:24.125,26.2 1 0
github.com/baaaki/mydreamcampus/shared/handler/period_handler.go:30.61,32.2 2 0
github.com/baaaki/mydreamcampus/shared/handler/period_handler.go:32.2,37.3 4 0
github.com/baaaki/mydreamcampus/shared/handler/period_handler.go:42.54,44.47 2 0
github.com/baaaki/mydreamcampus/shared/handler/period_handler.go:44.47,51.3 3 0
github.com/baaaki/mydreamcampus/shared/handler/period_handler.go:53.2,53.43 1 0
github.com/baaaki/mydreamcampus/shared/handler/period_handler.go:53.43,59.3 2 0
github.com/baaaki/mydreamcampus/shared/handler/period_handler.go:62.2,62.30 1 0
github.com/baaaki/mydreamcampus/shared/handler/period_handler.go:62.30,64.17 2 0
github.com/baaaki/mydreamcampus/shared/handler/period_handler.go:64.17,66.4 1 0
github.com/baaaki/mydreamcampus/shared/handler/period_handler.go:66.9,66.21 1 0
github.com/baaaki/mydreamcampus/shared/handler/period_handler.go:66.21,72.4 2 0
github.com/baaaki/mydreamcampus/shared/handler/period_handler.go:75.2,82.16 2 0
github.com/baaaki/mydreamcampus/shared/handler/period_handler.go:82.16,89.3 3 0
github.com/baaaki/mydreamcampus/shared/handler/period_handler.go:92.2,92.26 1 0
github.com/baaaki/mydreamcampus/shared/handler/period_handler.go:92.26,107.3 2 0
github.com/baaaki/mydreamcampus/shared/handler/period_handler.go:109.2,114.54 2 0
github.com/baaaki/mydreamcampus/shared/handler/period_handler.go:119.53,125.20 4 0
github.com/baaaki/mydreamcampus/shared/handler/period_handler.go:125.20,127.3 1 0
github.com/baaaki/mydreamcampus/shared/handler/period_handler.go:127.8,129.3 1 0
github.com/baaaki/mydreamcampus/shared/handler/period_handler.go:131.2,131.16 1 0
github.com/baaaki/mydreamcampus/shared/handler/period_handler.go:131.16,138.3 3 0
github.com/baaaki/mydreamcampus/shared/handler/period_handler.go:140.2,141.28 2 0
github.com/baaaki/mydreamcampus/shared/handler/period_handler.go:141.28,143.3 1 0
github.com/baaaki/mydreamcampus/shared/handler/period_handler.go:145.2,145.33 1 0
github.com/baaaki/mydreamcampus/shared/handler/period_handler.go:150.54,153.16 3 0
github.com/baaaki/mydreamcampus/shared/handler/period_handler.go:153.16,159.3 2 0
github.com/baaaki/mydreamcampus/shared/handler/period_handler.go:161.2,162.47 2 0
github.com/baaaki/mydreamcampus/shared/handler/period_handler.go:162.47,168.3 2 0
github.com/baaaki/mydreamcampus/shared/handler/period_handler.go:171.2,172.16 2 0
github.com/baaaki/mydreamcampus/shared/handler/period_handler.go:172.16,173.27 1 0
github.com/baaaki/mydreamcampus/shared/handler/period_handler.go:173.27,176.4 2 0
github.com/baaaki/mydreamcampus/shared/handler/period_handler.go:177.3,179.9 3 0
github.com/baaaki/mydreamcampus/shared/handler/period_handler.go:183.2,183.30 1 0
github.com/baaaki/mydreamcampus/shared/handler/period_handler.go:183.30,185.22 2 0
github.com/baaaki/mydreamcampus/shared/handler/period_handler.go:185.22,187.4 1 0
github.com/baaaki/mydreamcampus/shared/handler/period_handler.go:187.9,187.21 1 0
github.com/baaaki/mydreamcampus/shared/handler/period_handler.go:187.21,193.4 2 0
github.com/baaaki/mydreamcampus/shared/handler/period_handler.go:196.2,197.16 2 0
github.com/baaaki/mydreamcampus/shared/handler/period_handler.go:197.16,198.27 1 0
github.com/baaaki/mydreamcampus/shared/handler/period_handler.go:198.27,204.4 2 0
github.com/baaaki/mydreamcampus/shared/handler/period_handler.go:205.3,210.9 3 0
github.com/baaaki/mydreamcampus/shared/handler/period_handler.go:214.2,214.26 1 0
github.com/baaaki/mydreamcampus/shared/handler/period_handler.go:214.26,226.3 2 0
github.com/baaaki/mydreamcampus/shared/handler/period_handler.go:228.2,232.49 2 0
github.com/baaaki/mydreamcampus/shared/handler/period_handler.go:237.54,240.16 3 0
github.com/baaaki/mydreamcampus/shared/handler/period_handler.go:240.16,246.3 2 0
github.com/baaaki/mydreamcampus/shared/handler/period_handler.go:249.2,250.16 2 0
github.com/baaaki/mydreamcampus/shared/handler/period_handler.go:250.16,251.27 1 0
github.com/baaaki/mydreamcampus/shared/handler/period_handler.go:251.27,254.4 2 0
github.com/baaaki/mydreamcampus/shared/handler/period_handler.go:255.3,257.9 3 0
github.com/baaaki/mydreamcampus/shared/handler/period_handler.go:261.2,261.30 1 0
github.com/baaaki/mydreamcampus/shared/handler/period_handler.go:261.30,263.22 2 0
github.com/baaaki/mydreamcampus/shared/handler/period_handler.go:263.22,265.4 1 0
github.com/baaaki/mydreamcampus/shared/handler/period_handler.go:265.9,265.21 1 0
github.com/baaaki/mydreamcampus/shared/handler/period_handler.go:265.21,271.4 2 0
github.com/baaaki/mydreamcampus/shared/handler/period_handler.go:274.2,274.69 1 0
github.com/baaaki/mydreamcampus/shared/handler/period_handler.go:274.69,275.27 1 0
github.com/baaaki/mydreamcampus/shared/handler/period_handler.go:275.27,281.4 2 0
github.com/baaaki/mydreamcampus/shared/handler/period_handler.go:282.3,287.9 3 0
github.com/baaaki/mydreamcampus/shared/handler/period_handler.go:291.2,291.26 1 0
github.com/baaaki/mydreamcampus/shared/handler/period_handler.go:291.26,303.3 2 0
github.com/baaaki/mydreamcampus/shared/handler/period_handler.go:305.2,311.4 2 0
github.com/baaaki/mydreamcampus/shared/handler/period_handler.go:314.72,325.2 1 0
github.com/baaaki/mydreamcampus/shared/handler/simple_period_handler.go:25.143,27.2 1 0
github.com/baaaki/mydreamcampus/shared/handler/simple_period_handler.go:30.67,32.2 2 0
github.com/baaaki/mydreamcampus/shared/handler/simple_period_handler.go:32.2,37.3 4 0
github.com/baaaki/mydreamcampus/shared/handler/simple_period_handler.go:42.60,44.47 2 0
github.com/baaaki/mydreamcampus/shared/handler/simple_period_handler.go:44.47,51.3 3 0
github.com/baaaki/mydreamcampus/shared/handler/simple_period_handler.go:53.2,53.43 1 0
github.com/baaaki/mydreamcampus/shared/handler/simple_period_handler.go:53.43,59.3 2 0
github.com/baaaki/mydreamcampus/shared/handler/simple_period_handler.go:62.2,62.30 1 0
github.com/baaaki/mydreamcampus/shared/handler/simple_period_handler.go:62.30,64.17 2 0
github.com/baaaki/mydreamcampus/shared/handler/simple_period_handler.go:64.17,66.4 1 0
github.com/baaaki/mydreamcampus/shared/handler/simple_period_handler.go:66.9,66.21 1 0
github.com/baaaki/mydreamcampus/shared/handler/simple_period_handler.go:66.21,72.4 2 0
github.com/baaaki/mydreamcampus/shared/handler/simple_period_handler.go:75.2,81.16 2 0
github.com/baaaki/mydreamcampus/shared/handler/simple_period_handler.go:81.16,88.3 3 0
github.com/baaaki/mydreamcampus/shared/handler/simple_period_handler.go:91.2,91.26 1 0
github.com/baaaki/mydreamcampus/shared/handler/simple_period_handler.go:91.26,105.3 2 0
github.com/baaaki/mydreamcampus/shared/handler/simple_period_handler.go:107.2,112.60 2 0
github.com/baaaki/mydreamcampus/shared/handler/simple_period_handler.go:117.59,123.20 4 0
github.com/baaaki/mydreamcampus/shared/handler/simple_period_handler.go:123.20,125.3 1 0
github.com/baaaki/mydreamcampus/shared/handler/simple_period_handler.go:125.8,127.3 1 0
github.com/baaaki/mydreamcampus/shared/handler/simple_period_handler.go:129.2,129.16 1 0
github.com/baaaki/mydreamcampus/shared/handler/simple_period_handler.go:129.16,136.3 3 0
github.com/baaaki/mydreamcampus/shared/handler/simple_period_handler.go:138.2,139.28 2 0
github.com/baaaki/mydreamcampus/shared/handler/simple_period_handler.go:139.28,141.3 1 0
github.com/baaaki/mydreamcampus/shared/handler/simple_period_handler.go:143.2,143.33 1 0
github.com/baaaki/mydreamcampus/shared/handler/simple_period_handler.go:148.60,151.16 3 0
github.com/baaaki/mydreamcampus/shared/handler/simple_period_handler.go:151.16,157.3 2 0
github.com/baaaki/mydreamcampus/shared/handler/simple_period_handler.go:159.2,160.47 2 0
github.com/baaaki/mydreamcampus/shared/handler/simple_period_handler.go:160.47,166.3 2 0
github.com/baaaki/mydreamcampus/shared/handler/simple_period_handler.go:169.2,170.16 2 0
github.com/baaaki/mydreamcampus/shared/handler/simple_period_handler.go:170.16,171.27 1 0
github.com/baaaki/mydreamcampus/shared/handler/simple_period_handler.go:171.27,174.4 2 0
github.com/baaaki/mydreamcampus/shared/handler/simple_period_handler.go:175.3,177.9 3 0
github.com/baaaki/mydreamcampus/shared/handler/simple_period_handler.go:181.2,181.30 1 0
github.com/baaaki/mydreamcampus/shared/handler/simple_period_handler.go:181.30,183.22 2 0
github.com/baaaki/mydreamcampus/shared/handler/simple_period_handler.go:183.22,185.4 1 0
github.com/baaaki/mydreamcampus/shared/handler/simple_period_handler.go:185.9,185.21 1 0
github.com/baaaki/mydreamcampus/shared/handler/simple_period_handler.go:185.21,191.4 2 0
github.com/baaaki/mydreamcampus/shared/handler/simple_period_handler.go:194.2,195.16 2 0
github.com/baaaki/mydreamcampus/shared/handler/simple_period_handler.go:195.16,196.27 1 0
github.com/baaaki/mydreamcampus/shared/handler/simple_period_handler.go:196.27,202.4 2 0
github.com/baaaki/mydreamcampus/shared/handler/simple_period_handler.go:203.3,208.9 3 0
github.com/baaaki/mydreamcampus/shared/handler/simple_period_handler.go:212.2,212.26 1 0
github.com/baaaki/mydreamcampus/shared/handler/simple_period_handler.go:212.26,224.3 2 0
github.com/baaaki/mydreamcampus/shared/handler/simple_period_handler.go:226.2,230.55 2 0
github.com/baaaki/mydreamcampus/shared/handler/simple_period_handler.go:235.60,238.16 3 0
github.com/baaaki/mydreamcampus/shared/handler/simple_period_handler.go:238.16,244.3 2 0
github.com/baaaki/mydreamcampus/shared/handler/simple_period_handler.go:247.2,248.16 2 0
github.com/baaaki/mydreamcampus/shared/handler/simple_period_handler.go:248.16,249.27 1 0
github.com/baaaki/mydreamcampus/shared/handler/simple_period_handler.go:249.27,252.4 2 0
github.com/baaaki/mydreamcampus/shared/handler/simple_period_handler.go:253.3,255.9 3 0
github.com/baaaki/mydreamcampus/shared/handler/simple_period_handler.go:259.2,259.30 1 0
github.com/baaaki/mydreamcampus/shared/handler/simple_period_handler.go:259.30,261.22 2 0
github.com/baaaki/mydreamcampus/shared/handler/simple_period_handler.go:261.22,263.4 1 0
github.com/baaaki/mydreamcampus/shared/handler/simple_period_handler.go:263.9,263.21 1 0
github.com/baaaki/mydreamcampus/shared/handler/simple_period_handler.go:263.21,269.4 2 0
github.com/baaaki/mydreamcampus/shared/handler/simple_period_handler.go:272.2,272.69 1 0
github.com/baaaki/mydreamcampus/shared/handler/simple_period_handler.go:272.69,273.27 1 0
github.com/baaaki/mydreamcampus/shared/handler/simple_period_handler.go:273.27,279.4 2 0
github.com/baaaki/mydreamcampus/shared/handler/simple_period_handler.go:280.3,285.9 3 0
github.com/baaaki/mydreamcampus/shared/handler/simple_period_handler.go:289.2,289.26 1 0
github.com/baaaki/mydreamcampus/shared/handler/simple_period_handler.go:289.26,301.3 2 0
github.com/baaaki/mydreamcampus/shared/handler/simple_period_handler.go:303.2,309.4 2 0
github.com/baaaki/mydreamcampus/shared/handler/simple_period_handler.go:312.82,322.2 1 0
github.com/baaaki/mydreamcampus/shared/handler/time_handler.go:16.36,18.2 1 0
github.com/baaaki/mydreamcampus/shared/handler/time_handler.go:22.59,24.2 2 0
github.com/baaaki/mydreamcampus/shared/handler/time_handler.go:24.2,28.3 3 0
github.com/baaaki/mydreamcampus/shared/handler/time_handler.go:33.48,35.47 2 0
github.com/baaaki/mydreamcampus/shared/handler/time_handler.go:35.47,42.3 3 0
github.com/baaaki/mydreamcampus/shared/handler/time_handler.go:44.2,53.4 3 0
github.com/baaaki/mydreamcampus/shared/handler/time_handler.go:58.45,67.2 3 0
github.com/baaaki/mydreamcampus/shared/handler/time_handler.go:71.46,77.2 1 0
github.com/baaaki/mydreamcampus/shared/middleware/auth.go:28.57,30.2 1 8
github.com/baaaki/mydreamcampus/shared/middleware/auth.go:43.34,44.29 1 1
github.com/baaaki/mydreamcampus/shared/middleware/auth.go:44.29,44.52 1 1
github.com/baaaki/mydreamcampus/shared/middleware/auth.go:50.50,52.27 2 8
github.com/baaaki/mydreamcampus/shared/middleware/auth.go:52.27,54.3 1 1
github.com/baaaki/mydreamcampus/shared/middleware/auth.go:56.2,56.30 1 8
github.com/baaaki/mydreamcampus/shared/middleware/auth.go:56.30,60.23 3 8
github.com/baaaki/mydreamcampus/shared/middleware/auth.go:60.23,62.47 2 6
github.com/baaaki/mydreamcampus/shared/middleware/auth.go:62.47,64.5 1 6
github.com/baaaki/mydreamcampus/shared/middleware/auth.go:68.3,68.24 1 8
github.com/baaaki/mydreamcampus/shared/middleware/auth.go:68.24,69.59 1 2
github.com/baaaki/mydreamcampus/shared/middleware/auth.go:69.59,71.5 1 1
github.com/baaaki/mydreamcampus/shared/middleware/auth.go:74.3,74.24 1 8
github.com/baaaki/mydreamcampus/shared/middleware/auth.go:74.24,82.4 4 1
github.com/baaaki/mydreamcampus/shared/middleware/auth.go:85.3,86.17 2 7
github.com/baaaki/mydreamcampus/shared/middleware/auth.go:86.17,93.36 3 1
github.com/baaaki/mydreamcampus/shared/middleware/auth.go:93.36,95.5 1 0
github.com/baaaki/mydreamcampus/shared/middleware/auth.go:95.10,97.5 1 1
github.com/baaaki/mydreamcampus/shared/middleware/auth.go:99.4,104.10 3 1
github.com/baaaki/mydreamcampus/shared/middleware/auth.go:108.3,108.30 1 6
github.com/baaaki/mydreamcampus/shared/middleware/auth.go:108.30,112.24 2 4
github.com/baaaki/mydreamcampus/shared/middleware/auth.go:112.24,114.19 2 4
github.com/baaaki/mydreamcampus/shared/middleware/auth.go:114.19,120.24 2 2
github.com/baaaki/mydreamcampus/shared/middleware/auth.go:120.24,127.7 3 1
github.com/baaaki/mydreamcampus/shared/middleware/auth.go:129.11,129.29 1 2
github.com/baaaki/mydreamcampus/shared/middleware/auth.go:129.29,140.6 4 1
github.com/baaaki/mydreamcampus/shared/middleware/auth.go:144.4,145.18 2 2
github.com/baaaki/mydreamcampus/shared/middleware/auth.go:145.18,151.23 2 1
github.com/baaaki/mydreamcampus/shared/middleware/auth.go:151.23,158.6 3 0
github.com/baaaki/mydreamcampus/shared/middleware/auth.go:160.10,160.65 1 1
github.com/baaaki/mydreamcampus/shared/middleware/auth.go:160.65,172.5 4 1
github.com/baaaki/mydreamcampus/shared/middleware/auth.go:176.3,188.11 8 3
github.com/baaaki/mydreamcampus/shared/middleware/auth.go:193.40,194.30 1 2
github.com/baaaki/mydreamcampus/shared/middleware/auth.go:194.30,198.23 3 2
github.com/baaaki/mydreamcampus/shared/middleware/auth.go:198.23,200.47 2 1
github.com/baaaki/mydreamcampus/shared/middleware/auth.go:200.47,202.5 1 1
github.com/baaaki/mydreamcampus/shared/middleware/auth.go:206.3,206.24 1 2
github.com/baaaki/mydreamcampus/shared/middleware/auth.go:206.24,207.59 1 1
github.com/baaaki/mydreamcampus/shared/middleware/auth.go:207.59,209.5 1 0
github.com/baaaki/mydreamcampus/shared/middleware/auth.go:212.3,212.24 1 2
github.com/baaaki/mydreamcampus/shared/middleware/auth.go:212.24,215.4 2 1
github.com/baaaki/mydreamcampus/shared/middleware/auth.go:217.3,218.17 2 1
github.com/baaaki/mydreamcampus/shared/middleware/auth.go:218.17,221.4 2 0
github.com/baaaki/mydreamcampus/shared/middleware/auth.go:223.3,228.11 5 1
github.com/baaaki/mydreamcampus/shared/middleware/auth.go:240.45,242.26 2 2
github.com/baaaki/mydreamcampus/shared/middleware/auth.go:242.26,243.67 1 1
github.com/baaaki/mydreamcampus/shared/middleware/auth.go:246.2,246.30 1 1
github.com/baaaki/mydreamcampus/shared/middleware/auth.go:246.30,248.39 2 2
github.com/baaaki/mydreamcampus/shared/middleware/auth.go:248.39,254.4 4 1
github.com/baaaki/mydreamcampus/shared/middleware/auth.go:256.3,256.11 1 2
github.com/baaaki/mydreamcampus/shared/middleware/auth.go:263.47,264.30 1 1
github.com/baaaki/mydreamcampus/shared/middleware/auth.go:264.30,267.19 2 3
github.com/baaaki/mydreamcampus/shared/middleware/auth.go:267.19,274.4 3 1
github.com/baaaki/mydreamcampus/shared/middleware/auth.go:277.3,278.17 2 2
github.com/baaaki/mydreamcampus/shared/middleware/auth.go:278.17,287.4 3 1
github.com/baaaki/mydreamcampus/shared/middleware/auth.go:290.3,295.23 4 1
github.com/baaaki/mydreamcampus/shared/middleware/auth.go:295.23,297.4 1 1
github.com/baaaki/mydreamcampus/shared/middleware/auth.go:299.3,304.11 2 1
github.com/baaaki/mydreamcampus/shared/middleware/cors.go:21.39,23.15 2 8
github.com/baaaki/mydreamcampus/shared/middleware/cors.go:23.15,26.27 3 4
github.com/baaaki/mydreamcampus/shared/middleware/cors.go:26.27,27.54 1 4
github.com/baaaki/mydreamcampus/shared/middleware/cors.go:27.54,29.5 1 4
github.com/baaaki/mydreamcampus/shared/middleware/cors.go:31.3,31.17 1 4
github.com/baaaki/mydreamcampus/shared/middleware/cors.go:34.2,34.46 1 4
github.com/baaaki/mydreamcampus/shared/middleware/cors.go:34.46,35.79 1 1
github.com/baaaki/mydreamcampus/shared/middleware/cors.go:37.2,37.26 1 3
github.com/baaaki/mydreamcampus/shared/middleware/cors.go:44.29,47.30 2 5
github.com/baaaki/mydreamcampus/shared/middleware/cors.go:47.30,50.46 2 4
github.com/baaaki/mydreamcampus/shared/middleware/cors.go:50.46,54.4 3 3
github.com/baaaki/mydreamcampus/shared/middleware/cors.go:56.3,62.36 5 4
github.com/baaaki/mydreamcampus/shared/middleware/cors.go:62.36,65.4 2 1
github.com/baaaki/mydreamcampus/shared/middleware/cors.go:67.3,67.11 1 3
github.com/baaaki/mydreamcampus/shared/middleware/cors.go:72.63,73.30 1 1
github.com/baaaki/mydreamcampus/shared/middleware/cors.go:73.30,77.46 2 2
github.com/baaaki/mydreamcampus/shared/middleware/cors.go:77.46,81.4 3 1
github.com/baaaki/mydreamcampus/shared/middleware/cors.go:83.3,88.36 5 2
github.com/baaaki/mydreamcampus/shared/middleware/cors.go:88.36,91.4 2 0
github.com/baaaki/mydreamcampus/shared/middleware/cors.go:93.3,93.11 1 2
github.com/baaaki/mydreamcampus/shared/middleware/cors.go:100.38,104.30 3 3
github.com/baaaki/mydreamcampus/shared/middleware/cors.go:104.30,107.19 2 5
github.com/baaaki/mydreamcampus/shared/middleware/cors.go:107.19,112.37 2 1
github.com/baaaki/mydreamcampus/shared/middleware/cors.go:112.37,115.5 2 0
github.com/baaaki/mydreamcampus/shared/middleware/cors.go:116.4,117.10 2 1
github.com/baaaki/mydreamcampus/shared/middleware/cors.go:120.3,121.19 2 4
github.com/baaaki/mydreamcampus/shared/middleware/cors.go:121.19,123.4 1 2
github.com/baaaki/mydreamcampus/shared/middleware/cors.go:123.9,127.4 1 2
github.com/baaaki/mydreamcampus/shared/middleware/cors.go:129.3,129.14 1 4
github.com/baaaki/mydreamcampus/shared/middleware/cors.go:129.14,133.4 3 3
github.com/baaaki/mydreamcampus/shared/middleware/cors.go:135.3,137.36 2 4
github.com/baaaki/mydreamcampus/shared/middleware/cors.go:137.36,140.4 2 0
github.com/baaaki/mydreamcampus/shared/middleware/cors.go:142.3,142.11 1 4
github.com/baaaki/mydreamcampus/shared/middleware/cors.go:147.43,152.2 4 5
github.com/baaaki/mydreamcampus/shared/middleware/csrf.go:15.39,16.30 1 5
github.com/baaaki/mydreamcampus/shared/middleware/csrf.go:16.30,18.95 1 7
github.com/baaaki/mydreamcampus/shared/middleware/csrf.go:18.95,21.4 2 3
github.com/baaaki/mydreamcampus/shared/middleware/csrf.go:24.3,24.41 1 4
github.com/baaaki/mydreamcampus/shared/middleware/csrf.go:24.41,27.4 2 1
github.com/baaaki/mydreamcampus/shared/middleware/csrf.go:30.3,31.37 2 3
github.com/baaaki/mydreamcampus/shared/middleware/csrf.go:31.37,37.4 2 1
github.com/baaaki/mydreamcampus/shared/middleware/csrf.go:39.3,40.51 2 2
github.com/baaaki/mydreamcampus/shared/middleware/csrf.go:40.51,46.4 2 1
github.com/baaaki/mydreamcampus/shared/middleware/csrf.go:48.3,48.11 1 1
github.com/baaaki/mydreamcampus/shared/middleware/csrf.go:54.54,55.30 1 2
github.com/baaaki/mydreamcampus/shared/middleware/csrf.go:55.30,56.51 1 2
github.com/baaaki/mydreamcampus/shared/middleware/csrf.go:56.51,60.4 3 1
github.com/baaaki/mydreamcampus/shared/middleware/csrf.go:61.3,61.11 1 2
github.com/baaaki/mydreamcampus/shared/middleware/csrf.go:65.33,69.2 3 1
github.com/baaaki/mydreamcampus/shared/middleware/logger.go:15.38,16.30 1 0
github.com/baaaki/mydreamcampus/shared/middleware/logger.go:16.30,51.49 11 0
github.com/baaaki/mydreamcampus/shared/middleware/logger.go:51.49,53.4 1 0
github.com/baaaki/mydreamcampus/shared/middleware/logger.go:54.3,54.44 1 0
github.com/baaaki/mydreamcampus/shared/middleware/logger.go:54.44,56.4 1 0
github.com/baaaki/mydreamcampus/shared/middleware/logger.go:59.3,59.10 1 0
github.com/baaaki/mydreamcampus/shared/middleware/logger.go:60.26,61.58 1 0
github.com/baaaki/mydreamcampus/shared/middleware/logger.go:62.26,63.57 1 0
github.com/baaaki/mydreamcampus/shared/middleware/logger.go:64.11,65.42 1 0
github.com/baaaki/mydreamcampus/shared/middleware/ratelimit.go:50.80,52.2 1 8
github.com/baaaki/mydreamcampus/shared/middleware/ratelimit.go:59.38,61.2 1 9
github.com/baaaki/mydreamcampus/shared/middleware/ratelimit.go:66.36,67.30 1 4
github.com/baaaki/mydreamcampus/shared/middleware/ratelimit.go:67.30,68.31 1 4
github.com/baaaki/mydreamcampus/shared/middleware/ratelimit.go:68.31,71.4 2 1
github.com/baaaki/mydreamcampus/shared/middleware/ratelimit.go:72.3,80.17 4 3
github.com/baaaki/mydreamcampus/shared/middleware/ratelimit.go:80.17,85.4 3 1
github.com/baaaki/mydreamcampus/shared/middleware/ratelimit.go:87.3,89.15 2 2
github.com/baaaki/mydreamcampus/shared/middleware/ratelimit.go:89.15,96.4 3 1
github.com/baaaki/mydreamcampus/shared/middleware/ratelimit.go:98.3,98.11 1 1
github.com/baaaki/mydreamcampus/shared/middleware/ratelimit.go:105.38,106.30 1 2
github.com/baaaki/mydreamcampus/shared/middleware/ratelimit.go:106.30,107.31 1 2
github.com/baaaki/mydreamcampus/shared/middleware/ratelimit.go:107.31,110.4 2 0
github.com/baaaki/mydreamcampus/shared/middleware/ratelimit.go:111.3,114.14 3 2
github.com/baaaki/mydreamcampus/shared/middleware/ratelimit.go:114.14,117.4 2 1
github.com/baaaki/mydreamcampus/shared/middleware/ratelimit.go:119.3,125.17 3 1
github.com/baaaki/mydreamcampus/shared/middleware/ratelimit.go:125.17,129.4 3 0
github.com/baaaki/mydreamcampus/shared/middleware/ratelimit.go:131.3,133.15 2 1
github.com/baaaki/mydreamcampus/shared/middleware/ratelimit.go:133.15,140.4 3 0
github.com/baaaki/mydreamcampus/shared/middleware/ratelimit.go:142.3,142.11 1 1
github.com/baaaki/mydreamcampus/shared/middleware/ratelimit.go:149.54,150.30 1 3
github.com/baaaki/mydreamcampus/shared/middleware/ratelimit.go:150.30,151.31 1 3
github.com/baaaki/mydreamcampus/shared/middleware/ratelimit.go:151.31,154.4 2 0
github.com/baaaki/mydreamcampus/shared/middleware/ratelimit.go:155.3,158.10 3 3
github.com/baaaki/mydreamcampus/shared/middleware/ratelimit.go:158.10,161.4 2 1
github.com/baaaki/mydreamcampus/shared/middleware/ratelimit.go:164.3,165.49 2 2
github.com/baaaki/mydreamcampus/shared/middleware/ratelimit.go:165.49,167.4 1 0
github.com/baaaki/mydreamcampus/shared/middleware/ratelimit.go:169.3,175.17 3 2
github.com/baaaki/mydreamcampus/shared/middleware/ratelimit.go:175.17,182.32 2 2
github.com/baaaki/mydreamcampus/shared/middleware/ratelimit.go:182.32,189.5 3 1
github.com/baaaki/mydreamcampus/shared/middleware/ratelimit.go:190.4,191.10 2 1
github.com/baaaki/mydreamcampus/shared/middleware/ratelimit.go:194.3,196.15 2 0
github.com/baaaki/mydreamcampus/shared/middleware/ratelimit.go:196.15,203.4 3 0
github.com/baaaki/mydreamcampus/shared/middleware/ratelimit.go:205.3,205.11 1 0
github.com/baaaki/mydreamcampus/shared/middleware/ratelimit.go:210.76,213.20 3 3
github.com/baaaki/mydreamcampus/shared/middleware/ratelimit.go:213.20,215.3 1 0
github.com/baaaki/mydreamcampus/shared/middleware/rbac.go:13.58,14.30 1 10
github.com/baaaki/mydreamcampus/shared/middleware/rbac.go:14.30,16.14 2 10
github.com/baaaki/mydreamcampus/shared/middleware/rbac.go:16.14,24.4 4 1
github.com/baaaki/mydreamcampus/shared/middleware/rbac.go:26.3,29.46 2 9
github.com/baaaki/mydreamcampus/shared/middleware/rbac.go:29.46,32.4 2 5
github.com/baaaki/mydreamcampus/shared/middleware/rbac.go:35.3,45.12 3 4
github.com/baaaki/mydreamcampus/shared/middleware/rbac.go:50.37,52.2 1 2
github.com/baaaki/mydreamcampus/shared/middleware/rbac.go:55.46,57.2 1 3
github.com/baaaki/mydreamcampus/shared/middleware/rbac.go:60.39,62.2 1 2
github.com/baaaki/mydreamcampus/shared/middleware/recovery.go:16.33,17.30 1 3
github.com/baaaki/mydreamcampus/shared/middleware/recovery.go:17.30,18.16 1 3
github.com/baaaki/mydreamcampus/shared/middleware/recovery.go:18.16,19.36 1 3
github.com/baaaki/mydreamcampus/shared/middleware/recovery.go:19.36,37.5 4 2
github.com/baaaki/mydreamcampus/shared/middleware/recovery.go:40.3,40.11 1 3
github.com/baaaki/mydreamcampus/shared/middleware/security_headers.go:12.40,15.30 2 2
github.com/baaaki/mydreamcampus/shared/middleware/security_headers.go:15.30,22.19 6 2
github.com/baaaki/mydreamcampus/shared/middleware/security_headers.go:22.19,24.4 1 1
github.com/baaaki/mydreamcampus/shared/middleware/security_headers.go:26.3,26.11 1 2
github.com/baaaki/mydreamcampus/shared/utils/jwt.go:45.28,47.18 2 0
github.com/baaaki/mydreamcampus/shared/utils/jwt.go:47.18,48.54 1 0
github.com/baaaki/mydreamcampus/shared/utils/jwt.go:50.2,50.23 1 0
github.com/baaaki/mydreamcampus/shared/utils/jwt.go:57.101,59.2 1 0
github.com/baaaki/mydreamcampus/shared/utils/jwt.go:65.145,86.2 7 55
github.com/baaaki/mydreamcampus/shared/utils/jwt.go:92.84,94.2 1 0
github.com/baaaki/mydreamcampus/shared/utils/jwt.go:100.126,119.2 7 1
github.com/baaaki/mydreamcampus/shared/utils/jwt.go:124.57,126.2 1 0
github.com/baaaki/mydreamcampus/shared/utils/jwt.go:130.82,131.96 1 9
github.com/baaaki/mydreamcampus/shared/utils/jwt.go:131.96,133.58 1 6
github.com/baaaki/mydreamcampus/shared/utils/jwt.go:133.58,135.4 1 2
github.com/baaaki/mydreamcampus/shared/utils/jwt.go:136.3,136.21 1 4
github.com/baaaki/mydreamcampus/shared/utils/jwt.go:139.2,139.16 1 9
github.com/baaaki/mydreamcampus/shared/utils/jwt.go:139.16,140.42 1 7
github.com/baaaki/mydreamcampus/shared/utils/jwt.go:140.42,142.4 1 1
github.com/baaaki/mydreamcampus/shared/utils/jwt.go:143.3,143.30 1 6
github.com/baaaki/mydreamcampus/shared/utils/jwt.go:146.2,147.25 2 2
github.com/baaaki/mydreamcampus/shared/utils/jwt.go:147.25,149.3 1 0
github.com/baaaki/mydreamcampus/shared/utils/jwt.go:151.2,151.20 1 2
github.com/baaaki/mydreamcampus/shared/utils/jwt.go:157.69,159.2 1 0
github.com/baaaki/mydreamcampus/shared/utils/jwt.go:163.94,164.96 1 2
github.com/baaaki/mydreamcampus/shared/utils/jwt.go:164.96,165.58 1 2
github.com/baaaki/mydreamcampus/shared/utils/jwt.go:165.58,167.4 1 0
github.com/baaaki/mydreamcampus/shared/utils/jwt.go:168.3,168.21 1 2
github.com/baaaki/mydreamcampus/shared/utils/jwt.go:171.2,171.16 1 2
github.com/baaaki/mydreamcampus/shared/utils/jwt.go:171.16,173.3 1 1
github.com/baaaki/mydreamcampus/shared/utils/jwt.go:175.2,176.9 2 1
github.com/baaaki/mydreamcampus/shared/utils/jwt.go:176.9,178.3 1 0
github.com/baaaki/mydreamcampus/shared/utils/jwt.go:180.2,180.20 1 1
github.com/baaaki/mydreamcampus/shared/utils/password.go:46.13,51.45 2 1
github.com/baaaki/mydreamcampus/shared/utils/password.go:51.45,52.62 1 0
github.com/baaaki/mydreamcampus/shared/utils/password.go:54.2,55.16 2 1
github.com/baaaki/mydreamcampus/shared/utils/password.go:55.16,56.65 1 0
github.com/baaaki/mydreamcampus/shared/utils/password.go:58.2,58.15 1 1
github.com/baaaki/mydreamcampus/shared/utils/password.go:65.48,67.2 1 4
github.com/baaaki/mydreamcampus/shared/utils/password.go:71.52,72.23 1 9
github.com/baaaki/mydreamcampus/shared/utils/password.go:72.23,74.3 1 2
github.com/baaaki/mydreamcampus/shared/utils/password.go:75.2,76.29 2 7
github.com/baaaki/mydreamcampus/shared/utils/password.go:76.29,77.10 1 68
github.com/baaaki/mydreamcampus/shared/utils/password.go:78.29,79.19 1 13
github.com/baaaki/mydreamcampus/shared/utils/password.go:80.29,81.19 1 30
github.com/baaaki/mydreamcampus/shared/utils/password.go:82.29,83.19 1 20
github.com/baaaki/mydreamcampus/shared/utils/password.go:86.2,86.41 1 7
github.com/baaaki/mydreamcampus/shared/utils/password.go:86.41,88.3 1 5
github.com/baaaki/mydreamcampus/shared/utils/password.go:89.2,89.12 1 2
github.com/baaaki/mydreamcampus/shared/utils/password.go:94.52,97.43 2 5
github.com/baaaki/mydreamcampus/shared/utils/password.go:97.43,99.3 1 0
github.com/baaaki/mydreamcampus/shared/utils/password.go:102.2,126.25 5 5
github.com/baaaki/mydreamcampus/shared/utils/password.go:131.56,133.16 2 11
github.com/baaaki/mydreamcampus/shared/utils/password.go:133.16,135.3 1 4
github.com/baaaki/mydreamcampus/shared/utils/password.go:138.2,148.60 2 7
github.com/baaaki/mydreamcampus/shared/utils/password.go:152.76,154.21 2 14
github.com/baaaki/mydreamcampus/shared/utils/password.go:154.21,156.3 1 2
github.com/baaaki/mydreamcampus/shared/utils/password.go:159.2,159.28 1 12
github.com/baaaki/mydreamcampus/shared/utils/password.go:159.28,161.3 1 1
github.com/baaaki/mydreamcampus/shared/utils/password.go:164.2,165.66 2 11
github.com/baaaki/mydreamcampus/shared/utils/password.go:165.66,167.3 1 0
github.com/baaaki/mydreamcampus/shared/utils/password.go:168.2,168.31 1 11
github.com/baaaki/mydreamcampus/shared/utils/password.go:168.31,170.3 1 1
github.com/baaaki/mydreamcampus/shared/utils/password.go:173.2,175.72 2 10
github.com/baaaki/mydreamcampus/shared/utils/password.go:175.72,177.3 1 2
github.com/baaaki/mydreamcampus/shared/utils/password.go:180.2,181.16 2 8
github.com/baaaki/mydreamcampus/shared/utils/password.go:181.16,183.3 1 1
github.com/baaaki/mydreamcampus/shared/utils/password.go:184.2,188.16 3 7
github.com/baaaki/mydreamcampus/shared/utils/password.go:188.16,190.3 1 0
github.com/baaaki/mydreamcampus/shared/utils/password.go:191.2,193.32 2 7
github.com/baaaki/mydreamcampus/shared/utils/pgtype_helpers.go:12.43,13.13 1 5
github.com/baaaki/mydreamcampus/shared/utils/pgtype_helpers.go:13.13,15.3 1 1
github.com/baaaki/mydreamcampus/shared/utils/pgtype_helpers.go:16.2,16.44 1 4
github.com/baaaki/mydreamcampus/shared/utils/pgtype_helpers.go:20.51,21.26 1 3
github.com/baaaki/mydreamcampus/shared/utils/pgtype_helpers.go:21.26,23.3 1 2
github.com/baaaki/mydreamcampus/shared/utils/pgtype_helpers.go:24.2,24.45 1 1
github.com/baaaki/mydreamcampus/shared/utils/pgtype_helpers.go:28.43,29.14 1 3
github.com/baaaki/mydreamcampus/shared/utils/pgtype_helpers.go:29.14,31.3 1 1
github.com/baaaki/mydreamcampus/shared/utils/pgtype_helpers.go:32.2,32.17 1 2
github.com/baaaki/mydreamcampus/shared/utils/pgtype_helpers.go:36.45,41.2 1 5
github.com/baaaki/mydreamcampus/shared/utils/pgtype_helpers.go:44.45,46.2 1 2
github.com/baaaki/mydreamcampus/shared/utils/pgtype_helpers.go:49.48,51.2 1 1
github.com/baaaki/mydreamcampus/shared/utils/pgtype_helpers.go:54.53,55.15 1 2
github.com/baaaki/mydreamcampus/shared/utils/pgtype_helpers.go:55.15,57.3 1 1
github.com/baaaki/mydreamcampus/shared/utils/pgtype_helpers.go:58.2,61.3 1 1
github.com/baaaki/mydreamcampus/shared/utils/pgtype_helpers.go:65.49,66.14 1 2
github.com/baaaki/mydreamcampus/shared/utils/pgtype_helpers.go:66.14,68.3 1 1
github.com/baaaki/mydreamcampus/shared/utils/pgtype_helpers.go:69.2,69.44 1 1
github.com/baaaki/mydreamcampus/shared/utils/pgtype_helpers.go:73.46,74.14 1 2
github.com/baaaki/mydreamcampus/shared/utils/pgtype_helpers.go:74.14,76.3 1 1
github.com/baaaki/mydreamcampus/shared/utils/pgtype_helpers.go:77.2,77.11 1 1
github.com/baaaki/mydreamcampus/shared/utils/pgtype_helpers.go:81.40,82.13 1 2
github.com/baaaki/mydreamcampus/shared/utils/pgtype_helpers.go:82.13,84.3 1 1
github.com/baaaki/mydreamcampus/shared/utils/pgtype_helpers.go:85.2,85.11 1 1
github.com/baaaki/mydreamcampus/shared/utils/pgtype_helpers.go:89.51,90.14 1 2
github.com/baaaki/mydreamcampus/shared/utils/pgtype_helpers.go:90.14,92.3 1 2
github.com/baaaki/mydreamcampus/shared/utils/pgtype_helpers.go:93.2,93.18 1 0
github.com/baaaki/mydreamcampus/shared/utils/pgtype_helpers.go:97.28,99.2 1 2
github.com/baaaki/mydreamcampus/shared/utils/pgtype_helpers.go:102.49,103.14 1 3
github.com/baaaki/mydreamcampus/shared/utils/pgtype_helpers.go:103.14,105.3 1 2
github.com/baaaki/mydreamcampus/shared/utils/pgtype_helpers.go:106.2,106.11 1 1
github.com/baaaki/mydreamcampus/shared/utils/pgtype_helpers.go:110.53,111.14 1 2
github.com/baaaki/mydreamcampus/shared/utils/pgtype_helpers.go:111.14,113.3 1 1
github.com/baaaki/mydreamcampus/shared/utils/pgtype_helpers.go:114.2,114.11 1 1
github.com/baaaki/mydreamcampus/shared/utils/pgtype_helpers.go:119.31,121.2 1 1
github.com/baaaki/mydreamcampus/shared/utils/pgtype_helpers.go:124.47,126.2 1 1
github.com/baaaki/mydreamcampus/shared/utils/pgtype_helpers.go:129.43,130.14 1 2
github.com/baaaki/mydreamcampus/shared/utils/pgtype_helpers.go:130.14,132.3 1 1
github.com/baaaki/mydreamcampus/shared/utils/pgtype_helpers.go:133.2,133.11 1 1
github.com/baaaki/mydreamcampus/shared/utils/pgtype_helpers.go:137.40,138.14 1 2
github.com/baaaki/mydreamcampus/shared/utils/pgtype_helpers.go:138.14,140.3 1 1
github.com/baaaki/mydreamcampus/shared/utils/pgtype_helpers.go:141.2,141.11 1 1
github.com/baaaki/mydreamcampus/shared/utils/pgtype_helpers.go:145.47,147.2 1 1
github.com/baaaki/mydreamcampus/shared/utils/pgtype_helpers.go:150.51,152.2 1 1
github.com/baaaki/mydreamcampus/shared/utils/pgtype_helpers.go:155.49,157.2 1 1
github.com/baaaki/mydreamcampus/shared/utils/pgtype_helpers.go:160.53,161.20 1 2
github.com/baaaki/mydreamcampus/shared/utils/pgtype_helpers.go:161.20,163.3 1 1
github.com/baaaki/mydreamcampus/shared/utils/pgtype_helpers.go:164.2,167.3 1 1
github.com/baaaki/mydreamcampus/shared/utils/pgtype_helpers.go:171.55,173.25 2 2
github.com/baaaki/mydreamcampus/shared/utils/pgtype_helpers.go:173.25,175.3 1 3
github.com/baaaki/mydreamcampus/shared/utils/pgtype_helpers.go:176.2,176.15 1 2
github.com/baaaki/mydreamcampus/shared/utils/pgtype_helpers.go:180.39,182.2 1 1
github.com/baaaki/mydreamcampus/shared/utils/pgtype_helpers.go:185.39,187.2 1 2
github.com/baaaki/mydreamcampus/shared/utils/pgtype_helpers.go:190.41,192.2 1 1
github.com/baaaki/mydreamcampus/shared/utils/pgtype_helpers.go:195.45,196.14 1 2
github.com/baaaki/mydreamcampus/shared/utils/pgtype_helpers.go:196.14,198.3 1 1
github.com/baaaki/mydreamcampus/shared/utils/pgtype_helpers.go:199.2,199.17 1 1
github.com/baaaki/mydreamcampus/shared/utils/pgtype_helpers.go:203.51,208.2 3 1
github.com/baaaki/mydreamcampus/shared/utils/pgtype_helpers.go:211.60,212.14 1 2
github.com/baaaki/mydreamcampus/shared/utils/pgtype_helpers.go:212.14,214.3 1 1
github.com/baaaki/mydreamcampus/shared/utils/pgtype_helpers.go:216.2,217.16 2 1
github.com/baaaki/mydreamcampus/shared/utils/pgtype_helpers.go:217.16,219.3 1 0
github.com/baaaki/mydreamcampus/shared/utils/pgtype_helpers.go:220.2,220.23 1 1
github.com/baaaki/mydreamcampus/shared/utils/pgtype_helpers.go:224.54,226.2 1 1
github.com/baaaki/mydreamcampus/shared/utils/pgtype_helpers.go:229.54,230.14 1 2
github.com/baaaki/mydreamcampus/shared/utils/pgtype_helpers.go:230.14,232.3 1 1
github.com/baaaki/mydreamcampus/shared/utils/pgtype_helpers.go:233.2,233.15 1 1
github.com/baaaki/mydreamcampus/shared/utils/pgtype_helpers.go:237.58,239.2 1 1
github.com/baaaki/mydreamcampus/shared/utils/pgtype_helpers.go:242.58,243.14 1 2
github.com/baaaki/mydreamcampus/shared/utils/pgtype_helpers.go:243.14,245.3 1 1
github.com/baaaki/mydreamcampus/shared/utils/pgtype_helpers.go:246.2,246.15 1 1
github.com/baaaki/mydreamcampus/shared/utils/pgtype_helpers.go:250.62,251.14 1 2
github.com/baaaki/mydreamcampus/shared/utils/pgtype_helpers.go:251.14,253.3 1 1
github.com/baaaki/mydreamcampus/shared/utils/pgtype_helpers.go:254.2,254.16 1 1
github.com/baaaki/mydreamcampus/shared/utils/pgtype_helpers.go:258.45,260.2 1 1
github.com/baaaki/mydreamcampus/shared/utils/pgtype_helpers.go:262.45,264.2 1 1
github.com/baaaki/mydreamcampus/shared/utils/validation.go:11.39,12.40 1 10
github.com/baaaki/mydreamcampus/shared/utils/validation.go:12.40,14.3 1 2
github.com/baaaki/mydreamcampus/shared/utils/validation.go:15.2,15.38 1 8
github.com/baaaki/mydreamcampus/shared/utils/validation.go:25.45,26.47 1 7
github.com/baaaki/mydreamcampus/shared/utils/validation.go:26.47,28.3 1 2
github.com/baaaki/mydreamcampus/shared/utils/validation.go:30.2,37.32 2 5
github.com/baaaki/mydreamcampus/shared/utils/validation.go:37.32,38.10 1 63
github.com/baaaki/mydreamcampus/shared/utils/validation.go:39.30,40.19 1 14
github.com/baaaki/mydreamcampus/shared/utils/validation.go:41.30,42.19 1 41
github.com/baaaki/mydreamcampus/shared/utils/validation.go:43.30,44.19 1 4
github.com/baaaki/mydreamcampus/shared/utils/validation.go:45.11,46.21 1 4
github.com/baaaki/mydreamcampus/shared/utils/validation.go:50.2,50.55 1 5
github.com/baaaki/mydreamcampus/shared/utils/validation.go:55.55,56.55 1 5
github.com/baaaki/mydreamcampus/shared/utils/validation.go:56.55,58.3 1 3
github.com/baaaki/mydreamcampus/shared/utils/validation.go:59.2,59.13 1 2
