[warning] build.bin is deprecated; set build.entrypoint instead

  __    _   ___  
 / /\  | | | |_) 
/_/--\ |_| |_| \_ v1.64.5, built with Go go1.26.0

watching .
watching cmd
watching config
watching internal
watching internal/db
watching internal/dto
watching internal/errors
watching internal/handler
watching internal/repository
watching internal/service
watching internal/worker
watching sql
watching sql/migrations
watching sql/queries
!exclude tmp
building...
running...
10:31:48.397	[34mINFO[0m	cmd/main.go:44	starting grades-service	{"environment": "development", "port": "8007"}
10:31:48.405	[34mINFO[0m	cmd/main.go:56	database connection established
10:31:48.406	[34mINFO[0m	redis/redis.go:20	connecting to redis	{"addr": "localhost:6379"}
10:31:48.408	[34mINFO[0m	redis/redis.go:41	redis connection established
10:31:48.408	[34mINFO[0m	cmd/main.go:74	rate limiter configured
10:31:48.408	[34mINFO[0m	rabbitmq/connection.go:53	connecting to rabbitmq	{"url": "amqp://rabbitmq:rabbitmq@localhost:5672/"}
10:31:48.411	[34mINFO[0m	rabbitmq/connection.go:85	rabbitmq connection established
10:31:48.411	[34mINFO[0m	cmd/main.go:85	RabbitMQ connection established
10:31:48.411	[34mINFO[0m	cmd/main.go:267	RabbitMQ exchange declared	{"exchange": "grade.events"}
[GIN-debug] [WARNING] Running in "debug" mode. Switch to "release" mode in production.
 - using env:	export GIN_MODE=release
 - using code:	gin.SetMode(gin.ReleaseMode)

[GIN-debug] GET    /health                   --> main.setupRouter.func1 (6 handlers)
[GIN-debug] GET    /api/grades/course/:course_id/status --> github.com/baaaki/mydreamcampus/grades-service/internal/handler.(*GradeHandler).GetCourseStatus-fm (10 handlers)
[GIN-debug] GET    /api/grades/course/:course_id/students --> github.com/baaaki/mydreamcampus/grades-service/internal/handler.(*GradeHandler).GetCourseStudents-fm (10 handlers)
10:31:48.411	[34mINFO[0m	worker/event_consumer.go:35	starting event consumer
10:31:48.411	[34mINFO[0m	worker/outbox_worker.go:36	starting outbox worker	{"poll_interval": "5s", "batch_size": 10}
[GIN-debug] POST   /api/grades/course/:course_id/scores --> github.com/baaaki/mydreamcampus/grades-service/internal/handler.(*GradeHandler).SubmitScore-fm (10 handlers)
[GIN-debug] POST   /api/grades/course/:course_id/scores/bulk --> github.com/baaaki/mydreamcampus/grades-service/internal/handler.(*GradeHandler).BulkSubmitScores-fm (10 handlers)
[GIN-debug] GET    /api/grades/student/my    --> github.com/baaaki/mydreamcampus/grades-service/internal/handler.(*GradeHandler).GetMyGrades-fm (9 handlers)
[GIN-debug] GET    /api/grades/transcript/:student_id --> github.com/baaaki/mydreamcampus/grades-service/internal/handler.(*GradeHandler).GetTranscript-fm (9 handlers)
[GIN-debug] POST   /api/grades/admin/appeal  --> github.com/baaaki/mydreamcampus/grades-service/internal/handler.(*GradeHandler).ProcessAppeal-fm (10 handlers)
[GIN-debug] POST   /api/grades/admin/scores/unlock --> github.com/baaaki/mydreamcampus/grades-service/internal/handler.(*GradeHandler).UnlockScore-fm (10 handlers)
[GIN-debug] POST   /api/grades/admin/scores/lock --> github.com/baaaki/mydreamcampus/grades-service/internal/handler.(*GradeHandler).LockScore-fm (10 handlers)
[GIN-debug] POST   /api/grades/admin/time/simulate --> github.com/baaaki/mydreamcampus/shared/handler.(*TimeHandler).Simulate-fm (10 handlers)
[GIN-debug] POST   /api/grades/admin/time/reset --> github.com/baaaki/mydreamcampus/shared/handler.(*TimeHandler).Reset-fm (10 handlers)
[GIN-debug] GET    /api/grades/admin/time/status --> github.com/baaaki/mydreamcampus/shared/handler.(*TimeHandler).Status-fm (10 handlers)
[GIN-debug] POST   /api/grades/admin/periods --> github.com/baaaki/mydreamcampus/shared/handler.(*PeriodHandler).CreatePeriod-fm (10 handlers)
[GIN-debug] GET    /api/grades/admin/periods --> github.com/baaaki/mydreamcampus/shared/handler.(*PeriodHandler).ListPeriods-fm (10 handlers)
[GIN-debug] PUT    /api/grades/admin/periods/:id --> github.com/baaaki/mydreamcampus/shared/handler.(*PeriodHandler).UpdatePeriod-fm (10 handlers)
[GIN-debug] DELETE /api/grades/admin/periods/:id --> github.com/baaaki/mydreamcampus/shared/handler.(*PeriodHandler).DeletePeriod-fm (10 handlers)
[GIN-debug] POST   /api/grades/internal/periods --> github.com/baaaki/mydreamcampus/shared/handler.(*InternalPeriodHandlerFull).CreatePeriod-fm (10 handlers)
10:31:48.411	[34mINFO[0m	cmd/main.go:150	server starting	{"port": "8007"}
10:31:48.429	[34mINFO[0m	rabbitmq/consumer.go:66	consumer started	{"queue": "grades-service-student"}
10:31:48.458	[34mINFO[0m	rabbitmq/consumer.go:66	consumer started	{"queue": "grades-service-course"}
10:31:48.464	[34mINFO[0m	rabbitmq/consumer.go:66	consumer started	{"queue": "grades-service-enrollment"}
10:31:48.469	[34mINFO[0m	rabbitmq/consumer.go:66	consumer started	{"queue": "grades-service-attendance"}
10:31:48.469	[34mINFO[0m	worker/event_consumer.go:101	event consumer started
10:32:53.449	[35mDEBUG[0m	rabbitmq/consumer.go:71	message received	{"queue": "grades-service-course", "routing_key": "course.semester.created", "body_size": 776}
10:32:53.449	[34mINFO[0m	worker/event_consumer.go:261	handling course.semester.created event	{"course_id": "019d335c-2663-763f-bd50-54f164a0afec"}
