[warning] build.bin is deprecated; set build.entrypoint instead

  __    _   ___  
 / /\  | | | |_) 
/_/--\ |_| |_| \_ v1.64.5, built with Go go1.26.0

watching .
watching bin
watching cmd
watching config
watching internal
!exclude internal/db
watching internal/dto
watching internal/errors
watching internal/handler
watching internal/repository
watching internal/service
watching internal/worker
watching proto
watching sql
watching sql/migrations
watching sql/queries
!exclude tmp
building...
running...
20:11:04.287	[34mINFO[0m	runtime/proc.go:290	starting meal service	{"environment": "development", "port": "8008"}
20:11:04.293	[34mINFO[0m	runtime/proc.go:290	connected to database
20:11:04.293	[34mINFO[0m	rabbitmq/connection.go:53	connecting to rabbitmq	{"url": "amqp://rabbitmq:rabbitmq@localhost:5672/"}
20:11:04.295	[34mINFO[0m	rabbitmq/connection.go:85	rabbitmq connection established
20:11:04.295	[34mINFO[0m	runtime/proc.go:290	connected to RabbitMQ
20:11:04.296	[34mINFO[0m	cmd/main.go:74	connected to payment service via gRPC	{"address": "localhost:50051"}
20:11:04.296	[34mINFO[0m	cmd/main.go:115	starting reservation worker
20:11:04.296	[34mINFO[0m	cmd/main.go:116	starting outbox worker	{"poll_interval": "5s"}
20:11:04.297	[34mINFO[0m	rabbitmq/consumer.go:66	consumer started	{"queue": "meal.student.events.queue"}
20:11:04.298	[34mINFO[0m	rabbitmq/consumer.go:66	consumer started	{"queue": "meal.payment.events.queue"}
20:11:04.298	[34mINFO[0m	cmd/main.go:123	RabbitMQ consumers started
[GIN-debug] [WARNING] Running in "debug" mode. Switch to "release" mode in production.
 - using env:	export GIN_MODE=release
 - using code:	gin.SetMode(gin.ReleaseMode)

[GIN-debug] GET    /health                   --> github.com/baaaki/mydreamcampus/meal-service/internal/handler.(*MealHandler).Health-fm (4 handlers)
[GIN-debug] GET    /api/meals/menu/monthly   --> github.com/baaaki/mydreamcampus/meal-service/internal/handler.(*MealHandler).GetMonthlyMenu-fm (4 handlers)
[GIN-debug] GET    /api/meals/cafeterias     --> github.com/baaaki/mydreamcampus/meal-service/internal/handler.(*MealHandler).GetCafeterias-fm (5 handlers)
[GIN-debug] POST   /api/meals/cafeterias     --> github.com/baaaki/mydreamcampus/meal-service/internal/handler.(*MealHandler).CreateCafeteria-fm (6 handlers)
[GIN-debug] PUT    /api/meals/cafeterias/:cafeteria_id --> github.com/baaaki/mydreamcampus/meal-service/internal/handler.(*MealHandler).UpdateCafeteria-fm (6 handlers)
[GIN-debug] DELETE /api/meals/cafeterias/:cafeteria_id --> github.com/baaaki/mydreamcampus/meal-service/internal/handler.(*MealHandler).DeleteCafeteria-fm (6 handlers)
[GIN-debug] GET    /api/meals/cafeterias/:cafeteria_id/qr --> github.com/baaaki/mydreamcampus/meal-service/internal/handler.(*MealHandler).GenerateQR-fm (6 handlers)
[GIN-debug] POST   /api/meals/menu/monthly   --> github.com/baaaki/mydreamcampus/meal-service/internal/handler.(*MealHandler).CreateMonthlyMenu-fm (6 handlers)
[GIN-debug] POST   /api/meals/time/simulate  --> github.com/baaaki/mydreamcampus/shared/handler.(*TimeHandler).Simulate-fm (6 handlers)
[GIN-debug] POST   /api/meals/time/reset     --> github.com/baaaki/mydreamcampus/shared/handler.(*TimeHandler).Reset-fm (6 handlers)
[GIN-debug] GET    /api/meals/time/status    --> github.com/baaaki/mydreamcampus/shared/handler.(*TimeHandler).Status-fm (6 handlers)
[GIN-debug] POST   /api/meals/closed-days    --> github.com/baaaki/mydreamcampus/meal-service/internal/handler.(*ClosedDaysHandler).CreateClosedDay-fm (6 handlers)
[GIN-debug] GET    /api/meals/closed-days    --> github.com/baaaki/mydreamcampus/meal-service/internal/handler.(*ClosedDaysHandler).ListClosedDays-fm (6 handlers)
[GIN-debug] DELETE /api/meals/closed-days/:id --> github.com/baaaki/mydreamcampus/meal-service/internal/handler.(*ClosedDaysHandler).DeleteClosedDay-fm (6 handlers)
[GIN-debug] POST   /api/meals/reservations   --> github.com/baaaki/mydreamcampus/meal-service/internal/handler.(*MealHandler).CreateReservation-fm (6 handlers)
[GIN-debug] POST   /api/meals/reservations/batch --> github.com/baaaki/mydreamcampus/meal-service/internal/handler.(*MealHandler).CreateBatchReservation-fm (6 handlers)
[GIN-debug] GET    /api/meals/reservations/my --> github.com/baaaki/mydreamcampus/meal-service/internal/handler.(*MealHandler).GetMyReservations-fm (6 handlers)
[GIN-debug] DELETE /api/meals/reservations/:reservation_id --> github.com/baaaki/mydreamcampus/meal-service/internal/handler.(*MealHandler).CancelReservation-fm (6 handlers)
[GIN-debug] POST   /api/meals/reservations/use --> github.com/baaaki/mydreamcampus/meal-service/internal/handler.(*MealHandler).UseReservation-fm (6 handlers)
20:11:04.298	[34mINFO[0m	runtime/asm_amd64.s:1771	starting HTTP server	{"port": "8008"}
20:11:38.015	[33mWARN[0m	middleware/logger.go:58	http request - client error	{"request_id": "7b34b9ee-5837-4508-a62f-aca7b41afeae", "method": "GET", "path": "/api/meals/admin/closed-days", "query": "", "status": 404, "duration": "9.71µs", "ip": "172.18.0.1", "user_agent": "Mozilla/5.0 (X11; Linux x86_64; rv:147.0) Gecko/20100101 Firefox/147.0"}
20:11:38.017	[33mWARN[0m	middleware/logger.go:58	http request - client error	{"request_id": "d3a89afe-ee65-4845-9bc5-5baa94388424", "method": "GET", "path": "/api/meals/admin/closed-days", "query": "", "status": 404, "duration": "7.61µs", "ip": "172.18.0.1", "user_agent": "Mozilla/5.0 (X11; Linux x86_64; rv:147.0) Gecko/20100101 Firefox/147.0"}
20:11:44.381	[33mWARN[0m	middleware/logger.go:58	http request - client error	{"request_id": "89e13c97-60f5-47d3-85cf-a18103b12c45", "method": "GET", "path": "/api/meals/admin/closed-days", "query": "", "status": 404, "duration": "11.741µs", "ip": "172.18.0.1", "user_agent": "Mozilla/5.0 (X11; Linux x86_64; rv:147.0) Gecko/20100101 Firefox/147.0"}
20:11:44.381	[33mWARN[0m	middleware/logger.go:58	http request - client error	{"request_id": "99556ec1-b0af-4337-913f-880358ad9108", "method": "GET", "path": "/api/meals/admin/closed-days", "query": "", "status": 404, "duration": "6.25µs", "ip": "172.18.0.1", "user_agent": "Mozilla/5.0 (X11; Linux x86_64; rv:147.0) Gecko/20100101 Firefox/147.0"}
20:11:53.860	[33mWARN[0m	middleware/logger.go:58	http request - client error	{"request_id": "7b2afed5-d0ba-4394-af0e-5041fb30879c", "method": "GET", "path": "/api/meals/admin/closed-days", "query": "", "status": 404, "duration": "17.881µs", "ip": "172.18.0.1", "user_agent": "Mozilla/5.0 (X11; Linux x86_64; rv:147.0) Gecko/20100101 Firefox/147.0"}
20:11:53.860	[33mWARN[0m	middleware/logger.go:58	http request - client error	{"request_id": "42fdc0ce-a545-44e8-9b16-f4a9b96091c7", "method": "GET", "path": "/api/meals/admin/closed-days", "query": "", "status": 404, "duration": "7.7µs", "ip": "172.18.0.1", "user_agent": "Mozilla/5.0 (X11; Linux x86_64; rv:147.0) Gecko/20100101 Firefox/147.0"}
20:12:04.311	[35mDEBUG[0m	worker/reservation_worker.go:54	expired pending reservations	{"batch_size": 100}
20:13:04.298	[35mDEBUG[0m	worker/reservation_worker.go:54	expired pending reservations	{"batch_size": 100}
20:13:21.437	[35mDEBUG[0m	middleware/auth.go:223	user extracted from headers	{"user_id": "00000000-0000-0000-0000-000000000001", "role": "admin"}
20:13:21.438	[31mERROR[0m	gin@v1.11.0/context.go:192	failed to list closed days	{"error": "ERROR: relation \"closed_days\" does not exist (SQLSTATE 42P01)"}
github.com/gin-gonic/gin.(*Context).Next
	/home/nautilus/go/pkg/mod/github.com/gin-gonic/gin@v1.11.0/context.go:192
main.setupRouter.RequireAdmin.RequireRole.func5
	/home/nautilus/Desktop/Playground/mydreamcampus/backend/shared/middleware/rbac.go:30
github.com/gin-gonic/gin.(*Context).Next
	/home/nautilus/go/pkg/mod/github.com/gin-gonic/gin@v1.11.0/context.go:192
main.setupRouter.ExtractUserFromHeaders.func4
	/home/nautilus/Desktop/Playground/mydreamcampus/backend/shared/middleware/auth.go:228
github.com/gin-gonic/gin.(*Context).Next
	/home/nautilus/go/pkg/mod/github.com/gin-gonic/gin@v1.11.0/context.go:192
main.setupRouter.CORS.func3
	/home/nautilus/Desktop/Playground/mydreamcampus/backend/shared/middleware/cors.go:25
github.com/gin-gonic/gin.(*Context).Next
	/home/nautilus/go/pkg/mod/github.com/gin-gonic/gin@v1.11.0/context.go:192
main.setupRouter.RequestLogger.func2
	/home/nautilus/Desktop/Playground/mydreamcampus/backend/shared/middleware/logger.go:25
github.com/gin-gonic/gin.(*Context).Next
	/home/nautilus/go/pkg/mod/github.com/gin-gonic/gin@v1.11.0/context.go:192
main.setupRouter.Recovery.func1
	/home/nautilus/Desktop/Playground/mydreamcampus/backend/shared/middleware/recovery.go:40
github.com/gin-gonic/gin.(*Context).Next
	/home/nautilus/go/pkg/mod/github.com/gin-gonic/gin@v1.11.0/context.go:192
github.com/gin-gonic/gin.(*Engine).handleHTTPRequest
	/home/nautilus/go/pkg/mod/github.com/gin-gonic/gin@v1.11.0/gin.go:689
github.com/gin-gonic/gin.(*Engine).ServeHTTP
	/home/nautilus/go/pkg/mod/github.com/gin-gonic/gin@v1.11.0/gin.go:643
net/http.serverHandler.ServeHTTP
	/usr/local/go/src/net/http/server.go:3311
net/http.(*conn).serve
	/usr/local/go/src/net/http/server.go:2073
20:13:21.438	[31mERROR[0m	middleware/logger.go:56	http request - server error	{"request_id": "ce5d5b4d-4b45-49e9-9dbd-33e1f08aac4d", "method": "GET", "path": "/api/meals/closed-days", "query": "", "status": 500, "duration": "1.016689ms", "ip": "172.18.0.1", "user_agent": "Mozilla/5.0 (X11; Linux x86_64; rv:147.0) Gecko/20100101 Firefox/147.0", "user_id": "00000000-0000-0000-0000-000000000001", "role": "admin"}
main.setupRouter.RequestLogger.func2
	/home/nautilus/Desktop/Playground/mydreamcampus/backend/shared/middleware/logger.go:56
github.com/gin-gonic/gin.(*Context).Next
	/home/nautilus/go/pkg/mod/github.com/gin-gonic/gin@v1.11.0/context.go:192
main.setupRouter.Recovery.func1
	/home/nautilus/Desktop/Playground/mydreamcampus/backend/shared/middleware/recovery.go:40
github.com/gin-gonic/gin.(*Context).Next
	/home/nautilus/go/pkg/mod/github.com/gin-gonic/gin@v1.11.0/context.go:192
github.com/gin-gonic/gin.(*Engine).handleHTTPRequest
	/home/nautilus/go/pkg/mod/github.com/gin-gonic/gin@v1.11.0/gin.go:689
github.com/gin-gonic/gin.(*Engine).ServeHTTP
	/home/nautilus/go/pkg/mod/github.com/gin-gonic/gin@v1.11.0/gin.go:643
net/http.serverHandler.ServeHTTP
	/usr/local/go/src/net/http/server.go:3311
net/http.(*conn).serve
	/usr/local/go/src/net/http/server.go:2073
20:13:48.475	[35mDEBUG[0m	middleware/auth.go:223	user extracted from headers	{"user_id": "00000000-0000-0000-0000-000000000001", "role": "admin"}
20:13:48.476	[35mDEBUG[0m	middleware/auth.go:223	user extracted from headers	{"user_id": "00000000-0000-0000-0000-000000000001", "role": "admin"}
20:13:48.476	[31mERROR[0m	gin@v1.11.0/context.go:192	failed to list closed days	{"error": "ERROR: relation \"closed_days\" does not exist (SQLSTATE 42P01)"}
github.com/gin-gonic/gin.(*Context).Next
	/home/nautilus/go/pkg/mod/github.com/gin-gonic/gin@v1.11.0/context.go:192
main.setupRouter.RequireAdmin.RequireRole.func5
	/home/nautilus/Desktop/Playground/mydreamcampus/backend/shared/middleware/rbac.go:30
github.com/gin-gonic/gin.(*Context).Next
	/home/nautilus/go/pkg/mod/github.com/gin-gonic/gin@v1.11.0/context.go:192
main.setupRouter.ExtractUserFromHeaders.func4
	/home/nautilus/Desktop/Playground/mydreamcampus/backend/shared/middleware/auth.go:228
github.com/gin-gonic/gin.(*Context).Next
	/home/nautilus/go/pkg/mod/github.com/gin-gonic/gin@v1.11.0/context.go:192
main.setupRouter.CORS.func3
	/home/nautilus/Desktop/Playground/mydreamcampus/backend/shared/middleware/cors.go:25
github.com/gin-gonic/gin.(*Context).Next
	/home/nautilus/go/pkg/mod/github.com/gin-gonic/gin@v1.11.0/context.go:192
main.setupRouter.RequestLogger.func2
	/home/nautilus/Desktop/Playground/mydreamcampus/backend/shared/middleware/logger.go:25
github.com/gin-gonic/gin.(*Context).Next
	/home/nautilus/go/pkg/mod/github.com/gin-gonic/gin@v1.11.0/context.go:192
main.setupRouter.Recovery.func1
	/home/nautilus/Desktop/Playground/mydreamcampus/backend/shared/middleware/recovery.go:40
github.com/gin-gonic/gin.(*Context).Next
	/home/nautilus/go/pkg/mod/github.com/gin-gonic/gin@v1.11.0/context.go:192
github.com/gin-gonic/gin.(*Engine).handleHTTPRequest
	/home/nautilus/go/pkg/mod/github.com/gin-gonic/gin@v1.11.0/gin.go:689
github.com/gin-gonic/gin.(*Engine).ServeHTTP
	/home/nautilus/go/pkg/mod/github.com/gin-gonic/gin@v1.11.0/gin.go:643
net/http.serverHandler.ServeHTTP
	/usr/local/go/src/net/http/server.go:3311
net/http.(*conn).serve
	/usr/local/go/src/net/http/server.go:2073
20:13:48.476	[31mERROR[0m	middleware/logger.go:56	http request - server error	{"request_id": "0f09b80a-cad2-440a-9969-3dde194c4d8f", "method": "GET", "path": "/api/meals/closed-days", "query": "", "status": 500, "duration": "868.594µs", "ip": "172.18.0.1", "user_agent": "Mozilla/5.0 (X11; Linux x86_64; rv:147.0) Gecko/20100101 Firefox/147.0", "user_id": "00000000-0000-0000-0000-000000000001", "role": "admin"}
main.setupRouter.RequestLogger.func2
	/home/nautilus/Desktop/Playground/mydreamcampus/backend/shared/middleware/logger.go:56
github.com/gin-gonic/gin.(*Context).Next
	/home/nautilus/go/pkg/mod/github.com/gin-gonic/gin@v1.11.0/context.go:192
main.setupRouter.Recovery.func1
	/home/nautilus/Desktop/Playground/mydreamcampus/backend/shared/middleware/recovery.go:40
github.com/gin-gonic/gin.(*Context).Next
	/home/nautilus/go/pkg/mod/github.com/gin-gonic/gin@v1.11.0/context.go:192
github.com/gin-gonic/gin.(*Engine).handleHTTPRequest
	/home/nautilus/go/pkg/mod/github.com/gin-gonic/gin@v1.11.0/gin.go:689
github.com/gin-gonic/gin.(*Engine).ServeHTTP
	/home/nautilus/go/pkg/mod/github.com/gin-gonic/gin@v1.11.0/gin.go:643
net/http.serverHandler.ServeHTTP
	/usr/local/go/src/net/http/server.go:3311
net/http.(*conn).serve
	/usr/local/go/src/net/http/server.go:2073
20:13:48.477	[31mERROR[0m	gin@v1.11.0/context.go:192	failed to list closed days	{"error": "ERROR: relation \"closed_days\" does not exist (SQLSTATE 42P01)"}
github.com/gin-gonic/gin.(*Context).Next
	/home/nautilus/go/pkg/mod/github.com/gin-gonic/gin@v1.11.0/context.go:192
main.setupRouter.RequireAdmin.RequireRole.func5
	/home/nautilus/Desktop/Playground/mydreamcampus/backend/shared/middleware/rbac.go:30
github.com/gin-gonic/gin.(*Context).Next
	/home/nautilus/go/pkg/mod/github.com/gin-gonic/gin@v1.11.0/context.go:192
main.setupRouter.ExtractUserFromHeaders.func4
	/home/nautilus/Desktop/Playground/mydreamcampus/backend/shared/middleware/auth.go:228
github.com/gin-gonic/gin.(*Context).Next
	/home/nautilus/go/pkg/mod/github.com/gin-gonic/gin@v1.11.0/context.go:192
main.setupRouter.CORS.func3
	/home/nautilus/Desktop/Playground/mydreamcampus/backend/shared/middleware/cors.go:25
github.com/gin-gonic/gin.(*Context).Next
	/home/nautilus/go/pkg/mod/github.com/gin-gonic/gin@v1.11.0/context.go:192
main.setupRouter.RequestLogger.func2
	/home/nautilus/Desktop/Playground/mydreamcampus/backend/shared/middleware/logger.go:25
github.com/gin-gonic/gin.(*Context).Next
	/home/nautilus/go/pkg/mod/github.com/gin-gonic/gin@v1.11.0/context.go:192
main.setupRouter.Recovery.func1
	/home/nautilus/Desktop/Playground/mydreamcampus/backend/shared/middleware/recovery.go:40
github.com/gin-gonic/gin.(*Context).Next
	/home/nautilus/go/pkg/mod/github.com/gin-gonic/gin@v1.11.0/context.go:192
github.com/gin-gonic/gin.(*Engine).handleHTTPRequest
	/home/nautilus/go/pkg/mod/github.com/gin-gonic/gin@v1.11.0/gin.go:689
github.com/gin-gonic/gin.(*Engine).ServeHTTP
	/home/nautilus/go/pkg/mod/github.com/gin-gonic/gin@v1.11.0/gin.go:643
net/http.serverHandler.ServeHTTP
	/usr/local/go/src/net/http/server.go:3311
net/http.(*conn).serve
	/usr/local/go/src/net/http/server.go:2073
20:13:48.477	[31mERROR[0m	middleware/logger.go:56	http request - server error	{"request_id": "bec82c55-bc92-49a1-89b2-125c0e92f545", "method": "GET", "path": "/api/meals/closed-days", "query": "", "status": 500, "duration": "792.103µs", "ip": "172.18.0.1", "user_agent": "Mozilla/5.0 (X11; Linux x86_64; rv:147.0) Gecko/20100101 Firefox/147.0", "user_id": "00000000-0000-0000-0000-000000000001", "role": "admin"}
main.setupRouter.RequestLogger.func2
	/home/nautilus/Desktop/Playground/mydreamcampus/backend/shared/middleware/logger.go:56
github.com/gin-gonic/gin.(*Context).Next
	/home/nautilus/go/pkg/mod/github.com/gin-gonic/gin@v1.11.0/context.go:192
main.setupRouter.Recovery.func1
	/home/nautilus/Desktop/Playground/mydreamcampus/backend/shared/middleware/recovery.go:40
github.com/gin-gonic/gin.(*Context).Next
	/home/nautilus/go/pkg/mod/github.com/gin-gonic/gin@v1.11.0/context.go:192
github.com/gin-gonic/gin.(*Engine).handleHTTPRequest
	/home/nautilus/go/pkg/mod/github.com/gin-gonic/gin@v1.11.0/gin.go:689
github.com/gin-gonic/gin.(*Engine).ServeHTTP
	/home/nautilus/go/pkg/mod/github.com/gin-gonic/gin@v1.11.0/gin.go:643
net/http.serverHandler.ServeHTTP
	/usr/local/go/src/net/http/server.go:3311
net/http.(*conn).serve
	/usr/local/go/src/net/http/server.go:2073
20:14:04.298	[35mDEBUG[0m	worker/reservation_worker.go:54	expired pending reservations	{"batch_size": 100}
20:14:24.416	[35mDEBUG[0m	middleware/auth.go:223	user extracted from headers	{"user_id": "00000000-0000-0000-0000-000000000001", "role": "admin"}
20:14:24.417	[35mDEBUG[0m	middleware/auth.go:223	user extracted from headers	{"user_id": "00000000-0000-0000-0000-000000000001", "role": "admin"}
20:14:24.417	[31mERROR[0m	gin@v1.11.0/context.go:192	failed to list closed days	{"error": "ERROR: relation \"closed_days\" does not exist (SQLSTATE 42P01)"}
github.com/gin-gonic/gin.(*Context).Next
	/home/nautilus/go/pkg/mod/github.com/gin-gonic/gin@v1.11.0/context.go:192
main.setupRouter.RequireAdmin.RequireRole.func5
	/home/nautilus/Desktop/Playground/mydreamcampus/backend/shared/middleware/rbac.go:30
github.com/gin-gonic/gin.(*Context).Next
	/home/nautilus/go/pkg/mod/github.com/gin-gonic/gin@v1.11.0/context.go:192
main.setupRouter.ExtractUserFromHeaders.func4
	/home/nautilus/Desktop/Playground/mydreamcampus/backend/shared/middleware/auth.go:228
github.com/gin-gonic/gin.(*Context).Next
	/home/nautilus/go/pkg/mod/github.com/gin-gonic/gin@v1.11.0/context.go:192
main.setupRouter.CORS.func3
	/home/nautilus/Desktop/Playground/mydreamcampus/backend/shared/middleware/cors.go:25
github.com/gin-gonic/gin.(*Context).Next
	/home/nautilus/go/pkg/mod/github.com/gin-gonic/gin@v1.11.0/context.go:192
main.setupRouter.RequestLogger.func2
	/home/nautilus/Desktop/Playground/mydreamcampus/backend/shared/middleware/logger.go:25
github.com/gin-gonic/gin.(*Context).Next
	/home/nautilus/go/pkg/mod/github.com/gin-gonic/gin@v1.11.0/context.go:192
main.setupRouter.Recovery.func1
	/home/nautilus/Desktop/Playground/mydreamcampus/backend/shared/middleware/recovery.go:40
github.com/gin-gonic/gin.(*Context).Next
	/home/nautilus/go/pkg/mod/github.com/gin-gonic/gin@v1.11.0/context.go:192
github.com/gin-gonic/gin.(*Engine).handleHTTPRequest
	/home/nautilus/go/pkg/mod/github.com/gin-gonic/gin@v1.11.0/gin.go:689
github.com/gin-gonic/gin.(*Engine).ServeHTTP
	/home/nautilus/go/pkg/mod/github.com/gin-gonic/gin@v1.11.0/gin.go:643
net/http.serverHandler.ServeHTTP
	/usr/local/go/src/net/http/server.go:3311
net/http.(*conn).serve
	/usr/local/go/src/net/http/server.go:2073
20:14:24.417	[31mERROR[0m	middleware/logger.go:56	http request - server error	{"request_id": "b6f99d84-a12b-4b65-8c8d-1e0a49647590", "method": "GET", "path": "/api/meals/closed-days", "query": "", "status": 500, "duration": "809.102µs", "ip": "172.18.0.1", "user_agent": "Mozilla/5.0 (X11; Linux x86_64; rv:147.0) Gecko/20100101 Firefox/147.0", "user_id": "00000000-0000-0000-0000-000000000001", "role": "admin"}
main.setupRouter.RequestLogger.func2
	/home/nautilus/Desktop/Playground/mydreamcampus/backend/shared/middleware/logger.go:56
github.com/gin-gonic/gin.(*Context).Next
	/home/nautilus/go/pkg/mod/github.com/gin-gonic/gin@v1.11.0/context.go:192
main.setupRouter.Recovery.func1
	/home/nautilus/Desktop/Playground/mydreamcampus/backend/shared/middleware/recovery.go:40
github.com/gin-gonic/gin.(*Context).Next
	/home/nautilus/go/pkg/mod/github.com/gin-gonic/gin@v1.11.0/context.go:192
github.com/gin-gonic/gin.(*Engine).handleHTTPRequest
	/home/nautilus/go/pkg/mod/github.com/gin-gonic/gin@v1.11.0/gin.go:689
github.com/gin-gonic/gin.(*Engine).ServeHTTP
	/home/nautilus/go/pkg/mod/github.com/gin-gonic/gin@v1.11.0/gin.go:643
net/http.serverHandler.ServeHTTP
	/usr/local/go/src/net/http/server.go:3311
net/http.(*conn).serve
	/usr/local/go/src/net/http/server.go:2073
20:14:24.418	[31mERROR[0m	gin@v1.11.0/context.go:192	failed to list closed days	{"error": "ERROR: relation \"closed_days\" does not exist (SQLSTATE 42P01)"}
github.com/gin-gonic/gin.(*Context).Next
	/home/nautilus/go/pkg/mod/github.com/gin-gonic/gin@v1.11.0/context.go:192
main.setupRouter.RequireAdmin.RequireRole.func5
	/home/nautilus/Desktop/Playground/mydreamcampus/backend/shared/middleware/rbac.go:30
github.com/gin-gonic/gin.(*Context).Next
	/home/nautilus/go/pkg/mod/github.com/gin-gonic/gin@v1.11.0/context.go:192
main.setupRouter.ExtractUserFromHeaders.func4
	/home/nautilus/Desktop/Playground/mydreamcampus/backend/shared/middleware/auth.go:228
github.com/gin-gonic/gin.(*Context).Next
	/home/nautilus/go/pkg/mod/github.com/gin-gonic/gin@v1.11.0/context.go:192
main.setupRouter.CORS.func3
	/home/nautilus/Desktop/Playground/mydreamcampus/backend/shared/middleware/cors.go:25
github.com/gin-gonic/gin.(*Context).Next
	/home/nautilus/go/pkg/mod/github.com/gin-gonic/gin@v1.11.0/context.go:192
main.setupRouter.RequestLogger.func2
	/home/nautilus/Desktop/Playground/mydreamcampus/backend/shared/middleware/logger.go:25
github.com/gin-gonic/gin.(*Context).Next
	/home/nautilus/go/pkg/mod/github.com/gin-gonic/gin@v1.11.0/context.go:192
main.setupRouter.Recovery.func1
	/home/nautilus/Desktop/Playground/mydreamcampus/backend/shared/middleware/recovery.go:40
github.com/gin-gonic/gin.(*Context).Next
	/home/nautilus/go/pkg/mod/github.com/gin-gonic/gin@v1.11.0/context.go:192
github.com/gin-gonic/gin.(*Engine).handleHTTPRequest
	/home/nautilus/go/pkg/mod/github.com/gin-gonic/gin@v1.11.0/gin.go:689
github.com/gin-gonic/gin.(*Engine).ServeHTTP
	/home/nautilus/go/pkg/mod/github.com/gin-gonic/gin@v1.11.0/gin.go:643
net/http.serverHandler.ServeHTTP
	/usr/local/go/src/net/http/server.go:3311
net/http.(*conn).serve
	/usr/local/go/src/net/http/server.go:2073
20:14:24.418	[31mERROR[0m	middleware/logger.go:56	http request - server error	{"request_id": "2e89ac7c-5276-44ff-8633-1bdfc8c8546f", "method": "GET", "path": "/api/meals/closed-days", "query": "", "status": 500, "duration": "841.584µs", "ip": "172.18.0.1", "user_agent": "Mozilla/5.0 (X11; Linux x86_64; rv:147.0) Gecko/20100101 Firefox/147.0", "user_id": "00000000-0000-0000-0000-000000000001", "role": "admin"}
main.setupRouter.RequestLogger.func2
	/home/nautilus/Desktop/Playground/mydreamcampus/backend/shared/middleware/logger.go:56
github.com/gin-gonic/gin.(*Context).Next
	/home/nautilus/go/pkg/mod/github.com/gin-gonic/gin@v1.11.0/context.go:192
main.setupRouter.Recovery.func1
	/home/nautilus/Desktop/Playground/mydreamcampus/backend/shared/middleware/recovery.go:40
github.com/gin-gonic/gin.(*Context).Next
	/home/nautilus/go/pkg/mod/github.com/gin-gonic/gin@v1.11.0/context.go:192
github.com/gin-gonic/gin.(*Engine).handleHTTPRequest
	/home/nautilus/go/pkg/mod/github.com/gin-gonic/gin@v1.11.0/gin.go:689
github.com/gin-gonic/gin.(*Engine).ServeHTTP
	/home/nautilus/go/pkg/mod/github.com/gin-gonic/gin@v1.11.0/gin.go:643
net/http.serverHandler.ServeHTTP
	/usr/local/go/src/net/http/server.go:3311
net/http.(*conn).serve
	/usr/local/go/src/net/http/server.go:2073
20:14:40.082	[34mINFO[0m	middleware/logger.go:60	http request	{"request_id": "3b343ef6-ae2d-43c6-8c79-9828c45d3b94", "method": "GET", "path": "/health", "query": "", "status": 200, "duration": "57.801µs", "ip": "::1", "user_agent": "curl/8.5.0"}
20:15:04.307	[35mDEBUG[0m	worker/reservation_worker.go:54	expired pending reservations	{"batch_size": 100}
20:16:04.299	[35mDEBUG[0m	worker/reservation_worker.go:54	expired pending reservations	{"batch_size": 100}
20:17:04.305	[35mDEBUG[0m	worker/reservation_worker.go:54	expired pending reservations	{"batch_size": 100}
20:18:04.299	[35mDEBUG[0m	worker/reservation_worker.go:54	expired pending reservations	{"batch_size": 100}
20:19:04.299	[35mDEBUG[0m	worker/reservation_worker.go:54	expired pending reservations	{"batch_size": 100}
20:20:04.299	[35mDEBUG[0m	worker/reservation_worker.go:54	expired pending reservations	{"batch_size": 100}
20:21:04.299	[35mDEBUG[0m	worker/reservation_worker.go:54	expired pending reservations	{"batch_size": 100}
20:21:22.649	[33mWARN[0m	middleware/auth.go:190	missing X-User-ID header - request not authenticated via Traefik
20:21:22.649	[33mWARN[0m	middleware/logger.go:58	http request - client error	{"request_id": "476fcba7-b0ec-43bd-b2c8-a2ec513895dd", "method": "GET", "path": "/api/meals/closed-days", "query": "", "status": 401, "duration": "107.693µs", "ip": "::1", "user_agent": "curl/8.5.0"}
20:21:34.724	[35mDEBUG[0m	middleware/auth.go:223	user extracted from headers	{"user_id": "00000000-0000-0000-0000-000000000001", "role": "admin"}
20:21:34.725	[35mDEBUG[0m	middleware/auth.go:223	user extracted from headers	{"user_id": "00000000-0000-0000-0000-000000000001", "role": "admin"}
20:21:34.732	[34mINFO[0m	middleware/logger.go:60	http request	{"request_id": "1d6c6447-19aa-4ee1-b991-ba4e581726d2", "method": "GET", "path": "/api/meals/closed-days", "query": "", "status": 200, "duration": "7.787126ms", "ip": "172.18.0.1", "user_agent": "Mozilla/5.0 (X11; Linux x86_64; rv:147.0) Gecko/20100101 Firefox/147.0", "user_id": "00000000-0000-0000-0000-000000000001", "role": "admin"}
20:21:34.733	[34mINFO[0m	middleware/logger.go:60	http request	{"request_id": "61c2199c-15ff-4bdb-9c66-d6be1e3b64c8", "method": "GET", "path": "/api/meals/closed-days", "query": "", "status": 200, "duration": "8.900207ms", "ip": "172.18.0.1", "user_agent": "Mozilla/5.0 (X11; Linux x86_64; rv:147.0) Gecko/20100101 Firefox/147.0", "user_id": "00000000-0000-0000-0000-000000000001", "role": "admin"}
20:21:36.645	[35mDEBUG[0m	middleware/auth.go:223	user extracted from headers	{"user_id": "00000000-0000-0000-0000-000000000001", "role": "admin"}
20:21:36.646	[34mINFO[0m	middleware/logger.go:60	http request	{"request_id": "c43c2e6d-4d3a-44f7-8d62-05c0b9700465", "method": "GET", "path": "/api/meals/closed-days", "query": "", "status": 200, "duration": "680.068µs", "ip": "172.18.0.1", "user_agent": "Mozilla/5.0 (X11; Linux x86_64; rv:147.0) Gecko/20100101 Firefox/147.0", "user_id": "00000000-0000-0000-0000-000000000001", "role": "admin"}
20:21:36.648	[35mDEBUG[0m	middleware/auth.go:223	user extracted from headers	{"user_id": "00000000-0000-0000-0000-000000000001", "role": "admin"}
20:21:36.649	[34mINFO[0m	middleware/logger.go:60	http request	{"request_id": "bbd9194f-766f-4f6a-92dd-9b31bdd0a14c", "method": "GET", "path": "/api/meals/closed-days", "query": "", "status": 200, "duration": "343.259µs", "ip": "172.18.0.1", "user_agent": "Mozilla/5.0 (X11; Linux x86_64; rv:147.0) Gecko/20100101 Firefox/147.0", "user_id": "00000000-0000-0000-0000-000000000001", "role": "admin"}
20:21:48.329	[35mDEBUG[0m	middleware/auth.go:223	user extracted from headers	{"user_id": "00000000-0000-0000-0000-000000000001", "role": "admin"}
20:21:48.338	[34mINFO[0m	gin@v1.11.0/context.go:192	closed day created	{"date": "2122-11-11", "reason": "bayrammm"}
20:21:48.338	[34mINFO[0m	middleware/logger.go:60	http request	{"request_id": "68e6510a-d16e-447e-93f8-403efbb26a2b", "method": "POST", "path": "/api/meals/closed-days", "query": "", "status": 201, "duration": "9.424312ms", "ip": "172.18.0.1", "user_agent": "Mozilla/5.0 (X11; Linux x86_64; rv:147.0) Gecko/20100101 Firefox/147.0", "user_id": "00000000-0000-0000-0000-000000000001", "role": "admin"}
20:21:48.342	[35mDEBUG[0m	middleware/auth.go:223	user extracted from headers	{"user_id": "00000000-0000-0000-0000-000000000001", "role": "admin"}
20:21:48.343	[34mINFO[0m	middleware/logger.go:60	http request	{"request_id": "674fd16a-4190-4b18-9b76-5a71ecf74bf6", "method": "GET", "path": "/api/meals/closed-days", "query": "", "status": 200, "duration": "437.632µs", "ip": "172.18.0.1", "user_agent": "Mozilla/5.0 (X11; Linux x86_64; rv:147.0) Gecko/20100101 Firefox/147.0", "user_id": "00000000-0000-0000-0000-000000000001", "role": "admin"}
20:22:04.299	[35mDEBUG[0m	worker/reservation_worker.go:54	expired pending reservations	{"batch_size": 100}
20:22:09.266	[35mDEBUG[0m	middleware/auth.go:223	user extracted from headers	{"user_id": "00000000-0000-0000-0000-000000000001", "role": "admin"}
20:22:09.267	[34mINFO[0m	middleware/logger.go:60	http request	{"request_id": "1dde3bd7-0049-4085-8c79-dde8029c1ef5", "method": "GET", "path": "/api/meals/closed-days", "query": "", "status": 200, "duration": "694.739µs", "ip": "172.18.0.1", "user_agent": "Mozilla/5.0 (X11; Linux x86_64; rv:147.0) Gecko/20100101 Firefox/147.0", "user_id": "00000000-0000-0000-0000-000000000001", "role": "admin"}
20:22:09.269	[35mDEBUG[0m	middleware/auth.go:223	user extracted from headers	{"user_id": "00000000-0000-0000-0000-000000000001", "role": "admin"}
20:22:09.269	[34mINFO[0m	middleware/logger.go:60	http request	{"request_id": "4af5c923-be9f-4e01-a0da-f8b252296b87", "method": "GET", "path": "/api/meals/closed-days", "query": "", "status": 200, "duration": "386.391µs", "ip": "172.18.0.1", "user_agent": "Mozilla/5.0 (X11; Linux x86_64; rv:147.0) Gecko/20100101 Firefox/147.0", "user_id": "00000000-0000-0000-0000-000000000001", "role": "admin"}
20:23:04.298	[35mDEBUG[0m	worker/reservation_worker.go:54	expired pending reservations	{"batch_size": 100}
20:23:10.086	[33mWARN[0m	middleware/auth.go:190	missing X-User-ID header - request not authenticated via Traefik
20:23:10.086	[33mWARN[0m	middleware/logger.go:58	http request - client error	{"request_id": "66c1b03b-951a-402f-99b4-071a5fcbd1f8", "method": "GET", "path": "/api/meals/closed-days", "query": "", "status": 401, "duration": "92.253µs", "ip": "::1", "user_agent": "curl/8.5.0"}
20:23:27.994	[35mDEBUG[0m	middleware/auth.go:223	user extracted from headers	{"user_id": "00000000-0000-0000-0000-000000000001", "role": "admin"}
20:23:27.995	[34mINFO[0m	middleware/logger.go:60	http request	{"request_id": "9c116a66-0076-416e-932b-b68035a00d56", "method": "GET", "path": "/api/meals/closed-days", "query": "", "status": 200, "duration": "699.82µs", "ip": "172.18.0.1", "user_agent": "Mozilla/5.0 (X11; Linux x86_64; rv:147.0) Gecko/20100101 Firefox/147.0", "user_id": "00000000-0000-0000-0000-000000000001", "role": "admin"}
20:23:27.997	[35mDEBUG[0m	middleware/auth.go:223	user extracted from headers	{"user_id": "00000000-0000-0000-0000-000000000001", "role": "admin"}
20:23:27.997	[34mINFO[0m	middleware/logger.go:60	http request	{"request_id": "0416f646-fbc3-4426-9bdd-b9230ab09286", "method": "GET", "path": "/api/meals/closed-days", "query": "", "status": 200, "duration": "426.582µs", "ip": "172.18.0.1", "user_agent": "Mozilla/5.0 (X11; Linux x86_64; rv:147.0) Gecko/20100101 Firefox/147.0", "user_id": "00000000-0000-0000-0000-000000000001", "role": "admin"}
20:23:50.025	[35mDEBUG[0m	middleware/auth.go:223	user extracted from headers	{"user_id": "00000000-0000-0000-0000-000000000001", "role": "admin"}
20:23:50.025	[34mINFO[0m	middleware/logger.go:60	http request	{"request_id": "cebebe8b-a5b9-45f2-96b5-47fe53133571", "method": "GET", "path": "/api/meals/time/status", "query": "", "status": 200, "duration": "130.594µs", "ip": "172.18.0.1", "user_agent": "Mozilla/5.0 (X11; Linux x86_64; rv:147.0) Gecko/20100101 Firefox/147.0", "user_id": "00000000-0000-0000-0000-000000000001", "role": "admin"}
20:23:50.028	[35mDEBUG[0m	middleware/auth.go:223	user extracted from headers	{"user_id": "00000000-0000-0000-0000-000000000001", "role": "admin"}
20:23:50.028	[34mINFO[0m	middleware/logger.go:60	http request	{"request_id": "02be8bf5-2a42-4466-bb66-889256815313", "method": "GET", "path": "/api/meals/time/status", "query": "", "status": 200, "duration": "56.671µs", "ip": "172.18.0.1", "user_agent": "Mozilla/5.0 (X11; Linux x86_64; rv:147.0) Gecko/20100101 Firefox/147.0", "user_id": "00000000-0000-0000-0000-000000000001", "role": "admin"}
20:24:04.298	[35mDEBUG[0m	worker/reservation_worker.go:54	expired pending reservations	{"batch_size": 100}
20:24:51.782	[35mDEBUG[0m	middleware/auth.go:223	user extracted from headers	{"user_id": "00000000-0000-0000-0000-000000000001", "role": "admin"}
20:24:51.782	[34mINFO[0m	middleware/logger.go:60	http request	{"request_id": "5af7ab78-9b65-4ff5-9bc1-18f4287e020c", "method": "GET", "path": "/api/meals/time/status", "query": "", "status": 200, "duration": "76.202µs", "ip": "172.18.0.1", "user_agent": "Mozilla/5.0 (X11; Linux x86_64; rv:147.0) Gecko/20100101 Firefox/147.0", "user_id": "00000000-0000-0000-0000-000000000001", "role": "admin"}
20:24:54.050	[35mDEBUG[0m	middleware/auth.go:223	user extracted from headers	{"user_id": "00000000-0000-0000-0000-000000000001", "role": "admin"}
20:24:54.050	[34mINFO[0m	middleware/logger.go:60	http request	{"request_id": "22289ca9-5df3-4563-8db1-cf8cde67590e", "method": "GET", "path": "/api/meals/closed-days", "query": "", "status": 200, "duration": "676.639µs", "ip": "172.18.0.1", "user_agent": "Mozilla/5.0 (X11; Linux x86_64; rv:147.0) Gecko/20100101 Firefox/147.0", "user_id": "00000000-0000-0000-0000-000000000001", "role": "admin"}
20:24:54.053	[35mDEBUG[0m	middleware/auth.go:223	user extracted from headers	{"user_id": "00000000-0000-0000-0000-000000000001", "role": "admin"}
20:24:54.053	[34mINFO[0m	middleware/logger.go:60	http request	{"request_id": "694181c9-92da-4e77-b19a-210270cd89e6", "method": "GET", "path": "/api/meals/closed-days", "query": "", "status": 200, "duration": "397.471µs", "ip": "172.18.0.1", "user_agent": "Mozilla/5.0 (X11; Linux x86_64; rv:147.0) Gecko/20100101 Firefox/147.0", "user_id": "00000000-0000-0000-0000-000000000001", "role": "admin"}
20:25:04.299	[35mDEBUG[0m	worker/reservation_worker.go:54	expired pending reservations	{"batch_size": 100}
20:26:04.298	[35mDEBUG[0m	worker/reservation_worker.go:54	expired pending reservations	{"batch_size": 100}
20:26:18.061	[35mDEBUG[0m	middleware/auth.go:223	user extracted from headers	{"user_id": "00000000-0000-0000-0000-000000000001", "role": "admin"}
20:26:18.063	[34mINFO[0m	middleware/logger.go:60	http request	{"request_id": "03bc7bfa-2330-431d-aa1d-e1cf9af462c0", "method": "GET", "path": "/api/meals/closed-days", "query": "", "status": 200, "duration": "1.396199ms", "ip": "172.18.0.1", "user_agent": "curl/8.5.0", "user_id": "00000000-0000-0000-0000-000000000001", "role": "admin"}
20:26:25.161	[35mDEBUG[0m	middleware/auth.go:223	user extracted from headers	{"user_id": "00000000-0000-0000-0000-000000000001", "role": "admin"}
20:26:25.162	[34mINFO[0m	middleware/logger.go:60	http request	{"request_id": "7f6eee71-7a83-40b1-a1f9-3db74d76e7b8", "method": "GET", "path": "/api/meals/closed-days", "query": "", "status": 200, "duration": "581.366µs", "ip": "172.18.0.1", "user_agent": "Mozilla/5.0 (X11; Linux x86_64; rv:147.0) Gecko/20100101 Firefox/147.0", "user_id": "00000000-0000-0000-0000-000000000001", "role": "admin"}
20:26:25.165	[35mDEBUG[0m	middleware/auth.go:223	user extracted from headers	{"user_id": "00000000-0000-0000-0000-000000000001", "role": "admin"}
20:26:25.166	[34mINFO[0m	middleware/logger.go:60	http request	{"request_id": "777c9bee-ee26-4eed-b81f-3f2a6eab79fb", "method": "GET", "path": "/api/meals/closed-days", "query": "", "status": 200, "duration": "410.861µs", "ip": "172.18.0.1", "user_agent": "Mozilla/5.0 (X11; Linux x86_64; rv:147.0) Gecko/20100101 Firefox/147.0", "user_id": "00000000-0000-0000-0000-000000000001", "role": "admin"}
20:27:04.304	[35mDEBUG[0m	worker/reservation_worker.go:54	expired pending reservations	{"batch_size": 100}
20:27:22.964	[35mDEBUG[0m	middleware/auth.go:223	user extracted from headers	{"user_id": "00000000-0000-0000-0000-000000000001", "role": "admin"}
20:27:22.966	[34mINFO[0m	middleware/logger.go:60	http request	{"request_id": "06d93cf3-7472-41f9-9439-cf3f2d5af151", "method": "GET", "path": "/api/meals/closed-days", "query": "", "status": 200, "duration": "2.119949ms", "ip": "172.18.0.1", "user_agent": "Mozilla/5.0 (X11; Linux x86_64; rv:147.0) Gecko/20100101 Firefox/147.0", "user_id": "00000000-0000-0000-0000-000000000001", "role": "admin"}
20:27:22.970	[35mDEBUG[0m	middleware/auth.go:223	user extracted from headers	{"user_id": "00000000-0000-0000-0000-000000000001", "role": "admin"}
20:27:22.971	[34mINFO[0m	middleware/logger.go:60	http request	{"request_id": "4280cf32-b10e-4d97-939c-02c9fe490a14", "method": "GET", "path": "/api/meals/closed-days", "query": "", "status": 200, "duration": "381.551µs", "ip": "172.18.0.1", "user_agent": "Mozilla/5.0 (X11; Linux x86_64; rv:147.0) Gecko/20100101 Firefox/147.0", "user_id": "00000000-0000-0000-0000-000000000001", "role": "admin"}
20:28:04.298	[35mDEBUG[0m	worker/reservation_worker.go:54	expired pending reservations	{"batch_size": 100}
20:29:04.313	[35mDEBUG[0m	worker/reservation_worker.go:54	expired pending reservations	{"batch_size": 100}
20:30:04.298	[35mDEBUG[0m	worker/reservation_worker.go:54	expired pending reservations	{"batch_size": 100}
20:31:04.298	[35mDEBUG[0m	worker/reservation_worker.go:54	expired pending reservations	{"batch_size": 100}
20:32:04.298	[35mDEBUG[0m	worker/reservation_worker.go:54	expired pending reservations	{"batch_size": 100}
20:33:04.299	[35mDEBUG[0m	worker/reservation_worker.go:54	expired pending reservations	{"batch_size": 100}
20:34:04.297	[35mDEBUG[0m	worker/reservation_worker.go:54	expired pending reservations	{"batch_size": 100}
20:35:04.298	[35mDEBUG[0m	worker/reservation_worker.go:54	expired pending reservations	{"batch_size": 100}
20:36:04.298	[35mDEBUG[0m	worker/reservation_worker.go:54	expired pending reservations	{"batch_size": 100}
20:37:04.298	[35mDEBUG[0m	worker/reservation_worker.go:54	expired pending reservations	{"batch_size": 100}
20:38:04.299	[35mDEBUG[0m	worker/reservation_worker.go:54	expired pending reservations	{"batch_size": 100}
20:39:04.297	[35mDEBUG[0m	worker/reservation_worker.go:54	expired pending reservations	{"batch_size": 100}
20:40:04.298	[35mDEBUG[0m	worker/reservation_worker.go:54	expired pending reservations	{"batch_size": 100}
20:41:04.299	[35mDEBUG[0m	worker/reservation_worker.go:54	expired pending reservations	{"batch_size": 100}
20:42:04.297	[35mDEBUG[0m	worker/reservation_worker.go:54	expired pending reservations	{"batch_size": 100}
20:43:04.298	[35mDEBUG[0m	worker/reservation_worker.go:54	expired pending reservations	{"batch_size": 100}
20:44:04.298	[35mDEBUG[0m	worker/reservation_worker.go:54	expired pending reservations	{"batch_size": 100}
20:45:04.298	[35mDEBUG[0m	worker/reservation_worker.go:54	expired pending reservations	{"batch_size": 100}
20:46:04.298	[35mDEBUG[0m	worker/reservation_worker.go:54	expired pending reservations	{"batch_size": 100}
20:47:04.298	[35mDEBUG[0m	worker/reservation_worker.go:54	expired pending reservations	{"batch_size": 100}
20:48:04.297	[35mDEBUG[0m	worker/reservation_worker.go:54	expired pending reservations	{"batch_size": 100}
20:49:04.298	[35mDEBUG[0m	worker/reservation_worker.go:54	expired pending reservations	{"batch_size": 100}
20:50:04.297	[35mDEBUG[0m	worker/reservation_worker.go:54	expired pending reservations	{"batch_size": 100}
20:51:04.298	[35mDEBUG[0m	worker/reservation_worker.go:54	expired pending reservations	{"batch_size": 100}
20:52:04.298	[35mDEBUG[0m	worker/reservation_worker.go:54	expired pending reservations	{"batch_size": 100}
20:53:04.297	[35mDEBUG[0m	worker/reservation_worker.go:54	expired pending reservations	{"batch_size": 100}
20:54:04.298	[35mDEBUG[0m	worker/reservation_worker.go:54	expired pending reservations	{"batch_size": 100}
20:55:04.297	[35mDEBUG[0m	worker/reservation_worker.go:54	expired pending reservations	{"batch_size": 100}
20:56:04.298	[35mDEBUG[0m	worker/reservation_worker.go:54	expired pending reservations	{"batch_size": 100}
20:57:04.297	[35mDEBUG[0m	worker/reservation_worker.go:54	expired pending reservations	{"batch_size": 100}
20:58:04.297	[35mDEBUG[0m	worker/reservation_worker.go:54	expired pending reservations	{"batch_size": 100}
20:59:04.297	[35mDEBUG[0m	worker/reservation_worker.go:54	expired pending reservations	{"batch_size": 100}
21:00:04.298	[35mDEBUG[0m	worker/reservation_worker.go:54	expired pending reservations	{"batch_size": 100}
21:01:04.297	[35mDEBUG[0m	worker/reservation_worker.go:54	expired pending reservations	{"batch_size": 100}
21:02:04.297	[35mDEBUG[0m	worker/reservation_worker.go:54	expired pending reservations	{"batch_size": 100}
21:03:04.298	[35mDEBUG[0m	worker/reservation_worker.go:54	expired pending reservations	{"batch_size": 100}
21:04:04.298	[35mDEBUG[0m	worker/reservation_worker.go:54	expired pending reservations	{"batch_size": 100}
21:05:04.297	[35mDEBUG[0m	worker/reservation_worker.go:54	expired pending reservations	{"batch_size": 100}
21:06:04.297	[35mDEBUG[0m	worker/reservation_worker.go:54	expired pending reservations	{"batch_size": 100}
21:07:04.298	[35mDEBUG[0m	worker/reservation_worker.go:54	expired pending reservations	{"batch_size": 100}
21:08:04.298	[35mDEBUG[0m	worker/reservation_worker.go:54	expired pending reservations	{"batch_size": 100}
21:09:04.298	[35mDEBUG[0m	worker/reservation_worker.go:54	expired pending reservations	{"batch_size": 100}
21:10:04.297	[35mDEBUG[0m	worker/reservation_worker.go:54	expired pending reservations	{"batch_size": 100}
21:11:04.297	[35mDEBUG[0m	worker/reservation_worker.go:54	expired pending reservations	{"batch_size": 100}
21:12:04.303	[35mDEBUG[0m	worker/reservation_worker.go:54	expired pending reservations	{"batch_size": 100}
21:13:04.301	[35mDEBUG[0m	worker/reservation_worker.go:54	expired pending reservations	{"batch_size": 100}
21:14:04.303	[35mDEBUG[0m	worker/reservation_worker.go:54	expired pending reservations	{"batch_size": 100}
21:15:04.297	[35mDEBUG[0m	worker/reservation_worker.go:54	expired pending reservations	{"batch_size": 100}
21:16:04.297	[35mDEBUG[0m	worker/reservation_worker.go:54	expired pending reservations	{"batch_size": 100}
21:17:04.297	[35mDEBUG[0m	worker/reservation_worker.go:54	expired pending reservations	{"batch_size": 100}
21:18:04.298	[35mDEBUG[0m	worker/reservation_worker.go:54	expired pending reservations	{"batch_size": 100}
21:19:04.297	[35mDEBUG[0m	worker/reservation_worker.go:54	expired pending reservations	{"batch_size": 100}
21:20:04.297	[35mDEBUG[0m	worker/reservation_worker.go:54	expired pending reservations	{"batch_size": 100}
21:21:04.297	[35mDEBUG[0m	worker/reservation_worker.go:54	expired pending reservations	{"batch_size": 100}
21:22:04.297	[35mDEBUG[0m	worker/reservation_worker.go:54	expired pending reservations	{"batch_size": 100}
21:23:04.298	[35mDEBUG[0m	worker/reservation_worker.go:54	expired pending reservations	{"batch_size": 100}
21:24:04.297	[35mDEBUG[0m	worker/reservation_worker.go:54	expired pending reservations	{"batch_size": 100}
21:25:04.298	[35mDEBUG[0m	worker/reservation_worker.go:54	expired pending reservations	{"batch_size": 100}
21:26:04.297	[35mDEBUG[0m	worker/reservation_worker.go:54	expired pending reservations	{"batch_size": 100}
21:27:04.297	[35mDEBUG[0m	worker/reservation_worker.go:54	expired pending reservations	{"batch_size": 100}
21:28:04.302	[35mDEBUG[0m	worker/reservation_worker.go:54	expired pending reservations	{"batch_size": 100}
21:29:04.297	[35mDEBUG[0m	worker/reservation_worker.go:54	expired pending reservations	{"batch_size": 100}
21:30:04.297	[35mDEBUG[0m	worker/reservation_worker.go:54	expired pending reservations	{"batch_size": 100}
21:31:04.298	[35mDEBUG[0m	worker/reservation_worker.go:54	expired pending reservations	{"batch_size": 100}
21:32:04.298	[35mDEBUG[0m	worker/reservation_worker.go:54	expired pending reservations	{"batch_size": 100}
21:33:04.297	[35mDEBUG[0m	worker/reservation_worker.go:54	expired pending reservations	{"batch_size": 100}
21:34:04.297	[35mDEBUG[0m	worker/reservation_worker.go:54	expired pending reservations	{"batch_size": 100}
21:35:04.297	[35mDEBUG[0m	worker/reservation_worker.go:54	expired pending reservations	{"batch_size": 100}
21:36:04.298	[35mDEBUG[0m	worker/reservation_worker.go:54	expired pending reservations	{"batch_size": 100}
21:37:04.297	[35mDEBUG[0m	worker/reservation_worker.go:54	expired pending reservations	{"batch_size": 100}
21:38:04.297	[35mDEBUG[0m	worker/reservation_worker.go:54	expired pending reservations	{"batch_size": 100}
21:39:04.297	[35mDEBUG[0m	worker/reservation_worker.go:54	expired pending reservations	{"batch_size": 100}
21:40:04.297	[35mDEBUG[0m	worker/reservation_worker.go:54	expired pending reservations	{"batch_size": 100}
21:41:04.297	[35mDEBUG[0m	worker/reservation_worker.go:54	expired pending reservations	{"batch_size": 100}
21:42:04.298	[35mDEBUG[0m	worker/reservation_worker.go:54	expired pending reservations	{"batch_size": 100}
21:43:04.297	[35mDEBUG[0m	worker/reservation_worker.go:54	expired pending reservations	{"batch_size": 100}
21:44:04.303	[35mDEBUG[0m	worker/reservation_worker.go:54	expired pending reservations	{"batch_size": 100}
21:45:04.297	[35mDEBUG[0m	worker/reservation_worker.go:54	expired pending reservations	{"batch_size": 100}
21:46:04.297	[35mDEBUG[0m	worker/reservation_worker.go:54	expired pending reservations	{"batch_size": 100}
21:47:04.297	[35mDEBUG[0m	worker/reservation_worker.go:54	expired pending reservations	{"batch_size": 100}
21:48:04.298	[35mDEBUG[0m	worker/reservation_worker.go:54	expired pending reservations	{"batch_size": 100}
21:49:04.297	[35mDEBUG[0m	worker/reservation_worker.go:54	expired pending reservations	{"batch_size": 100}
21:50:04.297	[35mDEBUG[0m	worker/reservation_worker.go:54	expired pending reservations	{"batch_size": 100}
21:51:04.298	[35mDEBUG[0m	worker/reservation_worker.go:54	expired pending reservations	{"batch_size": 100}
21:52:04.297	[35mDEBUG[0m	worker/reservation_worker.go:54	expired pending reservations	{"batch_size": 100}
21:53:04.297	[35mDEBUG[0m	worker/reservation_worker.go:54	expired pending reservations	{"batch_size": 100}
21:54:04.297	[35mDEBUG[0m	worker/reservation_worker.go:54	expired pending reservations	{"batch_size": 100}
21:55:04.297	[35mDEBUG[0m	worker/reservation_worker.go:54	expired pending reservations	{"batch_size": 100}
21:56:04.297	[35mDEBUG[0m	worker/reservation_worker.go:54	expired pending reservations	{"batch_size": 100}
21:57:04.298	[35mDEBUG[0m	worker/reservation_worker.go:54	expired pending reservations	{"batch_size": 100}
21:58:04.297	[35mDEBUG[0m	worker/reservation_worker.go:54	expired pending reservations	{"batch_size": 100}
21:59:04.297	[35mDEBUG[0m	worker/reservation_worker.go:54	expired pending reservations	{"batch_size": 100}
22:00:04.297	[35mDEBUG[0m	worker/reservation_worker.go:54	expired pending reservations	{"batch_size": 100}
22:01:04.297	[35mDEBUG[0m	worker/reservation_worker.go:54	expired pending reservations	{"batch_size": 100}
22:02:04.297	[35mDEBUG[0m	worker/reservation_worker.go:54	expired pending reservations	{"batch_size": 100}
22:03:04.297	[35mDEBUG[0m	worker/reservation_worker.go:54	expired pending reservations	{"batch_size": 100}
22:04:04.297	[35mDEBUG[0m	worker/reservation_worker.go:54	expired pending reservations	{"batch_size": 100}
22:05:04.297	[35mDEBUG[0m	worker/reservation_worker.go:54	expired pending reservations	{"batch_size": 100}
22:06:04.297	[35mDEBUG[0m	worker/reservation_worker.go:54	expired pending reservations	{"batch_size": 100}
22:07:04.297	[35mDEBUG[0m	worker/reservation_worker.go:54	expired pending reservations	{"batch_size": 100}
22:08:04.297	[35mDEBUG[0m	worker/reservation_worker.go:54	expired pending reservations	{"batch_size": 100}
22:09:04.297	[35mDEBUG[0m	worker/reservation_worker.go:54	expired pending reservations	{"batch_size": 100}
22:10:04.297	[35mDEBUG[0m	worker/reservation_worker.go:54	expired pending reservations	{"batch_size": 100}
22:11:04.297	[35mDEBUG[0m	worker/reservation_worker.go:54	expired pending reservations	{"batch_size": 100}
22:12:04.298	[35mDEBUG[0m	worker/reservation_worker.go:54	expired pending reservations	{"batch_size": 100}
22:13:04.303	[35mDEBUG[0m	worker/reservation_worker.go:54	expired pending reservations	{"batch_size": 100}
22:14:04.300	[35mDEBUG[0m	worker/reservation_worker.go:54	expired pending reservations	{"batch_size": 100}
22:15:04.297	[35mDEBUG[0m	worker/reservation_worker.go:54	expired pending reservations	{"batch_size": 100}
22:16:04.306	[35mDEBUG[0m	worker/reservation_worker.go:54	expired pending reservations	{"batch_size": 100}
22:17:04.297	[35mDEBUG[0m	worker/reservation_worker.go:54	expired pending reservations	{"batch_size": 100}
22:18:04.298	[35mDEBUG[0m	worker/reservation_worker.go:54	expired pending reservations	{"batch_size": 100}
22:19:04.297	[35mDEBUG[0m	worker/reservation_worker.go:54	expired pending reservations	{"batch_size": 100}
22:20:04.297	[35mDEBUG[0m	worker/reservation_worker.go:54	expired pending reservations	{"batch_size": 100}
22:21:04.298	[35mDEBUG[0m	worker/reservation_worker.go:54	expired pending reservations	{"batch_size": 100}
22:22:04.303	[35mDEBUG[0m	worker/reservation_worker.go:54	expired pending reservations	{"batch_size": 100}
22:23:04.298	[35mDEBUG[0m	worker/reservation_worker.go:54	expired pending reservations	{"batch_size": 100}
22:24:04.298	[35mDEBUG[0m	worker/reservation_worker.go:54	expired pending reservations	{"batch_size": 100}
22:25:04.297	[35mDEBUG[0m	worker/reservation_worker.go:54	expired pending reservations	{"batch_size": 100}
22:26:04.297	[35mDEBUG[0m	worker/reservation_worker.go:54	expired pending reservations	{"batch_size": 100}
22:27:04.297	[35mDEBUG[0m	worker/reservation_worker.go:54	expired pending reservations	{"batch_size": 100}
22:28:04.297	[35mDEBUG[0m	worker/reservation_worker.go:54	expired pending reservations	{"batch_size": 100}
22:29:04.298	[35mDEBUG[0m	worker/reservation_worker.go:54	expired pending reservations	{"batch_size": 100}
22:30:04.297	[35mDEBUG[0m	worker/reservation_worker.go:54	expired pending reservations	{"batch_size": 100}
22:31:04.297	[35mDEBUG[0m	worker/reservation_worker.go:54	expired pending reservations	{"batch_size": 100}
22:32:04.297	[35mDEBUG[0m	worker/reservation_worker.go:54	expired pending reservations	{"batch_size": 100}
22:33:04.298	[35mDEBUG[0m	worker/reservation_worker.go:54	expired pending reservations	{"batch_size": 100}
22:34:04.298	[35mDEBUG[0m	worker/reservation_worker.go:54	expired pending reservations	{"batch_size": 100}
22:35:04.297	[35mDEBUG[0m	worker/reservation_worker.go:54	expired pending reservations	{"batch_size": 100}
22:36:04.297	[35mDEBUG[0m	worker/reservation_worker.go:54	expired pending reservations	{"batch_size": 100}
22:37:04.302	[35mDEBUG[0m	worker/reservation_worker.go:54	expired pending reservations	{"batch_size": 100}
22:38:04.298	[35mDEBUG[0m	worker/reservation_worker.go:54	expired pending reservations	{"batch_size": 100}
22:39:04.298	[35mDEBUG[0m	worker/reservation_worker.go:54	expired pending reservations	{"batch_size": 100}
22:40:04.297	[35mDEBUG[0m	worker/reservation_worker.go:54	expired pending reservations	{"batch_size": 100}
22:41:04.298	[35mDEBUG[0m	worker/reservation_worker.go:54	expired pending reservations	{"batch_size": 100}
22:42:04.298	[35mDEBUG[0m	worker/reservation_worker.go:54	expired pending reservations	{"batch_size": 100}
22:43:04.297	[35mDEBUG[0m	worker/reservation_worker.go:54	expired pending reservations	{"batch_size": 100}
22:44:04.298	[35mDEBUG[0m	worker/reservation_worker.go:54	expired pending reservations	{"batch_size": 100}
22:45:04.298	[35mDEBUG[0m	worker/reservation_worker.go:54	expired pending reservations	{"batch_size": 100}
22:46:04.298	[35mDEBUG[0m	worker/reservation_worker.go:54	expired pending reservations	{"batch_size": 100}
22:47:04.298	[35mDEBUG[0m	worker/reservation_worker.go:54	expired pending reservations	{"batch_size": 100}
22:48:04.297	[35mDEBUG[0m	worker/reservation_worker.go:54	expired pending reservations	{"batch_size": 100}
22:49:04.298	[35mDEBUG[0m	worker/reservation_worker.go:54	expired pending reservations	{"batch_size": 100}
22:50:04.298	[35mDEBUG[0m	worker/reservation_worker.go:54	expired pending reservations	{"batch_size": 100}
22:51:04.298	[35mDEBUG[0m	worker/reservation_worker.go:54	expired pending reservations	{"batch_size": 100}
22:52:04.298	[35mDEBUG[0m	worker/reservation_worker.go:54	expired pending reservations	{"batch_size": 100}
22:53:04.297	[35mDEBUG[0m	worker/reservation_worker.go:54	expired pending reservations	{"batch_size": 100}
22:54:04.297	[35mDEBUG[0m	worker/reservation_worker.go:54	expired pending reservations	{"batch_size": 100}
22:55:04.297	[35mDEBUG[0m	worker/reservation_worker.go:54	expired pending reservations	{"batch_size": 100}
22:56:04.298	[35mDEBUG[0m	worker/reservation_worker.go:54	expired pending reservations	{"batch_size": 100}
22:57:04.298	[35mDEBUG[0m	worker/reservation_worker.go:54	expired pending reservations	{"batch_size": 100}
22:58:04.298	[35mDEBUG[0m	worker/reservation_worker.go:54	expired pending reservations	{"batch_size": 100}
22:59:04.298	[35mDEBUG[0m	worker/reservation_worker.go:54	expired pending reservations	{"batch_size": 100}
23:00:04.297	[35mDEBUG[0m	worker/reservation_worker.go:54	expired pending reservations	{"batch_size": 100}
23:01:04.297	[35mDEBUG[0m	worker/reservation_worker.go:54	expired pending reservations	{"batch_size": 100}
23:02:04.298	[35mDEBUG[0m	worker/reservation_worker.go:54	expired pending reservations	{"batch_size": 100}
23:03:04.297	[35mDEBUG[0m	worker/reservation_worker.go:54	expired pending reservations	{"batch_size": 100}
23:04:04.297	[35mDEBUG[0m	worker/reservation_worker.go:54	expired pending reservations	{"batch_size": 100}
23:05:04.297	[35mDEBUG[0m	worker/reservation_worker.go:54	expired pending reservations	{"batch_size": 100}
23:06:04.297	[35mDEBUG[0m	worker/reservation_worker.go:54	expired pending reservations	{"batch_size": 100}
23:07:04.297	[35mDEBUG[0m	worker/reservation_worker.go:54	expired pending reservations	{"batch_size": 100}
23:08:04.297	[35mDEBUG[0m	worker/reservation_worker.go:54	expired pending reservations	{"batch_size": 100}
23:09:04.297	[35mDEBUG[0m	worker/reservation_worker.go:54	expired pending reservations	{"batch_size": 100}
23:10:04.298	[35mDEBUG[0m	worker/reservation_worker.go:54	expired pending reservations	{"batch_size": 100}
23:11:04.297	[35mDEBUG[0m	worker/reservation_worker.go:54	expired pending reservations	{"batch_size": 100}
23:12:04.297	[35mDEBUG[0m	worker/reservation_worker.go:54	expired pending reservations	{"batch_size": 100}
23:13:04.297	[35mDEBUG[0m	worker/reservation_worker.go:54	expired pending reservations	{"batch_size": 100}
23:14:04.303	[35mDEBUG[0m	worker/reservation_worker.go:54	expired pending reservations	{"batch_size": 100}
23:15:04.297	[35mDEBUG[0m	worker/reservation_worker.go:54	expired pending reservations	{"batch_size": 100}
23:16:04.298	[35mDEBUG[0m	worker/reservation_worker.go:54	expired pending reservations	{"batch_size": 100}
23:17:04.303	[35mDEBUG[0m	worker/reservation_worker.go:54	expired pending reservations	{"batch_size": 100}
23:18:04.303	[35mDEBUG[0m	worker/reservation_worker.go:54	expired pending reservations	{"batch_size": 100}
23:19:04.298	[35mDEBUG[0m	worker/reservation_worker.go:54	expired pending reservations	{"batch_size": 100}
23:20:04.298	[35mDEBUG[0m	worker/reservation_worker.go:54	expired pending reservations	{"batch_size": 100}
23:21:04.303	[35mDEBUG[0m	worker/reservation_worker.go:54	expired pending reservations	{"batch_size": 100}
23:22:04.298	[35mDEBUG[0m	worker/reservation_worker.go:54	expired pending reservations	{"batch_size": 100}
23:23:04.298	[35mDEBUG[0m	worker/reservation_worker.go:54	expired pending reservations	{"batch_size": 100}
23:24:04.298	[35mDEBUG[0m	worker/reservation_worker.go:54	expired pending reservations	{"batch_size": 100}
23:25:04.298	[35mDEBUG[0m	worker/reservation_worker.go:54	expired pending reservations	{"batch_size": 100}
23:26:04.298	[35mDEBUG[0m	worker/reservation_worker.go:54	expired pending reservations	{"batch_size": 100}
23:27:04.297	[35mDEBUG[0m	worker/reservation_worker.go:54	expired pending reservations	{"batch_size": 100}
23:28:04.298	[35mDEBUG[0m	worker/reservation_worker.go:54	expired pending reservations	{"batch_size": 100}
23:29:04.298	[35mDEBUG[0m	worker/reservation_worker.go:54	expired pending reservations	{"batch_size": 100}
23:30:04.298	[35mDEBUG[0m	worker/reservation_worker.go:54	expired pending reservations	{"batch_size": 100}
23:31:04.297	[35mDEBUG[0m	worker/reservation_worker.go:54	expired pending reservations	{"batch_size": 100}
23:32:04.297	[35mDEBUG[0m	worker/reservation_worker.go:54	expired pending reservations	{"batch_size": 100}
23:33:04.298	[35mDEBUG[0m	worker/reservation_worker.go:54	expired pending reservations	{"batch_size": 100}
23:34:04.297	[35mDEBUG[0m	worker/reservation_worker.go:54	expired pending reservations	{"batch_size": 100}
23:35:04.303	[35mDEBUG[0m	worker/reservation_worker.go:54	expired pending reservations	{"batch_size": 100}
23:36:04.298	[35mDEBUG[0m	worker/reservation_worker.go:54	expired pending reservations	{"batch_size": 100}
23:37:04.297	[35mDEBUG[0m	worker/reservation_worker.go:54	expired pending reservations	{"batch_size": 100}
23:38:04.298	[35mDEBUG[0m	worker/reservation_worker.go:54	expired pending reservations	{"batch_size": 100}
23:39:04.297	[35mDEBUG[0m	worker/reservation_worker.go:54	expired pending reservations	{"batch_size": 100}
23:40:04.297	[35mDEBUG[0m	worker/reservation_worker.go:54	expired pending reservations	{"batch_size": 100}
23:41:04.297	[35mDEBUG[0m	worker/reservation_worker.go:54	expired pending reservations	{"batch_size": 100}
23:42:04.297	[35mDEBUG[0m	worker/reservation_worker.go:54	expired pending reservations	{"batch_size": 100}
23:43:04.297	[35mDEBUG[0m	worker/reservation_worker.go:54	expired pending reservations	{"batch_size": 100}
23:44:04.297	[35mDEBUG[0m	worker/reservation_worker.go:54	expired pending reservations	{"batch_size": 100}
23:45:04.298	[35mDEBUG[0m	worker/reservation_worker.go:54	expired pending reservations	{"batch_size": 100}
23:46:04.297	[35mDEBUG[0m	worker/reservation_worker.go:54	expired pending reservations	{"batch_size": 100}
23:47:04.297	[35mDEBUG[0m	worker/reservation_worker.go:54	expired pending reservations	{"batch_size": 100}
23:48:04.297	[35mDEBUG[0m	worker/reservation_worker.go:54	expired pending reservations	{"batch_size": 100}
23:49:04.297	[35mDEBUG[0m	worker/reservation_worker.go:54	expired pending reservations	{"batch_size": 100}
23:50:04.297	[35mDEBUG[0m	worker/reservation_worker.go:54	expired pending reservations	{"batch_size": 100}
23:51:04.298	[35mDEBUG[0m	worker/reservation_worker.go:54	expired pending reservations	{"batch_size": 100}
23:52:04.297	[35mDEBUG[0m	worker/reservation_worker.go:54	expired pending reservations	{"batch_size": 100}
23:53:04.297	[35mDEBUG[0m	worker/reservation_worker.go:54	expired pending reservations	{"batch_size": 100}
23:54:04.298	[35mDEBUG[0m	worker/reservation_worker.go:54	expired pending reservations	{"batch_size": 100}
23:55:04.298	[35mDEBUG[0m	worker/reservation_worker.go:54	expired pending reservations	{"batch_size": 100}
23:56:04.297	[35mDEBUG[0m	worker/reservation_worker.go:54	expired pending reservations	{"batch_size": 100}
23:57:04.297	[35mDEBUG[0m	worker/reservation_worker.go:54	expired pending reservations	{"batch_size": 100}
23:58:04.298	[35mDEBUG[0m	worker/reservation_worker.go:54	expired pending reservations	{"batch_size": 100}
23:59:04.298	[35mDEBUG[0m	worker/reservation_worker.go:54	expired pending reservations	{"batch_size": 100}
00:00:04.298	[35mDEBUG[0m	worker/reservation_worker.go:54	expired pending reservations	{"batch_size": 100}
00:01:04.298	[35mDEBUG[0m	worker/reservation_worker.go:54	expired pending reservations	{"batch_size": 100}
00:02:04.298	[35mDEBUG[0m	worker/reservation_worker.go:54	expired pending reservations	{"batch_size": 100}
00:03:04.297	[35mDEBUG[0m	worker/reservation_worker.go:54	expired pending reservations	{"batch_size": 100}
00:04:04.298	[35mDEBUG[0m	worker/reservation_worker.go:54	expired pending reservations	{"batch_size": 100}
00:05:04.297	[35mDEBUG[0m	worker/reservation_worker.go:54	expired pending reservations	{"batch_size": 100}
00:06:04.297	[35mDEBUG[0m	worker/reservation_worker.go:54	expired pending reservations	{"batch_size": 100}
00:07:04.297	[35mDEBUG[0m	worker/reservation_worker.go:54	expired pending reservations	{"batch_size": 100}
00:08:04.297	[35mDEBUG[0m	worker/reservation_worker.go:54	expired pending reservations	{"batch_size": 100}
00:09:04.298	[35mDEBUG[0m	worker/reservation_worker.go:54	expired pending reservations	{"batch_size": 100}
00:10:04.298	[35mDEBUG[0m	worker/reservation_worker.go:54	expired pending reservations	{"batch_size": 100}
00:11:04.298	[35mDEBUG[0m	worker/reservation_worker.go:54	expired pending reservations	{"batch_size": 100}
00:12:04.297	[35mDEBUG[0m	worker/reservation_worker.go:54	expired pending reservations	{"batch_size": 100}
00:13:04.297	[35mDEBUG[0m	worker/reservation_worker.go:54	expired pending reservations	{"batch_size": 100}
00:14:04.298	[35mDEBUG[0m	worker/reservation_worker.go:54	expired pending reservations	{"batch_size": 100}
00:15:04.302	[35mDEBUG[0m	worker/reservation_worker.go:54	expired pending reservations	{"batch_size": 100}
00:16:04.297	[35mDEBUG[0m	worker/reservation_worker.go:54	expired pending reservations	{"batch_size": 100}
00:17:04.303	[35mDEBUG[0m	worker/reservation_worker.go:54	expired pending reservations	{"batch_size": 100}
00:18:04.306	[35mDEBUG[0m	worker/reservation_worker.go:54	expired pending reservations	{"batch_size": 100}
00:19:04.298	[35mDEBUG[0m	worker/reservation_worker.go:54	expired pending reservations	{"batch_size": 100}
00:20:04.300	[35mDEBUG[0m	worker/reservation_worker.go:54	expired pending reservations	{"batch_size": 100}
00:21:04.297	[35mDEBUG[0m	worker/reservation_worker.go:54	expired pending reservations	{"batch_size": 100}
00:22:04.298	[35mDEBUG[0m	worker/reservation_worker.go:54	expired pending reservations	{"batch_size": 100}
00:23:04.298	[35mDEBUG[0m	worker/reservation_worker.go:54	expired pending reservations	{"batch_size": 100}
00:24:04.298	[35mDEBUG[0m	worker/reservation_worker.go:54	expired pending reservations	{"batch_size": 100}
00:25:04.298	[35mDEBUG[0m	worker/reservation_worker.go:54	expired pending reservations	{"batch_size": 100}
00:26:04.298	[35mDEBUG[0m	worker/reservation_worker.go:54	expired pending reservations	{"batch_size": 100}
00:27:04.298	[35mDEBUG[0m	worker/reservation_worker.go:54	expired pending reservations	{"batch_size": 100}
00:28:04.298	[35mDEBUG[0m	worker/reservation_worker.go:54	expired pending reservations	{"batch_size": 100}
00:29:04.298	[35mDEBUG[0m	worker/reservation_worker.go:54	expired pending reservations	{"batch_size": 100}
00:30:04.298	[35mDEBUG[0m	worker/reservation_worker.go:54	expired pending reservations	{"batch_size": 100}
00:31:04.298	[35mDEBUG[0m	worker/reservation_worker.go:54	expired pending reservations	{"batch_size": 100}
00:32:04.298	[35mDEBUG[0m	worker/reservation_worker.go:54	expired pending reservations	{"batch_size": 100}
00:33:04.298	[35mDEBUG[0m	worker/reservation_worker.go:54	expired pending reservations	{"batch_size": 100}
00:34:04.306	[35mDEBUG[0m	worker/reservation_worker.go:54	expired pending reservations	{"batch_size": 100}
00:35:04.298	[35mDEBUG[0m	worker/reservation_worker.go:54	expired pending reservations	{"batch_size": 100}
00:36:04.298	[35mDEBUG[0m	worker/reservation_worker.go:54	expired pending reservations	{"batch_size": 100}
00:37:04.297	[35mDEBUG[0m	worker/reservation_worker.go:54	expired pending reservations	{"batch_size": 100}
00:38:04.297	[35mDEBUG[0m	worker/reservation_worker.go:54	expired pending reservations	{"batch_size": 100}
00:39:04.297	[35mDEBUG[0m	worker/reservation_worker.go:54	expired pending reservations	{"batch_size": 100}
00:40:04.297	[35mDEBUG[0m	worker/reservation_worker.go:54	expired pending reservations	{"batch_size": 100}
00:41:04.297	[35mDEBUG[0m	worker/reservation_worker.go:54	expired pending reservations	{"batch_size": 100}
00:42:04.297	[35mDEBUG[0m	worker/reservation_worker.go:54	expired pending reservations	{"batch_size": 100}
00:43:04.298	[35mDEBUG[0m	worker/reservation_worker.go:54	expired pending reservations	{"batch_size": 100}
00:44:04.297	[35mDEBUG[0m	worker/reservation_worker.go:54	expired pending reservations	{"batch_size": 100}
00:45:04.297	[35mDEBUG[0m	worker/reservation_worker.go:54	expired pending reservations	{"batch_size": 100}
00:46:04.297	[35mDEBUG[0m	worker/reservation_worker.go:54	expired pending reservations	{"batch_size": 100}
00:47:04.297	[35mDEBUG[0m	worker/reservation_worker.go:54	expired pending reservations	{"batch_size": 100}
00:48:04.298	[35mDEBUG[0m	worker/reservation_worker.go:54	expired pending reservations	{"batch_size": 100}
00:49:04.297	[35mDEBUG[0m	worker/reservation_worker.go:54	expired pending reservations	{"batch_size": 100}
00:50:04.297	[35mDEBUG[0m	worker/reservation_worker.go:54	expired pending reservations	{"batch_size": 100}
00:51:04.297	[35mDEBUG[0m	worker/reservation_worker.go:54	expired pending reservations	{"batch_size": 100}
00:52:04.297	[35mDEBUG[0m	worker/reservation_worker.go:54	expired pending reservations	{"batch_size": 100}
00:53:04.297	[35mDEBUG[0m	worker/reservation_worker.go:54	expired pending reservations	{"batch_size": 100}
00:54:04.297	[35mDEBUG[0m	worker/reservation_worker.go:54	expired pending reservations	{"batch_size": 100}
00:55:04.297	[35mDEBUG[0m	worker/reservation_worker.go:54	expired pending reservations	{"batch_size": 100}
00:56:04.297	[35mDEBUG[0m	worker/reservation_worker.go:54	expired pending reservations	{"batch_size": 100}
00:57:04.297	[35mDEBUG[0m	worker/reservation_worker.go:54	expired pending reservations	{"batch_size": 100}
00:58:04.297	[35mDEBUG[0m	worker/reservation_worker.go:54	expired pending reservations	{"batch_size": 100}
00:59:04.297	[35mDEBUG[0m	worker/reservation_worker.go:54	expired pending reservations	{"batch_size": 100}
01:00:04.297	[35mDEBUG[0m	worker/reservation_worker.go:54	expired pending reservations	{"batch_size": 100}
01:01:04.297	[35mDEBUG[0m	worker/reservation_worker.go:54	expired pending reservations	{"batch_size": 100}
01:02:04.297	[35mDEBUG[0m	worker/reservation_worker.go:54	expired pending reservations	{"batch_size": 100}
01:03:04.297	[35mDEBUG[0m	worker/reservation_worker.go:54	expired pending reservations	{"batch_size": 100}
01:04:04.297	[35mDEBUG[0m	worker/reservation_worker.go:54	expired pending reservations	{"batch_size": 100}
01:05:04.297	[35mDEBUG[0m	worker/reservation_worker.go:54	expired pending reservations	{"batch_size": 100}
01:06:04.297	[35mDEBUG[0m	worker/reservation_worker.go:54	expired pending reservations	{"batch_size": 100}
01:07:04.297	[35mDEBUG[0m	worker/reservation_worker.go:54	expired pending reservations	{"batch_size": 100}
01:08:04.297	[35mDEBUG[0m	worker/reservation_worker.go:54	expired pending reservations	{"batch_size": 100}
01:09:04.297	[35mDEBUG[0m	worker/reservation_worker.go:54	expired pending reservations	{"batch_size": 100}
01:10:04.298	[35mDEBUG[0m	worker/reservation_worker.go:54	expired pending reservations	{"batch_size": 100}
01:11:04.297	[35mDEBUG[0m	worker/reservation_worker.go:54	expired pending reservations	{"batch_size": 100}
01:12:04.297	[35mDEBUG[0m	worker/reservation_worker.go:54	expired pending reservations	{"batch_size": 100}
01:13:04.297	[35mDEBUG[0m	worker/reservation_worker.go:54	expired pending reservations	{"batch_size": 100}
01:14:04.297	[35mDEBUG[0m	worker/reservation_worker.go:54	expired pending reservations	{"batch_size": 100}
01:15:04.297	[35mDEBUG[0m	worker/reservation_worker.go:54	expired pending reservations	{"batch_size": 100}
01:16:04.307	[35mDEBUG[0m	worker/reservation_worker.go:54	expired pending reservations	{"batch_size": 100}
01:17:04.298	[35mDEBUG[0m	worker/reservation_worker.go:54	expired pending reservations	{"batch_size": 100}
01:18:04.303	[35mDEBUG[0m	worker/reservation_worker.go:54	expired pending reservations	{"batch_size": 100}
01:19:04.303	[35mDEBUG[0m	worker/reservation_worker.go:54	expired pending reservations	{"batch_size": 100}
01:20:04.298	[35mDEBUG[0m	worker/reservation_worker.go:54	expired pending reservations	{"batch_size": 100}
01:21:04.298	[35mDEBUG[0m	worker/reservation_worker.go:54	expired pending reservations	{"batch_size": 100}
01:22:04.298	[35mDEBUG[0m	worker/reservation_worker.go:54	expired pending reservations	{"batch_size": 100}
01:23:04.301	[35mDEBUG[0m	worker/reservation_worker.go:54	expired pending reservations	{"batch_size": 100}
01:24:04.298	[35mDEBUG[0m	worker/reservation_worker.go:54	expired pending reservations	{"batch_size": 100}
01:25:04.298	[35mDEBUG[0m	worker/reservation_worker.go:54	expired pending reservations	{"batch_size": 100}
01:26:04.298	[35mDEBUG[0m	worker/reservation_worker.go:54	expired pending reservations	{"batch_size": 100}
01:27:04.298	[35mDEBUG[0m	worker/reservation_worker.go:54	expired pending reservations	{"batch_size": 100}
01:28:04.298	[35mDEBUG[0m	worker/reservation_worker.go:54	expired pending reservations	{"batch_size": 100}
01:29:04.298	[35mDEBUG[0m	worker/reservation_worker.go:54	expired pending reservations	{"batch_size": 100}
01:30:04.298	[35mDEBUG[0m	worker/reservation_worker.go:54	expired pending reservations	{"batch_size": 100}
01:31:04.298	[35mDEBUG[0m	worker/reservation_worker.go:54	expired pending reservations	{"batch_size": 100}
01:32:04.298	[35mDEBUG[0m	worker/reservation_worker.go:54	expired pending reservations	{"batch_size": 100}
internal/worker/outbox_worker.go has changed
building...
# github.com/baaaki/mydreamcampus/meal-service/internal/worker
internal/worker/outbox_worker.go:11:2: "github.com/baaaki/mydreamcampus/shared/clock" imported and not used
failed to build, error: exit status 1
running...
01:32:54.075	[34mINFO[0m	runtime/proc.go:290	starting meal service	{"environment": "development", "port": "8008"}
01:32:54.081	[34mINFO[0m	runtime/proc.go:290	connected to database
01:32:54.081	[34mINFO[0m	rabbitmq/connection.go:53	connecting to rabbitmq	{"url": "amqp://rabbitmq:rabbitmq@localhost:5672/"}
01:32:54.083	[34mINFO[0m	rabbitmq/connection.go:85	rabbitmq connection established
01:32:54.083	[34mINFO[0m	runtime/proc.go:290	connected to RabbitMQ
01:32:54.084	[34mINFO[0m	cmd/main.go:74	connected to payment service via gRPC	{"address": "localhost:50051"}
01:32:54.084	[34mINFO[0m	cmd/main.go:115	starting reservation worker
01:32:54.084	[34mINFO[0m	cmd/main.go:116	starting outbox worker	{"poll_interval": "5s"}
01:32:54.085	[34mINFO[0m	rabbitmq/consumer.go:66	consumer started	{"queue": "meal.student.events.queue"}
01:32:54.086	[34mINFO[0m	rabbitmq/consumer.go:66	consumer started	{"queue": "meal.payment.events.queue"}
01:32:54.086	[34mINFO[0m	cmd/main.go:123	RabbitMQ consumers started
[GIN-debug] [WARNING] Running in "debug" mode. Switch to "release" mode in production.
 - using env:	export GIN_MODE=release
 - using code:	gin.SetMode(gin.ReleaseMode)

[GIN-debug] GET    /health                   --> github.com/baaaki/mydreamcampus/meal-service/internal/handler.(*MealHandler).Health-fm (4 handlers)
[GIN-debug] GET    /api/meals/menu/monthly   --> github.com/baaaki/mydreamcampus/meal-service/internal/handler.(*MealHandler).GetMonthlyMenu-fm (4 handlers)
[GIN-debug] GET    /api/meals/cafeterias     --> github.com/baaaki/mydreamcampus/meal-service/internal/handler.(*MealHandler).GetCafeterias-fm (5 handlers)
[GIN-debug] POST   /api/meals/cafeterias     --> github.com/baaaki/mydreamcampus/meal-service/internal/handler.(*MealHandler).CreateCafeteria-fm (6 handlers)
[GIN-debug] PUT    /api/meals/cafeterias/:cafeteria_id --> github.com/baaaki/mydreamcampus/meal-service/internal/handler.(*MealHandler).UpdateCafeteria-fm (6 handlers)
[GIN-debug] DELETE /api/meals/cafeterias/:cafeteria_id --> github.com/baaaki/mydreamcampus/meal-service/internal/handler.(*MealHandler).DeleteCafeteria-fm (6 handlers)
[GIN-debug] GET    /api/meals/cafeterias/:cafeteria_id/qr --> github.com/baaaki/mydreamcampus/meal-service/internal/handler.(*MealHandler).GenerateQR-fm (6 handlers)
[GIN-debug] POST   /api/meals/menu/monthly   --> github.com/baaaki/mydreamcampus/meal-service/internal/handler.(*MealHandler).CreateMonthlyMenu-fm (6 handlers)
[GIN-debug] POST   /api/meals/time/simulate  --> github.com/baaaki/mydreamcampus/shared/handler.(*TimeHandler).Simulate-fm (6 handlers)
[GIN-debug] POST   /api/meals/time/reset     --> github.com/baaaki/mydreamcampus/shared/handler.(*TimeHandler).Reset-fm (6 handlers)
[GIN-debug] GET    /api/meals/time/status    --> github.com/baaaki/mydreamcampus/shared/handler.(*TimeHandler).Status-fm (6 handlers)
[GIN-debug] POST   /api/meals/closed-days    --> github.com/baaaki/mydreamcampus/meal-service/internal/handler.(*ClosedDaysHandler).CreateClosedDay-fm (6 handlers)
[GIN-debug] GET    /api/meals/closed-days    --> github.com/baaaki/mydreamcampus/meal-service/internal/handler.(*ClosedDaysHandler).ListClosedDays-fm (6 handlers)
[GIN-debug] DELETE /api/meals/closed-days/:id --> github.com/baaaki/mydreamcampus/meal-service/internal/handler.(*ClosedDaysHandler).DeleteClosedDay-fm (6 handlers)
[GIN-debug] POST   /api/meals/reservations   --> github.com/baaaki/mydreamcampus/meal-service/internal/handler.(*MealHandler).CreateReservation-fm (6 handlers)
[GIN-debug] POST   /api/meals/reservations/batch --> github.com/baaaki/mydreamcampus/meal-service/internal/handler.(*MealHandler).CreateBatchReservation-fm (6 handlers)
[GIN-debug] GET    /api/meals/reservations/my --> github.com/baaaki/mydreamcampus/meal-service/internal/handler.(*MealHandler).GetMyReservations-fm (6 handlers)
[GIN-debug] DELETE /api/meals/reservations/:reservation_id --> github.com/baaaki/mydreamcampus/meal-service/internal/handler.(*MealHandler).CancelReservation-fm (6 handlers)
[GIN-debug] POST   /api/meals/reservations/use --> github.com/baaaki/mydreamcampus/meal-service/internal/handler.(*MealHandler).UseReservation-fm (6 handlers)
01:32:54.086	[34mINFO[0m	runtime/asm_amd64.s:1771	starting HTTP server	{"port": "8008"}
internal/worker/outbox_worker.go has changed
building...
running...
01:32:56.434	[34mINFO[0m	runtime/proc.go:290	starting meal service	{"environment": "development", "port": "8008"}
01:32:56.439	[34mINFO[0m	runtime/proc.go:290	connected to database
01:32:56.439	[34mINFO[0m	rabbitmq/connection.go:53	connecting to rabbitmq	{"url": "amqp://rabbitmq:rabbitmq@localhost:5672/"}
01:32:56.443	[34mINFO[0m	rabbitmq/connection.go:85	rabbitmq connection established
01:32:56.443	[34mINFO[0m	runtime/proc.go:290	connected to RabbitMQ
01:32:56.444	[34mINFO[0m	cmd/main.go:74	connected to payment service via gRPC	{"address": "localhost:50051"}
01:32:56.444	[34mINFO[0m	cmd/main.go:115	starting reservation worker
01:32:56.444	[34mINFO[0m	cmd/main.go:116	starting outbox worker	{"poll_interval": "5s"}
01:32:56.446	[34mINFO[0m	rabbitmq/consumer.go:66	consumer started	{"queue": "meal.student.events.queue"}
01:32:56.446	[34mINFO[0m	rabbitmq/consumer.go:66	consumer started	{"queue": "meal.payment.events.queue"}
01:32:56.446	[34mINFO[0m	cmd/main.go:123	RabbitMQ consumers started
[GIN-debug] [WARNING] Running in "debug" mode. Switch to "release" mode in production.
 - using env:	export GIN_MODE=release
 - using code:	gin.SetMode(gin.ReleaseMode)

[GIN-debug] GET    /health                   --> github.com/baaaki/mydreamcampus/meal-service/internal/handler.(*MealHandler).Health-fm (4 handlers)
[GIN-debug] GET    /api/meals/menu/monthly   --> github.com/baaaki/mydreamcampus/meal-service/internal/handler.(*MealHandler).GetMonthlyMenu-fm (4 handlers)
[GIN-debug] GET    /api/meals/cafeterias     --> github.com/baaaki/mydreamcampus/meal-service/internal/handler.(*MealHandler).GetCafeterias-fm (5 handlers)
[GIN-debug] POST   /api/meals/cafeterias     --> github.com/baaaki/mydreamcampus/meal-service/internal/handler.(*MealHandler).CreateCafeteria-fm (6 handlers)
[GIN-debug] PUT    /api/meals/cafeterias/:cafeteria_id --> github.com/baaaki/mydreamcampus/meal-service/internal/handler.(*MealHandler).UpdateCafeteria-fm (6 handlers)
[GIN-debug] DELETE /api/meals/cafeterias/:cafeteria_id --> github.com/baaaki/mydreamcampus/meal-service/internal/handler.(*MealHandler).DeleteCafeteria-fm (6 handlers)
[GIN-debug] GET    /api/meals/cafeterias/:cafeteria_id/qr --> github.com/baaaki/mydreamcampus/meal-service/internal/handler.(*MealHandler).GenerateQR-fm (6 handlers)
[GIN-debug] POST   /api/meals/menu/monthly   --> github.com/baaaki/mydreamcampus/meal-service/internal/handler.(*MealHandler).CreateMonthlyMenu-fm (6 handlers)
[GIN-debug] POST   /api/meals/time/simulate  --> github.com/baaaki/mydreamcampus/shared/handler.(*TimeHandler).Simulate-fm (6 handlers)
[GIN-debug] POST   /api/meals/time/reset     --> github.com/baaaki/mydreamcampus/shared/handler.(*TimeHandler).Reset-fm (6 handlers)
[GIN-debug] GET    /api/meals/time/status    --> github.com/baaaki/mydreamcampus/shared/handler.(*TimeHandler).Status-fm (6 handlers)
[GIN-debug] POST   /api/meals/closed-days    --> github.com/baaaki/mydreamcampus/meal-service/internal/handler.(*ClosedDaysHandler).CreateClosedDay-fm (6 handlers)
[GIN-debug] GET    /api/meals/closed-days    --> github.com/baaaki/mydreamcampus/meal-service/internal/handler.(*ClosedDaysHandler).ListClosedDays-fm (6 handlers)
[GIN-debug] DELETE /api/meals/closed-days/:id --> github.com/baaaki/mydreamcampus/meal-service/internal/handler.(*ClosedDaysHandler).DeleteClosedDay-fm (6 handlers)
[GIN-debug] POST   /api/meals/reservations   --> github.com/baaaki/mydreamcampus/meal-service/internal/handler.(*MealHandler).CreateReservation-fm (6 handlers)
[GIN-debug] POST   /api/meals/reservations/batch --> github.com/baaaki/mydreamcampus/meal-service/internal/handler.(*MealHandler).CreateBatchReservation-fm (6 handlers)
[GIN-debug] GET    /api/meals/reservations/my --> github.com/baaaki/mydreamcampus/meal-service/internal/handler.(*MealHandler).GetMyReservations-fm (6 handlers)
[GIN-debug] DELETE /api/meals/reservations/:reservation_id --> github.com/baaaki/mydreamcampus/meal-service/internal/handler.(*MealHandler).CancelReservation-fm (6 handlers)
[GIN-debug] POST   /api/meals/reservations/use --> github.com/baaaki/mydreamcampus/meal-service/internal/handler.(*MealHandler).UseReservation-fm (6 handlers)
01:32:56.447	[34mINFO[0m	runtime/asm_amd64.s:1771	starting HTTP server	{"port": "8008"}
internal/worker/reservation_worker.go has changed
building...
internal/worker/reservation_worker.go has changed
building...
running...
01:32:58.832	[34mINFO[0m	runtime/proc.go:290	starting meal service	{"environment": "development", "port": "8008"}
01:32:58.838	[34mINFO[0m	runtime/proc.go:290	connected to database
01:32:58.838	[34mINFO[0m	rabbitmq/connection.go:53	connecting to rabbitmq	{"url": "amqp://rabbitmq:rabbitmq@localhost:5672/"}
01:32:58.840	[34mINFO[0m	rabbitmq/connection.go:85	rabbitmq connection established
01:32:58.840	[34mINFO[0m	runtime/proc.go:290	connected to RabbitMQ
01:32:58.841	[34mINFO[0m	cmd/main.go:74	connected to payment service via gRPC	{"address": "localhost:50051"}
01:32:58.841	[34mINFO[0m	cmd/main.go:115	starting reservation worker
01:32:58.841	[34mINFO[0m	cmd/main.go:116	starting outbox worker	{"poll_interval": "5s"}
01:32:58.842	[34mINFO[0m	rabbitmq/consumer.go:66	consumer started	{"queue": "meal.student.events.queue"}
01:32:58.843	[34mINFO[0m	rabbitmq/consumer.go:66	consumer started	{"queue": "meal.payment.events.queue"}
01:32:58.843	[34mINFO[0m	cmd/main.go:123	RabbitMQ consumers started
[GIN-debug] [WARNING] Running in "debug" mode. Switch to "release" mode in production.
 - using env:	export GIN_MODE=release
 - using code:	gin.SetMode(gin.ReleaseMode)

[GIN-debug] GET    /health                   --> github.com/baaaki/mydreamcampus/meal-service/internal/handler.(*MealHandler).Health-fm (4 handlers)
[GIN-debug] GET    /api/meals/menu/monthly   --> github.com/baaaki/mydreamcampus/meal-service/internal/handler.(*MealHandler).GetMonthlyMenu-fm (4 handlers)
[GIN-debug] GET    /api/meals/cafeterias     --> github.com/baaaki/mydreamcampus/meal-service/internal/handler.(*MealHandler).GetCafeterias-fm (5 handlers)
[GIN-debug] POST   /api/meals/cafeterias     --> github.com/baaaki/mydreamcampus/meal-service/internal/handler.(*MealHandler).CreateCafeteria-fm (6 handlers)
[GIN-debug] PUT    /api/meals/cafeterias/:cafeteria_id --> github.com/baaaki/mydreamcampus/meal-service/internal/handler.(*MealHandler).UpdateCafeteria-fm (6 handlers)
[GIN-debug] DELETE /api/meals/cafeterias/:cafeteria_id --> github.com/baaaki/mydreamcampus/meal-service/internal/handler.(*MealHandler).DeleteCafeteria-fm (6 handlers)
[GIN-debug] GET    /api/meals/cafeterias/:cafeteria_id/qr --> github.com/baaaki/mydreamcampus/meal-service/internal/handler.(*MealHandler).GenerateQR-fm (6 handlers)
[GIN-debug] POST   /api/meals/menu/monthly   --> github.com/baaaki/mydreamcampus/meal-service/internal/handler.(*MealHandler).CreateMonthlyMenu-fm (6 handlers)
[GIN-debug] POST   /api/meals/time/simulate  --> github.com/baaaki/mydreamcampus/shared/handler.(*TimeHandler).Simulate-fm (6 handlers)
[GIN-debug] POST   /api/meals/time/reset     --> github.com/baaaki/mydreamcampus/shared/handler.(*TimeHandler).Reset-fm (6 handlers)
[GIN-debug] GET    /api/meals/time/status    --> github.com/baaaki/mydreamcampus/shared/handler.(*TimeHandler).Status-fm (6 handlers)
[GIN-debug] POST   /api/meals/closed-days    --> github.com/baaaki/mydreamcampus/meal-service/internal/handler.(*ClosedDaysHandler).CreateClosedDay-fm (6 handlers)
[GIN-debug] GET    /api/meals/closed-days    --> github.com/baaaki/mydreamcampus/meal-service/internal/handler.(*ClosedDaysHandler).ListClosedDays-fm (6 handlers)
[GIN-debug] DELETE /api/meals/closed-days/:id --> github.com/baaaki/mydreamcampus/meal-service/internal/handler.(*ClosedDaysHandler).DeleteClosedDay-fm (6 handlers)
[GIN-debug] POST   /api/meals/reservations   --> github.com/baaaki/mydreamcampus/meal-service/internal/handler.(*MealHandler).CreateReservation-fm (6 handlers)
[GIN-debug] POST   /api/meals/reservations/batch --> github.com/baaaki/mydreamcampus/meal-service/internal/handler.(*MealHandler).CreateBatchReservation-fm (6 handlers)
[GIN-debug] GET    /api/meals/reservations/my --> github.com/baaaki/mydreamcampus/meal-service/internal/handler.(*MealHandler).GetMyReservations-fm (6 handlers)
[GIN-debug] DELETE /api/meals/reservations/:reservation_id --> github.com/baaaki/mydreamcampus/meal-service/internal/handler.(*MealHandler).CancelReservation-fm (6 handlers)
[GIN-debug] POST   /api/meals/reservations/use --> github.com/baaaki/mydreamcampus/meal-service/internal/handler.(*MealHandler).UseReservation-fm (6 handlers)
01:32:58.843	[34mINFO[0m	runtime/asm_amd64.s:1771	starting HTTP server	{"port": "8008"}
01:33:58.853	[35mDEBUG[0m	worker/reservation_worker.go:55	expired pending reservations	{"batch_size": 100}
01:34:58.851	[35mDEBUG[0m	worker/reservation_worker.go:55	expired pending reservations	{"batch_size": 100}
01:35:58.843	[35mDEBUG[0m	worker/reservation_worker.go:55	expired pending reservations	{"batch_size": 100}
01:36:58.851	[35mDEBUG[0m	worker/reservation_worker.go:55	expired pending reservations	{"batch_size": 100}
01:36:59.958	[35mDEBUG[0m	middleware/auth.go:223	user extracted from headers	{"user_id": "00000000-0000-0000-0000-000000000001", "role": "admin"}
01:36:59.958	[34mINFO[0m	middleware/logger.go:60	http request	{"request_id": "b0983a5c-ddf8-48d1-8d0e-adf6785b75ed", "method": "GET", "path": "/api/meals/time/status", "query": "", "status": 200, "duration": "158.604µs", "ip": "172.18.0.1", "user_agent": "Mozilla/5.0 (X11; Linux x86_64; rv:147.0) Gecko/20100101 Firefox/147.0", "user_id": "00000000-0000-0000-0000-000000000001", "role": "admin"}
01:37:00.049	[35mDEBUG[0m	middleware/auth.go:223	user extracted from headers	{"user_id": "00000000-0000-0000-0000-000000000001", "role": "admin"}
01:37:00.049	[34mINFO[0m	middleware/logger.go:60	http request	{"request_id": "c74bd818-f08b-493e-b154-8c5a95191525", "method": "GET", "path": "/api/meals/time/status", "query": "", "status": 200, "duration": "83.552µs", "ip": "172.18.0.1", "user_agent": "Mozilla/5.0 (X11; Linux x86_64; rv:147.0) Gecko/20100101 Firefox/147.0", "user_id": "00000000-0000-0000-0000-000000000001", "role": "admin"}
01:37:18.112	[35mDEBUG[0m	middleware/auth.go:223	user extracted from headers	{"user_id": "00000000-0000-0000-0000-000000000001", "role": "admin"}
01:37:18.112	[34mINFO[0m	middleware/logger.go:60	http request	{"request_id": "b74dabc9-4097-43bc-a760-97810c1096f1", "method": "GET", "path": "/api/meals/time/status", "query": "", "status": 200, "duration": "95.083µs", "ip": "172.18.0.1", "user_agent": "Mozilla/5.0 (X11; Linux x86_64; rv:147.0) Gecko/20100101 Firefox/147.0", "user_id": "00000000-0000-0000-0000-000000000001", "role": "admin"}
01:37:18.149	[35mDEBUG[0m	middleware/auth.go:223	user extracted from headers	{"user_id": "00000000-0000-0000-0000-000000000001", "role": "admin"}
01:37:18.149	[34mINFO[0m	middleware/logger.go:60	http request	{"request_id": "d315f35a-0062-49b9-845e-4ef99ba41abb", "method": "GET", "path": "/api/meals/time/status", "query": "", "status": 200, "duration": "57.392µs", "ip": "172.18.0.1", "user_agent": "Mozilla/5.0 (X11; Linux x86_64; rv:147.0) Gecko/20100101 Firefox/147.0", "user_id": "00000000-0000-0000-0000-000000000001", "role": "admin"}
01:37:52.597	[35mDEBUG[0m	middleware/auth.go:223	user extracted from headers	{"user_id": "00000000-0000-0000-0000-000000000001", "role": "admin"}
01:37:52.597	[34mINFO[0m	handler/time_handler.go:61	clock reset to real time
01:37:52.597	[34mINFO[0m	middleware/logger.go:60	http request	{"request_id": "9bd36045-3491-4d9c-8c33-5fcc9c0da3e1", "method": "POST", "path": "/api/meals/time/reset", "query": "", "status": 200, "duration": "122.904µs", "ip": "172.18.0.1", "user_agent": "Mozilla/5.0 (X11; Linux x86_64; rv:147.0) Gecko/20100101 Firefox/147.0", "user_id": "00000000-0000-0000-0000-000000000001", "role": "admin"}
01:37:52.616	[35mDEBUG[0m	middleware/auth.go:223	user extracted from headers	{"user_id": "00000000-0000-0000-0000-000000000001", "role": "admin"}
01:37:52.616	[34mINFO[0m	middleware/logger.go:60	http request	{"request_id": "315cb863-64dc-4212-bc46-5f7b795c00d2", "method": "GET", "path": "/api/meals/time/status", "query": "", "status": 200, "duration": "65.111µs", "ip": "172.18.0.1", "user_agent": "Mozilla/5.0 (X11; Linux x86_64; rv:147.0) Gecko/20100101 Firefox/147.0", "user_id": "00000000-0000-0000-0000-000000000001", "role": "admin"}
01:37:58.850	[35mDEBUG[0m	worker/reservation_worker.go:55	expired pending reservations	{"batch_size": 100}
01:38:58.843	[35mDEBUG[0m	worker/reservation_worker.go:55	expired pending reservations	{"batch_size": 100}
01:39:44.769	[35mDEBUG[0m	middleware/auth.go:223	user extracted from headers	{"user_id": "00000000-0000-0000-0000-000000000001", "role": "admin"}
01:39:44.769	[34mINFO[0m	middleware/logger.go:60	http request	{"request_id": "cad04dab-49f2-49ca-bc40-7eafc69a6db2", "method": "GET", "path": "/api/meals/time/status", "query": "", "status": 200, "duration": "86.582µs", "ip": "172.18.0.1", "user_agent": "Mozilla/5.0 (X11; Linux x86_64; rv:147.0) Gecko/20100101 Firefox/147.0", "user_id": "00000000-0000-0000-0000-000000000001", "role": "admin"}
01:39:45.736	[35mDEBUG[0m	middleware/auth.go:223	user extracted from headers	{"user_id": "00000000-0000-0000-0000-000000000001", "role": "admin"}
01:39:45.736	[34mINFO[0m	middleware/logger.go:60	http request	{"request_id": "009b7c88-49ca-4f32-8cab-a9a8189e7239", "method": "GET", "path": "/api/meals/time/status", "query": "", "status": 200, "duration": "63.402µs", "ip": "172.18.0.1", "user_agent": "Mozilla/5.0 (X11; Linux x86_64; rv:147.0) Gecko/20100101 Firefox/147.0", "user_id": "00000000-0000-0000-0000-000000000001", "role": "admin"}
01:39:50.089	[35mDEBUG[0m	middleware/auth.go:223	user extracted from headers	{"user_id": "00000000-0000-0000-0000-000000000001", "role": "admin"}
01:39:50.089	[34mINFO[0m	middleware/logger.go:60	http request	{"request_id": "0a541251-dd62-4ab6-b09f-b1218cde666d", "method": "GET", "path": "/api/meals/time/status", "query": "", "status": 200, "duration": "63.831µs", "ip": "172.18.0.1", "user_agent": "Mozilla/5.0 (X11; Linux x86_64; rv:147.0) Gecko/20100101 Firefox/147.0", "user_id": "00000000-0000-0000-0000-000000000001", "role": "admin"}
01:39:58.843	[35mDEBUG[0m	worker/reservation_worker.go:55	expired pending reservations	{"batch_size": 100}
01:40:58.844	[35mDEBUG[0m	worker/reservation_worker.go:55	expired pending reservations	{"batch_size": 100}
01:41:58.843	[35mDEBUG[0m	worker/reservation_worker.go:55	expired pending reservations	{"batch_size": 100}
01:42:58.843	[35mDEBUG[0m	worker/reservation_worker.go:55	expired pending reservations	{"batch_size": 100}
01:43:58.843	[35mDEBUG[0m	worker/reservation_worker.go:55	expired pending reservations	{"batch_size": 100}
01:44:58.844	[35mDEBUG[0m	worker/reservation_worker.go:55	expired pending reservations	{"batch_size": 100}
01:45:37.602	[35mDEBUG[0m	middleware/auth.go:223	user extracted from headers	{"user_id": "00000000-0000-0000-0000-000000000001", "role": "admin"}
01:45:37.602	[34mINFO[0m	middleware/logger.go:60	http request	{"request_id": "12b5f2a7-54e0-4640-9a17-169d94004640", "method": "GET", "path": "/api/meals/time/status", "query": "", "status": 200, "duration": "88.913µs", "ip": "172.18.0.1", "user_agent": "Mozilla/5.0 (X11; Linux x86_64; rv:147.0) Gecko/20100101 Firefox/147.0", "user_id": "00000000-0000-0000-0000-000000000001", "role": "admin"}
01:45:37.608	[35mDEBUG[0m	middleware/auth.go:223	user extracted from headers	{"user_id": "00000000-0000-0000-0000-000000000001", "role": "admin"}
01:45:37.608	[34mINFO[0m	middleware/logger.go:60	http request	{"request_id": "0c337d20-1a55-438b-9d87-4bf280d77d00", "method": "GET", "path": "/api/meals/time/status", "query": "", "status": 200, "duration": "74.103µs", "ip": "172.18.0.1", "user_agent": "Mozilla/5.0 (X11; Linux x86_64; rv:147.0) Gecko/20100101 Firefox/147.0", "user_id": "00000000-0000-0000-0000-000000000001", "role": "admin"}
01:45:58.843	[35mDEBUG[0m	worker/reservation_worker.go:55	expired pending reservations	{"batch_size": 100}
01:46:31.364	[35mDEBUG[0m	middleware/auth.go:223	user extracted from headers	{"user_id": "00000000-0000-0000-0000-000000000001", "role": "admin"}
01:46:31.364	[34mINFO[0m	middleware/logger.go:60	http request	{"request_id": "59859ba4-7e57-44dc-830c-3fcf0805240b", "method": "GET", "path": "/api/meals/time/status", "query": "", "status": 200, "duration": "58.142µs", "ip": "172.18.0.1", "user_agent": "Mozilla/5.0 (X11; Linux x86_64; rv:147.0) Gecko/20100101 Firefox/147.0", "user_id": "00000000-0000-0000-0000-000000000001", "role": "admin"}
01:46:32.393	[35mDEBUG[0m	middleware/auth.go:223	user extracted from headers	{"user_id": "00000000-0000-0000-0000-000000000001", "role": "admin"}
01:46:32.393	[34mINFO[0m	middleware/logger.go:60	http request	{"request_id": "77c8ea98-36a7-49dd-8ecd-64765e61fbed", "method": "GET", "path": "/api/meals/time/status", "query": "", "status": 200, "duration": "79.222µs", "ip": "172.18.0.1", "user_agent": "Mozilla/5.0 (X11; Linux x86_64; rv:147.0) Gecko/20100101 Firefox/147.0", "user_id": "00000000-0000-0000-0000-000000000001", "role": "admin"}
01:46:58.843	[35mDEBUG[0m	worker/reservation_worker.go:55	expired pending reservations	{"batch_size": 100}
01:47:36.521	[35mDEBUG[0m	middleware/auth.go:223	user extracted from headers	{"user_id": "00000000-0000-0000-0000-000000000001", "role": "admin"}
01:47:36.521	[34mINFO[0m	middleware/logger.go:60	http request	{"request_id": "7d1215b5-5a6b-48ec-bf9a-de6430c44c2d", "method": "GET", "path": "/api/meals/time/status", "query": "", "status": 200, "duration": "102.962µs", "ip": "172.18.0.1", "user_agent": "Mozilla/5.0 (X11; Linux x86_64; rv:147.0) Gecko/20100101 Firefox/147.0", "user_id": "00000000-0000-0000-0000-000000000001", "role": "admin"}
01:47:38.149	[35mDEBUG[0m	middleware/auth.go:223	user extracted from headers	{"user_id": "00000000-0000-0000-0000-000000000001", "role": "admin"}
01:47:38.149	[34mINFO[0m	middleware/logger.go:60	http request	{"request_id": "8809fd10-ce80-4150-aab4-20cda6859d9f", "method": "GET", "path": "/api/meals/time/status", "query": "", "status": 200, "duration": "79.422µs", "ip": "172.18.0.1", "user_agent": "Mozilla/5.0 (X11; Linux x86_64; rv:147.0) Gecko/20100101 Firefox/147.0", "user_id": "00000000-0000-0000-0000-000000000001", "role": "admin"}
01:47:47.383	[35mDEBUG[0m	middleware/auth.go:223	user extracted from headers	{"user_id": "00000000-0000-0000-0000-000000000001", "role": "admin"}
01:47:47.383	[34mINFO[0m	handler/time_handler.go:46	clock switched to simulated mode	{"simulated_time": "09:15:08.000"}
01:47:47.383	[34mINFO[0m	middleware/logger.go:60	http request	{"request_id": "7aea15dd-224c-46af-ae16-1a410eb1053c", "method": "POST", "path": "/api/meals/time/simulate", "query": "", "status": 200, "duration": "289.858µs", "ip": "172.18.0.1", "user_agent": "Mozilla/5.0 (X11; Linux x86_64; rv:147.0) Gecko/20100101 Firefox/147.0", "user_id": "00000000-0000-0000-0000-000000000001", "role": "admin"}
01:47:47.398	[35mDEBUG[0m	middleware/auth.go:223	user extracted from headers	{"user_id": "00000000-0000-0000-0000-000000000001", "role": "admin"}
01:47:47.398	[34mINFO[0m	middleware/logger.go:60	http request	{"request_id": "2d781a5b-9cb1-4467-a161-6032f9b37591", "method": "GET", "path": "/api/meals/time/status", "query": "", "status": 200, "duration": "106.163µs", "ip": "172.18.0.1", "user_agent": "Mozilla/5.0 (X11; Linux x86_64; rv:147.0) Gecko/20100101 Firefox/147.0", "user_id": "00000000-0000-0000-0000-000000000001", "role": "admin"}
01:47:48.951	[35mDEBUG[0m	middleware/auth.go:223	user extracted from headers	{"user_id": "00000000-0000-0000-0000-000000000001", "role": "admin"}
01:47:48.951	[34mINFO[0m	handler/time_handler.go:61	clock reset to real time
01:47:48.952	[34mINFO[0m	middleware/logger.go:60	http request	{"request_id": "e357a60b-c6f0-46e6-a845-745acb9fba0b", "method": "POST", "path": "/api/meals/time/reset", "query": "", "status": 200, "duration": "118.963µs", "ip": "172.18.0.1", "user_agent": "Mozilla/5.0 (X11; Linux x86_64; rv:147.0) Gecko/20100101 Firefox/147.0", "user_id": "00000000-0000-0000-0000-000000000001", "role": "admin"}
01:47:48.966	[35mDEBUG[0m	middleware/auth.go:223	user extracted from headers	{"user_id": "00000000-0000-0000-0000-000000000001", "role": "admin"}
01:47:48.966	[34mINFO[0m	middleware/logger.go:60	http request	{"request_id": "ec029dcd-c158-4c17-9889-2b0131931d28", "method": "GET", "path": "/api/meals/time/status", "query": "", "status": 200, "duration": "72.812µs", "ip": "172.18.0.1", "user_agent": "Mozilla/5.0 (X11; Linux x86_64; rv:147.0) Gecko/20100101 Firefox/147.0", "user_id": "00000000-0000-0000-0000-000000000001", "role": "admin"}
01:47:53.294	[35mDEBUG[0m	middleware/auth.go:223	user extracted from headers	{"user_id": "00000000-0000-0000-0000-000000000001", "role": "admin"}
01:47:53.294	[34mINFO[0m	middleware/logger.go:60	http request	{"request_id": "13467d3d-63f4-4959-82bf-366569bc432c", "method": "GET", "path": "/api/meals/time/status", "query": "", "status": 200, "duration": "77.192µs", "ip": "172.18.0.1", "user_agent": "curl/8.5.0", "user_id": "00000000-0000-0000-0000-000000000001", "role": "admin"}
01:47:58.843	[35mDEBUG[0m	worker/reservation_worker.go:55	expired pending reservations	{"batch_size": 100}
01:48:58.844	[35mDEBUG[0m	worker/reservation_worker.go:55	expired pending reservations	{"batch_size": 100}
01:49:58.843	[35mDEBUG[0m	worker/reservation_worker.go:55	expired pending reservations	{"batch_size": 100}
01:50:58.842	[35mDEBUG[0m	worker/reservation_worker.go:55	expired pending reservations	{"batch_size": 100}
01:51:58.842	[35mDEBUG[0m	worker/reservation_worker.go:55	expired pending reservations	{"batch_size": 100}
01:52:58.843	[35mDEBUG[0m	worker/reservation_worker.go:55	expired pending reservations	{"batch_size": 100}
01:53:58.843	[35mDEBUG[0m	worker/reservation_worker.go:55	expired pending reservations	{"batch_size": 100}
01:54:58.843	[35mDEBUG[0m	worker/reservation_worker.go:55	expired pending reservations	{"batch_size": 100}
01:55:58.843	[35mDEBUG[0m	worker/reservation_worker.go:55	expired pending reservations	{"batch_size": 100}
01:56:58.843	[35mDEBUG[0m	worker/reservation_worker.go:55	expired pending reservations	{"batch_size": 100}
01:57:58.842	[35mDEBUG[0m	worker/reservation_worker.go:55	expired pending reservations	{"batch_size": 100}
01:58:58.842	[35mDEBUG[0m	worker/reservation_worker.go:55	expired pending reservations	{"batch_size": 100}
01:59:58.842	[35mDEBUG[0m	worker/reservation_worker.go:55	expired pending reservations	{"batch_size": 100}
02:00:58.843	[35mDEBUG[0m	worker/reservation_worker.go:55	expired pending reservations	{"batch_size": 100}
02:01:58.843	[35mDEBUG[0m	worker/reservation_worker.go:55	expired pending reservations	{"batch_size": 100}
02:02:07.537	[31mERROR[0m	rabbitmq/connection.go:94	rabbitmq connection lost	{"error": "Exception (320) Reason: \"CONNECTION_FORCED - broker forced connection closure with reason 'shutdown'\""}
github.com/baaaki/mydreamcampus/shared/rabbitmq.(*Connection).handleReconnect
	/home/nautilus/Desktop/Playground/mydreamcampus/backend/shared/rabbitmq/connection.go:94
02:02:07.537	[34mINFO[0m	rabbitmq/connection.go:99	attempting to reconnect to rabbitmq...
cleaning...
