[warning] build.bin is deprecated; set build.entrypoint instead

  __    _   ___  
 / /\  | | | |_) 
/_/--\ |_| |_| \_ v1.64.5, built with Go go1.26.0

watching .
watching bin
watching cmd
watching config
watching internal
watching internal/server
watching proto
!exclude tmp
building...
running...
20:11:03.208	[34mINFO[0m	runtime/proc.go:290	starting payment service (gRPC)	{"environment": "development", "port": "50051"}
20:11:03.209	[34mINFO[0m	runtime/asm_amd64.s:1771	gRPC server listening	{"address": "[::]:50051"}
internal/server/server.go has changed
building...
# github.com/baaaki/mydreamcampus/payment-service/internal/server
internal/server/server.go:8:2: "github.com/baaaki/mydreamcampus/shared/clock" imported and not used
failed to build, error: exit status 1
running...
01:32:50.101	[34mINFO[0m	runtime/proc.go:290	starting payment service (gRPC)	{"environment": "development", "port": "50051"}
01:32:50.101	[34mINFO[0m	runtime/asm_amd64.s:1771	gRPC server listening	{"address": "[::]:50051"}
internal/server/server.go has changed
building...
running...
01:32:52.051	[34mINFO[0m	runtime/proc.go:290	starting payment service (gRPC)	{"environment": "development", "port": "50051"}
01:32:52.052	[34mINFO[0m	runtime/asm_amd64.s:1771	gRPC server listening	{"address": "[::]:50051"}
cleaning...
