mode: atomic
github.com/baaaki/mydreamcampus/student-service/cmd/main.go:27.13,30.16 2 0
github.com/baaaki/mydreamcampus/student-service/cmd/main.go:30.16,31.55 1 0
github.com/baaaki/mydreamcampus/student-service/cmd/main.go:35.2,35.60 1 0
github.com/baaaki/mydreamcampus/student-service/cmd/main.go:35.60,36.61 1 0
github.com/baaaki/mydreamcampus/student-service/cmd/main.go:38.2,47.16 4 0
github.com/baaaki/mydreamcampus/student-service/cmd/main.go:47.16,51.3 1 0
github.com/baaaki/mydreamcampus/student-service/cmd/main.go:52.2,58.16 4 0
github.com/baaaki/mydreamcampus/student-service/cmd/main.go:58.16,60.3 1 0
github.com/baaaki/mydreamcampus/student-service/cmd/main.go:60.8,62.28 2 0
github.com/baaaki/mydreamcampus/student-service/cmd/main.go:62.28,73.4 3 0
github.com/baaaki/mydreamcampus/student-service/cmd/main.go:77.2,78.16 2 0
github.com/baaaki/mydreamcampus/student-service/cmd/main.go:78.16,82.3 1 0
github.com/baaaki/mydreamcampus/student-service/cmd/main.go:83.2,88.50 3 0
github.com/baaaki/mydreamcampus/student-service/cmd/main.go:88.50,92.3 1 0
github.com/baaaki/mydreamcampus/student-service/cmd/main.go:95.2,137.49 17 0
github.com/baaaki/mydreamcampus/student-service/cmd/main.go:137.49,141.3 1 0
github.com/baaaki/mydreamcampus/student-service/cmd/main.go:144.2,151.24 3 0
github.com/baaaki/mydreamcampus/student-service/cmd/main.go:151.24,153.3 1 0
github.com/baaaki/mydreamcampus/student-service/cmd/main.go:154.2,164.12 4 0
github.com/baaaki/mydreamcampus/student-service/cmd/main.go:164.12,168.77 2 0
github.com/baaaki/mydreamcampus/student-service/cmd/main.go:168.77,172.4 1 0
github.com/baaaki/mydreamcampus/student-service/cmd/main.go:176.2,189.50 8 0
github.com/baaaki/mydreamcampus/student-service/cmd/main.go:189.50,193.3 1 0
github.com/baaaki/mydreamcampus/student-service/cmd/main.go:195.2,195.30 1 0
github.com/baaaki/mydreamcampus/student-service/cmd/main.go:198.122,199.25 1 0
github.com/baaaki/mydreamcampus/student-service/cmd/main.go:199.25,201.3 1 0
github.com/baaaki/mydreamcampus/student-service/cmd/main.go:203.2,224.2 13 0
github.com/baaaki/mydreamcampus/student-service/cmd/main.go:224.2,236.3 7 0
github.com/baaaki/mydreamcampus/student-service/cmd/main.go:236.3,245.4 8 0
github.com/baaaki/mydreamcampus/student-service/cmd/main.go:249.2,252.2 4 0
github.com/baaaki/mydreamcampus/student-service/cmd/main.go:252.2,254.3 1 0
github.com/baaaki/mydreamcampus/student-service/cmd/main.go:256.2,256.15 1 0
github.com/baaaki/mydreamcampus/student-service/cmd/main.go:259.53,271.16 2 0
github.com/baaaki/mydreamcampus/student-service/cmd/main.go:271.16,273.3 1 0
github.com/baaaki/mydreamcampus/student-service/cmd/main.go:275.2,280.59 2 0
github.com/baaaki/mydreamcampus/student-service/cmd/main.go:280.59,282.3 1 0
github.com/baaaki/mydreamcampus/student-service/cmd/main.go:285.2,306.39 3 0
github.com/baaaki/mydreamcampus/student-service/cmd/main.go:306.39,307.90 1 0
github.com/baaaki/mydreamcampus/student-service/cmd/main.go:307.90,309.4 1 0
github.com/baaaki/mydreamcampus/student-service/cmd/main.go:312.2,314.12 2 0
github.com/baaaki/mydreamcampus/student-service/config/config.go:27.30,35.61 3 0
github.com/baaaki/mydreamcampus/student-service/config/config.go:35.61,37.3 1 0
github.com/baaaki/mydreamcampus/student-service/config/config.go:40.2,56.39 3 0
github.com/baaaki/mydreamcampus/student-service/config/config.go:56.39,58.3 1 0
github.com/baaaki/mydreamcampus/student-service/config/config.go:60.2,60.17 1 0
github.com/baaaki/mydreamcampus/student-service/config/config.go:64.35,66.93 1 0
github.com/baaaki/mydreamcampus/student-service/config/config.go:66.93,68.3 1 0
github.com/baaaki/mydreamcampus/student-service/config/config.go:71.2,71.38 1 0
github.com/baaaki/mydreamcampus/student-service/config/config.go:71.38,73.3 1 0
github.com/baaaki/mydreamcampus/student-service/config/config.go:75.2,75.12 1 0
github.com/baaaki/mydreamcampus/student-service/internal/db/db.go:20.28,22.2 1 0
github.com/baaaki/mydreamcampus/student-service/internal/db/db.go:28.46,32.2 1 0
github.com/baaaki/mydreamcampus/student-service/internal/db/import_jobs.sql.go:20.80,23.2 2 0
github.com/baaaki/mydreamcampus/student-service/internal/db/import_jobs.sql.go:29.100,34.2 4 0
github.com/baaaki/mydreamcampus/student-service/internal/db/import_jobs.sql.go:49.102,67.2 4 0
github.com/baaaki/mydreamcampus/student-service/internal/db/import_jobs.sql.go:75.76,78.2 2 0
github.com/baaaki/mydreamcampus/student-service/internal/db/import_jobs.sql.go:88.92,106.2 4 0
github.com/baaaki/mydreamcampus/student-service/internal/db/import_jobs.sql.go:123.114,125.16 2 0
github.com/baaaki/mydreamcampus/student-service/internal/db/import_jobs.sql.go:125.16,127.3 1 0
github.com/baaaki/mydreamcampus/student-service/internal/db/import_jobs.sql.go:128.2,130.18 3 0
github.com/baaaki/mydreamcampus/student-service/internal/db/import_jobs.sql.go:130.18,145.17 2 0
github.com/baaaki/mydreamcampus/student-service/internal/db/import_jobs.sql.go:145.17,147.4 1 0
github.com/baaaki/mydreamcampus/student-service/internal/db/import_jobs.sql.go:148.3,148.27 1 0
github.com/baaaki/mydreamcampus/student-service/internal/db/import_jobs.sql.go:150.2,150.35 1 0
github.com/baaaki/mydreamcampus/student-service/internal/db/import_jobs.sql.go:150.35,152.3 1 0
github.com/baaaki/mydreamcampus/student-service/internal/db/import_jobs.sql.go:153.2,153.19 1 0
github.com/baaaki/mydreamcampus/student-service/internal/db/import_jobs.sql.go:162.77,165.2 2 0
github.com/baaaki/mydreamcampus/student-service/internal/db/import_jobs.sql.go:184.105,193.2 2 0
github.com/baaaki/mydreamcampus/student-service/internal/db/models.go:23.55,24.25 1 0
github.com/baaaki/mydreamcampus/student-service/internal/db/models.go:25.14,26.26 1 0
github.com/baaaki/mydreamcampus/student-service/internal/db/models.go:27.14,28.26 1 0
github.com/baaaki/mydreamcampus/student-service/internal/db/models.go:29.10,30.74 1 0
github.com/baaaki/mydreamcampus/student-service/internal/db/models.go:32.2,32.12 1 0
github.com/baaaki/mydreamcampus/student-service/internal/db/models.go:41.62,42.18 1 0
github.com/baaaki/mydreamcampus/student-service/internal/db/models.go:42.18,45.3 2 0
github.com/baaaki/mydreamcampus/student-service/internal/db/models.go:46.2,47.39 2 0
github.com/baaaki/mydreamcampus/student-service/internal/db/models.go:51.61,52.15 1 0
github.com/baaaki/mydreamcampus/student-service/internal/db/models.go:52.15,54.3 1 0
github.com/baaaki/mydreamcampus/student-service/internal/db/models.go:55.2,55.40 1 0
github.com/baaaki/mydreamcampus/student-service/internal/db/models.go:66.56,67.25 1 0
github.com/baaaki/mydreamcampus/student-service/internal/db/models.go:68.14,69.27 1 0
github.com/baaaki/mydreamcampus/student-service/internal/db/models.go:70.14,71.27 1 0
github.com/baaaki/mydreamcampus/student-service/internal/db/models.go:72.10,73.75 1 0
github.com/baaaki/mydreamcampus/student-service/internal/db/models.go:75.2,75.12 1 0
github.com/baaaki/mydreamcampus/student-service/internal/db/models.go:84.63,85.18 1 0
github.com/baaaki/mydreamcampus/student-service/internal/db/models.go:85.18,88.3 2 0
github.com/baaaki/mydreamcampus/student-service/internal/db/models.go:89.2,90.40 2 0
github.com/baaaki/mydreamcampus/student-service/internal/db/models.go:94.62,95.15 1 0
github.com/baaaki/mydreamcampus/student-service/internal/db/models.go:95.15,97.3 1 0
github.com/baaaki/mydreamcampus/student-service/internal/db/models.go:98.2,98.41 1 0
github.com/baaaki/mydreamcampus/student-service/internal/db/outbox.sql.go:26.108,42.2 4 0
github.com/baaaki/mydreamcampus/student-service/internal/db/outbox.sql.go:52.98,54.16 2 0
github.com/baaaki/mydreamcampus/student-service/internal/db/outbox.sql.go:54.16,56.3 1 0
github.com/baaaki/mydreamcampus/student-service/internal/db/outbox.sql.go:57.2,59.18 3 0
github.com/baaaki/mydreamcampus/student-service/internal/db/outbox.sql.go:59.18,72.17 2 0
github.com/baaaki/mydreamcampus/student-service/internal/db/outbox.sql.go:72.17,74.4 1 0
github.com/baaaki/mydreamcampus/student-service/internal/db/outbox.sql.go:75.3,75.27 1 0
github.com/baaaki/mydreamcampus/student-service/internal/db/outbox.sql.go:77.2,77.35 1 0
github.com/baaaki/mydreamcampus/student-service/internal/db/outbox.sql.go:77.35,79.3 1 0
github.com/baaaki/mydreamcampus/student-service/internal/db/outbox.sql.go:80.2,80.19 1 0
github.com/baaaki/mydreamcampus/student-service/internal/db/outbox.sql.go:91.99,93.16 2 0
github.com/baaaki/mydreamcampus/student-service/internal/db/outbox.sql.go:93.16,95.3 1 0
github.com/baaaki/mydreamcampus/student-service/internal/db/outbox.sql.go:96.2,98.18 3 0
github.com/baaaki/mydreamcampus/student-service/internal/db/outbox.sql.go:98.18,111.17 2 0
github.com/baaaki/mydreamcampus/student-service/internal/db/outbox.sql.go:111.17,113.4 1 0
github.com/baaaki/mydreamcampus/student-service/internal/db/outbox.sql.go:114.3,114.27 1 0
github.com/baaaki/mydreamcampus/student-service/internal/db/outbox.sql.go:116.2,116.35 1 0
github.com/baaaki/mydreamcampus/student-service/internal/db/outbox.sql.go:116.35,118.3 1 0
github.com/baaaki/mydreamcampus/student-service/internal/db/outbox.sql.go:119.2,119.19 1 0
github.com/baaaki/mydreamcampus/student-service/internal/db/outbox.sql.go:133.101,136.2 2 0
github.com/baaaki/mydreamcampus/student-service/internal/db/outbox.sql.go:144.87,147.2 2 0
github.com/baaaki/mydreamcampus/student-service/internal/db/outbox.sql.go:155.85,158.2 2 0
github.com/baaaki/mydreamcampus/student-service/internal/db/processed_events.sql.go:23.99,26.2 2 0
github.com/baaaki/mydreamcampus/student-service/internal/db/processed_events.sql.go:32.71,35.2 2 0
github.com/baaaki/mydreamcampus/student-service/internal/db/processed_events.sql.go:41.87,46.2 4 0
github.com/baaaki/mydreamcampus/student-service/internal/db/students.sql.go:26.93,29.2 2 0
github.com/baaaki/mydreamcampus/student-service/internal/db/students.sql.go:35.77,40.2 4 0
github.com/baaaki/mydreamcampus/student-service/internal/db/students.sql.go:46.69,51.2 4 0
github.com/baaaki/mydreamcampus/student-service/internal/db/students.sql.go:96.105,129.2 4 0
github.com/baaaki/mydreamcampus/student-service/internal/db/students.sql.go:159.102,181.2 4 0
github.com/baaaki/mydreamcampus/student-service/internal/db/students.sql.go:211.98,233.2 4 0
github.com/baaaki/mydreamcampus/student-service/internal/db/students.sql.go:263.112,285.2 4 0
github.com/baaaki/mydreamcampus/student-service/internal/db/students.sql.go:321.128,323.16 2 0
github.com/baaaki/mydreamcampus/student-service/internal/db/students.sql.go:323.16,325.3 1 0
github.com/baaaki/mydreamcampus/student-service/internal/db/students.sql.go:326.2,328.18 3 0
github.com/baaaki/mydreamcampus/student-service/internal/db/students.sql.go:328.18,347.17 2 0
github.com/baaaki/mydreamcampus/student-service/internal/db/students.sql.go:347.17,349.4 1 0
github.com/baaaki/mydreamcampus/student-service/internal/db/students.sql.go:350.3,350.27 1 0
github.com/baaaki/mydreamcampus/student-service/internal/db/students.sql.go:352.2,352.35 1 0
github.com/baaaki/mydreamcampus/student-service/internal/db/students.sql.go:352.35,354.3 1 0
github.com/baaaki/mydreamcampus/student-service/internal/db/students.sql.go:355.2,355.19 1 0
github.com/baaaki/mydreamcampus/student-service/internal/db/students.sql.go:413.104,424.16 2 0
github.com/baaaki/mydreamcampus/student-service/internal/db/students.sql.go:424.16,426.3 1 0
github.com/baaaki/mydreamcampus/student-service/internal/db/students.sql.go:427.2,429.18 3 0
github.com/baaaki/mydreamcampus/student-service/internal/db/students.sql.go:429.18,448.17 2 0
github.com/baaaki/mydreamcampus/student-service/internal/db/students.sql.go:448.17,450.4 1 0
github.com/baaaki/mydreamcampus/student-service/internal/db/students.sql.go:451.3,451.27 1 0
github.com/baaaki/mydreamcampus/student-service/internal/db/students.sql.go:453.2,453.35 1 0
github.com/baaaki/mydreamcampus/student-service/internal/db/students.sql.go:453.35,455.3 1 0
github.com/baaaki/mydreamcampus/student-service/internal/db/students.sql.go:456.2,456.19 1 0
github.com/baaaki/mydreamcampus/student-service/internal/db/students.sql.go:487.121,489.16 2 0
github.com/baaaki/mydreamcampus/student-service/internal/db/students.sql.go:489.16,491.3 1 0
github.com/baaaki/mydreamcampus/student-service/internal/db/students.sql.go:492.2,494.18 3 0
github.com/baaaki/mydreamcampus/student-service/internal/db/students.sql.go:494.18,513.17 2 0
github.com/baaaki/mydreamcampus/student-service/internal/db/students.sql.go:513.17,515.4 1 0
github.com/baaaki/mydreamcampus/student-service/internal/db/students.sql.go:516.3,516.27 1 0
github.com/baaaki/mydreamcampus/student-service/internal/db/students.sql.go:518.2,518.35 1 0
github.com/baaaki/mydreamcampus/student-service/internal/db/students.sql.go:518.35,520.3 1 0
github.com/baaaki/mydreamcampus/student-service/internal/db/students.sql.go:521.2,521.19 1 0
github.com/baaaki/mydreamcampus/student-service/internal/db/students.sql.go:552.123,554.16 2 0
github.com/baaaki/mydreamcampus/student-service/internal/db/students.sql.go:554.16,556.3 1 0
github.com/baaaki/mydreamcampus/student-service/internal/db/students.sql.go:557.2,559.18 3 0
github.com/baaaki/mydreamcampus/student-service/internal/db/students.sql.go:559.18,578.17 2 0
github.com/baaaki/mydreamcampus/student-service/internal/db/students.sql.go:578.17,580.4 1 0
github.com/baaaki/mydreamcampus/student-service/internal/db/students.sql.go:581.3,581.27 1 0
github.com/baaaki/mydreamcampus/student-service/internal/db/students.sql.go:583.2,583.35 1 0
github.com/baaaki/mydreamcampus/student-service/internal/db/students.sql.go:583.35,585.3 1 0
github.com/baaaki/mydreamcampus/student-service/internal/db/students.sql.go:586.2,586.19 1 0
github.com/baaaki/mydreamcampus/student-service/internal/db/students.sql.go:633.110,643.16 2 0
github.com/baaaki/mydreamcampus/student-service/internal/db/students.sql.go:643.16,645.3 1 0
github.com/baaaki/mydreamcampus/student-service/internal/db/students.sql.go:646.2,648.18 3 0
github.com/baaaki/mydreamcampus/student-service/internal/db/students.sql.go:648.18,667.17 2 0
github.com/baaaki/mydreamcampus/student-service/internal/db/students.sql.go:667.17,669.4 1 0
github.com/baaaki/mydreamcampus/student-service/internal/db/students.sql.go:670.3,670.27 1 0
github.com/baaaki/mydreamcampus/student-service/internal/db/students.sql.go:672.2,672.35 1 0
github.com/baaaki/mydreamcampus/student-service/internal/db/students.sql.go:672.35,674.3 1 0
github.com/baaaki/mydreamcampus/student-service/internal/db/students.sql.go:675.2,675.19 1 0
github.com/baaaki/mydreamcampus/student-service/internal/db/students.sql.go:684.80,687.2 2 0
github.com/baaaki/mydreamcampus/student-service/internal/db/students.sql.go:695.94,698.2 2 0
github.com/baaaki/mydreamcampus/student-service/internal/db/students.sql.go:746.105,777.2 4 0
github.com/baaaki/mydreamcampus/student-service/internal/repository/import_jobs_repository.go:20.72,25.2 1 0
github.com/baaaki/mydreamcampus/student-service/internal/repository/import_jobs_repository.go:28.124,30.16 2 0
github.com/baaaki/mydreamcampus/student-service/internal/repository/import_jobs_repository.go:30.16,32.3 1 0
github.com/baaaki/mydreamcampus/student-service/internal/repository/import_jobs_repository.go:33.2,33.17 1 0
github.com/baaaki/mydreamcampus/student-service/internal/repository/import_jobs_repository.go:37.106,39.16 2 0
github.com/baaaki/mydreamcampus/student-service/internal/repository/import_jobs_repository.go:39.16,41.3 1 0
github.com/baaaki/mydreamcampus/student-service/internal/repository/import_jobs_repository.go:42.2,42.17 1 0
github.com/baaaki/mydreamcampus/student-service/internal/repository/import_jobs_repository.go:46.88,48.16 2 0
github.com/baaaki/mydreamcampus/student-service/internal/repository/import_jobs_repository.go:48.16,50.3 1 0
github.com/baaaki/mydreamcampus/student-service/internal/repository/import_jobs_repository.go:51.2,51.12 1 0
github.com/baaaki/mydreamcampus/student-service/internal/repository/import_jobs_repository.go:55.124,57.16 2 0
github.com/baaaki/mydreamcampus/student-service/internal/repository/import_jobs_repository.go:57.16,59.3 1 0
github.com/baaaki/mydreamcampus/student-service/internal/repository/import_jobs_repository.go:60.2,60.12 1 0
github.com/baaaki/mydreamcampus/student-service/internal/repository/import_jobs_repository.go:64.91,66.16 2 0
github.com/baaaki/mydreamcampus/student-service/internal/repository/import_jobs_repository.go:66.16,68.3 1 0
github.com/baaaki/mydreamcampus/student-service/internal/repository/import_jobs_repository.go:69.2,69.12 1 0
github.com/baaaki/mydreamcampus/student-service/internal/repository/import_jobs_repository.go:73.87,75.16 2 0
github.com/baaaki/mydreamcampus/student-service/internal/repository/import_jobs_repository.go:75.16,77.3 1 0
github.com/baaaki/mydreamcampus/student-service/internal/repository/import_jobs_repository.go:78.2,78.12 1 0
github.com/baaaki/mydreamcampus/student-service/internal/repository/import_jobs_repository.go:82.144,85.16 2 0
github.com/baaaki/mydreamcampus/student-service/internal/repository/import_jobs_repository.go:85.16,87.3 1 0
github.com/baaaki/mydreamcampus/student-service/internal/repository/import_jobs_repository.go:90.2,95.16 2 0
github.com/baaaki/mydreamcampus/student-service/internal/repository/import_jobs_repository.go:95.16,97.3 1 0
github.com/baaaki/mydreamcampus/student-service/internal/repository/import_jobs_repository.go:99.2,99.25 1 0
github.com/baaaki/mydreamcampus/student-service/internal/repository/import_repository.go:20.64,25.2 1 0
github.com/baaaki/mydreamcampus/student-service/internal/repository/import_repository.go:28.120,30.16 2 0
github.com/baaaki/mydreamcampus/student-service/internal/repository/import_repository.go:30.16,32.3 1 0
github.com/baaaki/mydreamcampus/student-service/internal/repository/import_repository.go:33.2,33.17 1 0
github.com/baaaki/mydreamcampus/student-service/internal/repository/import_repository.go:37.102,39.16 2 0
github.com/baaaki/mydreamcampus/student-service/internal/repository/import_repository.go:39.16,41.3 1 0
github.com/baaaki/mydreamcampus/student-service/internal/repository/import_repository.go:42.2,42.17 1 0
github.com/baaaki/mydreamcampus/student-service/internal/repository/import_repository.go:46.120,48.16 2 0
github.com/baaaki/mydreamcampus/student-service/internal/repository/import_repository.go:48.16,50.3 1 0
github.com/baaaki/mydreamcampus/student-service/internal/repository/import_repository.go:51.2,51.12 1 0
github.com/baaaki/mydreamcampus/student-service/internal/repository/import_repository.go:55.84,57.16 2 0
github.com/baaaki/mydreamcampus/student-service/internal/repository/import_repository.go:57.16,59.3 1 0
github.com/baaaki/mydreamcampus/student-service/internal/repository/import_repository.go:60.2,60.12 1 0
github.com/baaaki/mydreamcampus/student-service/internal/repository/import_repository.go:64.87,66.16 2 0
github.com/baaaki/mydreamcampus/student-service/internal/repository/import_repository.go:66.16,68.3 1 0
github.com/baaaki/mydreamcampus/student-service/internal/repository/import_repository.go:69.2,69.12 1 0
github.com/baaaki/mydreamcampus/student-service/internal/repository/import_repository.go:73.83,75.16 2 0
github.com/baaaki/mydreamcampus/student-service/internal/repository/import_repository.go:75.16,77.3 1 0
github.com/baaaki/mydreamcampus/student-service/internal/repository/import_repository.go:78.2,78.12 1 0
github.com/baaaki/mydreamcampus/student-service/internal/repository/import_repository.go:82.140,85.16 2 0
github.com/baaaki/mydreamcampus/student-service/internal/repository/import_repository.go:85.16,87.3 1 0
github.com/baaaki/mydreamcampus/student-service/internal/repository/import_repository.go:90.2,95.16 2 0
github.com/baaaki/mydreamcampus/student-service/internal/repository/import_repository.go:95.16,97.3 1 0
github.com/baaaki/mydreamcampus/student-service/internal/repository/import_repository.go:99.2,99.25 1 0
github.com/baaaki/mydreamcampus/student-service/internal/repository/import_repository.go:103.109,106.16 2 0
github.com/baaaki/mydreamcampus/student-service/internal/repository/import_repository.go:106.16,108.3 1 0
github.com/baaaki/mydreamcampus/student-service/internal/repository/import_repository.go:109.2,115.35 4 0
github.com/baaaki/mydreamcampus/student-service/internal/repository/import_repository.go:115.35,127.3 1 0
github.com/baaaki/mydreamcampus/student-service/internal/repository/import_repository.go:130.2,136.16 2 0
github.com/baaaki/mydreamcampus/student-service/internal/repository/import_repository.go:136.16,138.3 1 0
github.com/baaaki/mydreamcampus/student-service/internal/repository/import_repository.go:140.2,140.39 1 0
github.com/baaaki/mydreamcampus/student-service/internal/repository/import_repository.go:140.39,142.3 1 0
github.com/baaaki/mydreamcampus/student-service/internal/repository/import_repository.go:144.2,144.39 1 0
github.com/baaaki/mydreamcampus/student-service/internal/repository/import_repository.go:144.39,146.3 1 0
github.com/baaaki/mydreamcampus/student-service/internal/repository/import_repository.go:148.2,148.12 1 0
github.com/baaaki/mydreamcampus/student-service/internal/repository/outbox_repository.go:19.64,24.2 1 0
github.com/baaaki/mydreamcampus/student-service/internal/repository/outbox_repository.go:27.105,29.16 2 0
github.com/baaaki/mydreamcampus/student-service/internal/repository/outbox_repository.go:29.16,31.3 1 0
github.com/baaaki/mydreamcampus/student-service/internal/repository/outbox_repository.go:32.2,32.20 1 0
github.com/baaaki/mydreamcampus/student-service/internal/repository/outbox_repository.go:36.88,38.16 2 0
github.com/baaaki/mydreamcampus/student-service/internal/repository/outbox_repository.go:38.16,40.3 1 0
github.com/baaaki/mydreamcampus/student-service/internal/repository/outbox_repository.go:41.2,41.12 1 0
github.com/baaaki/mydreamcampus/student-service/internal/repository/outbox_repository.go:45.106,50.16 2 0
github.com/baaaki/mydreamcampus/student-service/internal/repository/outbox_repository.go:50.16,52.3 1 0
github.com/baaaki/mydreamcampus/student-service/internal/repository/outbox_repository.go:53.2,53.12 1 0
github.com/baaaki/mydreamcampus/student-service/internal/repository/outbox_repository.go:57.104,59.16 2 0
github.com/baaaki/mydreamcampus/student-service/internal/repository/outbox_repository.go:59.16,61.3 1 0
github.com/baaaki/mydreamcampus/student-service/internal/repository/outbox_repository.go:62.2,62.20 1 0
github.com/baaaki/mydreamcampus/student-service/internal/repository/outbox_repository.go:66.86,68.16 2 0
github.com/baaaki/mydreamcampus/student-service/internal/repository/outbox_repository.go:68.16,70.3 1 0
github.com/baaaki/mydreamcampus/student-service/internal/repository/outbox_repository.go:71.2,71.12 1 0
github.com/baaaki/mydreamcampus/student-service/internal/repository/processed_events_repository.go:17.82,22.2 1 0
github.com/baaaki/mydreamcampus/student-service/internal/repository/processed_events_repository.go:25.105,27.16 2 0
github.com/baaaki/mydreamcampus/student-service/internal/repository/processed_events_repository.go:27.16,29.3 1 0
github.com/baaaki/mydreamcampus/student-service/internal/repository/processed_events_repository.go:30.2,30.23 1 0
github.com/baaaki/mydreamcampus/student-service/internal/repository/processed_events_repository.go:34.110,39.16 2 0
github.com/baaaki/mydreamcampus/student-service/internal/repository/processed_events_repository.go:39.16,41.3 1 0
github.com/baaaki/mydreamcampus/student-service/internal/repository/processed_events_repository.go:42.2,42.12 1 0
github.com/baaaki/mydreamcampus/student-service/internal/repository/processed_events_repository.go:46.89,48.16 2 0
github.com/baaaki/mydreamcampus/student-service/internal/repository/processed_events_repository.go:48.16,50.3 1 0
github.com/baaaki/mydreamcampus/student-service/internal/repository/processed_events_repository.go:51.2,51.12 1 0
github.com/baaaki/mydreamcampus/student-service/internal/repository/student_repository.go:25.66,30.2 1 0
github.com/baaaki/mydreamcampus/student-service/internal/repository/student_repository.go:33.68,52.2 1 0
github.com/baaaki/mydreamcampus/student-service/internal/repository/student_repository.go:54.70,73.2 1 0
github.com/baaaki/mydreamcampus/student-service/internal/repository/student_repository.go:75.76,94.2 1 0
github.com/baaaki/mydreamcampus/student-service/internal/repository/student_repository.go:96.78,115.2 1 0
github.com/baaaki/mydreamcampus/student-service/internal/repository/student_repository.go:117.68,136.2 1 0
github.com/baaaki/mydreamcampus/student-service/internal/repository/student_repository.go:138.73,140.27 2 0
github.com/baaaki/mydreamcampus/student-service/internal/repository/student_repository.go:140.27,159.3 1 0
github.com/baaaki/mydreamcampus/student-service/internal/repository/student_repository.go:160.2,160.17 1 0
github.com/baaaki/mydreamcampus/student-service/internal/repository/student_repository.go:163.91,165.27 2 0
github.com/baaaki/mydreamcampus/student-service/internal/repository/student_repository.go:165.27,184.3 1 0
github.com/baaaki/mydreamcampus/student-service/internal/repository/student_repository.go:185.2,185.17 1 0
github.com/baaaki/mydreamcampus/student-service/internal/repository/student_repository.go:188.89,190.27 2 0
github.com/baaaki/mydreamcampus/student-service/internal/repository/student_repository.go:190.27,209.3 1 0
github.com/baaaki/mydreamcampus/student-service/internal/repository/student_repository.go:210.2,210.17 1 0
github.com/baaaki/mydreamcampus/student-service/internal/repository/student_repository.go:213.77,215.27 2 0
github.com/baaaki/mydreamcampus/student-service/internal/repository/student_repository.go:215.27,234.3 1 0
github.com/baaaki/mydreamcampus/student-service/internal/repository/student_repository.go:235.2,235.17 1 0
github.com/baaaki/mydreamcampus/student-service/internal/repository/student_repository.go:238.97,240.27 2 0
github.com/baaaki/mydreamcampus/student-service/internal/repository/student_repository.go:240.27,259.3 1 0
github.com/baaaki/mydreamcampus/student-service/internal/repository/student_repository.go:260.2,260.17 1 0
github.com/baaaki/mydreamcampus/student-service/internal/repository/student_repository.go:264.153,266.16 2 0
github.com/baaaki/mydreamcampus/student-service/internal/repository/student_repository.go:266.16,268.3 1 0
github.com/baaaki/mydreamcampus/student-service/internal/repository/student_repository.go:269.2,275.16 4 0
github.com/baaaki/mydreamcampus/student-service/internal/repository/student_repository.go:275.16,277.46 1 0
github.com/baaaki/mydreamcampus/student-service/internal/repository/student_repository.go:277.46,278.30 1 0
github.com/baaaki/mydreamcampus/student-service/internal/repository/student_repository.go:278.30,279.63 1 0
github.com/baaaki/mydreamcampus/student-service/internal/repository/student_repository.go:279.63,281.6 1 0
github.com/baaaki/mydreamcampus/student-service/internal/repository/student_repository.go:282.5,282.54 1 0
github.com/baaaki/mydreamcampus/student-service/internal/repository/student_repository.go:282.54,284.6 1 0
github.com/baaaki/mydreamcampus/student-service/internal/repository/student_repository.go:287.3,287.104 1 0
github.com/baaaki/mydreamcampus/student-service/internal/repository/student_repository.go:291.2,295.16 3 0
github.com/baaaki/mydreamcampus/student-service/internal/repository/student_repository.go:295.16,297.3 1 0
github.com/baaaki/mydreamcampus/student-service/internal/repository/student_repository.go:298.2,303.16 2 0
github.com/baaaki/mydreamcampus/student-service/internal/repository/student_repository.go:303.16,305.3 1 0
github.com/baaaki/mydreamcampus/student-service/internal/repository/student_repository.go:307.2,307.39 1 0
github.com/baaaki/mydreamcampus/student-service/internal/repository/student_repository.go:307.39,309.3 1 0
github.com/baaaki/mydreamcampus/student-service/internal/repository/student_repository.go:311.2,311.48 1 0
github.com/baaaki/mydreamcampus/student-service/internal/repository/student_repository.go:315.99,317.16 2 0
github.com/baaaki/mydreamcampus/student-service/internal/repository/student_repository.go:317.16,318.27 1 0
github.com/baaaki/mydreamcampus/student-service/internal/repository/student_repository.go:318.27,320.4 1 0
github.com/baaaki/mydreamcampus/student-service/internal/repository/student_repository.go:321.3,321.101 1 0
github.com/baaaki/mydreamcampus/student-service/internal/repository/student_repository.go:323.2,323.49 1 0
github.com/baaaki/mydreamcampus/student-service/internal/repository/student_repository.go:328.102,330.16 2 0
github.com/baaaki/mydreamcampus/student-service/internal/repository/student_repository.go:330.16,331.27 1 0
github.com/baaaki/mydreamcampus/student-service/internal/repository/student_repository.go:331.27,333.4 1 0
github.com/baaaki/mydreamcampus/student-service/internal/repository/student_repository.go:334.3,334.122 1 0
github.com/baaaki/mydreamcampus/student-service/internal/repository/student_repository.go:336.2,336.52 1 0
github.com/baaaki/mydreamcampus/student-service/internal/repository/student_repository.go:341.111,343.16 2 0
github.com/baaaki/mydreamcampus/student-service/internal/repository/student_repository.go:343.16,344.27 1 0
github.com/baaaki/mydreamcampus/student-service/internal/repository/student_repository.go:344.27,346.4 1 0
github.com/baaaki/mydreamcampus/student-service/internal/repository/student_repository.go:347.3,347.123 1 0
github.com/baaaki/mydreamcampus/student-service/internal/repository/student_repository.go:349.2,349.53 1 0
github.com/baaaki/mydreamcampus/student-service/internal/repository/student_repository.go:353.167,355.16 2 0
github.com/baaaki/mydreamcampus/student-service/internal/repository/student_repository.go:355.16,357.3 1 0
github.com/baaaki/mydreamcampus/student-service/internal/repository/student_repository.go:358.2,364.16 4 0
github.com/baaaki/mydreamcampus/student-service/internal/repository/student_repository.go:364.16,365.27 1 0
github.com/baaaki/mydreamcampus/student-service/internal/repository/student_repository.go:365.27,367.4 1 0
github.com/baaaki/mydreamcampus/student-service/internal/repository/student_repository.go:368.3,368.104 1 0
github.com/baaaki/mydreamcampus/student-service/internal/repository/student_repository.go:372.2,373.16 2 0
github.com/baaaki/mydreamcampus/student-service/internal/repository/student_repository.go:373.16,375.3 1 0
github.com/baaaki/mydreamcampus/student-service/internal/repository/student_repository.go:376.2,381.16 2 0
github.com/baaaki/mydreamcampus/student-service/internal/repository/student_repository.go:381.16,383.3 1 0
github.com/baaaki/mydreamcampus/student-service/internal/repository/student_repository.go:385.2,385.39 1 0
github.com/baaaki/mydreamcampus/student-service/internal/repository/student_repository.go:385.39,387.3 1 0
github.com/baaaki/mydreamcampus/student-service/internal/repository/student_repository.go:389.2,389.48 1 0
github.com/baaaki/mydreamcampus/student-service/internal/repository/student_repository.go:393.126,395.16 2 0
github.com/baaaki/mydreamcampus/student-service/internal/repository/student_repository.go:395.16,397.3 1 0
github.com/baaaki/mydreamcampus/student-service/internal/repository/student_repository.go:398.2,404.16 4 0
github.com/baaaki/mydreamcampus/student-service/internal/repository/student_repository.go:404.16,405.27 1 0
github.com/baaaki/mydreamcampus/student-service/internal/repository/student_repository.go:405.27,407.4 1 0
github.com/baaaki/mydreamcampus/student-service/internal/repository/student_repository.go:408.3,408.90 1 0
github.com/baaaki/mydreamcampus/student-service/internal/repository/student_repository.go:412.2,413.16 2 0
github.com/baaaki/mydreamcampus/student-service/internal/repository/student_repository.go:413.16,415.3 1 0
github.com/baaaki/mydreamcampus/student-service/internal/repository/student_repository.go:416.2,421.16 2 0
github.com/baaaki/mydreamcampus/student-service/internal/repository/student_repository.go:421.16,423.3 1 0
github.com/baaaki/mydreamcampus/student-service/internal/repository/student_repository.go:425.2,425.39 1 0
github.com/baaaki/mydreamcampus/student-service/internal/repository/student_repository.go:425.39,427.3 1 0
github.com/baaaki/mydreamcampus/student-service/internal/repository/student_repository.go:429.2,429.12 1 0
github.com/baaaki/mydreamcampus/student-service/internal/repository/student_repository.go:433.123,435.16 2 0
github.com/baaaki/mydreamcampus/student-service/internal/repository/student_repository.go:435.16,437.3 1 0
github.com/baaaki/mydreamcampus/student-service/internal/repository/student_repository.go:438.2,438.50 1 0
github.com/baaaki/mydreamcampus/student-service/internal/repository/student_repository.go:442.79,444.16 2 0
github.com/baaaki/mydreamcampus/student-service/internal/repository/student_repository.go:444.16,446.3 1 0
github.com/baaaki/mydreamcampus/student-service/internal/repository/student_repository.go:447.2,447.19 1 0
github.com/baaaki/mydreamcampus/student-service/internal/repository/student_repository.go:451.115,453.16 2 0
github.com/baaaki/mydreamcampus/student-service/internal/repository/student_repository.go:453.16,455.3 1 0
github.com/baaaki/mydreamcampus/student-service/internal/repository/student_repository.go:456.2,456.59 1 0
github.com/baaaki/mydreamcampus/student-service/internal/repository/student_repository.go:460.121,463.16 2 0
github.com/baaaki/mydreamcampus/student-service/internal/repository/student_repository.go:463.16,465.3 1 0
github.com/baaaki/mydreamcampus/student-service/internal/repository/student_repository.go:468.2,472.16 2 0
github.com/baaaki/mydreamcampus/student-service/internal/repository/student_repository.go:472.16,474.3 1 0
github.com/baaaki/mydreamcampus/student-service/internal/repository/student_repository.go:476.2,476.65 1 0
github.com/baaaki/mydreamcampus/student-service/internal/repository/student_repository.go:480.171,482.16 2 0
github.com/baaaki/mydreamcampus/student-service/internal/repository/student_repository.go:482.16,484.3 1 0
github.com/baaaki/mydreamcampus/student-service/internal/repository/student_repository.go:485.2,491.32 4 0
github.com/baaaki/mydreamcampus/student-service/internal/repository/student_repository.go:491.32,493.3 1 0
github.com/baaaki/mydreamcampus/student-service/internal/repository/student_repository.go:496.2,501.16 2 0
github.com/baaaki/mydreamcampus/student-service/internal/repository/student_repository.go:501.16,503.3 1 0
github.com/baaaki/mydreamcampus/student-service/internal/repository/student_repository.go:506.2,506.45 1 0
github.com/baaaki/mydreamcampus/student-service/internal/repository/student_repository.go:506.45,508.17 2 0
github.com/baaaki/mydreamcampus/student-service/internal/repository/student_repository.go:508.17,510.4 1 0
github.com/baaaki/mydreamcampus/student-service/internal/repository/student_repository.go:511.3,516.17 2 0
github.com/baaaki/mydreamcampus/student-service/internal/repository/student_repository.go:516.17,518.4 1 0
github.com/baaaki/mydreamcampus/student-service/internal/repository/student_repository.go:521.2,521.39 1 0
github.com/baaaki/mydreamcampus/student-service/internal/repository/student_repository.go:521.39,523.3 1 0
github.com/baaaki/mydreamcampus/student-service/internal/repository/student_repository.go:525.2,525.12 1 0
github.com/baaaki/mydreamcampus/student-service/internal/repository/student_repository.go:529.100,531.16 2 0
github.com/baaaki/mydreamcampus/student-service/internal/repository/student_repository.go:531.16,533.3 1 0
github.com/baaaki/mydreamcampus/student-service/internal/repository/student_repository.go:534.2,534.12 1 0
github.com/baaaki/mydreamcampus/student-service/internal/repository/student_repository.go:538.143,540.16 2 0
github.com/baaaki/mydreamcampus/student-service/internal/repository/student_repository.go:540.16,542.3 1 0
github.com/baaaki/mydreamcampus/student-service/internal/repository/student_repository.go:543.2,549.16 4 0
github.com/baaaki/mydreamcampus/student-service/internal/repository/student_repository.go:549.16,551.3 1 0
github.com/baaaki/mydreamcampus/student-service/internal/repository/student_repository.go:554.2,558.16 2 0
github.com/baaaki/mydreamcampus/student-service/internal/repository/student_repository.go:558.16,560.3 1 0
github.com/baaaki/mydreamcampus/student-service/internal/repository/student_repository.go:562.2,562.39 1 0
github.com/baaaki/mydreamcampus/student-service/internal/repository/student_repository.go:562.39,564.3 1 0
github.com/baaaki/mydreamcampus/student-service/internal/repository/student_repository.go:566.2,566.12 1 0
github.com/baaaki/mydreamcampus/student-service/internal/repository/student_repository.go:570.119,572.16 2 0
github.com/baaaki/mydreamcampus/student-service/internal/repository/student_repository.go:572.16,574.3 1 0
github.com/baaaki/mydreamcampus/student-service/internal/repository/student_repository.go:575.2,575.52 1 0
github.com/baaaki/mydreamcampus/student-service/internal/repository/student_repository.go:579.116,581.16 2 0
github.com/baaaki/mydreamcampus/student-service/internal/repository/student_repository.go:581.16,583.3 1 0
github.com/baaaki/mydreamcampus/student-service/internal/repository/student_repository.go:584.2,584.62 1 0
github.com/baaaki/mydreamcampus/student-service/internal/worker/event_consumer.go:26.18,32.2 1 0
github.com/baaaki/mydreamcampus/student-service/internal/worker/event_consumer.go:35.58,39.83 2 0
github.com/baaaki/mydreamcampus/student-service/internal/worker/event_consumer.go:39.83,41.3 1 0
github.com/baaaki/mydreamcampus/student-service/internal/worker/event_consumer.go:42.2,42.16 1 0
github.com/baaaki/mydreamcampus/student-service/internal/worker/event_consumer.go:42.16,44.3 1 0
github.com/baaaki/mydreamcampus/student-service/internal/worker/event_consumer.go:46.2,47.12 2 0
github.com/baaaki/mydreamcampus/student-service/internal/worker/event_consumer.go:51.82,56.63 3 0
github.com/baaaki/mydreamcampus/student-service/internal/worker/event_consumer.go:56.63,61.3 2 0
github.com/baaaki/mydreamcampus/student-service/internal/worker/event_consumer.go:64.2,65.16 2 0
github.com/baaaki/mydreamcampus/student-service/internal/worker/event_consumer.go:65.16,71.3 2 0
github.com/baaaki/mydreamcampus/student-service/internal/worker/event_consumer.go:73.2,73.15 1 0
github.com/baaaki/mydreamcampus/student-service/internal/worker/event_consumer.go:73.15,79.3 2 0
github.com/baaaki/mydreamcampus/student-service/internal/worker/event_consumer.go:82.2,82.32 1 0
github.com/baaaki/mydreamcampus/student-service/internal/worker/event_consumer.go:83.36,84.70 1 0
github.com/baaaki/mydreamcampus/student-service/internal/worker/event_consumer.go:85.10,89.13 2 0
github.com/baaaki/mydreamcampus/student-service/internal/worker/event_consumer.go:94.107,96.56 2 0
github.com/baaaki/mydreamcampus/student-service/internal/worker/event_consumer.go:96.56,101.3 2 0
github.com/baaaki/mydreamcampus/student-service/internal/worker/event_consumer.go:103.2,110.16 3 0
github.com/baaaki/mydreamcampus/student-service/internal/worker/event_consumer.go:110.16,116.3 2 0
github.com/baaaki/mydreamcampus/student-service/internal/worker/event_consumer.go:118.2,123.12 2 0
github.com/baaaki/mydreamcampus/student-service/internal/worker/event_consumer.go:127.61,139.16 3 0
github.com/baaaki/mydreamcampus/student-service/internal/worker/event_consumer.go:139.16,141.3 1 0
github.com/baaaki/mydreamcampus/student-service/internal/worker/event_consumer.go:144.2,151.16 2 0
github.com/baaaki/mydreamcampus/student-service/internal/worker/event_consumer.go:151.16,153.3 1 0
github.com/baaaki/mydreamcampus/student-service/internal/worker/event_consumer.go:155.2,160.12 2 0
github.com/baaaki/mydreamcampus/student-service/internal/worker/outbox_worker.go:28.17,35.2 1 0
github.com/baaaki/mydreamcampus/student-service/internal/worker/outbox_worker.go:38.51,50.6 5 0
github.com/baaaki/mydreamcampus/student-service/internal/worker/outbox_worker.go:50.6,51.10 1 0
github.com/baaaki/mydreamcampus/student-service/internal/worker/outbox_worker.go:52.21,54.10 2 0
github.com/baaaki/mydreamcampus/student-service/internal/worker/outbox_worker.go:55.19,56.24 1 0
github.com/baaaki/mydreamcampus/student-service/internal/worker/outbox_worker.go:62.59,64.16 2 0
github.com/baaaki/mydreamcampus/student-service/internal/worker/outbox_worker.go:64.16,69.3 2 0
github.com/baaaki/mydreamcampus/student-service/internal/worker/outbox_worker.go:71.2,71.22 1 0
github.com/baaaki/mydreamcampus/student-service/internal/worker/outbox_worker.go:71.22,74.3 1 0
github.com/baaaki/mydreamcampus/student-service/internal/worker/outbox_worker.go:76.2,83.31 4 0
github.com/baaaki/mydreamcampus/student-service/internal/worker/outbox_worker.go:83.31,88.65 3 0
github.com/baaaki/mydreamcampus/student-service/internal/worker/outbox_worker.go:88.65,95.12 4 0
github.com/baaaki/mydreamcampus/student-service/internal/worker/outbox_worker.go:99.3,111.17 4 0
github.com/baaaki/mydreamcampus/student-service/internal/worker/outbox_worker.go:111.17,120.12 4 0
github.com/baaaki/mydreamcampus/student-service/internal/worker/outbox_worker.go:124.3,125.17 2 0
github.com/baaaki/mydreamcampus/student-service/internal/worker/outbox_worker.go:125.17,131.12 3 0
github.com/baaaki/mydreamcampus/student-service/internal/worker/outbox_worker.go:134.3,138.17 2 0
github.com/baaaki/mydreamcampus/student-service/internal/worker/outbox_worker.go:141.2,148.28 2 0
github.com/baaaki/mydreamcampus/student-service/internal/worker/outbox_worker.go:152.65,154.16 2 0
github.com/baaaki/mydreamcampus/student-service/internal/worker/outbox_worker.go:154.16,159.3 2 0
github.com/baaaki/mydreamcampus/student-service/internal/worker/outbox_worker.go:161.2,161.22 1 0
github.com/baaaki/mydreamcampus/student-service/internal/worker/outbox_worker.go:161.22,163.3 1 0
github.com/baaaki/mydreamcampus/student-service/internal/worker/outbox_worker.go:165.2,169.31 2 0
github.com/baaaki/mydreamcampus/student-service/internal/worker/outbox_worker.go:169.31,173.55 2 0
github.com/baaaki/mydreamcampus/student-service/internal/worker/outbox_worker.go:173.55,178.12 2 0
github.com/baaaki/mydreamcampus/student-service/internal/worker/outbox_worker.go:182.3,183.17 2 0
github.com/baaaki/mydreamcampus/student-service/internal/worker/outbox_worker.go:183.17,188.12 2 0
github.com/baaaki/mydreamcampus/student-service/internal/worker/outbox_worker.go:191.3,194.4 1 0
github.com/baaaki/mydreamcampus/student-service/internal/worker/outbox_worker.go:199.63,200.19 1 0
github.com/baaaki/mydreamcampus/student-service/internal/worker/outbox_worker.go:201.34,202.41 1 0
github.com/baaaki/mydreamcampus/student-service/internal/worker/outbox_worker.go:203.34,204.41 1 0
github.com/baaaki/mydreamcampus/student-service/internal/worker/outbox_worker.go:205.38,206.45 1 0
github.com/baaaki/mydreamcampus/student-service/internal/worker/outbox_worker.go:207.10,209.19 1 0
github.com/baaaki/mydreamcampus/student-service/internal/handler/student_handler.go:29.111,34.2 1 0
github.com/baaaki/mydreamcampus/student-service/internal/handler/student_handler.go:37.56,48.47 5 0
github.com/baaaki/mydreamcampus/student-service/internal/handler/student_handler.go:48.47,57.3 3 0
github.com/baaaki/mydreamcampus/student-service/internal/handler/student_handler.go:59.2,65.16 3 0
github.com/baaaki/mydreamcampus/student-service/internal/handler/student_handler.go:65.16,67.9 2 0
github.com/baaaki/mydreamcampus/student-service/internal/handler/student_handler.go:67.9,76.4 3 0
github.com/baaaki/mydreamcampus/student-service/internal/handler/student_handler.go:77.3,84.9 3 0
github.com/baaaki/mydreamcampus/student-service/internal/handler/student_handler.go:87.2,91.38 2 0
github.com/baaaki/mydreamcampus/student-service/internal/handler/student_handler.go:95.57,111.16 7 0
github.com/baaaki/mydreamcampus/student-service/internal/handler/student_handler.go:111.16,113.9 2 0
github.com/baaaki/mydreamcampus/student-service/internal/handler/student_handler.go:113.9,122.4 3 0
github.com/baaaki/mydreamcampus/student-service/internal/handler/student_handler.go:123.3,130.9 3 0
github.com/baaaki/mydreamcampus/student-service/internal/handler/student_handler.go:133.2,134.33 2 0
github.com/baaaki/mydreamcampus/student-service/internal/handler/student_handler.go:138.56,152.47 6 0
github.com/baaaki/mydreamcampus/student-service/internal/handler/student_handler.go:152.47,161.3 3 0
github.com/baaaki/mydreamcampus/student-service/internal/handler/student_handler.go:163.2,166.16 3 0
github.com/baaaki/mydreamcampus/student-service/internal/handler/student_handler.go:166.16,168.9 2 0
github.com/baaaki/mydreamcampus/student-service/internal/handler/student_handler.go:168.9,177.4 3 0
github.com/baaaki/mydreamcampus/student-service/internal/handler/student_handler.go:178.3,185.9 3 0
github.com/baaaki/mydreamcampus/student-service/internal/handler/student_handler.go:188.2,190.33 2 0
github.com/baaaki/mydreamcampus/student-service/internal/handler/student_handler.go:194.56,205.16 6 0
github.com/baaaki/mydreamcampus/student-service/internal/handler/student_handler.go:205.16,207.9 2 0
github.com/baaaki/mydreamcampus/student-service/internal/handler/student_handler.go:207.9,213.4 2 0
github.com/baaaki/mydreamcampus/student-service/internal/handler/student_handler.go:214.3,218.9 2 0
github.com/baaaki/mydreamcampus/student-service/internal/handler/student_handler.go:221.2,227.4 2 0
github.com/baaaki/mydreamcampus/student-service/internal/handler/student_handler.go:231.55,236.50 4 0
github.com/baaaki/mydreamcampus/student-service/internal/handler/student_handler.go:236.50,246.3 3 0
github.com/baaaki/mydreamcampus/student-service/internal/handler/student_handler.go:249.2,249.21 1 0
github.com/baaaki/mydreamcampus/student-service/internal/handler/student_handler.go:249.21,251.3 1 0
github.com/baaaki/mydreamcampus/student-service/internal/handler/student_handler.go:252.2,252.22 1 0
github.com/baaaki/mydreamcampus/student-service/internal/handler/student_handler.go:252.22,254.3 1 0
github.com/baaaki/mydreamcampus/student-service/internal/handler/student_handler.go:255.2,255.32 1 0
github.com/baaaki/mydreamcampus/student-service/internal/handler/student_handler.go:255.32,257.3 1 0
github.com/baaaki/mydreamcampus/student-service/internal/handler/student_handler.go:258.2,258.21 1 0
github.com/baaaki/mydreamcampus/student-service/internal/handler/student_handler.go:258.21,260.3 1 0
github.com/baaaki/mydreamcampus/student-service/internal/handler/student_handler.go:262.2,268.16 3 0
github.com/baaaki/mydreamcampus/student-service/internal/handler/student_handler.go:268.16,270.9 2 0
github.com/baaaki/mydreamcampus/student-service/internal/handler/student_handler.go:270.9,276.4 2 0
github.com/baaaki/mydreamcampus/student-service/internal/handler/student_handler.go:277.3,281.9 2 0
github.com/baaaki/mydreamcampus/student-service/internal/handler/student_handler.go:284.2,284.33 1 0
github.com/baaaki/mydreamcampus/student-service/internal/handler/student_handler.go:288.56,294.13 4 0
github.com/baaaki/mydreamcampus/student-service/internal/handler/student_handler.go:294.13,300.3 2 0
github.com/baaaki/mydreamcampus/student-service/internal/handler/student_handler.go:302.2,303.16 2 0
github.com/baaaki/mydreamcampus/student-service/internal/handler/student_handler.go:303.16,309.3 2 0
github.com/baaaki/mydreamcampus/student-service/internal/handler/student_handler.go:311.2,316.16 3 0
github.com/baaaki/mydreamcampus/student-service/internal/handler/student_handler.go:316.16,318.9 2 0
github.com/baaaki/mydreamcampus/student-service/internal/handler/student_handler.go:318.9,324.4 2 0
github.com/baaaki/mydreamcampus/student-service/internal/handler/student_handler.go:325.3,329.9 2 0
github.com/baaaki/mydreamcampus/student-service/internal/handler/student_handler.go:332.2,332.33 1 0
github.com/baaaki/mydreamcampus/student-service/internal/handler/student_handler.go:336.63,341.50 4 0
github.com/baaaki/mydreamcampus/student-service/internal/handler/student_handler.go:341.50,351.3 3 0
github.com/baaaki/mydreamcampus/student-service/internal/handler/student_handler.go:354.2,354.21 1 0
github.com/baaaki/mydreamcampus/student-service/internal/handler/student_handler.go:354.21,356.3 1 0
github.com/baaaki/mydreamcampus/student-service/internal/handler/student_handler.go:357.2,357.22 1 0
github.com/baaaki/mydreamcampus/student-service/internal/handler/student_handler.go:357.22,359.3 1 0
github.com/baaaki/mydreamcampus/student-service/internal/handler/student_handler.go:360.2,360.32 1 0
github.com/baaaki/mydreamcampus/student-service/internal/handler/student_handler.go:360.32,362.3 1 0
github.com/baaaki/mydreamcampus/student-service/internal/handler/student_handler.go:363.2,363.21 1 0
github.com/baaaki/mydreamcampus/student-service/internal/handler/student_handler.go:363.21,365.3 1 0
github.com/baaaki/mydreamcampus/student-service/internal/handler/student_handler.go:367.2,373.16 3 0
github.com/baaaki/mydreamcampus/student-service/internal/handler/student_handler.go:373.16,375.9 2 0
github.com/baaaki/mydreamcampus/student-service/internal/handler/student_handler.go:375.9,381.4 2 0
github.com/baaaki/mydreamcampus/student-service/internal/handler/student_handler.go:382.3,386.9 2 0
github.com/baaaki/mydreamcampus/student-service/internal/handler/student_handler.go:389.2,389.33 1 0
github.com/baaaki/mydreamcampus/student-service/internal/handler/student_handler.go:393.60,398.47 4 0
github.com/baaaki/mydreamcampus/student-service/internal/handler/student_handler.go:398.47,408.3 3 0
github.com/baaaki/mydreamcampus/student-service/internal/handler/student_handler.go:410.2,416.16 3 0
github.com/baaaki/mydreamcampus/student-service/internal/handler/student_handler.go:416.16,418.9 2 0
github.com/baaaki/mydreamcampus/student-service/internal/handler/student_handler.go:418.9,424.4 2 0
github.com/baaaki/mydreamcampus/student-service/internal/handler/student_handler.go:425.3,429.9 2 0
github.com/baaaki/mydreamcampus/student-service/internal/handler/student_handler.go:432.2,436.33 2 0
github.com/baaaki/mydreamcampus/student-service/internal/handler/student_handler.go:440.57,445.47 4 0
github.com/baaaki/mydreamcampus/student-service/internal/handler/student_handler.go:445.47,455.3 3 0
github.com/baaaki/mydreamcampus/student-service/internal/handler/student_handler.go:457.2,463.16 3 0
github.com/baaaki/mydreamcampus/student-service/internal/handler/student_handler.go:463.16,465.9 2 0
github.com/baaaki/mydreamcampus/student-service/internal/handler/student_handler.go:465.9,471.4 2 0
github.com/baaaki/mydreamcampus/student-service/internal/handler/student_handler.go:472.3,476.9 2 0
github.com/baaaki/mydreamcampus/student-service/internal/handler/student_handler.go:479.2,484.33 2 0
github.com/baaaki/mydreamcampus/student-service/internal/handler/student_handler.go:488.53,494.16 4 0
github.com/baaaki/mydreamcampus/student-service/internal/handler/student_handler.go:494.16,503.3 3 0
github.com/baaaki/mydreamcampus/student-service/internal/handler/student_handler.go:504.2,511.59 4 0
github.com/baaaki/mydreamcampus/student-service/internal/handler/student_handler.go:511.59,517.3 2 0
github.com/baaaki/mydreamcampus/student-service/internal/handler/student_handler.go:520.2,530.16 5 0
github.com/baaaki/mydreamcampus/student-service/internal/handler/student_handler.go:530.16,532.9 2 0
github.com/baaaki/mydreamcampus/student-service/internal/handler/student_handler.go:532.9,538.4 2 0
github.com/baaaki/mydreamcampus/student-service/internal/handler/student_handler.go:539.3,543.9 2 0
github.com/baaaki/mydreamcampus/student-service/internal/handler/student_handler.go:546.2,554.4 2 0
github.com/baaaki/mydreamcampus/student-service/internal/handler/student_handler.go:558.61,566.13 5 0
github.com/baaaki/mydreamcampus/student-service/internal/handler/student_handler.go:566.13,572.3 2 0
github.com/baaaki/mydreamcampus/student-service/internal/handler/student_handler.go:573.2,582.16 5 0
github.com/baaaki/mydreamcampus/student-service/internal/handler/student_handler.go:582.16,584.9 2 0
github.com/baaaki/mydreamcampus/student-service/internal/handler/student_handler.go:584.9,590.4 2 0
github.com/baaaki/mydreamcampus/student-service/internal/handler/student_handler.go:591.3,595.9 2 0
github.com/baaaki/mydreamcampus/student-service/internal/handler/student_handler.go:599.2,599.75 1 0
github.com/baaaki/mydreamcampus/student-service/internal/handler/student_handler.go:599.75,605.3 2 0
github.com/baaaki/mydreamcampus/student-service/internal/handler/student_handler.go:607.2,607.33 1 0
github.com/baaaki/mydreamcampus/student-service/internal/handler/student_handler.go:611.57,616.50 4 0
github.com/baaaki/mydreamcampus/student-service/internal/handler/student_handler.go:616.50,626.3 3 0
github.com/baaaki/mydreamcampus/student-service/internal/handler/student_handler.go:629.2,637.16 5 0
github.com/baaaki/mydreamcampus/student-service/internal/handler/student_handler.go:637.16,639.9 2 0
github.com/baaaki/mydreamcampus/student-service/internal/handler/student_handler.go:639.9,645.4 2 0
github.com/baaaki/mydreamcampus/student-service/internal/handler/student_handler.go:646.3,650.9 2 0
github.com/baaaki/mydreamcampus/student-service/internal/handler/student_handler.go:653.2,653.33 1 0
github.com/baaaki/mydreamcampus/student-service/internal/service/import_service.go:32.18,38.2 1 0
github.com/baaaki/mydreamcampus/student-service/internal/service/import_service.go:41.141,48.16 4 0
github.com/baaaki/mydreamcampus/student-service/internal/service/import_service.go:48.16,53.3 2 0
github.com/baaaki/mydreamcampus/student-service/internal/service/import_service.go:56.2,57.45 2 0
github.com/baaaki/mydreamcampus/student-service/internal/service/import_service.go:57.45,63.3 2 0
github.com/baaaki/mydreamcampus/student-service/internal/service/import_service.go:66.2,70.6 4 0
github.com/baaaki/mydreamcampus/student-service/internal/service/import_service.go:70.6,72.20 2 0
github.com/baaaki/mydreamcampus/student-service/internal/service/import_service.go:72.20,73.9 1 0
github.com/baaaki/mydreamcampus/student-service/internal/service/import_service.go:75.3,75.17 1 0
github.com/baaaki/mydreamcampus/student-service/internal/service/import_service.go:75.17,82.12 4 0
github.com/baaaki/mydreamcampus/student-service/internal/service/import_service.go:86.3,87.22 2 0
github.com/baaaki/mydreamcampus/student-service/internal/service/import_service.go:87.22,90.12 3 0
github.com/baaaki/mydreamcampus/student-service/internal/service/import_service.go:93.3,94.15 2 0
github.com/baaaki/mydreamcampus/student-service/internal/service/import_service.go:97.2,105.16 3 0
github.com/baaaki/mydreamcampus/student-service/internal/service/import_service.go:105.16,110.3 2 0
github.com/baaaki/mydreamcampus/student-service/internal/service/import_service.go:112.2,123.19 4 0
github.com/baaaki/mydreamcampus/student-service/internal/service/import_service.go:127.136,129.64 1 0
github.com/baaaki/mydreamcampus/student-service/internal/service/import_service.go:129.64,135.3 2 0
github.com/baaaki/mydreamcampus/student-service/internal/service/import_service.go:137.2,143.60 2 0
github.com/baaaki/mydreamcampus/student-service/internal/service/import_service.go:143.60,148.3 1 0
github.com/baaaki/mydreamcampus/student-service/internal/service/import_service.go:151.2,155.23 4 0
github.com/baaaki/mydreamcampus/student-service/internal/service/import_service.go:155.23,156.72 1 0
github.com/baaaki/mydreamcampus/student-service/internal/service/import_service.go:156.72,163.4 3 0
github.com/baaaki/mydreamcampus/student-service/internal/service/import_service.go:163.9,169.4 2 0
github.com/baaaki/mydreamcampus/student-service/internal/service/import_service.go:173.2,174.24 2 0
github.com/baaaki/mydreamcampus/student-service/internal/service/import_service.go:174.24,176.3 1 0
github.com/baaaki/mydreamcampus/student-service/internal/service/import_service.go:178.2,184.17 1 0
github.com/baaaki/mydreamcampus/student-service/internal/service/import_service.go:184.17,188.3 1 0
github.com/baaaki/mydreamcampus/student-service/internal/service/import_service.go:191.2,191.40 1 0
github.com/baaaki/mydreamcampus/student-service/internal/service/import_service.go:191.40,193.3 1 0
github.com/baaaki/mydreamcampus/student-service/internal/service/import_service.go:193.8,195.3 1 0
github.com/baaaki/mydreamcampus/student-service/internal/service/import_service.go:197.2,201.3 1 0
github.com/baaaki/mydreamcampus/student-service/internal/service/import_service.go:205.106,208.35 2 0
github.com/baaaki/mydreamcampus/student-service/internal/service/import_service.go:208.35,210.3 1 0
github.com/baaaki/mydreamcampus/student-service/internal/service/import_service.go:213.2,213.49 1 0
github.com/baaaki/mydreamcampus/student-service/internal/service/import_service.go:213.49,216.17 2 0
github.com/baaaki/mydreamcampus/student-service/internal/service/import_service.go:216.17,221.12 2 0
github.com/baaaki/mydreamcampus/student-service/internal/service/import_service.go:224.3,224.28 1 0
github.com/baaaki/mydreamcampus/student-service/internal/service/import_service.go:224.28,228.12 2 0
github.com/baaaki/mydreamcampus/student-service/internal/service/import_service.go:232.3,232.38 1 0
github.com/baaaki/mydreamcampus/student-service/internal/service/import_service.go:232.38,235.4 2 0
github.com/baaaki/mydreamcampus/student-service/internal/service/import_service.go:237.3,241.4 1 0
github.com/baaaki/mydreamcampus/student-service/internal/service/import_service.go:244.2,244.12 1 0
github.com/baaaki/mydreamcampus/student-service/internal/service/import_service.go:248.110,250.16 2 0
github.com/baaaki/mydreamcampus/student-service/internal/service/import_service.go:250.16,252.3 1 0
github.com/baaaki/mydreamcampus/student-service/internal/service/import_service.go:254.2,255.16 2 0
github.com/baaaki/mydreamcampus/student-service/internal/service/import_service.go:255.16,261.3 2 0
github.com/baaaki/mydreamcampus/student-service/internal/service/import_service.go:263.2,263.40 1 0
github.com/baaaki/mydreamcampus/student-service/internal/service/import_service.go:267.146,271.21 3 0
github.com/baaaki/mydreamcampus/student-service/internal/service/import_service.go:271.21,273.3 1 0
github.com/baaaki/mydreamcampus/student-service/internal/service/import_service.go:274.2,274.20 1 0
github.com/baaaki/mydreamcampus/student-service/internal/service/import_service.go:274.20,276.3 1 0
github.com/baaaki/mydreamcampus/student-service/internal/service/import_service.go:278.2,279.16 2 0
github.com/baaaki/mydreamcampus/student-service/internal/service/import_service.go:279.16,284.3 2 0
github.com/baaaki/mydreamcampus/student-service/internal/service/import_service.go:286.2,287.27 2 0
github.com/baaaki/mydreamcampus/student-service/internal/service/import_service.go:287.27,289.3 1 0
github.com/baaaki/mydreamcampus/student-service/internal/service/import_service.go:291.2,299.8 1 0
github.com/baaaki/mydreamcampus/student-service/internal/service/import_service.go:305.42,308.19 2 133
github.com/baaaki/mydreamcampus/student-service/internal/service/import_service.go:308.19,310.125 2 131
github.com/baaaki/mydreamcampus/student-service/internal/service/import_service.go:310.125,312.4 1 7
github.com/baaaki/mydreamcampus/student-service/internal/service/import_service.go:314.2,314.13 1 133
github.com/baaaki/mydreamcampus/student-service/internal/service/import_service.go:317.50,318.31 1 9
github.com/baaaki/mydreamcampus/student-service/internal/service/import_service.go:318.31,320.3 1 4
github.com/baaaki/mydreamcampus/student-service/internal/service/import_service.go:321.2,321.31 1 5
github.com/baaaki/mydreamcampus/student-service/internal/service/import_service.go:321.31,322.39 1 22
github.com/baaaki/mydreamcampus/student-service/internal/service/import_service.go:322.39,324.4 1 3
github.com/baaaki/mydreamcampus/student-service/internal/service/import_service.go:326.2,326.13 1 2
github.com/baaaki/mydreamcampus/student-service/internal/service/import_service.go:329.90,330.22 1 16
github.com/baaaki/mydreamcampus/student-service/internal/service/import_service.go:330.22,332.3 1 1
github.com/baaaki/mydreamcampus/student-service/internal/service/import_service.go:335.2,335.24 1 15
github.com/baaaki/mydreamcampus/student-service/internal/service/import_service.go:335.24,337.3 1 120
github.com/baaaki/mydreamcampus/student-service/internal/service/import_service.go:340.2,341.16 2 15
github.com/baaaki/mydreamcampus/student-service/internal/service/import_service.go:341.16,343.3 1 1
github.com/baaaki/mydreamcampus/student-service/internal/service/import_service.go:346.2,347.16 2 14
github.com/baaaki/mydreamcampus/student-service/internal/service/import_service.go:347.16,349.3 1 2
github.com/baaaki/mydreamcampus/student-service/internal/service/import_service.go:351.2,351.38 1 12
github.com/baaaki/mydreamcampus/student-service/internal/service/import_service.go:351.38,353.3 1 3
github.com/baaaki/mydreamcampus/student-service/internal/service/import_service.go:355.2,365.8 1 9
github.com/baaaki/mydreamcampus/student-service/internal/service/import_service.go:368.85,370.25 2 0
github.com/baaaki/mydreamcampus/student-service/internal/service/import_service.go:370.25,372.3 1 0
github.com/baaaki/mydreamcampus/student-service/internal/service/import_service.go:373.2,373.27 1 0
github.com/baaaki/mydreamcampus/student-service/internal/service/import_service.go:373.27,375.3 1 0
github.com/baaaki/mydreamcampus/student-service/internal/service/import_service.go:378.2,381.26 3 0
github.com/baaaki/mydreamcampus/student-service/internal/service/import_service.go:381.26,383.3 1 0
github.com/baaaki/mydreamcampus/student-service/internal/service/import_service.go:385.2,386.22 2 0
github.com/baaaki/mydreamcampus/student-service/internal/service/import_service.go:386.22,388.3 1 0
github.com/baaaki/mydreamcampus/student-service/internal/service/import_service.go:390.2,404.3 1 0
github.com/baaaki/mydreamcampus/student-service/internal/service/import_service.go:407.83,409.27 2 0
github.com/baaaki/mydreamcampus/student-service/internal/service/import_service.go:409.27,411.3 1 0
github.com/baaaki/mydreamcampus/student-service/internal/service/import_service.go:413.2,414.22 2 0
github.com/baaaki/mydreamcampus/student-service/internal/service/import_service.go:414.22,416.3 1 0
github.com/baaaki/mydreamcampus/student-service/internal/service/import_service.go:418.2,427.3 1 0
github.com/baaaki/mydreamcampus/student-service/internal/service/staff_client.go:20.50,27.2 1 0
github.com/baaaki/mydreamcampus/student-service/internal/service/staff_client.go:36.105,41.16 3 0
github.com/baaaki/mydreamcampus/student-service/internal/service/staff_client.go:41.16,47.3 2 0
github.com/baaaki/mydreamcampus/student-service/internal/service/staff_client.go:49.2,50.16 2 0
github.com/baaaki/mydreamcampus/student-service/internal/service/staff_client.go:50.16,56.3 2 0
github.com/baaaki/mydreamcampus/student-service/internal/service/staff_client.go:57.2,59.44 2 0
github.com/baaaki/mydreamcampus/student-service/internal/service/staff_client.go:59.44,61.3 1 0
github.com/baaaki/mydreamcampus/student-service/internal/service/staff_client.go:63.2,63.38 1 0
github.com/baaaki/mydreamcampus/student-service/internal/service/staff_client.go:63.38,69.3 2 0
github.com/baaaki/mydreamcampus/student-service/internal/service/staff_client.go:72.2,80.74 2 0
github.com/baaaki/mydreamcampus/student-service/internal/service/staff_client.go:80.74,85.3 2 0
github.com/baaaki/mydreamcampus/student-service/internal/service/staff_client.go:87.2,87.37 1 0
github.com/baaaki/mydreamcampus/student-service/internal/service/staff_client.go:87.37,89.3 1 0
github.com/baaaki/mydreamcampus/student-service/internal/service/staff_client.go:91.2,91.38 1 0
github.com/baaaki/mydreamcampus/student-service/internal/service/staff_client.go:91.38,93.3 1 0
github.com/baaaki/mydreamcampus/student-service/internal/service/staff_client.go:95.2,98.8 1 0
github.com/baaaki/mydreamcampus/student-service/internal/service/staff_client.go:102.87,105.2 2 0
github.com/baaaki/mydreamcampus/student-service/internal/service/staff_client.go:108.111,112.16 3 0
github.com/baaaki/mydreamcampus/student-service/internal/service/staff_client.go:112.16,118.3 2 0
github.com/baaaki/mydreamcampus/student-service/internal/service/staff_client.go:120.2,121.16 2 0
github.com/baaaki/mydreamcampus/student-service/internal/service/staff_client.go:121.16,127.3 2 0
github.com/baaaki/mydreamcampus/student-service/internal/service/staff_client.go:128.2,130.38 2 0
github.com/baaaki/mydreamcampus/student-service/internal/service/staff_client.go:130.38,136.3 2 0
github.com/baaaki/mydreamcampus/student-service/internal/service/staff_client.go:139.2,145.80 2 0
github.com/baaaki/mydreamcampus/student-service/internal/service/staff_client.go:145.80,150.3 2 0
github.com/baaaki/mydreamcampus/student-service/internal/service/staff_client.go:153.2,154.54 2 0
github.com/baaaki/mydreamcampus/student-service/internal/service/staff_client.go:154.54,156.17 2 0
github.com/baaaki/mydreamcampus/student-service/internal/service/staff_client.go:156.17,160.12 2 0
github.com/baaaki/mydreamcampus/student-service/internal/service/staff_client.go:162.3,162.44 1 0
github.com/baaaki/mydreamcampus/student-service/internal/service/staff_client.go:165.2,170.27 2 0
github.com/baaaki/mydreamcampus/student-service/internal/service/student_service.go:46.116,51.2 1 0
github.com/baaaki/mydreamcampus/student-service/internal/service/student_service.go:54.120,65.16 3 0
github.com/baaaki/mydreamcampus/student-service/internal/service/student_service.go:65.16,67.56 1 0
github.com/baaaki/mydreamcampus/student-service/internal/service/student_service.go:67.56,69.4 1 0
github.com/baaaki/mydreamcampus/student-service/internal/service/student_service.go:71.3,71.81 1 0
github.com/baaaki/mydreamcampus/student-service/internal/service/student_service.go:73.2,73.41 1 0
github.com/baaaki/mydreamcampus/student-service/internal/service/student_service.go:73.41,76.3 2 0
github.com/baaaki/mydreamcampus/student-service/internal/service/student_service.go:79.2,80.16 2 0
github.com/baaaki/mydreamcampus/student-service/internal/service/student_service.go:80.16,82.56 1 0
github.com/baaaki/mydreamcampus/student-service/internal/service/student_service.go:82.56,84.4 1 0
github.com/baaaki/mydreamcampus/student-service/internal/service/student_service.go:86.3,86.81 1 0
github.com/baaaki/mydreamcampus/student-service/internal/service/student_service.go:88.2,88.33 1 0
github.com/baaaki/mydreamcampus/student-service/internal/service/student_service.go:88.33,91.3 2 0
github.com/baaaki/mydreamcampus/student-service/internal/service/student_service.go:94.2,119.26 3 0
github.com/baaaki/mydreamcampus/student-service/internal/service/student_service.go:119.26,121.17 2 0
github.com/baaaki/mydreamcampus/student-service/internal/service/student_service.go:121.17,127.4 2 0
github.com/baaaki/mydreamcampus/student-service/internal/service/student_service.go:128.3,130.54 3 0
github.com/baaaki/mydreamcampus/student-service/internal/service/student_service.go:133.2,134.16 2 0
github.com/baaaki/mydreamcampus/student-service/internal/service/student_service.go:134.16,136.69 1 0
github.com/baaaki/mydreamcampus/student-service/internal/service/student_service.go:136.69,141.4 2 0
github.com/baaaki/mydreamcampus/student-service/internal/service/student_service.go:142.3,142.68 1 0
github.com/baaaki/mydreamcampus/student-service/internal/service/student_service.go:142.68,147.4 2 0
github.com/baaaki/mydreamcampus/student-service/internal/service/student_service.go:150.3,150.115 1 0
github.com/baaaki/mydreamcampus/student-service/internal/service/student_service.go:150.115,152.4 1 0
github.com/baaaki/mydreamcampus/student-service/internal/service/student_service.go:155.3,155.81 1 0
github.com/baaaki/mydreamcampus/student-service/internal/service/student_service.go:158.2,163.42 2 0
github.com/baaaki/mydreamcampus/student-service/internal/service/student_service.go:167.102,176.16 3 0
github.com/baaaki/mydreamcampus/student-service/internal/service/student_service.go:176.16,181.3 2 0
github.com/baaaki/mydreamcampus/student-service/internal/service/student_service.go:183.2,184.16 2 0
github.com/baaaki/mydreamcampus/student-service/internal/service/student_service.go:184.16,186.65 1 0
github.com/baaaki/mydreamcampus/student-service/internal/service/student_service.go:186.65,191.4 2 0
github.com/baaaki/mydreamcampus/student-service/internal/service/student_service.go:194.3,194.56 1 0
github.com/baaaki/mydreamcampus/student-service/internal/service/student_service.go:194.56,196.4 1 0
github.com/baaaki/mydreamcampus/student-service/internal/service/student_service.go:199.3,199.81 1 0
github.com/baaaki/mydreamcampus/student-service/internal/service/student_service.go:202.2,206.42 2 0
github.com/baaaki/mydreamcampus/student-service/internal/service/student_service.go:210.131,219.16 3 0
github.com/baaaki/mydreamcampus/student-service/internal/service/student_service.go:219.16,224.3 2 0
github.com/baaaki/mydreamcampus/student-service/internal/service/student_service.go:227.2,228.16 2 0
github.com/baaaki/mydreamcampus/student-service/internal/service/student_service.go:228.16,230.65 1 0
github.com/baaaki/mydreamcampus/student-service/internal/service/student_service.go:230.65,235.4 2 0
github.com/baaaki/mydreamcampus/student-service/internal/service/student_service.go:238.3,238.56 1 0
github.com/baaaki/mydreamcampus/student-service/internal/service/student_service.go:238.56,240.4 1 0
github.com/baaaki/mydreamcampus/student-service/internal/service/student_service.go:243.3,243.81 1 0
github.com/baaaki/mydreamcampus/student-service/internal/service/student_service.go:247.2,248.26 2 0
github.com/baaaki/mydreamcampus/student-service/internal/service/student_service.go:248.26,250.17 2 0
github.com/baaaki/mydreamcampus/student-service/internal/service/student_service.go:250.17,256.4 2 0
github.com/baaaki/mydreamcampus/student-service/internal/service/student_service.go:257.3,257.33 1 0
github.com/baaaki/mydreamcampus/student-service/internal/service/student_service.go:261.2,264.27 3 0
github.com/baaaki/mydreamcampus/student-service/internal/service/student_service.go:264.27,266.3 1 0
github.com/baaaki/mydreamcampus/student-service/internal/service/student_service.go:268.2,280.26 3 0
github.com/baaaki/mydreamcampus/student-service/internal/service/student_service.go:280.26,282.3 1 0
github.com/baaaki/mydreamcampus/student-service/internal/service/student_service.go:283.2,283.25 1 0
github.com/baaaki/mydreamcampus/student-service/internal/service/student_service.go:283.25,285.3 1 0
github.com/baaaki/mydreamcampus/student-service/internal/service/student_service.go:286.2,286.22 1 0
github.com/baaaki/mydreamcampus/student-service/internal/service/student_service.go:286.22,288.3 1 0
github.com/baaaki/mydreamcampus/student-service/internal/service/student_service.go:289.2,289.27 1 0
github.com/baaaki/mydreamcampus/student-service/internal/service/student_service.go:289.27,291.3 1 0
github.com/baaaki/mydreamcampus/student-service/internal/service/student_service.go:292.2,292.26 1 0
github.com/baaaki/mydreamcampus/student-service/internal/service/student_service.go:292.26,294.3 1 0
github.com/baaaki/mydreamcampus/student-service/internal/service/student_service.go:295.2,295.23 1 0
github.com/baaaki/mydreamcampus/student-service/internal/service/student_service.go:295.23,297.3 1 0
github.com/baaaki/mydreamcampus/student-service/internal/service/student_service.go:299.2,300.26 2 0
github.com/baaaki/mydreamcampus/student-service/internal/service/student_service.go:300.26,302.3 1 0
github.com/baaaki/mydreamcampus/student-service/internal/service/student_service.go:303.2,304.25 2 0
github.com/baaaki/mydreamcampus/student-service/internal/service/student_service.go:304.25,306.3 1 0
github.com/baaaki/mydreamcampus/student-service/internal/service/student_service.go:307.2,308.22 2 0
github.com/baaaki/mydreamcampus/student-service/internal/service/student_service.go:308.22,310.3 1 0
github.com/baaaki/mydreamcampus/student-service/internal/service/student_service.go:312.2,326.23 2 0
github.com/baaaki/mydreamcampus/student-service/internal/service/student_service.go:326.23,328.3 1 0
github.com/baaaki/mydreamcampus/student-service/internal/service/student_service.go:329.2,329.26 1 0
github.com/baaaki/mydreamcampus/student-service/internal/service/student_service.go:329.26,331.3 1 0
github.com/baaaki/mydreamcampus/student-service/internal/service/student_service.go:333.2,334.16 2 0
github.com/baaaki/mydreamcampus/student-service/internal/service/student_service.go:334.16,336.65 1 0
github.com/baaaki/mydreamcampus/student-service/internal/service/student_service.go:336.65,341.4 2 0
github.com/baaaki/mydreamcampus/student-service/internal/service/student_service.go:344.3,344.115 1 0
github.com/baaaki/mydreamcampus/student-service/internal/service/student_service.go:344.115,346.4 1 0
github.com/baaaki/mydreamcampus/student-service/internal/service/student_service.go:349.3,349.81 1 0
github.com/baaaki/mydreamcampus/student-service/internal/service/student_service.go:352.2,359.42 2 0
github.com/baaaki/mydreamcampus/student-service/internal/service/student_service.go:363.78,372.16 3 0
github.com/baaaki/mydreamcampus/student-service/internal/service/student_service.go:372.16,377.3 2 0
github.com/baaaki/mydreamcampus/student-service/internal/service/student_service.go:380.2,381.16 2 0
github.com/baaaki/mydreamcampus/student-service/internal/service/student_service.go:381.16,383.65 1 0
github.com/baaaki/mydreamcampus/student-service/internal/service/student_service.go:383.65,388.4 2 0
github.com/baaaki/mydreamcampus/student-service/internal/service/student_service.go:391.3,391.56 1 0
github.com/baaaki/mydreamcampus/student-service/internal/service/student_service.go:391.56,393.4 1 0
github.com/baaaki/mydreamcampus/student-service/internal/service/student_service.go:396.3,396.58 1 0
github.com/baaaki/mydreamcampus/student-service/internal/service/student_service.go:399.2,407.16 3 0
github.com/baaaki/mydreamcampus/student-service/internal/service/student_service.go:407.16,409.65 1 0
github.com/baaaki/mydreamcampus/student-service/internal/service/student_service.go:409.65,414.4 2 0
github.com/baaaki/mydreamcampus/student-service/internal/service/student_service.go:417.3,417.115 1 0
github.com/baaaki/mydreamcampus/student-service/internal/service/student_service.go:417.115,419.4 1 0
github.com/baaaki/mydreamcampus/student-service/internal/service/student_service.go:422.3,422.58 1 0
github.com/baaaki/mydreamcampus/student-service/internal/service/student_service.go:425.2,429.12 2 0
github.com/baaaki/mydreamcampus/student-service/internal/service/student_service.go:433.120,440.25 5 0
github.com/baaaki/mydreamcampus/student-service/internal/service/student_service.go:440.25,442.3 1 0
github.com/baaaki/mydreamcampus/student-service/internal/service/student_service.go:443.2,443.28 1 0
github.com/baaaki/mydreamcampus/student-service/internal/service/student_service.go:443.28,445.3 1 0
github.com/baaaki/mydreamcampus/student-service/internal/service/student_service.go:448.2,460.16 3 0
github.com/baaaki/mydreamcampus/student-service/internal/service/student_service.go:460.16,462.56 1 0
github.com/baaaki/mydreamcampus/student-service/internal/service/student_service.go:462.56,464.4 1 0
github.com/baaaki/mydreamcampus/student-service/internal/service/student_service.go:467.3,467.85 1 0
github.com/baaaki/mydreamcampus/student-service/internal/service/student_service.go:471.2,472.16 2 0
github.com/baaaki/mydreamcampus/student-service/internal/service/student_service.go:472.16,474.56 1 0
github.com/baaaki/mydreamcampus/student-service/internal/service/student_service.go:474.56,476.4 1 0
github.com/baaaki/mydreamcampus/student-service/internal/service/student_service.go:479.3,479.85 1 0
github.com/baaaki/mydreamcampus/student-service/internal/service/student_service.go:483.2,484.35 2 0
github.com/baaaki/mydreamcampus/student-service/internal/service/student_service.go:484.35,486.3 1 0
github.com/baaaki/mydreamcampus/student-service/internal/service/student_service.go:488.2,496.8 1 0
github.com/baaaki/mydreamcampus/student-service/internal/service/student_service.go:500.122,502.16 2 0
github.com/baaaki/mydreamcampus/student-service/internal/service/student_service.go:502.16,504.56 1 0
github.com/baaaki/mydreamcampus/student-service/internal/service/student_service.go:504.56,506.4 1 0
github.com/baaaki/mydreamcampus/student-service/internal/service/student_service.go:509.3,509.84 1 0
github.com/baaaki/mydreamcampus/student-service/internal/service/student_service.go:512.2,513.35 2 0
github.com/baaaki/mydreamcampus/student-service/internal/service/student_service.go:513.35,515.3 1 0
github.com/baaaki/mydreamcampus/student-service/internal/service/student_service.go:517.2,523.8 1 0
github.com/baaaki/mydreamcampus/student-service/internal/service/student_service.go:527.133,532.16 4 0
github.com/baaaki/mydreamcampus/student-service/internal/service/student_service.go:532.16,534.56 1 0
github.com/baaaki/mydreamcampus/student-service/internal/service/student_service.go:534.56,536.4 1 0
github.com/baaaki/mydreamcampus/student-service/internal/service/student_service.go:539.3,539.90 1 0
github.com/baaaki/mydreamcampus/student-service/internal/service/student_service.go:543.2,544.35 2 0
github.com/baaaki/mydreamcampus/student-service/internal/service/student_service.go:544.35,546.3 1 0
github.com/baaaki/mydreamcampus/student-service/internal/service/student_service.go:548.2,556.8 1 0
github.com/baaaki/mydreamcampus/student-service/internal/service/student_service.go:560.138,563.16 2 0
github.com/baaaki/mydreamcampus/student-service/internal/service/student_service.go:563.16,569.3 2 0
github.com/baaaki/mydreamcampus/student-service/internal/service/student_service.go:572.2,573.43 2 0
github.com/baaaki/mydreamcampus/student-service/internal/service/student_service.go:573.43,582.3 1 0
github.com/baaaki/mydreamcampus/student-service/internal/service/student_service.go:585.2,586.16 2 0
github.com/baaaki/mydreamcampus/student-service/internal/service/student_service.go:586.16,588.115 1 0
github.com/baaaki/mydreamcampus/student-service/internal/service/student_service.go:588.115,590.4 1 0
github.com/baaaki/mydreamcampus/student-service/internal/service/student_service.go:593.3,593.91 1 0
github.com/baaaki/mydreamcampus/student-service/internal/service/student_service.go:597.2,598.36 2 0
github.com/baaaki/mydreamcampus/student-service/internal/service/student_service.go:598.36,603.3 1 0
github.com/baaaki/mydreamcampus/student-service/internal/service/student_service.go:605.2,618.8 2 0
github.com/baaaki/mydreamcampus/student-service/internal/service/student_service.go:622.129,625.16 2 0
github.com/baaaki/mydreamcampus/student-service/internal/service/student_service.go:625.16,627.3 1 0
github.com/baaaki/mydreamcampus/student-service/internal/service/student_service.go:628.2,628.17 1 0
github.com/baaaki/mydreamcampus/student-service/internal/service/student_service.go:628.17,630.3 1 0
github.com/baaaki/mydreamcampus/student-service/internal/service/student_service.go:634.2,635.37 2 0
github.com/baaaki/mydreamcampus/student-service/internal/service/student_service.go:635.37,637.3 1 0
github.com/baaaki/mydreamcampus/student-service/internal/service/student_service.go:639.2,640.37 2 0
github.com/baaaki/mydreamcampus/student-service/internal/service/student_service.go:640.37,642.3 1 0
github.com/baaaki/mydreamcampus/student-service/internal/service/student_service.go:644.2,645.33 2 0
github.com/baaaki/mydreamcampus/student-service/internal/service/student_service.go:645.33,647.3 1 0
github.com/baaaki/mydreamcampus/student-service/internal/service/student_service.go:650.2,651.21 2 0
github.com/baaaki/mydreamcampus/student-service/internal/service/student_service.go:651.21,653.3 1 0
github.com/baaaki/mydreamcampus/student-service/internal/service/student_service.go:655.2,666.16 3 0
github.com/baaaki/mydreamcampus/student-service/internal/service/student_service.go:666.16,668.56 1 0
github.com/baaaki/mydreamcampus/student-service/internal/service/student_service.go:668.56,670.4 1 0
github.com/baaaki/mydreamcampus/student-service/internal/service/student_service.go:673.3,673.88 1 0
github.com/baaaki/mydreamcampus/student-service/internal/service/student_service.go:676.2,677.35 2 0
github.com/baaaki/mydreamcampus/student-service/internal/service/student_service.go:677.35,679.3 1 0
github.com/baaaki/mydreamcampus/student-service/internal/service/student_service.go:681.2,683.42 3 0
github.com/baaaki/mydreamcampus/student-service/internal/service/student_service.go:683.42,686.3 1 0
github.com/baaaki/mydreamcampus/student-service/internal/service/student_service.go:688.2,700.8 2 0
github.com/baaaki/mydreamcampus/student-service/internal/service/student_service.go:704.84,706.29 2 0
github.com/baaaki/mydreamcampus/student-service/internal/service/student_service.go:706.29,709.3 2 0
github.com/baaaki/mydreamcampus/student-service/internal/service/student_service.go:711.2,712.31 2 0
github.com/baaaki/mydreamcampus/student-service/internal/service/student_service.go:712.31,714.3 1 0
github.com/baaaki/mydreamcampus/student-service/internal/service/student_service.go:716.2,731.3 1 0
