mode: atomic
github.com/baaaki/mydreamcampus/attendance-service/config/config.go:27.30,35.64 3 0
github.com/baaaki/mydreamcampus/attendance-service/config/config.go:35.64,37.3 1 0
github.com/baaaki/mydreamcampus/attendance-service/config/config.go:40.2,56.39 3 0
github.com/baaaki/mydreamcampus/attendance-service/config/config.go:56.39,58.3 1 0
github.com/baaaki/mydreamcampus/attendance-service/config/config.go:60.2,60.17 1 0
github.com/baaaki/mydreamcampus/attendance-service/config/config.go:64.35,67.2 1 0
github.com/baaaki/mydreamcampus/attendance-service/internal/db/attendance_records.sql.go:47.119,59.2 2 0
github.com/baaaki/mydreamcampus/attendance-service/internal/db/attendance_records.sql.go:87.135,116.2 4 0
github.com/baaaki/mydreamcampus/attendance-service/internal/db/attendance_records.sql.go:138.107,150.2 2 0
github.com/baaaki/mydreamcampus/attendance-service/internal/db/attendance_records.sql.go:190.137,192.16 2 0
github.com/baaaki/mydreamcampus/attendance-service/internal/db/attendance_records.sql.go:192.16,194.3 1 0
github.com/baaaki/mydreamcampus/attendance-service/internal/db/attendance_records.sql.go:195.2,197.18 3 0
github.com/baaaki/mydreamcampus/attendance-service/internal/db/attendance_records.sql.go:197.18,214.17 2 0
github.com/baaaki/mydreamcampus/attendance-service/internal/db/attendance_records.sql.go:214.17,216.4 1 0
github.com/baaaki/mydreamcampus/attendance-service/internal/db/attendance_records.sql.go:217.3,217.27 1 0
github.com/baaaki/mydreamcampus/attendance-service/internal/db/attendance_records.sql.go:219.2,219.35 1 0
github.com/baaaki/mydreamcampus/attendance-service/internal/db/attendance_records.sql.go:219.35,221.3 1 0
github.com/baaaki/mydreamcampus/attendance-service/internal/db/attendance_records.sql.go:222.2,222.19 1 0
github.com/baaaki/mydreamcampus/attendance-service/internal/db/attendance_records.sql.go:253.140,255.16 2 0
github.com/baaaki/mydreamcampus/attendance-service/internal/db/attendance_records.sql.go:255.16,257.3 1 0
github.com/baaaki/mydreamcampus/attendance-service/internal/db/attendance_records.sql.go:258.2,260.18 3 0
github.com/baaaki/mydreamcampus/attendance-service/internal/db/attendance_records.sql.go:260.18,268.17 2 0
github.com/baaaki/mydreamcampus/attendance-service/internal/db/attendance_records.sql.go:268.17,270.4 1 0
github.com/baaaki/mydreamcampus/attendance-service/internal/db/attendance_records.sql.go:271.3,271.27 1 0
github.com/baaaki/mydreamcampus/attendance-service/internal/db/attendance_records.sql.go:273.2,273.35 1 0
github.com/baaaki/mydreamcampus/attendance-service/internal/db/attendance_records.sql.go:273.35,275.3 1 0
github.com/baaaki/mydreamcampus/attendance-service/internal/db/attendance_records.sql.go:276.2,276.19 1 0
github.com/baaaki/mydreamcampus/attendance-service/internal/db/attendance_records.sql.go:308.158,310.16 2 0
github.com/baaaki/mydreamcampus/attendance-service/internal/db/attendance_records.sql.go:310.16,312.3 1 0
github.com/baaaki/mydreamcampus/attendance-service/internal/db/attendance_records.sql.go:313.2,315.18 3 0
github.com/baaaki/mydreamcampus/attendance-service/internal/db/attendance_records.sql.go:315.18,323.17 2 0
github.com/baaaki/mydreamcampus/attendance-service/internal/db/attendance_records.sql.go:323.17,325.4 1 0
github.com/baaaki/mydreamcampus/attendance-service/internal/db/attendance_records.sql.go:326.3,326.27 1 0
github.com/baaaki/mydreamcampus/attendance-service/internal/db/attendance_records.sql.go:328.2,328.35 1 0
github.com/baaaki/mydreamcampus/attendance-service/internal/db/attendance_records.sql.go:328.35,330.3 1 0
github.com/baaaki/mydreamcampus/attendance-service/internal/db/attendance_records.sql.go:331.2,331.19 1 0
github.com/baaaki/mydreamcampus/attendance-service/internal/db/attendance_records.sql.go:368.146,375.16 2 0
github.com/baaaki/mydreamcampus/attendance-service/internal/db/attendance_records.sql.go:375.16,377.3 1 0
github.com/baaaki/mydreamcampus/attendance-service/internal/db/attendance_records.sql.go:378.2,380.18 3 0
github.com/baaaki/mydreamcampus/attendance-service/internal/db/attendance_records.sql.go:380.18,390.17 2 0
github.com/baaaki/mydreamcampus/attendance-service/internal/db/attendance_records.sql.go:390.17,392.4 1 0
github.com/baaaki/mydreamcampus/attendance-service/internal/db/attendance_records.sql.go:393.3,393.27 1 0
github.com/baaaki/mydreamcampus/attendance-service/internal/db/attendance_records.sql.go:395.2,395.35 1 0
github.com/baaaki/mydreamcampus/attendance-service/internal/db/attendance_records.sql.go:395.35,397.3 1 0
github.com/baaaki/mydreamcampus/attendance-service/internal/db/attendance_records.sql.go:398.2,398.19 1 0
github.com/baaaki/mydreamcampus/attendance-service/internal/db/attendance_records.sql.go:436.164,444.16 2 0
github.com/baaaki/mydreamcampus/attendance-service/internal/db/attendance_records.sql.go:444.16,446.3 1 0
github.com/baaaki/mydreamcampus/attendance-service/internal/db/attendance_records.sql.go:447.2,449.18 3 0
github.com/baaaki/mydreamcampus/attendance-service/internal/db/attendance_records.sql.go:449.18,459.17 2 0
github.com/baaaki/mydreamcampus/attendance-service/internal/db/attendance_records.sql.go:459.17,461.4 1 0
github.com/baaaki/mydreamcampus/attendance-service/internal/db/attendance_records.sql.go:462.3,462.27 1 0
github.com/baaaki/mydreamcampus/attendance-service/internal/db/attendance_records.sql.go:464.2,464.35 1 0
github.com/baaaki/mydreamcampus/attendance-service/internal/db/attendance_records.sql.go:464.35,466.3 1 0
github.com/baaaki/mydreamcampus/attendance-service/internal/db/attendance_records.sql.go:467.2,467.19 1 0
github.com/baaaki/mydreamcampus/attendance-service/internal/db/attendance_records.sql.go:476.113,478.16 2 0
github.com/baaaki/mydreamcampus/attendance-service/internal/db/attendance_records.sql.go:478.16,480.3 1 0
github.com/baaaki/mydreamcampus/attendance-service/internal/db/attendance_records.sql.go:481.2,483.18 3 0
github.com/baaaki/mydreamcampus/attendance-service/internal/db/attendance_records.sql.go:483.18,485.48 2 0
github.com/baaaki/mydreamcampus/attendance-service/internal/db/attendance_records.sql.go:485.48,487.4 1 0
github.com/baaaki/mydreamcampus/attendance-service/internal/db/attendance_records.sql.go:488.3,488.36 1 0
github.com/baaaki/mydreamcampus/attendance-service/internal/db/attendance_records.sql.go:490.2,490.35 1 0
github.com/baaaki/mydreamcampus/attendance-service/internal/db/attendance_records.sql.go:490.35,492.3 1 0
github.com/baaaki/mydreamcampus/attendance-service/internal/db/attendance_records.sql.go:493.2,493.19 1 0
github.com/baaaki/mydreamcampus/attendance-service/internal/db/attendance_records.sql.go:502.104,507.2 4 0
github.com/baaaki/mydreamcampus/attendance-service/internal/db/attendance_records.sql.go:540.152,542.16 2 0
github.com/baaaki/mydreamcampus/attendance-service/internal/db/attendance_records.sql.go:542.16,544.3 1 0
github.com/baaaki/mydreamcampus/attendance-service/internal/db/attendance_records.sql.go:545.2,547.18 3 0
github.com/baaaki/mydreamcampus/attendance-service/internal/db/attendance_records.sql.go:547.18,557.17 2 0
github.com/baaaki/mydreamcampus/attendance-service/internal/db/attendance_records.sql.go:557.17,559.4 1 0
github.com/baaaki/mydreamcampus/attendance-service/internal/db/attendance_records.sql.go:560.3,560.27 1 0
github.com/baaaki/mydreamcampus/attendance-service/internal/db/attendance_records.sql.go:562.2,562.35 1 0
github.com/baaaki/mydreamcampus/attendance-service/internal/db/attendance_records.sql.go:562.35,564.3 1 0
github.com/baaaki/mydreamcampus/attendance-service/internal/db/attendance_records.sql.go:565.2,565.19 1 0
github.com/baaaki/mydreamcampus/attendance-service/internal/db/attendance_records.sql.go:581.124,591.2 4 0
github.com/baaaki/mydreamcampus/attendance-service/internal/db/attendance_records.sql.go:604.116,609.2 4 0
github.com/baaaki/mydreamcampus/attendance-service/internal/db/attendance_records.sql.go:623.130,628.2 4 0
github.com/baaaki/mydreamcampus/attendance-service/internal/db/attendance_sessions.sql.go:26.104,31.2 4 0
github.com/baaaki/mydreamcampus/attendance-service/internal/db/attendance_sessions.sql.go:55.126,85.2 4 0
github.com/baaaki/mydreamcampus/attendance-service/internal/db/attendance_sessions.sql.go:93.80,96.2 2 0
github.com/baaaki/mydreamcampus/attendance-service/internal/db/attendance_sessions.sql.go:104.104,123.2 4 0
github.com/baaaki/mydreamcampus/attendance-service/internal/db/attendance_sessions.sql.go:130.88,132.16 2 0
github.com/baaaki/mydreamcampus/attendance-service/internal/db/attendance_sessions.sql.go:132.16,134.3 1 0
github.com/baaaki/mydreamcampus/attendance-service/internal/db/attendance_sessions.sql.go:135.2,137.18 3 0
github.com/baaaki/mydreamcampus/attendance-service/internal/db/attendance_sessions.sql.go:137.18,153.17 2 0
github.com/baaaki/mydreamcampus/attendance-service/internal/db/attendance_sessions.sql.go:153.17,155.4 1 0
github.com/baaaki/mydreamcampus/attendance-service/internal/db/attendance_sessions.sql.go:156.3,156.27 1 0
github.com/baaaki/mydreamcampus/attendance-service/internal/db/attendance_sessions.sql.go:158.2,158.35 1 0
github.com/baaaki/mydreamcampus/attendance-service/internal/db/attendance_sessions.sql.go:158.35,160.3 1 0
github.com/baaaki/mydreamcampus/attendance-service/internal/db/attendance_sessions.sql.go:161.2,161.19 1 0
github.com/baaaki/mydreamcampus/attendance-service/internal/db/attendance_sessions.sql.go:170.98,189.2 4 0
github.com/baaaki/mydreamcampus/attendance-service/internal/db/attendance_sessions.sql.go:220.125,222.16 2 0
github.com/baaaki/mydreamcampus/attendance-service/internal/db/attendance_sessions.sql.go:222.16,224.3 1 0
github.com/baaaki/mydreamcampus/attendance-service/internal/db/attendance_sessions.sql.go:225.2,227.18 3 0
github.com/baaaki/mydreamcampus/attendance-service/internal/db/attendance_sessions.sql.go:227.18,237.17 2 0
github.com/baaaki/mydreamcampus/attendance-service/internal/db/attendance_sessions.sql.go:237.17,239.4 1 0
github.com/baaaki/mydreamcampus/attendance-service/internal/db/attendance_sessions.sql.go:240.3,240.27 1 0
github.com/baaaki/mydreamcampus/attendance-service/internal/db/attendance_sessions.sql.go:242.2,242.35 1 0
github.com/baaaki/mydreamcampus/attendance-service/internal/db/attendance_sessions.sql.go:242.35,244.3 1 0
github.com/baaaki/mydreamcampus/attendance-service/internal/db/attendance_sessions.sql.go:245.2,245.19 1 0
github.com/baaaki/mydreamcampus/attendance-service/internal/db/attendance_sessions.sql.go:292.134,294.16 2 0
github.com/baaaki/mydreamcampus/attendance-service/internal/db/attendance_sessions.sql.go:294.16,296.3 1 0
github.com/baaaki/mydreamcampus/attendance-service/internal/db/attendance_sessions.sql.go:297.2,299.18 3 0
github.com/baaaki/mydreamcampus/attendance-service/internal/db/attendance_sessions.sql.go:299.18,316.17 2 0
github.com/baaaki/mydreamcampus/attendance-service/internal/db/attendance_sessions.sql.go:316.17,318.4 1 0
github.com/baaaki/mydreamcampus/attendance-service/internal/db/attendance_sessions.sql.go:319.3,319.27 1 0
github.com/baaaki/mydreamcampus/attendance-service/internal/db/attendance_sessions.sql.go:321.2,321.35 1 0
github.com/baaaki/mydreamcampus/attendance-service/internal/db/attendance_sessions.sql.go:321.35,323.3 1 0
github.com/baaaki/mydreamcampus/attendance-service/internal/db/attendance_sessions.sql.go:324.2,324.19 1 0
github.com/baaaki/mydreamcampus/attendance-service/internal/db/courses_cache.sql.go:36.106,53.2 4 0
github.com/baaaki/mydreamcampus/attendance-service/internal/db/courses_cache.sql.go:87.93,101.2 2 0
github.com/baaaki/mydreamcampus/attendance-service/internal/db/db.go:20.28,22.2 1 0
github.com/baaaki/mydreamcampus/attendance-service/internal/db/db.go:28.46,32.2 1 0
github.com/baaaki/mydreamcampus/attendance-service/internal/db/enrollments_cache.sql.go:26.98,31.2 4 0
github.com/baaaki/mydreamcampus/attendance-service/internal/db/enrollments_cache.sql.go:45.101,48.2 2 0
github.com/baaaki/mydreamcampus/attendance-service/internal/db/enrollments_cache.sql.go:79.149,81.16 2 0
github.com/baaaki/mydreamcampus/attendance-service/internal/db/enrollments_cache.sql.go:81.16,83.3 1 0
github.com/baaaki/mydreamcampus/attendance-service/internal/db/enrollments_cache.sql.go:84.2,86.18 3 0
github.com/baaaki/mydreamcampus/attendance-service/internal/db/enrollments_cache.sql.go:86.18,96.17 2 0
github.com/baaaki/mydreamcampus/attendance-service/internal/db/enrollments_cache.sql.go:96.17,98.4 1 0
github.com/baaaki/mydreamcampus/attendance-service/internal/db/enrollments_cache.sql.go:99.3,99.27 1 0
github.com/baaaki/mydreamcampus/attendance-service/internal/db/enrollments_cache.sql.go:101.2,101.35 1 0
github.com/baaaki/mydreamcampus/attendance-service/internal/db/enrollments_cache.sql.go:101.35,103.3 1 0
github.com/baaaki/mydreamcampus/attendance-service/internal/db/enrollments_cache.sql.go:104.2,104.19 1 0
github.com/baaaki/mydreamcampus/attendance-service/internal/db/enrollments_cache.sql.go:134.161,136.16 2 0
github.com/baaaki/mydreamcampus/attendance-service/internal/db/enrollments_cache.sql.go:136.16,138.3 1 0
github.com/baaaki/mydreamcampus/attendance-service/internal/db/enrollments_cache.sql.go:139.2,141.18 3 0
github.com/baaaki/mydreamcampus/attendance-service/internal/db/enrollments_cache.sql.go:141.18,150.17 2 0
github.com/baaaki/mydreamcampus/attendance-service/internal/db/enrollments_cache.sql.go:150.17,152.4 1 0
github.com/baaaki/mydreamcampus/attendance-service/internal/db/enrollments_cache.sql.go:153.3,153.27 1 0
github.com/baaaki/mydreamcampus/attendance-service/internal/db/enrollments_cache.sql.go:155.2,155.35 1 0
github.com/baaaki/mydreamcampus/attendance-service/internal/db/enrollments_cache.sql.go:155.35,157.3 1 0
github.com/baaaki/mydreamcampus/attendance-service/internal/db/enrollments_cache.sql.go:158.2,158.19 1 0
github.com/baaaki/mydreamcampus/attendance-service/internal/db/models.go:22.56,23.25 1 0
github.com/baaaki/mydreamcampus/attendance-service/internal/db/models.go:24.14,25.27 1 0
github.com/baaaki/mydreamcampus/attendance-service/internal/db/models.go:26.14,27.27 1 0
github.com/baaaki/mydreamcampus/attendance-service/internal/db/models.go:28.10,29.75 1 0
github.com/baaaki/mydreamcampus/attendance-service/internal/db/models.go:31.2,31.12 1 0
github.com/baaaki/mydreamcampus/attendance-service/internal/db/models.go:40.63,41.18 1 0
github.com/baaaki/mydreamcampus/attendance-service/internal/db/models.go:41.18,44.3 2 0
github.com/baaaki/mydreamcampus/attendance-service/internal/db/models.go:45.2,46.40 2 0
github.com/baaaki/mydreamcampus/attendance-service/internal/db/models.go:50.62,51.15 1 0
github.com/baaaki/mydreamcampus/attendance-service/internal/db/models.go:51.15,53.3 1 0
github.com/baaaki/mydreamcampus/attendance-service/internal/db/models.go:54.2,54.41 1 0
github.com/baaaki/mydreamcampus/attendance-service/internal/db/models.go:64.55,65.25 1 0
github.com/baaaki/mydreamcampus/attendance-service/internal/db/models.go:66.14,67.26 1 0
github.com/baaaki/mydreamcampus/attendance-service/internal/db/models.go:68.14,69.26 1 0
github.com/baaaki/mydreamcampus/attendance-service/internal/db/models.go:70.10,71.74 1 0
github.com/baaaki/mydreamcampus/attendance-service/internal/db/models.go:73.2,73.12 1 0
github.com/baaaki/mydreamcampus/attendance-service/internal/db/models.go:82.62,83.18 1 0
github.com/baaaki/mydreamcampus/attendance-service/internal/db/models.go:83.18,86.3 2 0
github.com/baaaki/mydreamcampus/attendance-service/internal/db/models.go:87.2,88.39 2 0
github.com/baaaki/mydreamcampus/attendance-service/internal/db/models.go:92.61,93.15 1 0
github.com/baaaki/mydreamcampus/attendance-service/internal/db/models.go:93.15,95.3 1 0
github.com/baaaki/mydreamcampus/attendance-service/internal/db/models.go:96.2,96.40 1 0
github.com/baaaki/mydreamcampus/attendance-service/internal/db/outbox.sql.go:25.93,28.2 2 0
github.com/baaaki/mydreamcampus/attendance-service/internal/db/outbox.sql.go:47.113,49.16 2 0
github.com/baaaki/mydreamcampus/attendance-service/internal/db/outbox.sql.go:49.16,51.3 1 0
github.com/baaaki/mydreamcampus/attendance-service/internal/db/outbox.sql.go:52.2,54.18 3 0
github.com/baaaki/mydreamcampus/attendance-service/internal/db/outbox.sql.go:54.18,63.17 2 0
github.com/baaaki/mydreamcampus/attendance-service/internal/db/outbox.sql.go:63.17,65.4 1 0
github.com/baaaki/mydreamcampus/attendance-service/internal/db/outbox.sql.go:66.3,66.27 1 0
github.com/baaaki/mydreamcampus/attendance-service/internal/db/outbox.sql.go:68.2,68.35 1 0
github.com/baaaki/mydreamcampus/attendance-service/internal/db/outbox.sql.go:68.35,70.3 1 0
github.com/baaaki/mydreamcampus/attendance-service/internal/db/outbox.sql.go:71.2,71.19 1 0
github.com/baaaki/mydreamcampus/attendance-service/internal/db/outbox.sql.go:90.101,93.2 2 0
github.com/baaaki/mydreamcampus/attendance-service/internal/db/outbox.sql.go:101.87,104.2 2 0
github.com/baaaki/mydreamcampus/attendance-service/internal/db/processed_events.sql.go:20.96,25.2 4 0
github.com/baaaki/mydreamcampus/attendance-service/internal/db/processed_events.sql.go:38.99,41.2 2 0
github.com/baaaki/mydreamcampus/attendance-service/internal/db/students_cache.sql.go:20.85,23.2 2 0
github.com/baaaki/mydreamcampus/attendance-service/internal/db/students_cache.sql.go:32.99,46.2 4 0
github.com/baaaki/mydreamcampus/attendance-service/internal/db/students_cache.sql.go:73.95,84.2 2 0
github.com/baaaki/mydreamcampus/attendance-service/cmd/main.go:33.13,36.16 2 0
github.com/baaaki/mydreamcampus/attendance-service/cmd/main.go:36.16,37.55 1 0
github.com/baaaki/mydreamcampus/attendance-service/cmd/main.go:41.2,41.60 1 0
github.com/baaaki/mydreamcampus/attendance-service/cmd/main.go:41.60,42.61 1 0
github.com/baaaki/mydreamcampus/attendance-service/cmd/main.go:44.2,53.16 4 0
github.com/baaaki/mydreamcampus/attendance-service/cmd/main.go:53.16,55.3 1 0
github.com/baaaki/mydreamcampus/attendance-service/cmd/main.go:56.2,68.69 5 0
github.com/baaaki/mydreamcampus/attendance-service/cmd/main.go:68.69,70.3 1 0
github.com/baaaki/mydreamcampus/attendance-service/cmd/main.go:72.2,76.16 3 0
github.com/baaaki/mydreamcampus/attendance-service/cmd/main.go:76.16,78.3 1 0
github.com/baaaki/mydreamcampus/attendance-service/cmd/main.go:78.8,80.28 2 0
github.com/baaaki/mydreamcampus/attendance-service/cmd/main.go:80.28,91.4 3 0
github.com/baaaki/mydreamcampus/attendance-service/cmd/main.go:95.2,96.16 2 0
github.com/baaaki/mydreamcampus/attendance-service/cmd/main.go:96.16,98.3 1 0
github.com/baaaki/mydreamcampus/attendance-service/cmd/main.go:99.2,104.50 3 0
github.com/baaaki/mydreamcampus/attendance-service/cmd/main.go:104.50,106.3 1 0
github.com/baaaki/mydreamcampus/attendance-service/cmd/main.go:109.2,167.44 30 0
github.com/baaaki/mydreamcampus/attendance-service/cmd/main.go:167.44,169.4 1 0
github.com/baaaki/mydreamcampus/attendance-service/cmd/main.go:171.2,180.12 4 0
github.com/baaaki/mydreamcampus/attendance-service/cmd/main.go:180.12,182.77 2 0
github.com/baaaki/mydreamcampus/attendance-service/cmd/main.go:182.77,184.4 1 0
github.com/baaaki/mydreamcampus/attendance-service/cmd/main.go:188.2,197.50 7 0
github.com/baaaki/mydreamcampus/attendance-service/cmd/main.go:197.50,199.3 1 0
github.com/baaaki/mydreamcampus/attendance-service/cmd/main.go:201.2,201.30 1 0
github.com/baaaki/mydreamcampus/attendance-service/cmd/main.go:204.246,205.44 1 0
github.com/baaaki/mydreamcampus/attendance-service/cmd/main.go:205.44,207.3 1 0
github.com/baaaki/mydreamcampus/attendance-service/cmd/main.go:209.2,245.2 24 0
github.com/baaaki/mydreamcampus/attendance-service/cmd/main.go:245.2,249.3 3 0
github.com/baaaki/mydreamcampus/attendance-service/cmd/main.go:252.2,254.2 3 0
github.com/baaaki/mydreamcampus/attendance-service/cmd/main.go:254.2,256.3 1 0
github.com/baaaki/mydreamcampus/attendance-service/cmd/main.go:258.2,258.15 1 0
github.com/baaaki/mydreamcampus/attendance-service/cmd/main.go:261.53,267.37 3 0
github.com/baaaki/mydreamcampus/attendance-service/cmd/main.go:267.37,268.95 1 0
github.com/baaaki/mydreamcampus/attendance-service/cmd/main.go:268.95,270.4 1 0
github.com/baaaki/mydreamcampus/attendance-service/cmd/main.go:274.2,282.16 2 0
github.com/baaaki/mydreamcampus/attendance-service/cmd/main.go:282.16,284.3 1 0
github.com/baaaki/mydreamcampus/attendance-service/cmd/main.go:287.2,297.29 2 0
github.com/baaaki/mydreamcampus/attendance-service/cmd/main.go:297.29,298.85 1 0
github.com/baaaki/mydreamcampus/attendance-service/cmd/main.go:298.85,300.4 1 0
github.com/baaaki/mydreamcampus/attendance-service/cmd/main.go:304.2,306.142 2 0
github.com/baaaki/mydreamcampus/attendance-service/cmd/main.go:306.142,308.3 1 0
github.com/baaaki/mydreamcampus/attendance-service/cmd/main.go:310.2,312.12 2 0
github.com/baaaki/mydreamcampus/attendance-service/internal/repository/attendance_repository.go:18.72,23.2 1 0
github.com/baaaki/mydreamcampus/attendance-service/internal/repository/attendance_repository.go:25.126,27.2 1 0
github.com/baaaki/mydreamcampus/attendance-service/internal/repository/attendance_repository.go:31.135,32.23 1 0
github.com/baaaki/mydreamcampus/attendance-service/internal/repository/attendance_repository.go:32.23,34.3 1 0
github.com/baaaki/mydreamcampus/attendance-service/internal/repository/attendance_repository.go:36.2,47.30 2 0
github.com/baaaki/mydreamcampus/attendance-service/internal/repository/attendance_repository.go:47.30,54.28 7 0
github.com/baaaki/mydreamcampus/attendance-service/internal/repository/attendance_repository.go:54.28,56.4 1 0
github.com/baaaki/mydreamcampus/attendance-service/internal/repository/attendance_repository.go:57.3,57.43 1 0
github.com/baaaki/mydreamcampus/attendance-service/internal/repository/attendance_repository.go:60.2,60.62 1 0
github.com/baaaki/mydreamcampus/attendance-service/internal/repository/attendance_repository.go:63.157,65.2 1 0
github.com/baaaki/mydreamcampus/attendance-service/internal/repository/attendance_repository.go:67.122,69.16 2 0
github.com/baaaki/mydreamcampus/attendance-service/internal/repository/attendance_repository.go:69.16,71.3 1 0
github.com/baaaki/mydreamcampus/attendance-service/internal/repository/attendance_repository.go:73.2,74.41 2 0
github.com/baaaki/mydreamcampus/attendance-service/internal/repository/attendance_repository.go:74.41,76.3 1 0
github.com/baaaki/mydreamcampus/attendance-service/internal/repository/attendance_repository.go:77.2,77.20 1 0
github.com/baaaki/mydreamcampus/attendance-service/internal/repository/attendance_repository.go:80.115,82.2 1 0
github.com/baaaki/mydreamcampus/attendance-service/internal/repository/attendance_repository.go:84.176,90.2 1 0
github.com/baaaki/mydreamcampus/attendance-service/internal/repository/attendance_repository.go:92.157,97.2 1 0
github.com/baaaki/mydreamcampus/attendance-service/internal/repository/attendance_repository.go:99.208,106.2 1 0
github.com/baaaki/mydreamcampus/attendance-service/internal/repository/attendance_repository.go:108.151,110.2 1 0
github.com/baaaki/mydreamcampus/attendance-service/internal/repository/attendance_repository.go:112.130,117.2 1 0
github.com/baaaki/mydreamcampus/attendance-service/internal/repository/attendance_repository.go:119.169,125.2 1 0
github.com/baaaki/mydreamcampus/attendance-service/internal/repository/attendance_repository.go:127.245,135.2 1 0
github.com/baaaki/mydreamcampus/attendance-service/internal/repository/attendance_repository.go:137.177,144.2 1 0
github.com/baaaki/mydreamcampus/attendance-service/internal/repository/cache_repository.go:17.62,22.2 1 0
github.com/baaaki/mydreamcampus/attendance-service/internal/repository/cache_repository.go:25.110,27.2 1 0
github.com/baaaki/mydreamcampus/attendance-service/internal/repository/cache_repository.go:29.115,31.2 1 0
github.com/baaaki/mydreamcampus/attendance-service/internal/repository/cache_repository.go:33.98,35.2 1 0
github.com/baaaki/mydreamcampus/attendance-service/internal/repository/cache_repository.go:38.107,40.2 1 0
github.com/baaaki/mydreamcampus/attendance-service/internal/repository/cache_repository.go:42.121,44.2 1 0
github.com/baaaki/mydreamcampus/attendance-service/internal/repository/cache_repository.go:47.124,53.2 1 0
github.com/baaaki/mydreamcampus/attendance-service/internal/repository/cache_repository.go:55.158,60.2 1 0
github.com/baaaki/mydreamcampus/attendance-service/internal/repository/cache_repository.go:62.126,68.16 2 0
github.com/baaaki/mydreamcampus/attendance-service/internal/repository/cache_repository.go:68.16,70.3 1 0
github.com/baaaki/mydreamcampus/attendance-service/internal/repository/cache_repository.go:71.2,71.23 1 0
github.com/baaaki/mydreamcampus/attendance-service/internal/repository/cache_repository.go:74.167,79.2 1 0
github.com/baaaki/mydreamcampus/attendance-service/internal/repository/event_repository.go:17.62,22.2 1 0
github.com/baaaki/mydreamcampus/attendance-service/internal/repository/event_repository.go:24.98,26.16 2 0
github.com/baaaki/mydreamcampus/attendance-service/internal/repository/event_repository.go:26.16,28.3 1 0
github.com/baaaki/mydreamcampus/attendance-service/internal/repository/event_repository.go:29.2,29.23 1 0
github.com/baaaki/mydreamcampus/attendance-service/internal/repository/event_repository.go:32.110,37.2 1 0
github.com/baaaki/mydreamcampus/attendance-service/internal/repository/outbox_repository.go:17.64,22.2 1 0
github.com/baaaki/mydreamcampus/attendance-service/internal/repository/outbox_repository.go:24.125,26.2 1 0
github.com/baaaki/mydreamcampus/attendance-service/internal/repository/outbox_repository.go:28.96,30.2 1 0
github.com/baaaki/mydreamcampus/attendance-service/internal/repository/outbox_repository.go:32.110,37.2 1 0
github.com/baaaki/mydreamcampus/attendance-service/internal/repository/outbox_repository.go:39.119,45.2 1 0
github.com/baaaki/mydreamcampus/attendance-service/internal/repository/session_repository.go:17.66,22.2 1 0
github.com/baaaki/mydreamcampus/attendance-service/internal/repository/session_repository.go:24.145,26.2 1 0
github.com/baaaki/mydreamcampus/attendance-service/internal/repository/session_repository.go:28.116,30.2 1 0
github.com/baaaki/mydreamcampus/attendance-service/internal/repository/session_repository.go:32.122,34.2 1 0
github.com/baaaki/mydreamcampus/attendance-service/internal/repository/session_repository.go:36.153,42.16 2 0
github.com/baaaki/mydreamcampus/attendance-service/internal/repository/session_repository.go:42.16,44.3 1 0
github.com/baaaki/mydreamcampus/attendance-service/internal/repository/session_repository.go:45.2,45.23 1 0
github.com/baaaki/mydreamcampus/attendance-service/internal/repository/session_repository.go:48.144,53.2 1 0
github.com/baaaki/mydreamcampus/attendance-service/internal/repository/session_repository.go:55.95,57.2 1 0
github.com/baaaki/mydreamcampus/attendance-service/internal/repository/session_repository.go:59.101,61.2 1 0
github.com/baaaki/mydreamcampus/attendance-service/internal/repository/session_repository.go:63.153,65.2 1 0
github.com/baaaki/mydreamcampus/attendance-service/internal/worker/buffer_flusher.go:24.18,29.2 1 0
github.com/baaaki/mydreamcampus/attendance-service/internal/worker/buffer_flusher.go:31.52,37.6 4 0
github.com/baaaki/mydreamcampus/attendance-service/internal/worker/buffer_flusher.go:37.6,38.10 1 0
github.com/baaaki/mydreamcampus/attendance-service/internal/worker/buffer_flusher.go:39.21,41.10 2 0
github.com/baaaki/mydreamcampus/attendance-service/internal/worker/buffer_flusher.go:42.19,43.46 1 0
github.com/baaaki/mydreamcampus/attendance-service/internal/worker/buffer_flusher.go:43.46,45.5 1 0
github.com/baaaki/mydreamcampus/attendance-service/internal/worker/buffer_flusher.go:50.65,53.16 2 0
github.com/baaaki/mydreamcampus/attendance-service/internal/worker/buffer_flusher.go:53.16,56.3 2 0
github.com/baaaki/mydreamcampus/attendance-service/internal/worker/buffer_flusher.go:58.2,58.26 1 0
github.com/baaaki/mydreamcampus/attendance-service/internal/worker/buffer_flusher.go:58.26,61.3 2 0
github.com/baaaki/mydreamcampus/attendance-service/internal/worker/buffer_flusher.go:63.2,66.33 2 0
github.com/baaaki/mydreamcampus/attendance-service/internal/worker/buffer_flusher.go:66.33,67.55 1 0
github.com/baaaki/mydreamcampus/attendance-service/internal/worker/buffer_flusher.go:67.55,73.12 2 0
github.com/baaaki/mydreamcampus/attendance-service/internal/worker/buffer_flusher.go:77.2,78.12 2 0
github.com/baaaki/mydreamcampus/attendance-service/internal/worker/buffer_flusher.go:81.88,84.21 2 0
github.com/baaaki/mydreamcampus/attendance-service/internal/worker/buffer_flusher.go:84.21,86.3 1 0
github.com/baaaki/mydreamcampus/attendance-service/internal/worker/buffer_flusher.go:87.2,91.16 3 0
github.com/baaaki/mydreamcampus/attendance-service/internal/worker/buffer_flusher.go:91.16,93.3 1 0
github.com/baaaki/mydreamcampus/attendance-service/internal/worker/buffer_flusher.go:95.2,95.26 1 0
github.com/baaaki/mydreamcampus/attendance-service/internal/worker/buffer_flusher.go:95.26,97.3 1 0
github.com/baaaki/mydreamcampus/attendance-service/internal/worker/buffer_flusher.go:99.2,109.46 5 0
github.com/baaaki/mydreamcampus/attendance-service/internal/worker/buffer_flusher.go:109.46,111.67 2 0
github.com/baaaki/mydreamcampus/attendance-service/internal/worker/buffer_flusher.go:111.67,117.12 3 0
github.com/baaaki/mydreamcampus/attendance-service/internal/worker/buffer_flusher.go:119.3,120.49 2 0
github.com/baaaki/mydreamcampus/attendance-service/internal/worker/buffer_flusher.go:124.2,124.22 1 0
github.com/baaaki/mydreamcampus/attendance-service/internal/worker/buffer_flusher.go:124.22,125.87 1 0
github.com/baaaki/mydreamcampus/attendance-service/internal/worker/buffer_flusher.go:125.87,132.30 2 0
github.com/baaaki/mydreamcampus/attendance-service/internal/worker/buffer_flusher.go:132.30,134.5 1 0
github.com/baaaki/mydreamcampus/attendance-service/internal/worker/buffer_flusher.go:135.4,135.14 1 0
github.com/baaaki/mydreamcampus/attendance-service/internal/worker/buffer_flusher.go:141.2,142.23 2 0
github.com/baaaki/mydreamcampus/attendance-service/internal/worker/buffer_flusher.go:142.23,143.83 1 0
github.com/baaaki/mydreamcampus/attendance-service/internal/worker/buffer_flusher.go:143.83,148.4 1 0
github.com/baaaki/mydreamcampus/attendance-service/internal/worker/buffer_flusher.go:151.2,157.12 2 0
github.com/baaaki/mydreamcampus/attendance-service/internal/worker/event_consumer.go:27.18,33.2 1 0
github.com/baaaki/mydreamcampus/attendance-service/internal/worker/event_consumer.go:35.58,40.76 2 0
github.com/baaaki/mydreamcampus/attendance-service/internal/worker/event_consumer.go:40.76,42.3 1 0
github.com/baaaki/mydreamcampus/attendance-service/internal/worker/event_consumer.go:42.17,45.3 2 0
github.com/baaaki/mydreamcampus/attendance-service/internal/worker/event_consumer.go:47.2,47.12 1 0
github.com/baaaki/mydreamcampus/attendance-service/internal/worker/event_consumer.go:47.12,50.3 2 0
github.com/baaaki/mydreamcampus/attendance-service/internal/worker/event_consumer.go:52.2,52.12 1 0
github.com/baaaki/mydreamcampus/attendance-service/internal/worker/event_consumer.go:55.79,57.53 2 0
github.com/baaaki/mydreamcampus/attendance-service/internal/worker/event_consumer.go:57.53,60.3 2 0
github.com/baaaki/mydreamcampus/attendance-service/internal/worker/event_consumer.go:63.2,64.16 2 0
github.com/baaaki/mydreamcampus/attendance-service/internal/worker/event_consumer.go:64.16,67.3 2 0
github.com/baaaki/mydreamcampus/attendance-service/internal/worker/event_consumer.go:69.2,70.16 2 0
github.com/baaaki/mydreamcampus/attendance-service/internal/worker/event_consumer.go:70.16,73.3 2 0
github.com/baaaki/mydreamcampus/attendance-service/internal/worker/event_consumer.go:75.2,75.15 1 0
github.com/baaaki/mydreamcampus/attendance-service/internal/worker/event_consumer.go:75.15,78.3 2 0
github.com/baaaki/mydreamcampus/attendance-service/internal/worker/event_consumer.go:80.2,86.25 2 0
github.com/baaaki/mydreamcampus/attendance-service/internal/worker/event_consumer.go:87.25,88.52 1 0
github.com/baaaki/mydreamcampus/attendance-service/internal/worker/event_consumer.go:89.25,90.52 1 0
github.com/baaaki/mydreamcampus/attendance-service/internal/worker/event_consumer.go:91.29,92.56 1 0
github.com/baaaki/mydreamcampus/attendance-service/internal/worker/event_consumer.go:93.33,94.59 1 0
github.com/baaaki/mydreamcampus/attendance-service/internal/worker/event_consumer.go:95.37,96.63 1 0
github.com/baaaki/mydreamcampus/attendance-service/internal/worker/event_consumer.go:97.10,100.71 2 0
github.com/baaaki/mydreamcampus/attendance-service/internal/worker/event_consumer.go:104.105,107.57 2 0
github.com/baaaki/mydreamcampus/attendance-service/internal/worker/event_consumer.go:107.57,109.3 1 0
github.com/baaaki/mydreamcampus/attendance-service/internal/worker/event_consumer.go:110.2,111.16 2 0
github.com/baaaki/mydreamcampus/attendance-service/internal/worker/event_consumer.go:111.16,113.3 1 0
github.com/baaaki/mydreamcampus/attendance-service/internal/worker/event_consumer.go:114.2,115.62 2 0
github.com/baaaki/mydreamcampus/attendance-service/internal/worker/event_consumer.go:115.62,117.3 1 0
github.com/baaaki/mydreamcampus/attendance-service/internal/worker/event_consumer.go:120.2,129.16 2 0
github.com/baaaki/mydreamcampus/attendance-service/internal/worker/event_consumer.go:129.16,132.3 2 0
github.com/baaaki/mydreamcampus/attendance-service/internal/worker/event_consumer.go:134.2,139.72 2 0
github.com/baaaki/mydreamcampus/attendance-service/internal/worker/event_consumer.go:142.105,145.57 2 0
github.com/baaaki/mydreamcampus/attendance-service/internal/worker/event_consumer.go:145.57,147.3 1 0
github.com/baaaki/mydreamcampus/attendance-service/internal/worker/event_consumer.go:148.2,149.16 2 0
github.com/baaaki/mydreamcampus/attendance-service/internal/worker/event_consumer.go:149.16,151.3 1 0
github.com/baaaki/mydreamcampus/attendance-service/internal/worker/event_consumer.go:152.2,153.62 2 0
github.com/baaaki/mydreamcampus/attendance-service/internal/worker/event_consumer.go:153.62,155.3 1 0
github.com/baaaki/mydreamcampus/attendance-service/internal/worker/event_consumer.go:158.2,167.16 2 0
github.com/baaaki/mydreamcampus/attendance-service/internal/worker/event_consumer.go:167.16,170.3 2 0
github.com/baaaki/mydreamcampus/attendance-service/internal/worker/event_consumer.go:172.2,177.72 2 0
github.com/baaaki/mydreamcampus/attendance-service/internal/worker/event_consumer.go:180.109,183.57 2 0
github.com/baaaki/mydreamcampus/attendance-service/internal/worker/event_consumer.go:183.57,185.3 1 0
github.com/baaaki/mydreamcampus/attendance-service/internal/worker/event_consumer.go:186.2,187.16 2 0
github.com/baaaki/mydreamcampus/attendance-service/internal/worker/event_consumer.go:187.16,189.3 1 0
github.com/baaaki/mydreamcampus/attendance-service/internal/worker/event_consumer.go:190.2,191.62 2 0
github.com/baaaki/mydreamcampus/attendance-service/internal/worker/event_consumer.go:191.62,193.3 1 0
github.com/baaaki/mydreamcampus/attendance-service/internal/worker/event_consumer.go:196.2,196.85 1 0
github.com/baaaki/mydreamcampus/attendance-service/internal/worker/event_consumer.go:196.85,199.3 2 0
github.com/baaaki/mydreamcampus/attendance-service/internal/worker/event_consumer.go:201.2,203.76 2 0
github.com/baaaki/mydreamcampus/attendance-service/internal/worker/event_consumer.go:206.112,208.57 2 0
github.com/baaaki/mydreamcampus/attendance-service/internal/worker/event_consumer.go:208.57,210.3 1 0
github.com/baaaki/mydreamcampus/attendance-service/internal/worker/event_consumer.go:213.2,214.47 2 0
github.com/baaaki/mydreamcampus/attendance-service/internal/worker/event_consumer.go:214.47,215.29 1 0
github.com/baaaki/mydreamcampus/attendance-service/internal/worker/event_consumer.go:215.29,217.9 2 0
github.com/baaaki/mydreamcampus/attendance-service/internal/worker/event_consumer.go:222.2,234.16 2 0
github.com/baaaki/mydreamcampus/attendance-service/internal/worker/event_consumer.go:234.16,237.3 2 0
github.com/baaaki/mydreamcampus/attendance-service/internal/worker/event_consumer.go:239.2,244.80 2 0
github.com/baaaki/mydreamcampus/attendance-service/internal/worker/event_consumer.go:247.116,252.55 2 0
github.com/baaaki/mydreamcampus/attendance-service/internal/worker/event_consumer.go:252.55,254.3 1 0
github.com/baaaki/mydreamcampus/attendance-service/internal/worker/event_consumer.go:255.2,260.47 4 0
github.com/baaaki/mydreamcampus/attendance-service/internal/worker/event_consumer.go:260.47,267.17 2 0
github.com/baaaki/mydreamcampus/attendance-service/internal/worker/event_consumer.go:267.17,274.12 3 0
github.com/baaaki/mydreamcampus/attendance-service/internal/worker/event_consumer.go:277.3,282.4 2 0
github.com/baaaki/mydreamcampus/attendance-service/internal/worker/event_consumer.go:286.2,286.41 1 0
github.com/baaaki/mydreamcampus/attendance-service/internal/worker/event_consumer.go:286.41,293.3 2 0
github.com/baaaki/mydreamcampus/attendance-service/internal/worker/event_consumer.go:295.2,295.84 1 0
github.com/baaaki/mydreamcampus/attendance-service/internal/worker/outbox_worker.go:19.108,24.2 1 0
github.com/baaaki/mydreamcampus/attendance-service/internal/worker/outbox_worker.go:26.51,32.6 4 0
github.com/baaaki/mydreamcampus/attendance-service/internal/worker/outbox_worker.go:32.6,33.10 1 0
github.com/baaaki/mydreamcampus/attendance-service/internal/worker/outbox_worker.go:34.21,36.10 2 0
github.com/baaaki/mydreamcampus/attendance-service/internal/worker/outbox_worker.go:37.19,38.24 1 0
github.com/baaaki/mydreamcampus/attendance-service/internal/worker/outbox_worker.go:43.59,45.16 2 0
github.com/baaaki/mydreamcampus/attendance-service/internal/worker/outbox_worker.go:45.16,48.3 2 0
github.com/baaaki/mydreamcampus/attendance-service/internal/worker/outbox_worker.go:50.2,50.31 1 0
github.com/baaaki/mydreamcampus/attendance-service/internal/worker/outbox_worker.go:50.31,52.65 2 0
github.com/baaaki/mydreamcampus/attendance-service/internal/worker/outbox_worker.go:52.65,55.12 3 0
github.com/baaaki/mydreamcampus/attendance-service/internal/worker/outbox_worker.go:58.3,58.98 1 0
github.com/baaaki/mydreamcampus/attendance-service/internal/worker/outbox_worker.go:58.98,60.4 1 0
github.com/baaaki/mydreamcampus/attendance-service/internal/worker/outbox_worker.go:60.9,63.4 2 0
github.com/baaaki/mydreamcampus/attendance-service/internal/worker/session_expiry.go:22.25,27.2 1 0
github.com/baaaki/mydreamcampus/attendance-service/internal/worker/session_expiry.go:29.59,35.6 4 0
github.com/baaaki/mydreamcampus/attendance-service/internal/worker/session_expiry.go:35.6,36.10 1 0
github.com/baaaki/mydreamcampus/attendance-service/internal/worker/session_expiry.go:37.21,39.10 2 0
github.com/baaaki/mydreamcampus/attendance-service/internal/worker/session_expiry.go:40.19,41.55 1 0
github.com/baaaki/mydreamcampus/attendance-service/internal/worker/session_expiry.go:41.55,43.5 1 0
github.com/baaaki/mydreamcampus/attendance-service/internal/worker/session_expiry.go:48.81,51.16 2 0
github.com/baaaki/mydreamcampus/attendance-service/internal/worker/session_expiry.go:51.16,54.3 2 0
github.com/baaaki/mydreamcampus/attendance-service/internal/worker/session_expiry.go:56.2,56.31 1 0
github.com/baaaki/mydreamcampus/attendance-service/internal/worker/session_expiry.go:56.31,59.3 2 0
github.com/baaaki/mydreamcampus/attendance-service/internal/worker/session_expiry.go:61.2,63.42 2 0
github.com/baaaki/mydreamcampus/attendance-service/internal/worker/session_expiry.go:63.42,73.73 4 0
github.com/baaaki/mydreamcampus/attendance-service/internal/worker/session_expiry.go:73.73,78.12 2 0
github.com/baaaki/mydreamcampus/attendance-service/internal/worker/session_expiry.go:82.3,82.76 1 0
github.com/baaaki/mydreamcampus/attendance-service/internal/worker/session_expiry.go:82.76,88.4 1 0
github.com/baaaki/mydreamcampus/attendance-service/internal/worker/session_expiry.go:90.3,92.4 1 0
github.com/baaaki/mydreamcampus/attendance-service/internal/worker/session_expiry.go:95.2,96.12 2 0
github.com/baaaki/mydreamcampus/attendance-service/internal/handler/attendance_handler.go:20.82,22.2 1 0
github.com/baaaki/mydreamcampus/attendance-service/internal/handler/attendance_handler.go:26.53,28.13 2 0
github.com/baaaki/mydreamcampus/attendance-service/internal/handler/attendance_handler.go:28.13,30.3 1 0
github.com/baaaki/mydreamcampus/attendance-service/internal/handler/attendance_handler.go:32.2,32.31 1 0
github.com/baaaki/mydreamcampus/attendance-service/internal/handler/attendance_handler.go:33.14,34.23 1 0
github.com/baaaki/mydreamcampus/attendance-service/internal/handler/attendance_handler.go:35.17,36.16 1 0
github.com/baaaki/mydreamcampus/attendance-service/internal/handler/attendance_handler.go:37.10,38.48 1 0
github.com/baaaki/mydreamcampus/attendance-service/internal/handler/attendance_handler.go:50.59,57.47 3 0
github.com/baaaki/mydreamcampus/attendance-service/internal/handler/attendance_handler.go:57.47,64.3 3 0
github.com/baaaki/mydreamcampus/attendance-service/internal/handler/attendance_handler.go:67.2,68.16 2 0
github.com/baaaki/mydreamcampus/attendance-service/internal/handler/attendance_handler.go:68.16,75.3 3 0
github.com/baaaki/mydreamcampus/attendance-service/internal/handler/attendance_handler.go:77.2,83.16 3 0
github.com/baaaki/mydreamcampus/attendance-service/internal/handler/attendance_handler.go:83.16,87.3 3 0
github.com/baaaki/mydreamcampus/attendance-service/internal/handler/attendance_handler.go:89.2,92.34 2 0
github.com/baaaki/mydreamcampus/attendance-service/internal/handler/attendance_handler.go:103.52,110.47 3 0
github.com/baaaki/mydreamcampus/attendance-service/internal/handler/attendance_handler.go:110.47,117.3 3 0
github.com/baaaki/mydreamcampus/attendance-service/internal/handler/attendance_handler.go:120.2,121.16 2 0
github.com/baaaki/mydreamcampus/attendance-service/internal/handler/attendance_handler.go:121.16,128.3 3 0
github.com/baaaki/mydreamcampus/attendance-service/internal/handler/attendance_handler.go:130.2,135.16 3 0
github.com/baaaki/mydreamcampus/attendance-service/internal/handler/attendance_handler.go:135.16,139.3 3 0
github.com/baaaki/mydreamcampus/attendance-service/internal/handler/attendance_handler.go:141.2,142.29 2 0
github.com/baaaki/mydreamcampus/attendance-service/internal/handler/attendance_handler.go:152.55,159.16 3 0
github.com/baaaki/mydreamcampus/attendance-service/internal/handler/attendance_handler.go:159.16,166.3 3 0
github.com/baaaki/mydreamcampus/attendance-service/internal/handler/attendance_handler.go:168.2,169.16 2 0
github.com/baaaki/mydreamcampus/attendance-service/internal/handler/attendance_handler.go:169.16,176.3 3 0
github.com/baaaki/mydreamcampus/attendance-service/internal/handler/attendance_handler.go:178.2,184.16 3 0
github.com/baaaki/mydreamcampus/attendance-service/internal/handler/attendance_handler.go:184.16,188.3 3 0
github.com/baaaki/mydreamcampus/attendance-service/internal/handler/attendance_handler.go:190.2,190.29 1 0
github.com/baaaki/mydreamcampus/attendance-service/internal/handler/attendance_handler.go:202.68,209.16 3 0
github.com/baaaki/mydreamcampus/attendance-service/internal/handler/attendance_handler.go:209.16,216.3 3 0
github.com/baaaki/mydreamcampus/attendance-service/internal/handler/attendance_handler.go:218.2,219.47 2 0
github.com/baaaki/mydreamcampus/attendance-service/internal/handler/attendance_handler.go:219.47,226.3 3 0
github.com/baaaki/mydreamcampus/attendance-service/internal/handler/attendance_handler.go:228.2,229.16 2 0
github.com/baaaki/mydreamcampus/attendance-service/internal/handler/attendance_handler.go:229.16,236.3 3 0
github.com/baaaki/mydreamcampus/attendance-service/internal/handler/attendance_handler.go:238.2,244.16 3 0
github.com/baaaki/mydreamcampus/attendance-service/internal/handler/attendance_handler.go:244.16,248.3 3 0
github.com/baaaki/mydreamcampus/attendance-service/internal/handler/attendance_handler.go:250.2,251.34 2 0
github.com/baaaki/mydreamcampus/attendance-service/internal/handler/attendance_handler.go:261.58,268.16 3 0
github.com/baaaki/mydreamcampus/attendance-service/internal/handler/attendance_handler.go:268.16,275.3 3 0
github.com/baaaki/mydreamcampus/attendance-service/internal/handler/attendance_handler.go:277.2,278.16 2 0
github.com/baaaki/mydreamcampus/attendance-service/internal/handler/attendance_handler.go:278.16,285.3 3 0
github.com/baaaki/mydreamcampus/attendance-service/internal/handler/attendance_handler.go:287.2,293.16 3 0
github.com/baaaki/mydreamcampus/attendance-service/internal/handler/attendance_handler.go:293.16,297.3 3 0
github.com/baaaki/mydreamcampus/attendance-service/internal/handler/attendance_handler.go:299.2,303.29 2 0
github.com/baaaki/mydreamcampus/attendance-service/internal/handler/attendance_handler.go:313.61,321.16 4 0
github.com/baaaki/mydreamcampus/attendance-service/internal/handler/attendance_handler.go:321.16,328.3 3 0
github.com/baaaki/mydreamcampus/attendance-service/internal/handler/attendance_handler.go:330.2,336.16 3 0
github.com/baaaki/mydreamcampus/attendance-service/internal/handler/attendance_handler.go:336.16,340.3 3 0
github.com/baaaki/mydreamcampus/attendance-service/internal/handler/attendance_handler.go:342.2,342.29 1 0
github.com/baaaki/mydreamcampus/attendance-service/internal/handler/attendance_handler.go:353.64,360.16 3 0
github.com/baaaki/mydreamcampus/attendance-service/internal/handler/attendance_handler.go:360.16,367.3 3 0
github.com/baaaki/mydreamcampus/attendance-service/internal/handler/attendance_handler.go:369.2,370.20 2 0
github.com/baaaki/mydreamcampus/attendance-service/internal/handler/attendance_handler.go:370.20,377.3 3 0
github.com/baaaki/mydreamcampus/attendance-service/internal/handler/attendance_handler.go:379.2,380.16 2 0
github.com/baaaki/mydreamcampus/attendance-service/internal/handler/attendance_handler.go:380.16,387.3 3 0
github.com/baaaki/mydreamcampus/attendance-service/internal/handler/attendance_handler.go:389.2,396.16 3 0
github.com/baaaki/mydreamcampus/attendance-service/internal/handler/attendance_handler.go:396.16,400.3 3 0
github.com/baaaki/mydreamcampus/attendance-service/internal/handler/attendance_handler.go:402.2,406.29 2 0
github.com/baaaki/mydreamcampus/attendance-service/internal/handler/attendance_handler.go:416.63,423.16 3 0
github.com/baaaki/mydreamcampus/attendance-service/internal/handler/attendance_handler.go:423.16,430.3 3 0
github.com/baaaki/mydreamcampus/attendance-service/internal/handler/attendance_handler.go:432.2,433.16 2 0
github.com/baaaki/mydreamcampus/attendance-service/internal/handler/attendance_handler.go:433.16,440.3 3 0
github.com/baaaki/mydreamcampus/attendance-service/internal/handler/attendance_handler.go:442.2,447.16 3 0
github.com/baaaki/mydreamcampus/attendance-service/internal/handler/attendance_handler.go:447.16,451.3 3 0
github.com/baaaki/mydreamcampus/attendance-service/internal/handler/attendance_handler.go:453.2,453.29 1 0
github.com/baaaki/mydreamcampus/attendance-service/internal/handler/attendance_handler.go:463.63,470.16 3 0
github.com/baaaki/mydreamcampus/attendance-service/internal/handler/attendance_handler.go:470.16,477.3 3 0
github.com/baaaki/mydreamcampus/attendance-service/internal/handler/attendance_handler.go:479.2,480.16 2 0
github.com/baaaki/mydreamcampus/attendance-service/internal/handler/attendance_handler.go:480.16,487.3 3 0
github.com/baaaki/mydreamcampus/attendance-service/internal/handler/attendance_handler.go:489.2,494.16 3 0
github.com/baaaki/mydreamcampus/attendance-service/internal/handler/attendance_handler.go:494.16,498.3 3 0
github.com/baaaki/mydreamcampus/attendance-service/internal/handler/attendance_handler.go:500.2,500.29 1 0
github.com/baaaki/mydreamcampus/attendance-service/internal/handler/attendance_handler.go:511.64,518.16 3 0
github.com/baaaki/mydreamcampus/attendance-service/internal/handler/attendance_handler.go:518.16,525.3 3 0
github.com/baaaki/mydreamcampus/attendance-service/internal/handler/attendance_handler.go:527.2,529.16 3 0
github.com/baaaki/mydreamcampus/attendance-service/internal/handler/attendance_handler.go:529.16,536.3 3 0
github.com/baaaki/mydreamcampus/attendance-service/internal/handler/attendance_handler.go:538.2,544.16 3 0
github.com/baaaki/mydreamcampus/attendance-service/internal/handler/attendance_handler.go:544.16,548.3 3 0
github.com/baaaki/mydreamcampus/attendance-service/internal/handler/attendance_handler.go:550.2,550.29 1 0
github.com/baaaki/mydreamcampus/attendance-service/internal/handler/attendance_handler.go:555.63,564.36 4 0
github.com/baaaki/mydreamcampus/attendance-service/internal/handler/attendance_handler.go:564.36,570.3 2 0
github.com/baaaki/mydreamcampus/attendance-service/internal/handler/attendance_handler.go:572.2,573.16 2 0
github.com/baaaki/mydreamcampus/attendance-service/internal/handler/attendance_handler.go:573.16,579.3 2 0
github.com/baaaki/mydreamcampus/attendance-service/internal/handler/attendance_handler.go:581.2,582.16 2 0
github.com/baaaki/mydreamcampus/attendance-service/internal/handler/attendance_handler.go:582.16,588.3 2 0
github.com/baaaki/mydreamcampus/attendance-service/internal/handler/attendance_handler.go:590.2,596.16 3 0
github.com/baaaki/mydreamcampus/attendance-service/internal/handler/attendance_handler.go:596.16,599.3 2 0
github.com/baaaki/mydreamcampus/attendance-service/internal/handler/attendance_handler.go:601.2,601.33 1 0
github.com/baaaki/mydreamcampus/attendance-service/internal/handler/attendance_handler.go:604.68,611.44 2 0
github.com/baaaki/mydreamcampus/attendance-service/internal/handler/attendance_handler.go:611.44,621.3 3 0
github.com/baaaki/mydreamcampus/attendance-service/internal/handler/attendance_handler.go:624.2,630.4 2 0
github.com/baaaki/mydreamcampus/attendance-service/internal/service/attendance_service.go:54.22,65.2 1 0
github.com/baaaki/mydreamcampus/attendance-service/internal/service/attendance_service.go:68.153,76.16 3 0
github.com/baaaki/mydreamcampus/attendance-service/internal/service/attendance_service.go:76.16,79.3 2 0
github.com/baaaki/mydreamcampus/attendance-service/internal/service/attendance_service.go:81.2,81.61 1 0
github.com/baaaki/mydreamcampus/attendance-service/internal/service/attendance_service.go:81.61,84.3 2 0
github.com/baaaki/mydreamcampus/attendance-service/internal/service/attendance_service.go:87.2,87.80 1 0
github.com/baaaki/mydreamcampus/attendance-service/internal/service/attendance_service.go:87.80,89.3 1 0
github.com/baaaki/mydreamcampus/attendance-service/internal/service/attendance_service.go:92.2,92.48 1 0
github.com/baaaki/mydreamcampus/attendance-service/internal/service/attendance_service.go:92.48,95.3 2 0
github.com/baaaki/mydreamcampus/attendance-service/internal/service/attendance_service.go:98.2,100.16 3 0
github.com/baaaki/mydreamcampus/attendance-service/internal/service/attendance_service.go:100.16,102.3 1 0
github.com/baaaki/mydreamcampus/attendance-service/internal/service/attendance_service.go:103.2,103.12 1 0
github.com/baaaki/mydreamcampus/attendance-service/internal/service/attendance_service.go:103.12,105.3 1 0
github.com/baaaki/mydreamcampus/attendance-service/internal/service/attendance_service.go:108.2,109.16 2 0
github.com/baaaki/mydreamcampus/attendance-service/internal/service/attendance_service.go:109.16,111.3 1 0
github.com/baaaki/mydreamcampus/attendance-service/internal/service/attendance_service.go:114.2,128.16 4 0
github.com/baaaki/mydreamcampus/attendance-service/internal/service/attendance_service.go:128.16,130.3 1 0
github.com/baaaki/mydreamcampus/attendance-service/internal/service/attendance_service.go:133.2,137.16 3 0
github.com/baaaki/mydreamcampus/attendance-service/internal/service/attendance_service.go:137.16,139.3 1 0
github.com/baaaki/mydreamcampus/attendance-service/internal/service/attendance_service.go:139.8,141.44 2 0
github.com/baaaki/mydreamcampus/attendance-service/internal/service/attendance_service.go:141.44,143.4 1 0
github.com/baaaki/mydreamcampus/attendance-service/internal/service/attendance_service.go:144.3,144.65 1 0
github.com/baaaki/mydreamcampus/attendance-service/internal/service/attendance_service.go:148.2,170.8 2 0
github.com/baaaki/mydreamcampus/attendance-service/internal/service/attendance_service.go:175.129,181.16 4 0
github.com/baaaki/mydreamcampus/attendance-service/internal/service/attendance_service.go:181.16,183.3 1 0
github.com/baaaki/mydreamcampus/attendance-service/internal/service/attendance_service.go:186.2,186.67 1 0
github.com/baaaki/mydreamcampus/attendance-service/internal/service/attendance_service.go:186.67,188.3 1 0
github.com/baaaki/mydreamcampus/attendance-service/internal/service/attendance_service.go:191.2,191.81 1 0
github.com/baaaki/mydreamcampus/attendance-service/internal/service/attendance_service.go:191.81,193.3 1 0
github.com/baaaki/mydreamcampus/attendance-service/internal/service/attendance_service.go:196.2,196.71 1 0
github.com/baaaki/mydreamcampus/attendance-service/internal/service/attendance_service.go:196.71,198.3 1 0
github.com/baaaki/mydreamcampus/attendance-service/internal/service/attendance_service.go:201.2,203.29 3 0
github.com/baaaki/mydreamcampus/attendance-service/internal/service/attendance_service.go:203.29,205.3 1 0
github.com/baaaki/mydreamcampus/attendance-service/internal/service/attendance_service.go:210.2,221.16 3 0
github.com/baaaki/mydreamcampus/attendance-service/internal/service/attendance_service.go:221.16,223.3 1 0
github.com/baaaki/mydreamcampus/attendance-service/internal/service/attendance_service.go:226.2,229.16 3 0
github.com/baaaki/mydreamcampus/attendance-service/internal/service/attendance_service.go:229.16,232.86 2 0
github.com/baaaki/mydreamcampus/attendance-service/internal/service/attendance_service.go:232.86,234.4 1 0
github.com/baaaki/mydreamcampus/attendance-service/internal/service/attendance_service.go:235.8,235.19 1 0
github.com/baaaki/mydreamcampus/attendance-service/internal/service/attendance_service.go:235.19,237.3 1 0
github.com/baaaki/mydreamcampus/attendance-service/internal/service/attendance_service.go:240.2,241.16 2 0
github.com/baaaki/mydreamcampus/attendance-service/internal/service/attendance_service.go:241.16,244.3 2 0
github.com/baaaki/mydreamcampus/attendance-service/internal/service/attendance_service.go:246.2,253.8 1 0
github.com/baaaki/mydreamcampus/attendance-service/internal/service/attendance_service.go:257.122,259.16 2 0
github.com/baaaki/mydreamcampus/attendance-service/internal/service/attendance_service.go:259.16,261.3 1 0
github.com/baaaki/mydreamcampus/attendance-service/internal/service/attendance_service.go:264.2,264.62 1 0
github.com/baaaki/mydreamcampus/attendance-service/internal/service/attendance_service.go:264.62,266.3 1 0
github.com/baaaki/mydreamcampus/attendance-service/internal/service/attendance_service.go:269.2,275.8 2 0
github.com/baaaki/mydreamcampus/attendance-service/internal/service/attendance_service.go:279.179,281.16 2 0
github.com/baaaki/mydreamcampus/attendance-service/internal/service/attendance_service.go:281.16,283.3 1 0
github.com/baaaki/mydreamcampus/attendance-service/internal/service/attendance_service.go:286.2,286.62 1 0
github.com/baaaki/mydreamcampus/attendance-service/internal/service/attendance_service.go:286.62,288.3 1 0
github.com/baaaki/mydreamcampus/attendance-service/internal/service/attendance_service.go:291.2,291.81 1 0
github.com/baaaki/mydreamcampus/attendance-service/internal/service/attendance_service.go:291.81,293.3 1 0
github.com/baaaki/mydreamcampus/attendance-service/internal/service/attendance_service.go:296.2,297.16 2 0
github.com/baaaki/mydreamcampus/attendance-service/internal/service/attendance_service.go:297.16,300.3 2 0
github.com/baaaki/mydreamcampus/attendance-service/internal/service/attendance_service.go:301.2,301.15 1 0
github.com/baaaki/mydreamcampus/attendance-service/internal/service/attendance_service.go:301.15,303.3 1 0
github.com/baaaki/mydreamcampus/attendance-service/internal/service/attendance_service.go:306.2,316.16 2 0
github.com/baaaki/mydreamcampus/attendance-service/internal/service/attendance_service.go:316.16,318.3 1 0
github.com/baaaki/mydreamcampus/attendance-service/internal/service/attendance_service.go:321.2,325.16 3 0
github.com/baaaki/mydreamcampus/attendance-service/internal/service/attendance_service.go:325.16,328.3 2 0
github.com/baaaki/mydreamcampus/attendance-service/internal/service/attendance_service.go:330.2,338.31 1 0
github.com/baaaki/mydreamcampus/attendance-service/internal/service/attendance_service.go:338.31,340.18 2 0
github.com/baaaki/mydreamcampus/attendance-service/internal/service/attendance_service.go:340.18,342.5 1 0
github.com/baaaki/mydreamcampus/attendance-service/internal/service/attendance_service.go:343.4,343.13 1 0
github.com/baaaki/mydreamcampus/attendance-service/internal/service/attendance_service.go:350.132,352.16 2 0
github.com/baaaki/mydreamcampus/attendance-service/internal/service/attendance_service.go:352.16,354.3 1 0
github.com/baaaki/mydreamcampus/attendance-service/internal/service/attendance_service.go:357.2,357.62 1 0
github.com/baaaki/mydreamcampus/attendance-service/internal/service/attendance_service.go:357.62,359.3 1 0
github.com/baaaki/mydreamcampus/attendance-service/internal/service/attendance_service.go:362.2,362.43 1 0
github.com/baaaki/mydreamcampus/attendance-service/internal/service/attendance_service.go:362.43,364.3 1 0
github.com/baaaki/mydreamcampus/attendance-service/internal/service/attendance_service.go:367.2,367.72 1 0
github.com/baaaki/mydreamcampus/attendance-service/internal/service/attendance_service.go:367.72,369.3 1 0
github.com/baaaki/mydreamcampus/attendance-service/internal/service/attendance_service.go:372.2,377.16 4 0
github.com/baaaki/mydreamcampus/attendance-service/internal/service/attendance_service.go:377.16,380.3 2 0
github.com/baaaki/mydreamcampus/attendance-service/internal/service/attendance_service.go:382.2,383.16 2 0
github.com/baaaki/mydreamcampus/attendance-service/internal/service/attendance_service.go:383.16,386.3 2 0
github.com/baaaki/mydreamcampus/attendance-service/internal/service/attendance_service.go:388.2,398.8 2 0
github.com/baaaki/mydreamcampus/attendance-service/internal/service/attendance_service.go:402.141,405.16 2 0
github.com/baaaki/mydreamcampus/attendance-service/internal/service/attendance_service.go:405.16,407.3 1 0
github.com/baaaki/mydreamcampus/attendance-service/internal/service/attendance_service.go:410.2,411.16 2 0
github.com/baaaki/mydreamcampus/attendance-service/internal/service/attendance_service.go:411.16,413.3 1 0
github.com/baaaki/mydreamcampus/attendance-service/internal/service/attendance_service.go:415.2,417.41 2 0
github.com/baaaki/mydreamcampus/attendance-service/internal/service/attendance_service.go:417.41,422.17 3 0
github.com/baaaki/mydreamcampus/attendance-service/internal/service/attendance_service.go:422.17,423.12 1 0
github.com/baaaki/mydreamcampus/attendance-service/internal/service/attendance_service.go:426.3,427.34 2 0
github.com/baaaki/mydreamcampus/attendance-service/internal/service/attendance_service.go:427.34,434.4 1 0
github.com/baaaki/mydreamcampus/attendance-service/internal/service/attendance_service.go:437.3,453.22 6 0
github.com/baaaki/mydreamcampus/attendance-service/internal/service/attendance_service.go:453.22,461.4 1 0
github.com/baaaki/mydreamcampus/attendance-service/internal/service/attendance_service.go:463.3,463.19 1 0
github.com/baaaki/mydreamcampus/attendance-service/internal/service/attendance_service.go:463.19,471.4 1 0
github.com/baaaki/mydreamcampus/attendance-service/internal/service/attendance_service.go:473.3,473.36 1 0
github.com/baaaki/mydreamcampus/attendance-service/internal/service/attendance_service.go:476.2,481.8 1 0
github.com/baaaki/mydreamcampus/attendance-service/internal/service/attendance_service.go:486.160,494.16 3 0
github.com/baaaki/mydreamcampus/attendance-service/internal/service/attendance_service.go:494.16,496.3 1 0
github.com/baaaki/mydreamcampus/attendance-service/internal/service/attendance_service.go:497.2,497.61 1 0
github.com/baaaki/mydreamcampus/attendance-service/internal/service/attendance_service.go:497.61,499.3 1 0
github.com/baaaki/mydreamcampus/attendance-service/internal/service/attendance_service.go:502.2,507.21 4 0
github.com/baaaki/mydreamcampus/attendance-service/internal/service/attendance_service.go:507.21,509.17 2 0
github.com/baaaki/mydreamcampus/attendance-service/internal/service/attendance_service.go:509.17,511.4 1 0
github.com/baaaki/mydreamcampus/attendance-service/internal/service/attendance_service.go:515.2,516.18 2 0
github.com/baaaki/mydreamcampus/attendance-service/internal/service/attendance_service.go:516.18,518.17 2 0
github.com/baaaki/mydreamcampus/attendance-service/internal/service/attendance_service.go:518.17,520.4 1 0
github.com/baaaki/mydreamcampus/attendance-service/internal/service/attendance_service.go:524.2,538.34 3 0
github.com/baaaki/mydreamcampus/attendance-service/internal/service/attendance_service.go:538.34,548.3 2 0
github.com/baaaki/mydreamcampus/attendance-service/internal/service/attendance_service.go:550.2,550.31 1 0
github.com/baaaki/mydreamcampus/attendance-service/internal/service/attendance_service.go:550.31,552.43 2 0
github.com/baaaki/mydreamcampus/attendance-service/internal/service/attendance_service.go:552.43,556.4 3 0
github.com/baaaki/mydreamcampus/attendance-service/internal/service/attendance_service.go:556.9,565.4 1 0
github.com/baaaki/mydreamcampus/attendance-service/internal/service/attendance_service.go:569.2,570.16 2 0
github.com/baaaki/mydreamcampus/attendance-service/internal/service/attendance_service.go:570.16,573.3 2 0
github.com/baaaki/mydreamcampus/attendance-service/internal/service/attendance_service.go:575.2,578.39 3 0
github.com/baaaki/mydreamcampus/attendance-service/internal/service/attendance_service.go:578.39,580.43 2 0
github.com/baaaki/mydreamcampus/attendance-service/internal/service/attendance_service.go:580.43,582.4 1 0
github.com/baaaki/mydreamcampus/attendance-service/internal/service/attendance_service.go:582.9,582.50 1 0
github.com/baaaki/mydreamcampus/attendance-service/internal/service/attendance_service.go:582.50,584.4 1 0
github.com/baaaki/mydreamcampus/attendance-service/internal/service/attendance_service.go:586.3,593.22 2 0
github.com/baaaki/mydreamcampus/attendance-service/internal/service/attendance_service.go:593.22,601.4 1 0
github.com/baaaki/mydreamcampus/attendance-service/internal/service/attendance_service.go:603.3,603.19 1 0
github.com/baaaki/mydreamcampus/attendance-service/internal/service/attendance_service.go:603.19,611.4 1 0
github.com/baaaki/mydreamcampus/attendance-service/internal/service/attendance_service.go:613.3,628.22 3 0
github.com/baaaki/mydreamcampus/attendance-service/internal/service/attendance_service.go:628.22,635.4 1 0
github.com/baaaki/mydreamcampus/attendance-service/internal/service/attendance_service.go:637.3,637.19 1 0
github.com/baaaki/mydreamcampus/attendance-service/internal/service/attendance_service.go:637.19,644.4 1 0
github.com/baaaki/mydreamcampus/attendance-service/internal/service/attendance_service.go:646.3,646.72 1 0
github.com/baaaki/mydreamcampus/attendance-service/internal/service/attendance_service.go:646.72,648.4 1 0
github.com/baaaki/mydreamcampus/attendance-service/internal/service/attendance_service.go:651.2,674.8 1 0
github.com/baaaki/mydreamcampus/attendance-service/internal/service/attendance_service.go:678.141,681.16 2 0
github.com/baaaki/mydreamcampus/attendance-service/internal/service/attendance_service.go:681.16,683.3 1 0
github.com/baaaki/mydreamcampus/attendance-service/internal/service/attendance_service.go:684.2,684.61 1 0
github.com/baaaki/mydreamcampus/attendance-service/internal/service/attendance_service.go:684.61,686.3 1 0
github.com/baaaki/mydreamcampus/attendance-service/internal/service/attendance_service.go:689.2,690.16 2 0
github.com/baaaki/mydreamcampus/attendance-service/internal/service/attendance_service.go:690.16,692.3 1 0
github.com/baaaki/mydreamcampus/attendance-service/internal/service/attendance_service.go:693.2,697.16 3 0
github.com/baaaki/mydreamcampus/attendance-service/internal/service/attendance_service.go:697.16,699.3 1 0
github.com/baaaki/mydreamcampus/attendance-service/internal/service/attendance_service.go:701.2,704.35 3 0
github.com/baaaki/mydreamcampus/attendance-service/internal/service/attendance_service.go:704.35,711.17 5 0
github.com/baaaki/mydreamcampus/attendance-service/internal/service/attendance_service.go:711.17,713.12 2 0
github.com/baaaki/mydreamcampus/attendance-service/internal/service/attendance_service.go:717.3,718.15 2 0
github.com/baaaki/mydreamcampus/attendance-service/internal/service/attendance_service.go:718.15,720.4 1 0
github.com/baaaki/mydreamcampus/attendance-service/internal/service/attendance_service.go:722.3,725.16 3 0
github.com/baaaki/mydreamcampus/attendance-service/internal/service/attendance_service.go:725.16,727.4 1 0
github.com/baaaki/mydreamcampus/attendance-service/internal/service/attendance_service.go:729.3,738.5 1 0
github.com/baaaki/mydreamcampus/attendance-service/internal/service/attendance_service.go:741.2,753.8 1 0
github.com/baaaki/mydreamcampus/attendance-service/internal/service/attendance_service.go:758.121,760.16 2 0
github.com/baaaki/mydreamcampus/attendance-service/internal/service/attendance_service.go:760.16,762.3 1 0
github.com/baaaki/mydreamcampus/attendance-service/internal/service/attendance_service.go:764.2,764.61 1 0
github.com/baaaki/mydreamcampus/attendance-service/internal/service/attendance_service.go:767.158,770.28 2 0
github.com/baaaki/mydreamcampus/attendance-service/internal/service/attendance_service.go:770.28,772.3 1 0
github.com/baaaki/mydreamcampus/attendance-service/internal/service/attendance_service.go:773.2,773.72 1 0
github.com/baaaki/mydreamcampus/attendance-service/internal/service/attendance_service.go:777.129,784.16 2 0
github.com/baaaki/mydreamcampus/attendance-service/internal/service/attendance_service.go:784.16,786.3 1 0
github.com/baaaki/mydreamcampus/attendance-service/internal/service/attendance_service.go:788.2,788.129 1 0
github.com/baaaki/mydreamcampus/attendance-service/internal/service/attendance_service.go:792.142,794.16 2 0
github.com/baaaki/mydreamcampus/attendance-service/internal/service/attendance_service.go:794.16,796.3 1 0
github.com/baaaki/mydreamcampus/attendance-service/internal/service/attendance_service.go:799.2,799.62 1 0
github.com/baaaki/mydreamcampus/attendance-service/internal/service/attendance_service.go:799.62,801.3 1 0
github.com/baaaki/mydreamcampus/attendance-service/internal/service/attendance_service.go:804.2,806.16 3 0
github.com/baaaki/mydreamcampus/attendance-service/internal/service/attendance_service.go:806.16,808.3 1 0
github.com/baaaki/mydreamcampus/attendance-service/internal/service/attendance_service.go:811.2,812.16 2 0
github.com/baaaki/mydreamcampus/attendance-service/internal/service/attendance_service.go:812.16,815.3 2 0
github.com/baaaki/mydreamcampus/attendance-service/internal/service/attendance_service.go:818.2,819.16 2 0
github.com/baaaki/mydreamcampus/attendance-service/internal/service/attendance_service.go:819.16,822.3 2 0
github.com/baaaki/mydreamcampus/attendance-service/internal/service/attendance_service.go:824.2,841.8 2 0
github.com/baaaki/mydreamcampus/attendance-service/internal/service/attendance_service.go:845.142,847.16 2 0
github.com/baaaki/mydreamcampus/attendance-service/internal/service/attendance_service.go:847.16,849.3 1 0
github.com/baaaki/mydreamcampus/attendance-service/internal/service/attendance_service.go:852.2,852.62 1 0
github.com/baaaki/mydreamcampus/attendance-service/internal/service/attendance_service.go:852.62,854.3 1 0
github.com/baaaki/mydreamcampus/attendance-service/internal/service/attendance_service.go:857.2,858.16 2 0
github.com/baaaki/mydreamcampus/attendance-service/internal/service/attendance_service.go:858.16,860.3 1 0
github.com/baaaki/mydreamcampus/attendance-service/internal/service/attendance_service.go:862.2,864.33 2 0
github.com/baaaki/mydreamcampus/attendance-service/internal/service/attendance_service.go:864.33,867.17 3 0
github.com/baaaki/mydreamcampus/attendance-service/internal/service/attendance_service.go:867.17,869.12 2 0
github.com/baaaki/mydreamcampus/attendance-service/internal/service/attendance_service.go:872.3,874.25 3 0
github.com/baaaki/mydreamcampus/attendance-service/internal/service/attendance_service.go:874.25,876.4 1 0
github.com/baaaki/mydreamcampus/attendance-service/internal/service/attendance_service.go:878.3,879.30 2 0
github.com/baaaki/mydreamcampus/attendance-service/internal/service/attendance_service.go:879.30,881.4 1 0
github.com/baaaki/mydreamcampus/attendance-service/internal/service/attendance_service.go:883.3,891.5 1 0
github.com/baaaki/mydreamcampus/attendance-service/internal/service/attendance_service.go:894.2,899.8 1 0
github.com/baaaki/mydreamcampus/attendance-service/internal/service/attendance_service.go:903.159,905.16 2 0
github.com/baaaki/mydreamcampus/attendance-service/internal/service/attendance_service.go:905.16,907.3 1 0
github.com/baaaki/mydreamcampus/attendance-service/internal/service/attendance_service.go:910.2,910.62 1 0
github.com/baaaki/mydreamcampus/attendance-service/internal/service/attendance_service.go:910.62,912.3 1 0
github.com/baaaki/mydreamcampus/attendance-service/internal/service/attendance_service.go:914.2,918.16 3 0
github.com/baaaki/mydreamcampus/attendance-service/internal/service/attendance_service.go:918.16,920.3 1 0
github.com/baaaki/mydreamcampus/attendance-service/internal/service/attendance_service.go:923.2,924.16 2 0
github.com/baaaki/mydreamcampus/attendance-service/internal/service/attendance_service.go:924.16,926.3 1 0
github.com/baaaki/mydreamcampus/attendance-service/internal/service/attendance_service.go:928.2,929.36 2 0
github.com/baaaki/mydreamcampus/attendance-service/internal/service/attendance_service.go:929.36,931.3 1 0
github.com/baaaki/mydreamcampus/attendance-service/internal/service/attendance_service.go:933.2,936.43 3 0
github.com/baaaki/mydreamcampus/attendance-service/internal/service/attendance_service.go:936.43,943.19 5 0
github.com/baaaki/mydreamcampus/attendance-service/internal/service/attendance_service.go:943.19,947.63 2 0
github.com/baaaki/mydreamcampus/attendance-service/internal/service/attendance_service.go:947.63,948.13 1 0
github.com/baaaki/mydreamcampus/attendance-service/internal/service/attendance_service.go:952.3,953.15 2 0
github.com/baaaki/mydreamcampus/attendance-service/internal/service/attendance_service.go:953.15,955.4 1 0
github.com/baaaki/mydreamcampus/attendance-service/internal/service/attendance_service.go:957.3,964.5 1 0
github.com/baaaki/mydreamcampus/attendance-service/internal/service/attendance_service.go:967.2,973.8 1 0
github.com/baaaki/mydreamcampus/attendance-service/internal/service/attendance_service.go:977.138,985.16 4 0
github.com/baaaki/mydreamcampus/attendance-service/internal/service/attendance_service.go:985.16,987.3 1 0
github.com/baaaki/mydreamcampus/attendance-service/internal/service/attendance_service.go:989.2,990.27 2 0
github.com/baaaki/mydreamcampus/attendance-service/internal/service/attendance_service.go:990.27,1007.3 1 0
github.com/baaaki/mydreamcampus/attendance-service/internal/service/attendance_service.go:1009.2,1012.8 1 0
github.com/baaaki/mydreamcampus/attendance-service/internal/service/attendance_service.go:1019.112,1022.16 2 0
github.com/baaaki/mydreamcampus/attendance-service/internal/service/attendance_service.go:1022.16,1028.3 2 0
github.com/baaaki/mydreamcampus/attendance-service/internal/service/attendance_service.go:1031.2,1033.22 3 0
github.com/baaaki/mydreamcampus/attendance-service/internal/service/attendance_service.go:1033.22,1036.3 2 0
github.com/baaaki/mydreamcampus/attendance-service/internal/service/attendance_service.go:1038.2,1045.21 2 0
github.com/baaaki/mydreamcampus/attendance-service/internal/service/attendance_service.go:1045.21,1046.24 1 0
github.com/baaaki/mydreamcampus/attendance-service/internal/service/attendance_service.go:1047.25,1048.34 1 0
github.com/baaaki/mydreamcampus/attendance-service/internal/service/attendance_service.go:1049.29,1050.37 1 0
github.com/baaaki/mydreamcampus/attendance-service/internal/service/attendance_service.go:1051.23,1052.32 1 0
github.com/baaaki/mydreamcampus/attendance-service/internal/service/attendance_service.go:1053.11,1054.32 1 0
github.com/baaaki/mydreamcampus/attendance-service/internal/service/attendance_service.go:1058.2,1058.12 1 0
github.com/baaaki/mydreamcampus/attendance-service/internal/service/qr_service.go:14.32,16.2 1 3
github.com/baaaki/mydreamcampus/attendance-service/internal/service/qr_service.go:19.54,21.44 2 34
github.com/baaaki/mydreamcampus/attendance-service/internal/service/qr_service.go:21.44,23.3 1 0
github.com/baaaki/mydreamcampus/attendance-service/internal/service/qr_service.go:24.2,24.39 1 34
github.com/baaaki/mydreamcampus/attendance-service/internal/service/qr_service.go:29.79,36.2 2 11
github.com/baaaki/mydreamcampus/attendance-service/internal/service/qr_service.go:39.84,42.2 2 5
github.com/baaaki/mydreamcampus/attendance-service/internal/service/qr_service.go:44.66,48.2 3 16
github.com/baaaki/mydreamcampus/attendance-service/internal/service/redis_service.go:16.58,18.2 1 0
github.com/baaaki/mydreamcampus/attendance-service/internal/service/redis_service.go:21.125,27.16 6 0
github.com/baaaki/mydreamcampus/attendance-service/internal/service/redis_service.go:27.16,30.3 2 0
github.com/baaaki/mydreamcampus/attendance-service/internal/service/redis_service.go:31.2,31.12 1 0
github.com/baaaki/mydreamcampus/attendance-service/internal/service/redis_service.go:34.106,37.2 2 0
github.com/baaaki/mydreamcampus/attendance-service/internal/service/redis_service.go:40.113,43.32 3 0
github.com/baaaki/mydreamcampus/attendance-service/internal/service/redis_service.go:43.32,45.3 1 0
github.com/baaaki/mydreamcampus/attendance-service/internal/service/redis_service.go:46.2,46.50 1 0
github.com/baaaki/mydreamcampus/attendance-service/internal/service/redis_service.go:49.106,52.2 2 0
github.com/baaaki/mydreamcampus/attendance-service/internal/service/redis_service.go:58.132,63.16 4 0
github.com/baaaki/mydreamcampus/attendance-service/internal/service/redis_service.go:63.16,65.3 1 0
github.com/baaaki/mydreamcampus/attendance-service/internal/service/redis_service.go:66.2,66.16 1 0
github.com/baaaki/mydreamcampus/attendance-service/internal/service/redis_service.go:66.16,68.3 1 0
github.com/baaaki/mydreamcampus/attendance-service/internal/service/redis_service.go:70.2,73.42 4 0
github.com/baaaki/mydreamcampus/attendance-service/internal/service/redis_service.go:73.42,77.3 2 0
github.com/baaaki/mydreamcampus/attendance-service/internal/service/redis_service.go:78.2,78.18 1 0
github.com/baaaki/mydreamcampus/attendance-service/internal/service/redis_service.go:81.100,84.2 2 0
github.com/baaaki/mydreamcampus/attendance-service/internal/service/redis_service.go:87.86,95.2 2 0
github.com/baaaki/mydreamcampus/attendance-service/internal/service/redis_service.go:98.114,101.2 2 0
github.com/baaaki/mydreamcampus/attendance-service/internal/service/redis_service.go:106.80,112.21 5 0
github.com/baaaki/mydreamcampus/attendance-service/internal/service/redis_service.go:112.21,114.3 1 0
github.com/baaaki/mydreamcampus/attendance-service/internal/service/redis_service.go:115.2,115.35 1 0
github.com/baaaki/mydreamcampus/attendance-service/internal/service/redis_service.go:115.35,117.3 1 0
github.com/baaaki/mydreamcampus/attendance-service/internal/service/redis_service.go:118.2,118.18 1 0
github.com/baaaki/mydreamcampus/attendance-service/internal/service/redis_service.go:125.107,126.26 1 0
github.com/baaaki/mydreamcampus/attendance-service/internal/service/redis_service.go:126.26,128.3 1 0
github.com/baaaki/mydreamcampus/attendance-service/internal/service/redis_service.go:129.2,132.49 4 0
