[warning] build.bin is deprecated; set build.entrypoint instead

  __    _   ___  
 / /\  | | | |_) 
/_/--\ |_| |_| \_ v1.64.5, built with Go go1.26.0

watching .
watching bin
watching cmd
watching config
watching internal
watching internal/database
!exclude internal/db
watching internal/dto
watching internal/errors
watching internal/handler
watching internal/repository
watching internal/service
watching internal/worker
watching sql
watching sql/migrations
watching sql/queries
!exclude tmp
building...
running...
13:36:48.554	[34mINFO[0m	cmd/main.go:41	starting course-catalog-service	{"environment": "development", "port": "8004"}
13:36:48.590	[34mINFO[0m	cmd/main.go:55	database connection established
13:36:48.590	[34mINFO[0m	redis/redis.go:20	connecting to redis	{"addr": "localhost:6379"}
13:36:48.593	[34mINFO[0m	redis/redis.go:41	redis connection established
13:36:48.593	[34mINFO[0m	cmd/main.go:73	rate limiter configured
13:36:48.593	[34mINFO[0m	rabbitmq/connection.go:53	connecting to rabbitmq	{"url": "amqp://rabbitmq:rabbitmq@localhost:5672/"}
13:36:48.597	[34mINFO[0m	rabbitmq/connection.go:85	rabbitmq connection established
13:36:48.597	[34mINFO[0m	cmd/main.go:86	RabbitMQ connection established
13:36:48.597	[34mINFO[0m	cmd/main.go:311	RabbitMQ exchange declared	{"exchange": "course.events"}
13:36:48.747	[34mINFO[0m	cmd/main.go:341	downstream consumer queues pre-declared
[GIN-debug] [WARNING] Running in "debug" mode. Switch to "release" mode in production.
 - using env:	export GIN_MODE=release
 - using code:	gin.SetMode(gin.ReleaseMode)

[GIN-debug] GET    /health                   --> main.setupRouter.func1 (6 handlers)
[GIN-debug] GET    /api/catalog/courses      --> github.com/baaaki/mydreamcampus/course-catalog-service/internal/handler.(*CatalogHandler).ListCourses-fm (6 handlers)
[GIN-debug] GET    /api/catalog/courses/:course_code --> github.com/baaaki/mydreamcampus/course-catalog-service/internal/handler.(*CatalogHandler).GetCourseByCourseCode-fm (6 handlers)
[GIN-debug] POST   /api/catalog/courses      --> github.com/baaaki/mydreamcampus/course-catalog-service/internal/handler.(*CatalogHandler).CreateCourse-fm (10 handlers)
[GIN-debug] PUT    /api/catalog/courses/:course_code --> github.com/baaaki/mydreamcampus/course-catalog-service/internal/handler.(*CatalogHandler).UpdateCourse-fm (10 handlers)
[GIN-debug] POST   /api/catalog/admin/time/simulate --> github.com/baaaki/mydreamcampus/shared/handler.(*TimeHandler).Simulate-fm (10 handlers)
[GIN-debug] POST   /api/catalog/admin/time/reset --> github.com/baaaki/mydreamcampus/shared/handler.(*TimeHandler).Reset-fm (10 handlers)
[GIN-debug] GET    /api/catalog/admin/time/status --> github.com/baaaki/mydreamcampus/shared/handler.(*TimeHandler).Status-fm (10 handlers)
[GIN-debug] POST   /api/catalog/admin/periods --> github.com/baaaki/mydreamcampus/shared/handler.(*SimplePeriodHandler).CreatePeriod-fm (10 handlers)
13:36:48.747	[34mINFO[0m	worker/outbox_worker.go:39	starting outbox worker	{"interval": "5s", "batch_size": 10}
[GIN-debug] GET    /api/catalog/admin/periods --> github.com/baaaki/mydreamcampus/shared/handler.(*SimplePeriodHandler).ListPeriods-fm (10 handlers)
[GIN-debug] PUT    /api/catalog/admin/periods/:id --> github.com/baaaki/mydreamcampus/shared/handler.(*SimplePeriodHandler).UpdatePeriod-fm (10 handlers)
[GIN-debug] DELETE /api/catalog/admin/periods/:id --> github.com/baaaki/mydreamcampus/shared/handler.(*SimplePeriodHandler).DeletePeriod-fm (10 handlers)
[GIN-debug] POST   /api/catalog/admin/semesters --> github.com/baaaki/mydreamcampus/course-catalog-service/internal/handler.(*SemesterStatusHandler).CreateSemester-fm (10 handlers)
[GIN-debug] GET    /api/catalog/admin/semesters --> github.com/baaaki/mydreamcampus/course-catalog-service/internal/handler.(*SemesterStatusHandler).ListSemesters-fm (10 handlers)
[GIN-debug] GET    /api/catalog/admin/semesters/active --> github.com/baaaki/mydreamcampus/course-catalog-service/internal/handler.(*SemesterStatusHandler).GetActiveSemester-fm (10 handlers)
[GIN-debug] PUT    /api/catalog/admin/semesters/:id/activate --> github.com/baaaki/mydreamcampus/course-catalog-service/internal/handler.(*SemesterStatusHandler).ActivateSemester-fm (10 handlers)
[GIN-debug] PUT    /api/catalog/admin/semesters/:id/complete --> github.com/baaaki/mydreamcampus/course-catalog-service/internal/handler.(*SemesterStatusHandler).CompleteSemester-fm (10 handlers)
[GIN-debug] DELETE /api/catalog/admin/semesters/:id --> github.com/baaaki/mydreamcampus/course-catalog-service/internal/handler.(*SemesterStatusHandler).DeletePlannedSemester-fm (10 handlers)
[GIN-debug] PUT    /api/catalog/admin/semesters/:id --> github.com/baaaki/mydreamcampus/course-catalog-service/internal/handler.(*SemesterStatusHandler).UpdatePlannedSemester-fm (10 handlers)
[GIN-debug] GET    /api/catalog/admin/audit-log --> github.com/baaaki/mydreamcampus/course-catalog-service/internal/handler.(*AuditHandler).ListAuditLog-fm (10 handlers)
[GIN-debug] GET    /api/semesters/teacher/courses --> github.com/baaaki/mydreamcampus/course-catalog-service/internal/handler.(*SemesterHandler).GetTeacherCourses-fm (10 handlers)
[GIN-debug] GET    /api/semesters/:semester_id/courses --> github.com/baaaki/mydreamcampus/course-catalog-service/internal/handler.(*SemesterHandler).ListSemesterCourses-fm (9 handlers)
[GIN-debug] GET    /api/semesters/:semester_id/courses/:course_id --> github.com/baaaki/mydreamcampus/course-catalog-service/internal/handler.(*SemesterHandler).GetSemesterCourseByID-fm (9 handlers)
[GIN-debug] POST   /api/semesters/:semester_id/courses --> github.com/baaaki/mydreamcampus/course-catalog-service/internal/handler.(*SemesterHandler).CreateSemesterCourse-fm (10 handlers)
[GIN-debug] DELETE /api/semesters/:semester_id/courses/:course_id --> github.com/baaaki/mydreamcampus/course-catalog-service/internal/handler.(*SemesterHandler).DeleteSemesterCourse-fm (10 handlers)
[GIN-debug] GET    /api/catalog/internal/semesters/:name/status --> github.com/baaaki/mydreamcampus/course-catalog-service/internal/handler.(*SemesterStatusHandler).IsSemesterActive-fm (6 handlers)
[GIN-debug] GET    /api/catalog/internal/semesters/:name/info --> github.com/baaaki/mydreamcampus/course-catalog-service/internal/handler.(*SemesterStatusHandler).GetSemesterInfo-fm (6 handlers)
[GIN-debug] POST   /api/catalog/internal/audit-log --> github.com/baaaki/mydreamcampus/course-catalog-service/internal/handler.(*AuditHandler).CreateAuditLog-fm (6 handlers)
13:36:48.748	[34mINFO[0m	cmd/main.go:173	server starting	{"port": "8004"}
13:37:09.198	[35mDEBUG[0m	middleware/auth.go:257	user extracted from headers	{"user_id": "00000000-0000-0000-0000-000000000001", "role": "admin"}
13:37:09.202	[34mINFO[0m	middleware/logger.go:60	http request	{"request_id": "4df64cee-704c-49e6-afe9-cdd958391660", "method": "GET", "path": "/api/catalog/admin/semesters/active", "query": "", "status": 200, "duration": "4.205458ms", "ip": "172.19.0.1", "user_agent": "Mozilla/5.0 (X11; Linux x86_64; rv:149.0) Gecko/20100101 Firefox/149.0", "user_id": "00000000-0000-0000-0000-000000000001", "role": "admin"}
13:37:09.206	[35mDEBUG[0m	middleware/auth.go:257	user extracted from headers	{"user_id": "00000000-0000-0000-0000-000000000001", "role": "admin"}
13:37:09.206	[34mINFO[0m	middleware/logger.go:60	http request	{"request_id": "ab93f08d-4a60-42e1-9eb6-b6c8304ae258", "method": "GET", "path": "/api/catalog/admin/semesters/active", "query": "", "status": 200, "duration": "453.112µs", "ip": "172.19.0.1", "user_agent": "Mozilla/5.0 (X11; Linux x86_64; rv:149.0) Gecko/20100101 Firefox/149.0", "user_id": "00000000-0000-0000-0000-000000000001", "role": "admin"}
13:37:19.844	[35mDEBUG[0m	middleware/auth.go:257	user extracted from headers	{"user_id": "00000000-0000-0000-0000-000000000001", "role": "admin"}
13:37:19.846	[34mINFO[0m	middleware/logger.go:60	http request	{"request_id": "3925eae2-1b56-4e4e-ab8b-ee0d1c5efcf9", "method": "GET", "path": "/api/catalog/admin/semesters", "query": "", "status": 200, "duration": "1.79828ms", "ip": "172.19.0.1", "user_agent": "Mozilla/5.0 (X11; Linux x86_64; rv:149.0) Gecko/20100101 Firefox/149.0", "user_id": "00000000-0000-0000-0000-000000000001", "role": "admin"}
13:37:19.849	[35mDEBUG[0m	middleware/auth.go:257	user extracted from headers	{"user_id": "00000000-0000-0000-0000-000000000001", "role": "admin"}
13:37:19.849	[34mINFO[0m	middleware/logger.go:60	http request	{"request_id": "42e1bfd8-2e4e-4866-ac50-960c78a9ab09", "method": "GET", "path": "/api/catalog/admin/semesters", "query": "", "status": 200, "duration": "448.943µs", "ip": "172.19.0.1", "user_agent": "Mozilla/5.0 (X11; Linux x86_64; rv:149.0) Gecko/20100101 Firefox/149.0", "user_id": "00000000-0000-0000-0000-000000000001", "role": "admin"}
13:37:22.653	[34mINFO[0m	gin@v1.11.0/context.go:192	listing courses from catalog	{"request_id": "10249304-446e-47e0-9974-140f3c35e963", "handler": "CatalogHandler", "endpoint": "ListCourses", "page": 1, "limit": 100}
13:37:22.669	[34mINFO[0m	handler/catalog_handler.go:179	courses list retrieved successfully from catalog	{"request_id": "10249304-446e-47e0-9974-140f3c35e963", "service": "CatalogService", "method": "ListCourses", "page": 1, "limit": 100, "total_records": 4, "returned_records": 4, "total_pages": 1}
13:37:22.669	[34mINFO[0m	gin@v1.11.0/context.go:192	courses listed successfully from catalog	{"request_id": "10249304-446e-47e0-9974-140f3c35e963", "handler": "CatalogHandler", "endpoint": "ListCourses", "total_records": 4, "returned_records": 4}
13:37:22.669	[34mINFO[0m	middleware/logger.go:60	http request	{"request_id": "10249304-446e-47e0-9974-140f3c35e963", "method": "GET", "path": "/api/catalog/courses", "query": "limit=100", "status": 200, "duration": "16.859692ms", "ip": "172.19.0.1", "user_agent": "Mozilla/5.0 (X11; Linux x86_64; rv:149.0) Gecko/20100101 Firefox/149.0"}
13:37:22.672	[34mINFO[0m	gin@v1.11.0/context.go:192	listing courses from catalog	{"request_id": "9f840aa9-55c1-45ef-82a4-c1f3e9f93d9a", "handler": "CatalogHandler", "endpoint": "ListCourses", "page": 1, "limit": 100}
13:37:22.672	[34mINFO[0m	handler/catalog_handler.go:179	courses list retrieved successfully from catalog	{"request_id": "9f840aa9-55c1-45ef-82a4-c1f3e9f93d9a", "service": "CatalogService", "method": "ListCourses", "page": 1, "limit": 100, "total_records": 4, "returned_records": 4, "total_pages": 1}
13:37:22.672	[34mINFO[0m	gin@v1.11.0/context.go:192	courses listed successfully from catalog	{"request_id": "9f840aa9-55c1-45ef-82a4-c1f3e9f93d9a", "handler": "CatalogHandler", "endpoint": "ListCourses", "total_records": 4, "returned_records": 4}
13:37:22.672	[34mINFO[0m	middleware/logger.go:60	http request	{"request_id": "9f840aa9-55c1-45ef-82a4-c1f3e9f93d9a", "method": "GET", "path": "/api/catalog/courses", "query": "limit=100", "status": 200, "duration": "830.363µs", "ip": "172.19.0.1", "user_agent": "Mozilla/5.0 (X11; Linux x86_64; rv:149.0) Gecko/20100101 Firefox/149.0"}
13:37:25.344	[34mINFO[0m	gin@v1.11.0/context.go:192	listing courses from catalog	{"request_id": "5a67924a-9f6e-408f-9a07-b332c501feb8", "handler": "CatalogHandler", "endpoint": "ListCourses", "page": 1, "limit": 100}
13:37:25.344	[34mINFO[0m	handler/catalog_handler.go:179	courses list retrieved successfully from catalog	{"request_id": "5a67924a-9f6e-408f-9a07-b332c501feb8", "service": "CatalogService", "method": "ListCourses", "page": 1, "limit": 100, "total_records": 4, "returned_records": 4, "total_pages": 1}
13:37:25.344	[34mINFO[0m	gin@v1.11.0/context.go:192	courses listed successfully from catalog	{"request_id": "5a67924a-9f6e-408f-9a07-b332c501feb8", "handler": "CatalogHandler", "endpoint": "ListCourses", "total_records": 4, "returned_records": 4}
13:37:25.344	[34mINFO[0m	middleware/logger.go:60	http request	{"request_id": "5a67924a-9f6e-408f-9a07-b332c501feb8", "method": "GET", "path": "/api/catalog/courses", "query": "limit=100", "status": 200, "duration": "1.098621ms", "ip": "172.19.0.1", "user_agent": "Mozilla/5.0 (X11; Linux x86_64; rv:149.0) Gecko/20100101 Firefox/149.0"}
13:37:25.347	[34mINFO[0m	gin@v1.11.0/context.go:192	listing courses from catalog	{"request_id": "2ac5fd80-466b-4020-bace-c9e6ab3f1f32", "handler": "CatalogHandler", "endpoint": "ListCourses", "page": 1, "limit": 100}
13:37:25.347	[34mINFO[0m	handler/catalog_handler.go:179	courses list retrieved successfully from catalog	{"request_id": "2ac5fd80-466b-4020-bace-c9e6ab3f1f32", "service": "CatalogService", "method": "ListCourses", "page": 1, "limit": 100, "total_records": 4, "returned_records": 4, "total_pages": 1}
13:37:25.347	[34mINFO[0m	gin@v1.11.0/context.go:192	courses listed successfully from catalog	{"request_id": "2ac5fd80-466b-4020-bace-c9e6ab3f1f32", "handler": "CatalogHandler", "endpoint": "ListCourses", "total_records": 4, "returned_records": 4}
13:37:25.347	[34mINFO[0m	middleware/logger.go:60	http request	{"request_id": "2ac5fd80-466b-4020-bace-c9e6ab3f1f32", "method": "GET", "path": "/api/catalog/courses", "query": "limit=100", "status": 200, "duration": "790.472µs", "ip": "172.19.0.1", "user_agent": "Mozilla/5.0 (X11; Linux x86_64; rv:149.0) Gecko/20100101 Firefox/149.0"}
23:04:49.549	[31mERROR[0m	rabbitmq/connection.go:94	rabbitmq connection lost	{"error": "Exception (320) Reason: \"CONNECTION_FORCED - broker forced connection closure with reason 'shutdown'\""}
github.com/baaaki/mydreamcampus/shared/rabbitmq.(*Connection).handleReconnect
	/home/nautilus/Desktop/Playground/mydreamcampus/backend/shared/rabbitmq/connection.go:94
23:04:49.549	[34mINFO[0m	rabbitmq/connection.go:99	attempting to reconnect to rabbitmq...
23:04:54.549	[34mINFO[0m	rabbitmq/connection.go:53	connecting to rabbitmq	{"url": "amqp://rabbitmq:rabbitmq@localhost:5672/"}
23:04:54.550	[31mERROR[0m	rabbitmq/connection.go:103	rabbitmq reconnection failed	{"error": "failed to connect to rabbitmq: Exception (501) Reason: \"read tcp 127.0.0.1:55130->127.0.0.1:5672: read: connection reset by peer\""}
github.com/baaaki/mydreamcampus/shared/rabbitmq.(*Connection).handleReconnect
	/home/nautilus/Desktop/Playground/mydreamcampus/backend/shared/rabbitmq/connection.go:103
23:04:54.550	[34mINFO[0m	rabbitmq/connection.go:99	attempting to reconnect to rabbitmq...
23:04:59.550	[34mINFO[0m	rabbitmq/connection.go:53	connecting to rabbitmq	{"url": "amqp://rabbitmq:rabbitmq@localhost:5672/"}
23:04:59.562	[34mINFO[0m	rabbitmq/connection.go:85	rabbitmq connection established
23:04:59.562	[34mINFO[0m	rabbitmq/connection.go:107	rabbitmq reconnection successful
23:06:49.839	[31mERROR[0m	rabbitmq/connection.go:94	rabbitmq connection lost	{"error": "Exception (320) Reason: \"CONNECTION_FORCED - broker forced connection closure with reason 'shutdown'\""}
github.com/baaaki/mydreamcampus/shared/rabbitmq.(*Connection).handleReconnect
	/home/nautilus/Desktop/Playground/mydreamcampus/backend/shared/rabbitmq/connection.go:94
23:06:49.839	[34mINFO[0m	rabbitmq/connection.go:99	attempting to reconnect to rabbitmq...
cleaning...
see you again~
