[warning] build.bin is deprecated; set build.entrypoint instead

  __    _   ___  
 / /\  | | | |_) 
/_/--\ |_| |_| \_ v1.64.5, built with Go go1.26.0

watching .
watching bin
watching cmd
watching config
watching internal
!exclude internal/db
watching internal/dto
watching internal/errors
watching internal/handler
watching internal/repository
watching internal/service
watching internal/worker
watching proto
watching sql
watching sql/migrations
watching sql/queries
!exclude tmp
building...
running...
13:36:48.569	[34mINFO[0m	runtime/proc.go:290	starting meal service	{"environment": "development", "port": "8008"}
13:36:48.592	[34mINFO[0m	runtime/proc.go:290	connected to database
13:36:48.592	[34mINFO[0m	redis/redis.go:20	connecting to redis	{"addr": "localhost:6379"}
13:36:48.594	[34mINFO[0m	redis/redis.go:41	redis connection established
13:36:48.594	[34mINFO[0m	runtime/proc.go:290	rate limiter configured
13:36:48.594	[34mINFO[0m	rabbitmq/connection.go:53	connecting to rabbitmq	{"url": "amqp://rabbitmq:rabbitmq@localhost:5672/"}
13:36:48.597	[34mINFO[0m	rabbitmq/connection.go:85	rabbitmq connection established
13:36:48.597	[34mINFO[0m	runtime/proc.go:290	connected to RabbitMQ
13:36:48.599	[34mINFO[0m	cmd/main.go:96	connected to payment service via gRPC	{"address": "localhost:50051"}
13:36:48.599	[34mINFO[0m	cmd/main.go:144	starting reservation worker
13:36:48.599	[34mINFO[0m	cmd/main.go:145	starting outbox worker	{"poll_interval": "5s"}
13:36:48.624	[34mINFO[0m	rabbitmq/consumer.go:66	consumer started	{"queue": "meal.student.events.queue"}
13:36:48.636	[34mINFO[0m	rabbitmq/consumer.go:66	consumer started	{"queue": "meal.payment.events.queue"}
13:36:48.636	[34mINFO[0m	cmd/main.go:152	RabbitMQ consumers started
[GIN-debug] [WARNING] Running in "debug" mode. Switch to "release" mode in production.
 - using env:	export GIN_MODE=release
 - using code:	gin.SetMode(gin.ReleaseMode)

[GIN-debug] GET    /health                   --> github.com/baaaki/mydreamcampus/meal-service/internal/handler.(*MealHandler).Health-fm (6 handlers)
[GIN-debug] GET    /api/meals/menu/monthly   --> github.com/baaaki/mydreamcampus/meal-service/internal/handler.(*MealHandler).GetMonthlyMenu-fm (6 handlers)
[GIN-debug] GET    /api/meals/cafeterias     --> github.com/baaaki/mydreamcampus/meal-service/internal/handler.(*MealHandler).GetCafeterias-fm (9 handlers)
[GIN-debug] POST   /api/meals/admin/cafeterias --> github.com/baaaki/mydreamcampus/meal-service/internal/handler.(*MealHandler).CreateCafeteria-fm (10 handlers)
[GIN-debug] PUT    /api/meals/admin/cafeterias/:cafeteria_id --> github.com/baaaki/mydreamcampus/meal-service/internal/handler.(*MealHandler).UpdateCafeteria-fm (10 handlers)
[GIN-debug] DELETE /api/meals/admin/cafeterias/:cafeteria_id --> github.com/baaaki/mydreamcampus/meal-service/internal/handler.(*MealHandler).DeleteCafeteria-fm (10 handlers)
[GIN-debug] GET    /api/meals/admin/cafeterias/:cafeteria_id/qr --> github.com/baaaki/mydreamcampus/meal-service/internal/handler.(*MealHandler).GenerateQR-fm (10 handlers)
[GIN-debug] POST   /api/meals/admin/menu/monthly --> github.com/baaaki/mydreamcampus/meal-service/internal/handler.(*MealHandler).CreateMonthlyMenu-fm (10 handlers)
[GIN-debug] POST   /api/meals/admin/time/simulate --> github.com/baaaki/mydreamcampus/shared/handler.(*TimeHandler).Simulate-fm (10 handlers)
[GIN-debug] POST   /api/meals/admin/time/reset --> github.com/baaaki/mydreamcampus/shared/handler.(*TimeHandler).Reset-fm (10 handlers)
[GIN-debug] GET    /api/meals/admin/time/status --> github.com/baaaki/mydreamcampus/shared/handler.(*TimeHandler).Status-fm (10 handlers)
[GIN-debug] POST   /api/meals/admin/closed-days --> github.com/baaaki/mydreamcampus/meal-service/internal/handler.(*ClosedDaysHandler).CreateClosedDay-fm (10 handlers)
[GIN-debug] GET    /api/meals/admin/closed-days --> github.com/baaaki/mydreamcampus/meal-service/internal/handler.(*ClosedDaysHandler).ListClosedDays-fm (10 handlers)
[GIN-debug] DELETE /api/meals/admin/closed-days/:id --> github.com/baaaki/mydreamcampus/meal-service/internal/handler.(*ClosedDaysHandler).DeleteClosedDay-fm (10 handlers)
[GIN-debug] POST   /api/meals/reservations   --> github.com/baaaki/mydreamcampus/meal-service/internal/handler.(*MealHandler).CreateReservation-fm (10 handlers)
[GIN-debug] POST   /api/meals/reservations/batch --> github.com/baaaki/mydreamcampus/meal-service/internal/handler.(*MealHandler).CreateBatchReservation-fm (10 handlers)
[GIN-debug] GET    /api/meals/reservations/my --> github.com/baaaki/mydreamcampus/meal-service/internal/handler.(*MealHandler).GetMyReservations-fm (10 handlers)
[GIN-debug] DELETE /api/meals/reservations/:reservation_id --> github.com/baaaki/mydreamcampus/meal-service/internal/handler.(*MealHandler).CancelReservation-fm (10 handlers)
[GIN-debug] POST   /api/meals/reservations/use --> github.com/baaaki/mydreamcampus/meal-service/internal/handler.(*MealHandler).UseReservation-fm (10 handlers)
[GIN-debug] POST   /api/meals/internal/closed-days/batch --> github.com/baaaki/mydreamcampus/meal-service/internal/handler.(*ClosedDaysHandler).BatchCreateClosedDays-fm (7 handlers)
[GIN-debug] DELETE /api/meals/internal/closed-days/by-semester/:semester --> github.com/baaaki/mydreamcampus/meal-service/internal/handler.(*ClosedDaysHandler).DeleteClosedDaysBySemester-fm (7 handlers)
[GIN-debug] PUT    /api/meals/internal/closed-days/by-semester/:semester --> github.com/baaaki/mydreamcampus/meal-service/internal/handler.(*ClosedDaysHandler).UpdateClosedDaysBySemester-fm (7 handlers)
13:36:48.636	[34mINFO[0m	runtime/asm_amd64.s:1771	starting HTTP server	{"port": "8008"}
13:37:48.615	[35mDEBUG[0m	worker/reservation_worker.go:55	expired pending reservations	{"batch_size": 100}
13:38:48.605	[35mDEBUG[0m	worker/reservation_worker.go:55	expired pending reservations	{"batch_size": 100}
13:39:48.601	[35mDEBUG[0m	worker/reservation_worker.go:55	expired pending reservations	{"batch_size": 100}
13:40:48.600	[35mDEBUG[0m	worker/reservation_worker.go:55	expired pending reservations	{"batch_size": 100}
13:41:48.601	[35mDEBUG[0m	worker/reservation_worker.go:55	expired pending reservations	{"batch_size": 100}
13:42:48.601	[35mDEBUG[0m	worker/reservation_worker.go:55	expired pending reservations	{"batch_size": 100}
13:43:48.604	[35mDEBUG[0m	worker/reservation_worker.go:55	expired pending reservations	{"batch_size": 100}
13:44:48.601	[35mDEBUG[0m	worker/reservation_worker.go:55	expired pending reservations	{"batch_size": 100}
13:45:48.601	[35mDEBUG[0m	worker/reservation_worker.go:55	expired pending reservations	{"batch_size": 100}
13:46:48.600	[35mDEBUG[0m	worker/reservation_worker.go:55	expired pending reservations	{"batch_size": 100}
13:47:48.601	[35mDEBUG[0m	worker/reservation_worker.go:55	expired pending reservations	{"batch_size": 100}
13:48:48.606	[35mDEBUG[0m	worker/reservation_worker.go:55	expired pending reservations	{"batch_size": 100}
13:49:48.601	[35mDEBUG[0m	worker/reservation_worker.go:55	expired pending reservations	{"batch_size": 100}
13:50:48.600	[35mDEBUG[0m	worker/reservation_worker.go:55	expired pending reservations	{"batch_size": 100}
13:51:48.601	[35mDEBUG[0m	worker/reservation_worker.go:55	expired pending reservations	{"batch_size": 100}
13:52:48.601	[35mDEBUG[0m	worker/reservation_worker.go:55	expired pending reservations	{"batch_size": 100}
13:53:48.601	[35mDEBUG[0m	worker/reservation_worker.go:55	expired pending reservations	{"batch_size": 100}
13:54:48.601	[35mDEBUG[0m	worker/reservation_worker.go:55	expired pending reservations	{"batch_size": 100}
13:55:48.601	[35mDEBUG[0m	worker/reservation_worker.go:55	expired pending reservations	{"batch_size": 100}
13:56:48.600	[35mDEBUG[0m	worker/reservation_worker.go:55	expired pending reservations	{"batch_size": 100}
13:57:48.600	[35mDEBUG[0m	worker/reservation_worker.go:55	expired pending reservations	{"batch_size": 100}
13:58:48.600	[35mDEBUG[0m	worker/reservation_worker.go:55	expired pending reservations	{"batch_size": 100}
13:59:48.601	[35mDEBUG[0m	worker/reservation_worker.go:55	expired pending reservations	{"batch_size": 100}
14:00:48.601	[35mDEBUG[0m	worker/reservation_worker.go:55	expired pending reservations	{"batch_size": 100}
14:01:48.601	[35mDEBUG[0m	worker/reservation_worker.go:55	expired pending reservations	{"batch_size": 100}
14:02:48.601	[35mDEBUG[0m	worker/reservation_worker.go:55	expired pending reservations	{"batch_size": 100}
14:03:48.601	[35mDEBUG[0m	worker/reservation_worker.go:55	expired pending reservations	{"batch_size": 100}
14:04:48.601	[35mDEBUG[0m	worker/reservation_worker.go:55	expired pending reservations	{"batch_size": 100}
14:05:48.600	[35mDEBUG[0m	worker/reservation_worker.go:55	expired pending reservations	{"batch_size": 100}
14:06:48.601	[35mDEBUG[0m	worker/reservation_worker.go:55	expired pending reservations	{"batch_size": 100}
14:07:48.601	[35mDEBUG[0m	worker/reservation_worker.go:55	expired pending reservations	{"batch_size": 100}
14:08:48.601	[35mDEBUG[0m	worker/reservation_worker.go:55	expired pending reservations	{"batch_size": 100}
14:09:48.600	[35mDEBUG[0m	worker/reservation_worker.go:55	expired pending reservations	{"batch_size": 100}
14:10:48.600	[35mDEBUG[0m	worker/reservation_worker.go:55	expired pending reservations	{"batch_size": 100}
14:11:48.600	[35mDEBUG[0m	worker/reservation_worker.go:55	expired pending reservations	{"batch_size": 100}
14:12:48.600	[35mDEBUG[0m	worker/reservation_worker.go:55	expired pending reservations	{"batch_size": 100}
14:13:48.600	[35mDEBUG[0m	worker/reservation_worker.go:55	expired pending reservations	{"batch_size": 100}
14:14:48.601	[35mDEBUG[0m	worker/reservation_worker.go:55	expired pending reservations	{"batch_size": 100}
14:15:48.601	[35mDEBUG[0m	worker/reservation_worker.go:55	expired pending reservations	{"batch_size": 100}
14:16:48.600	[35mDEBUG[0m	worker/reservation_worker.go:55	expired pending reservations	{"batch_size": 100}
14:17:48.601	[35mDEBUG[0m	worker/reservation_worker.go:55	expired pending reservations	{"batch_size": 100}
14:18:48.600	[35mDEBUG[0m	worker/reservation_worker.go:55	expired pending reservations	{"batch_size": 100}
14:19:48.600	[35mDEBUG[0m	worker/reservation_worker.go:55	expired pending reservations	{"batch_size": 100}
14:20:48.600	[35mDEBUG[0m	worker/reservation_worker.go:55	expired pending reservations	{"batch_size": 100}
14:21:48.600	[35mDEBUG[0m	worker/reservation_worker.go:55	expired pending reservations	{"batch_size": 100}
14:22:48.601	[35mDEBUG[0m	worker/reservation_worker.go:55	expired pending reservations	{"batch_size": 100}
14:23:48.600	[35mDEBUG[0m	worker/reservation_worker.go:55	expired pending reservations	{"batch_size": 100}
14:24:48.600	[35mDEBUG[0m	worker/reservation_worker.go:55	expired pending reservations	{"batch_size": 100}
14:25:48.600	[35mDEBUG[0m	worker/reservation_worker.go:55	expired pending reservations	{"batch_size": 100}
14:26:48.600	[35mDEBUG[0m	worker/reservation_worker.go:55	expired pending reservations	{"batch_size": 100}
14:27:48.600	[35mDEBUG[0m	worker/reservation_worker.go:55	expired pending reservations	{"batch_size": 100}
14:28:48.600	[35mDEBUG[0m	worker/reservation_worker.go:55	expired pending reservations	{"batch_size": 100}
14:29:48.600	[35mDEBUG[0m	worker/reservation_worker.go:55	expired pending reservations	{"batch_size": 100}
14:30:48.600	[35mDEBUG[0m	worker/reservation_worker.go:55	expired pending reservations	{"batch_size": 100}
14:31:48.600	[35mDEBUG[0m	worker/reservation_worker.go:55	expired pending reservations	{"batch_size": 100}
14:32:48.600	[35mDEBUG[0m	worker/reservation_worker.go:55	expired pending reservations	{"batch_size": 100}
14:33:48.600	[35mDEBUG[0m	worker/reservation_worker.go:55	expired pending reservations	{"batch_size": 100}
14:34:48.600	[35mDEBUG[0m	worker/reservation_worker.go:55	expired pending reservations	{"batch_size": 100}
14:35:48.600	[35mDEBUG[0m	worker/reservation_worker.go:55	expired pending reservations	{"batch_size": 100}
14:36:48.600	[35mDEBUG[0m	worker/reservation_worker.go:55	expired pending reservations	{"batch_size": 100}
14:37:48.609	[35mDEBUG[0m	worker/reservation_worker.go:55	expired pending reservations	{"batch_size": 100}
14:38:48.607	[35mDEBUG[0m	worker/reservation_worker.go:55	expired pending reservations	{"batch_size": 100}
14:39:48.606	[35mDEBUG[0m	worker/reservation_worker.go:55	expired pending reservations	{"batch_size": 100}
14:40:48.606	[35mDEBUG[0m	worker/reservation_worker.go:55	expired pending reservations	{"batch_size": 100}
14:41:48.600	[35mDEBUG[0m	worker/reservation_worker.go:55	expired pending reservations	{"batch_size": 100}
14:42:48.601	[35mDEBUG[0m	worker/reservation_worker.go:55	expired pending reservations	{"batch_size": 100}
14:43:48.600	[35mDEBUG[0m	worker/reservation_worker.go:55	expired pending reservations	{"batch_size": 100}
14:44:48.601	[35mDEBUG[0m	worker/reservation_worker.go:55	expired pending reservations	{"batch_size": 100}
14:45:48.600	[35mDEBUG[0m	worker/reservation_worker.go:55	expired pending reservations	{"batch_size": 100}
14:46:48.601	[35mDEBUG[0m	worker/reservation_worker.go:55	expired pending reservations	{"batch_size": 100}
14:47:48.601	[35mDEBUG[0m	worker/reservation_worker.go:55	expired pending reservations	{"batch_size": 100}
14:48:48.601	[35mDEBUG[0m	worker/reservation_worker.go:55	expired pending reservations	{"batch_size": 100}
14:49:48.601	[35mDEBUG[0m	worker/reservation_worker.go:55	expired pending reservations	{"batch_size": 100}
14:50:48.601	[35mDEBUG[0m	worker/reservation_worker.go:55	expired pending reservations	{"batch_size": 100}
14:51:48.600	[35mDEBUG[0m	worker/reservation_worker.go:55	expired pending reservations	{"batch_size": 100}
14:52:48.601	[35mDEBUG[0m	worker/reservation_worker.go:55	expired pending reservations	{"batch_size": 100}
14:53:48.600	[35mDEBUG[0m	worker/reservation_worker.go:55	expired pending reservations	{"batch_size": 100}
14:54:48.600	[35mDEBUG[0m	worker/reservation_worker.go:55	expired pending reservations	{"batch_size": 100}
14:55:48.600	[35mDEBUG[0m	worker/reservation_worker.go:55	expired pending reservations	{"batch_size": 100}
14:56:48.601	[35mDEBUG[0m	worker/reservation_worker.go:55	expired pending reservations	{"batch_size": 100}
14:57:48.600	[35mDEBUG[0m	worker/reservation_worker.go:55	expired pending reservations	{"batch_size": 100}
14:58:48.600	[35mDEBUG[0m	worker/reservation_worker.go:55	expired pending reservations	{"batch_size": 100}
14:59:48.600	[35mDEBUG[0m	worker/reservation_worker.go:55	expired pending reservations	{"batch_size": 100}
15:00:48.601	[35mDEBUG[0m	worker/reservation_worker.go:55	expired pending reservations	{"batch_size": 100}
15:01:48.601	[35mDEBUG[0m	worker/reservation_worker.go:55	expired pending reservations	{"batch_size": 100}
15:02:48.600	[35mDEBUG[0m	worker/reservation_worker.go:55	expired pending reservations	{"batch_size": 100}
15:03:48.600	[35mDEBUG[0m	worker/reservation_worker.go:55	expired pending reservations	{"batch_size": 100}
15:04:48.601	[35mDEBUG[0m	worker/reservation_worker.go:55	expired pending reservations	{"batch_size": 100}
15:05:48.601	[35mDEBUG[0m	worker/reservation_worker.go:55	expired pending reservations	{"batch_size": 100}
15:06:48.600	[35mDEBUG[0m	worker/reservation_worker.go:55	expired pending reservations	{"batch_size": 100}
15:07:48.600	[35mDEBUG[0m	worker/reservation_worker.go:55	expired pending reservations	{"batch_size": 100}
15:08:48.600	[35mDEBUG[0m	worker/reservation_worker.go:55	expired pending reservations	{"batch_size": 100}
15:09:48.600	[35mDEBUG[0m	worker/reservation_worker.go:55	expired pending reservations	{"batch_size": 100}
15:10:48.601	[35mDEBUG[0m	worker/reservation_worker.go:55	expired pending reservations	{"batch_size": 100}
15:11:48.601	[35mDEBUG[0m	worker/reservation_worker.go:55	expired pending reservations	{"batch_size": 100}
15:12:48.600	[35mDEBUG[0m	worker/reservation_worker.go:55	expired pending reservations	{"batch_size": 100}
15:13:48.601	[35mDEBUG[0m	worker/reservation_worker.go:55	expired pending reservations	{"batch_size": 100}
15:14:48.601	[35mDEBUG[0m	worker/reservation_worker.go:55	expired pending reservations	{"batch_size": 100}
15:15:48.601	[35mDEBUG[0m	worker/reservation_worker.go:55	expired pending reservations	{"batch_size": 100}
15:16:48.600	[35mDEBUG[0m	worker/reservation_worker.go:55	expired pending reservations	{"batch_size": 100}
15:17:48.600	[35mDEBUG[0m	worker/reservation_worker.go:55	expired pending reservations	{"batch_size": 100}
15:18:48.601	[35mDEBUG[0m	worker/reservation_worker.go:55	expired pending reservations	{"batch_size": 100}
15:19:48.600	[35mDEBUG[0m	worker/reservation_worker.go:55	expired pending reservations	{"batch_size": 100}
15:20:48.600	[35mDEBUG[0m	worker/reservation_worker.go:55	expired pending reservations	{"batch_size": 100}
15:21:48.600	[35mDEBUG[0m	worker/reservation_worker.go:55	expired pending reservations	{"batch_size": 100}
15:22:48.601	[35mDEBUG[0m	worker/reservation_worker.go:55	expired pending reservations	{"batch_size": 100}
15:23:48.600	[35mDEBUG[0m	worker/reservation_worker.go:55	expired pending reservations	{"batch_size": 100}
15:24:48.600	[35mDEBUG[0m	worker/reservation_worker.go:55	expired pending reservations	{"batch_size": 100}
15:25:48.601	[35mDEBUG[0m	worker/reservation_worker.go:55	expired pending reservations	{"batch_size": 100}
15:26:48.601	[35mDEBUG[0m	worker/reservation_worker.go:55	expired pending reservations	{"batch_size": 100}
15:27:48.601	[35mDEBUG[0m	worker/reservation_worker.go:55	expired pending reservations	{"batch_size": 100}
15:28:48.601	[35mDEBUG[0m	worker/reservation_worker.go:55	expired pending reservations	{"batch_size": 100}
15:29:48.601	[35mDEBUG[0m	worker/reservation_worker.go:55	expired pending reservations	{"batch_size": 100}
15:30:48.601	[35mDEBUG[0m	worker/reservation_worker.go:55	expired pending reservations	{"batch_size": 100}
15:31:48.601	[35mDEBUG[0m	worker/reservation_worker.go:55	expired pending reservations	{"batch_size": 100}
15:32:48.601	[35mDEBUG[0m	worker/reservation_worker.go:55	expired pending reservations	{"batch_size": 100}
15:33:48.600	[35mDEBUG[0m	worker/reservation_worker.go:55	expired pending reservations	{"batch_size": 100}
15:34:48.601	[35mDEBUG[0m	worker/reservation_worker.go:55	expired pending reservations	{"batch_size": 100}
15:35:48.600	[35mDEBUG[0m	worker/reservation_worker.go:55	expired pending reservations	{"batch_size": 100}
15:36:48.601	[35mDEBUG[0m	worker/reservation_worker.go:55	expired pending reservations	{"batch_size": 100}
15:37:48.607	[35mDEBUG[0m	worker/reservation_worker.go:55	expired pending reservations	{"batch_size": 100}
15:38:48.606	[35mDEBUG[0m	worker/reservation_worker.go:55	expired pending reservations	{"batch_size": 100}
15:39:48.601	[35mDEBUG[0m	worker/reservation_worker.go:55	expired pending reservations	{"batch_size": 100}
15:40:48.607	[35mDEBUG[0m	worker/reservation_worker.go:55	expired pending reservations	{"batch_size": 100}
15:41:48.601	[35mDEBUG[0m	worker/reservation_worker.go:55	expired pending reservations	{"batch_size": 100}
15:42:48.601	[35mDEBUG[0m	worker/reservation_worker.go:55	expired pending reservations	{"batch_size": 100}
15:43:48.601	[35mDEBUG[0m	worker/reservation_worker.go:55	expired pending reservations	{"batch_size": 100}
15:44:48.601	[35mDEBUG[0m	worker/reservation_worker.go:55	expired pending reservations	{"batch_size": 100}
15:45:48.607	[35mDEBUG[0m	worker/reservation_worker.go:55	expired pending reservations	{"batch_size": 100}
15:46:48.601	[35mDEBUG[0m	worker/reservation_worker.go:55	expired pending reservations	{"batch_size": 100}
15:47:48.601	[35mDEBUG[0m	worker/reservation_worker.go:55	expired pending reservations	{"batch_size": 100}
15:48:48.601	[35mDEBUG[0m	worker/reservation_worker.go:55	expired pending reservations	{"batch_size": 100}
15:49:48.601	[35mDEBUG[0m	worker/reservation_worker.go:55	expired pending reservations	{"batch_size": 100}
15:50:48.601	[35mDEBUG[0m	worker/reservation_worker.go:55	expired pending reservations	{"batch_size": 100}
15:51:48.601	[35mDEBUG[0m	worker/reservation_worker.go:55	expired pending reservations	{"batch_size": 100}
15:52:48.601	[35mDEBUG[0m	worker/reservation_worker.go:55	expired pending reservations	{"batch_size": 100}
15:53:48.600	[35mDEBUG[0m	worker/reservation_worker.go:55	expired pending reservations	{"batch_size": 100}
15:54:48.601	[35mDEBUG[0m	worker/reservation_worker.go:55	expired pending reservations	{"batch_size": 100}
15:55:48.601	[35mDEBUG[0m	worker/reservation_worker.go:55	expired pending reservations	{"batch_size": 100}
15:56:48.600	[35mDEBUG[0m	worker/reservation_worker.go:55	expired pending reservations	{"batch_size": 100}
15:57:48.601	[35mDEBUG[0m	worker/reservation_worker.go:55	expired pending reservations	{"batch_size": 100}
15:58:48.600	[35mDEBUG[0m	worker/reservation_worker.go:55	expired pending reservations	{"batch_size": 100}
15:59:48.600	[35mDEBUG[0m	worker/reservation_worker.go:55	expired pending reservations	{"batch_size": 100}
16:00:48.600	[35mDEBUG[0m	worker/reservation_worker.go:55	expired pending reservations	{"batch_size": 100}
16:01:48.601	[35mDEBUG[0m	worker/reservation_worker.go:55	expired pending reservations	{"batch_size": 100}
16:02:48.600	[35mDEBUG[0m	worker/reservation_worker.go:55	expired pending reservations	{"batch_size": 100}
16:03:48.600	[35mDEBUG[0m	worker/reservation_worker.go:55	expired pending reservations	{"batch_size": 100}
16:04:48.600	[35mDEBUG[0m	worker/reservation_worker.go:55	expired pending reservations	{"batch_size": 100}
16:05:48.600	[35mDEBUG[0m	worker/reservation_worker.go:55	expired pending reservations	{"batch_size": 100}
16:06:48.601	[35mDEBUG[0m	worker/reservation_worker.go:55	expired pending reservations	{"batch_size": 100}
16:07:48.600	[35mDEBUG[0m	worker/reservation_worker.go:55	expired pending reservations	{"batch_size": 100}
16:08:48.600	[35mDEBUG[0m	worker/reservation_worker.go:55	expired pending reservations	{"batch_size": 100}
16:09:48.601	[35mDEBUG[0m	worker/reservation_worker.go:55	expired pending reservations	{"batch_size": 100}
16:10:48.601	[35mDEBUG[0m	worker/reservation_worker.go:55	expired pending reservations	{"batch_size": 100}
16:11:48.600	[35mDEBUG[0m	worker/reservation_worker.go:55	expired pending reservations	{"batch_size": 100}
16:12:48.600	[35mDEBUG[0m	worker/reservation_worker.go:55	expired pending reservations	{"batch_size": 100}
16:13:48.600	[35mDEBUG[0m	worker/reservation_worker.go:55	expired pending reservations	{"batch_size": 100}
16:14:48.600	[35mDEBUG[0m	worker/reservation_worker.go:55	expired pending reservations	{"batch_size": 100}
16:15:48.600	[35mDEBUG[0m	worker/reservation_worker.go:55	expired pending reservations	{"batch_size": 100}
16:16:48.601	[35mDEBUG[0m	worker/reservation_worker.go:55	expired pending reservations	{"batch_size": 100}
16:17:48.600	[35mDEBUG[0m	worker/reservation_worker.go:55	expired pending reservations	{"batch_size": 100}
16:18:48.600	[35mDEBUG[0m	worker/reservation_worker.go:55	expired pending reservations	{"batch_size": 100}
16:19:48.600	[35mDEBUG[0m	worker/reservation_worker.go:55	expired pending reservations	{"batch_size": 100}
16:20:48.600	[35mDEBUG[0m	worker/reservation_worker.go:55	expired pending reservations	{"batch_size": 100}
16:21:48.600	[35mDEBUG[0m	worker/reservation_worker.go:55	expired pending reservations	{"batch_size": 100}
16:22:48.601	[35mDEBUG[0m	worker/reservation_worker.go:55	expired pending reservations	{"batch_size": 100}
16:23:48.600	[35mDEBUG[0m	worker/reservation_worker.go:55	expired pending reservations	{"batch_size": 100}
16:24:48.600	[35mDEBUG[0m	worker/reservation_worker.go:55	expired pending reservations	{"batch_size": 100}
16:25:48.601	[35mDEBUG[0m	worker/reservation_worker.go:55	expired pending reservations	{"batch_size": 100}
16:26:48.601	[35mDEBUG[0m	worker/reservation_worker.go:55	expired pending reservations	{"batch_size": 100}
16:27:48.600	[35mDEBUG[0m	worker/reservation_worker.go:55	expired pending reservations	{"batch_size": 100}
16:28:48.600	[35mDEBUG[0m	worker/reservation_worker.go:55	expired pending reservations	{"batch_size": 100}
16:29:48.600	[35mDEBUG[0m	worker/reservation_worker.go:55	expired pending reservations	{"batch_size": 100}
16:30:48.600	[35mDEBUG[0m	worker/reservation_worker.go:55	expired pending reservations	{"batch_size": 100}
16:31:48.600	[35mDEBUG[0m	worker/reservation_worker.go:55	expired pending reservations	{"batch_size": 100}
16:32:48.601	[35mDEBUG[0m	worker/reservation_worker.go:55	expired pending reservations	{"batch_size": 100}
16:33:48.600	[35mDEBUG[0m	worker/reservation_worker.go:55	expired pending reservations	{"batch_size": 100}
16:34:48.601	[35mDEBUG[0m	worker/reservation_worker.go:55	expired pending reservations	{"batch_size": 100}
16:35:48.600	[35mDEBUG[0m	worker/reservation_worker.go:55	expired pending reservations	{"batch_size": 100}
16:36:48.600	[35mDEBUG[0m	worker/reservation_worker.go:55	expired pending reservations	{"batch_size": 100}
16:37:48.607	[35mDEBUG[0m	worker/reservation_worker.go:55	expired pending reservations	{"batch_size": 100}
16:38:48.610	[35mDEBUG[0m	worker/reservation_worker.go:55	expired pending reservations	{"batch_size": 100}
16:39:48.601	[35mDEBUG[0m	worker/reservation_worker.go:55	expired pending reservations	{"batch_size": 100}
16:40:48.601	[35mDEBUG[0m	worker/reservation_worker.go:55	expired pending reservations	{"batch_size": 100}
16:41:48.606	[35mDEBUG[0m	worker/reservation_worker.go:55	expired pending reservations	{"batch_size": 100}
16:42:48.604	[35mDEBUG[0m	worker/reservation_worker.go:55	expired pending reservations	{"batch_size": 100}
16:43:48.601	[35mDEBUG[0m	worker/reservation_worker.go:55	expired pending reservations	{"batch_size": 100}
16:44:48.601	[35mDEBUG[0m	worker/reservation_worker.go:55	expired pending reservations	{"batch_size": 100}
16:45:48.601	[35mDEBUG[0m	worker/reservation_worker.go:55	expired pending reservations	{"batch_size": 100}
16:46:48.601	[35mDEBUG[0m	worker/reservation_worker.go:55	expired pending reservations	{"batch_size": 100}
16:47:48.601	[35mDEBUG[0m	worker/reservation_worker.go:55	expired pending reservations	{"batch_size": 100}
16:48:48.601	[35mDEBUG[0m	worker/reservation_worker.go:55	expired pending reservations	{"batch_size": 100}
16:49:48.600	[35mDEBUG[0m	worker/reservation_worker.go:55	expired pending reservations	{"batch_size": 100}
16:50:48.601	[35mDEBUG[0m	worker/reservation_worker.go:55	expired pending reservations	{"batch_size": 100}
16:51:48.600	[35mDEBUG[0m	worker/reservation_worker.go:55	expired pending reservations	{"batch_size": 100}
16:52:48.601	[35mDEBUG[0m	worker/reservation_worker.go:55	expired pending reservations	{"batch_size": 100}
16:53:48.601	[35mDEBUG[0m	worker/reservation_worker.go:55	expired pending reservations	{"batch_size": 100}
16:54:48.601	[35mDEBUG[0m	worker/reservation_worker.go:55	expired pending reservations	{"batch_size": 100}
16:55:48.600	[35mDEBUG[0m	worker/reservation_worker.go:55	expired pending reservations	{"batch_size": 100}
16:56:48.601	[35mDEBUG[0m	worker/reservation_worker.go:55	expired pending reservations	{"batch_size": 100}
16:57:48.601	[35mDEBUG[0m	worker/reservation_worker.go:55	expired pending reservations	{"batch_size": 100}
16:58:48.601	[35mDEBUG[0m	worker/reservation_worker.go:55	expired pending reservations	{"batch_size": 100}
16:59:48.601	[35mDEBUG[0m	worker/reservation_worker.go:55	expired pending reservations	{"batch_size": 100}
17:00:48.600	[35mDEBUG[0m	worker/reservation_worker.go:55	expired pending reservations	{"batch_size": 100}
17:01:48.600	[35mDEBUG[0m	worker/reservation_worker.go:55	expired pending reservations	{"batch_size": 100}
17:02:48.600	[35mDEBUG[0m	worker/reservation_worker.go:55	expired pending reservations	{"batch_size": 100}
17:03:48.600	[35mDEBUG[0m	worker/reservation_worker.go:55	expired pending reservations	{"batch_size": 100}
17:04:48.601	[35mDEBUG[0m	worker/reservation_worker.go:55	expired pending reservations	{"batch_size": 100}
17:05:48.601	[35mDEBUG[0m	worker/reservation_worker.go:55	expired pending reservations	{"batch_size": 100}
17:06:48.601	[35mDEBUG[0m	worker/reservation_worker.go:55	expired pending reservations	{"batch_size": 100}
17:07:48.601	[35mDEBUG[0m	worker/reservation_worker.go:55	expired pending reservations	{"batch_size": 100}
17:08:48.600	[35mDEBUG[0m	worker/reservation_worker.go:55	expired pending reservations	{"batch_size": 100}
17:09:48.601	[35mDEBUG[0m	worker/reservation_worker.go:55	expired pending reservations	{"batch_size": 100}
17:10:48.600	[35mDEBUG[0m	worker/reservation_worker.go:55	expired pending reservations	{"batch_size": 100}
17:11:48.601	[35mDEBUG[0m	worker/reservation_worker.go:55	expired pending reservations	{"batch_size": 100}
17:12:48.600	[35mDEBUG[0m	worker/reservation_worker.go:55	expired pending reservations	{"batch_size": 100}
17:13:48.601	[35mDEBUG[0m	worker/reservation_worker.go:55	expired pending reservations	{"batch_size": 100}
17:14:48.601	[35mDEBUG[0m	worker/reservation_worker.go:55	expired pending reservations	{"batch_size": 100}
17:15:48.600	[35mDEBUG[0m	worker/reservation_worker.go:55	expired pending reservations	{"batch_size": 100}
17:16:48.601	[35mDEBUG[0m	worker/reservation_worker.go:55	expired pending reservations	{"batch_size": 100}
17:17:48.601	[35mDEBUG[0m	worker/reservation_worker.go:55	expired pending reservations	{"batch_size": 100}
17:18:48.600	[35mDEBUG[0m	worker/reservation_worker.go:55	expired pending reservations	{"batch_size": 100}
17:19:48.600	[35mDEBUG[0m	worker/reservation_worker.go:55	expired pending reservations	{"batch_size": 100}
17:20:48.600	[35mDEBUG[0m	worker/reservation_worker.go:55	expired pending reservations	{"batch_size": 100}
17:21:48.600	[35mDEBUG[0m	worker/reservation_worker.go:55	expired pending reservations	{"batch_size": 100}
17:22:48.600	[35mDEBUG[0m	worker/reservation_worker.go:55	expired pending reservations	{"batch_size": 100}
17:23:48.600	[35mDEBUG[0m	worker/reservation_worker.go:55	expired pending reservations	{"batch_size": 100}
17:24:48.600	[35mDEBUG[0m	worker/reservation_worker.go:55	expired pending reservations	{"batch_size": 100}
17:25:48.600	[35mDEBUG[0m	worker/reservation_worker.go:55	expired pending reservations	{"batch_size": 100}
17:26:48.600	[35mDEBUG[0m	worker/reservation_worker.go:55	expired pending reservations	{"batch_size": 100}
17:27:48.600	[35mDEBUG[0m	worker/reservation_worker.go:55	expired pending reservations	{"batch_size": 100}
17:28:48.600	[35mDEBUG[0m	worker/reservation_worker.go:55	expired pending reservations	{"batch_size": 100}
17:29:48.601	[35mDEBUG[0m	worker/reservation_worker.go:55	expired pending reservations	{"batch_size": 100}
17:30:48.601	[35mDEBUG[0m	worker/reservation_worker.go:55	expired pending reservations	{"batch_size": 100}
17:31:48.600	[35mDEBUG[0m	worker/reservation_worker.go:55	expired pending reservations	{"batch_size": 100}
17:32:48.600	[35mDEBUG[0m	worker/reservation_worker.go:55	expired pending reservations	{"batch_size": 100}
17:33:48.600	[35mDEBUG[0m	worker/reservation_worker.go:55	expired pending reservations	{"batch_size": 100}
17:34:48.600	[35mDEBUG[0m	worker/reservation_worker.go:55	expired pending reservations	{"batch_size": 100}
17:35:48.600	[35mDEBUG[0m	worker/reservation_worker.go:55	expired pending reservations	{"batch_size": 100}
17:36:48.600	[35mDEBUG[0m	worker/reservation_worker.go:55	expired pending reservations	{"batch_size": 100}
17:37:48.605	[35mDEBUG[0m	worker/reservation_worker.go:55	expired pending reservations	{"batch_size": 100}
17:38:48.606	[35mDEBUG[0m	worker/reservation_worker.go:55	expired pending reservations	{"batch_size": 100}
17:39:48.601	[35mDEBUG[0m	worker/reservation_worker.go:55	expired pending reservations	{"batch_size": 100}
17:40:48.607	[35mDEBUG[0m	worker/reservation_worker.go:55	expired pending reservations	{"batch_size": 100}
17:41:48.601	[35mDEBUG[0m	worker/reservation_worker.go:55	expired pending reservations	{"batch_size": 100}
17:42:48.601	[35mDEBUG[0m	worker/reservation_worker.go:55	expired pending reservations	{"batch_size": 100}
17:43:48.607	[35mDEBUG[0m	worker/reservation_worker.go:55	expired pending reservations	{"batch_size": 100}
17:44:48.601	[35mDEBUG[0m	worker/reservation_worker.go:55	expired pending reservations	{"batch_size": 100}
17:45:48.600	[35mDEBUG[0m	worker/reservation_worker.go:55	expired pending reservations	{"batch_size": 100}
17:46:48.601	[35mDEBUG[0m	worker/reservation_worker.go:55	expired pending reservations	{"batch_size": 100}
17:47:48.601	[35mDEBUG[0m	worker/reservation_worker.go:55	expired pending reservations	{"batch_size": 100}
17:48:48.601	[35mDEBUG[0m	worker/reservation_worker.go:55	expired pending reservations	{"batch_size": 100}
17:49:48.600	[35mDEBUG[0m	worker/reservation_worker.go:55	expired pending reservations	{"batch_size": 100}
17:50:48.601	[35mDEBUG[0m	worker/reservation_worker.go:55	expired pending reservations	{"batch_size": 100}
17:51:48.601	[35mDEBUG[0m	worker/reservation_worker.go:55	expired pending reservations	{"batch_size": 100}
17:52:48.601	[35mDEBUG[0m	worker/reservation_worker.go:55	expired pending reservations	{"batch_size": 100}
17:53:48.601	[35mDEBUG[0m	worker/reservation_worker.go:55	expired pending reservations	{"batch_size": 100}
17:54:48.600	[35mDEBUG[0m	worker/reservation_worker.go:55	expired pending reservations	{"batch_size": 100}
17:55:48.600	[35mDEBUG[0m	worker/reservation_worker.go:55	expired pending reservations	{"batch_size": 100}
17:56:48.600	[35mDEBUG[0m	worker/reservation_worker.go:55	expired pending reservations	{"batch_size": 100}
17:57:48.600	[35mDEBUG[0m	worker/reservation_worker.go:55	expired pending reservations	{"batch_size": 100}
17:58:48.600	[35mDEBUG[0m	worker/reservation_worker.go:55	expired pending reservations	{"batch_size": 100}
17:59:48.600	[35mDEBUG[0m	worker/reservation_worker.go:55	expired pending reservations	{"batch_size": 100}
18:00:48.601	[35mDEBUG[0m	worker/reservation_worker.go:55	expired pending reservations	{"batch_size": 100}
18:01:48.600	[35mDEBUG[0m	worker/reservation_worker.go:55	expired pending reservations	{"batch_size": 100}
18:02:48.600	[35mDEBUG[0m	worker/reservation_worker.go:55	expired pending reservations	{"batch_size": 100}
18:03:48.600	[35mDEBUG[0m	worker/reservation_worker.go:55	expired pending reservations	{"batch_size": 100}
18:04:48.601	[35mDEBUG[0m	worker/reservation_worker.go:55	expired pending reservations	{"batch_size": 100}
18:05:48.601	[35mDEBUG[0m	worker/reservation_worker.go:55	expired pending reservations	{"batch_size": 100}
18:06:48.600	[35mDEBUG[0m	worker/reservation_worker.go:55	expired pending reservations	{"batch_size": 100}
18:07:48.600	[35mDEBUG[0m	worker/reservation_worker.go:55	expired pending reservations	{"batch_size": 100}
18:08:48.601	[35mDEBUG[0m	worker/reservation_worker.go:55	expired pending reservations	{"batch_size": 100}
18:09:48.601	[35mDEBUG[0m	worker/reservation_worker.go:55	expired pending reservations	{"batch_size": 100}
18:10:48.601	[35mDEBUG[0m	worker/reservation_worker.go:55	expired pending reservations	{"batch_size": 100}
18:11:48.601	[35mDEBUG[0m	worker/reservation_worker.go:55	expired pending reservations	{"batch_size": 100}
18:12:48.601	[35mDEBUG[0m	worker/reservation_worker.go:55	expired pending reservations	{"batch_size": 100}
18:13:48.600	[35mDEBUG[0m	worker/reservation_worker.go:55	expired pending reservations	{"batch_size": 100}
18:14:48.600	[35mDEBUG[0m	worker/reservation_worker.go:55	expired pending reservations	{"batch_size": 100}
18:15:48.600	[35mDEBUG[0m	worker/reservation_worker.go:55	expired pending reservations	{"batch_size": 100}
18:16:48.600	[35mDEBUG[0m	worker/reservation_worker.go:55	expired pending reservations	{"batch_size": 100}
18:17:48.600	[35mDEBUG[0m	worker/reservation_worker.go:55	expired pending reservations	{"batch_size": 100}
18:18:48.600	[35mDEBUG[0m	worker/reservation_worker.go:55	expired pending reservations	{"batch_size": 100}
18:19:48.600	[35mDEBUG[0m	worker/reservation_worker.go:55	expired pending reservations	{"batch_size": 100}
18:20:48.601	[35mDEBUG[0m	worker/reservation_worker.go:55	expired pending reservations	{"batch_size": 100}
18:21:48.601	[35mDEBUG[0m	worker/reservation_worker.go:55	expired pending reservations	{"batch_size": 100}
18:22:48.601	[35mDEBUG[0m	worker/reservation_worker.go:55	expired pending reservations	{"batch_size": 100}
18:23:48.601	[35mDEBUG[0m	worker/reservation_worker.go:55	expired pending reservations	{"batch_size": 100}
18:24:48.600	[35mDEBUG[0m	worker/reservation_worker.go:55	expired pending reservations	{"batch_size": 100}
18:25:48.600	[35mDEBUG[0m	worker/reservation_worker.go:55	expired pending reservations	{"batch_size": 100}
18:26:48.601	[35mDEBUG[0m	worker/reservation_worker.go:55	expired pending reservations	{"batch_size": 100}
18:27:48.601	[35mDEBUG[0m	worker/reservation_worker.go:55	expired pending reservations	{"batch_size": 100}
18:28:48.601	[35mDEBUG[0m	worker/reservation_worker.go:55	expired pending reservations	{"batch_size": 100}
18:29:48.600	[35mDEBUG[0m	worker/reservation_worker.go:55	expired pending reservations	{"batch_size": 100}
18:30:48.600	[35mDEBUG[0m	worker/reservation_worker.go:55	expired pending reservations	{"batch_size": 100}
18:31:48.601	[35mDEBUG[0m	worker/reservation_worker.go:55	expired pending reservations	{"batch_size": 100}
18:32:48.600	[35mDEBUG[0m	worker/reservation_worker.go:55	expired pending reservations	{"batch_size": 100}
18:33:48.600	[35mDEBUG[0m	worker/reservation_worker.go:55	expired pending reservations	{"batch_size": 100}
18:34:48.600	[35mDEBUG[0m	worker/reservation_worker.go:55	expired pending reservations	{"batch_size": 100}
18:35:48.600	[35mDEBUG[0m	worker/reservation_worker.go:55	expired pending reservations	{"batch_size": 100}
18:36:48.601	[35mDEBUG[0m	worker/reservation_worker.go:55	expired pending reservations	{"batch_size": 100}
18:37:48.605	[35mDEBUG[0m	worker/reservation_worker.go:55	expired pending reservations	{"batch_size": 100}
18:38:48.610	[35mDEBUG[0m	worker/reservation_worker.go:55	expired pending reservations	{"batch_size": 100}
18:39:48.601	[35mDEBUG[0m	worker/reservation_worker.go:55	expired pending reservations	{"batch_size": 100}
18:40:48.607	[35mDEBUG[0m	worker/reservation_worker.go:55	expired pending reservations	{"batch_size": 100}
18:41:48.601	[35mDEBUG[0m	worker/reservation_worker.go:55	expired pending reservations	{"batch_size": 100}
18:42:48.600	[35mDEBUG[0m	worker/reservation_worker.go:55	expired pending reservations	{"batch_size": 100}
18:43:48.601	[35mDEBUG[0m	worker/reservation_worker.go:55	expired pending reservations	{"batch_size": 100}
18:44:48.600	[35mDEBUG[0m	worker/reservation_worker.go:55	expired pending reservations	{"batch_size": 100}
18:45:48.601	[35mDEBUG[0m	worker/reservation_worker.go:55	expired pending reservations	{"batch_size": 100}
18:46:48.600	[35mDEBUG[0m	worker/reservation_worker.go:55	expired pending reservations	{"batch_size": 100}
18:47:48.600	[35mDEBUG[0m	worker/reservation_worker.go:55	expired pending reservations	{"batch_size": 100}
18:48:48.601	[35mDEBUG[0m	worker/reservation_worker.go:55	expired pending reservations	{"batch_size": 100}
18:49:48.607	[35mDEBUG[0m	worker/reservation_worker.go:55	expired pending reservations	{"batch_size": 100}
18:50:48.601	[35mDEBUG[0m	worker/reservation_worker.go:55	expired pending reservations	{"batch_size": 100}
18:51:48.601	[35mDEBUG[0m	worker/reservation_worker.go:55	expired pending reservations	{"batch_size": 100}
18:52:48.601	[35mDEBUG[0m	worker/reservation_worker.go:55	expired pending reservations	{"batch_size": 100}
18:53:48.601	[35mDEBUG[0m	worker/reservation_worker.go:55	expired pending reservations	{"batch_size": 100}
18:54:48.601	[35mDEBUG[0m	worker/reservation_worker.go:55	expired pending reservations	{"batch_size": 100}
18:55:48.600	[35mDEBUG[0m	worker/reservation_worker.go:55	expired pending reservations	{"batch_size": 100}
18:56:48.601	[35mDEBUG[0m	worker/reservation_worker.go:55	expired pending reservations	{"batch_size": 100}
18:57:48.600	[35mDEBUG[0m	worker/reservation_worker.go:55	expired pending reservations	{"batch_size": 100}
18:58:48.600	[35mDEBUG[0m	worker/reservation_worker.go:55	expired pending reservations	{"batch_size": 100}
18:59:48.600	[35mDEBUG[0m	worker/reservation_worker.go:55	expired pending reservations	{"batch_size": 100}
19:00:48.600	[35mDEBUG[0m	worker/reservation_worker.go:55	expired pending reservations	{"batch_size": 100}
19:01:48.601	[35mDEBUG[0m	worker/reservation_worker.go:55	expired pending reservations	{"batch_size": 100}
19:02:48.600	[35mDEBUG[0m	worker/reservation_worker.go:55	expired pending reservations	{"batch_size": 100}
19:03:48.600	[35mDEBUG[0m	worker/reservation_worker.go:55	expired pending reservations	{"batch_size": 100}
19:04:48.600	[35mDEBUG[0m	worker/reservation_worker.go:55	expired pending reservations	{"batch_size": 100}
19:05:48.600	[35mDEBUG[0m	worker/reservation_worker.go:55	expired pending reservations	{"batch_size": 100}
19:06:48.601	[35mDEBUG[0m	worker/reservation_worker.go:55	expired pending reservations	{"batch_size": 100}
19:07:48.600	[35mDEBUG[0m	worker/reservation_worker.go:55	expired pending reservations	{"batch_size": 100}
19:08:48.601	[35mDEBUG[0m	worker/reservation_worker.go:55	expired pending reservations	{"batch_size": 100}
19:09:48.600	[35mDEBUG[0m	worker/reservation_worker.go:55	expired pending reservations	{"batch_size": 100}
19:10:48.601	[35mDEBUG[0m	worker/reservation_worker.go:55	expired pending reservations	{"batch_size": 100}
19:11:48.600	[35mDEBUG[0m	worker/reservation_worker.go:55	expired pending reservations	{"batch_size": 100}
19:12:48.600	[35mDEBUG[0m	worker/reservation_worker.go:55	expired pending reservations	{"batch_size": 100}
19:13:48.600	[35mDEBUG[0m	worker/reservation_worker.go:55	expired pending reservations	{"batch_size": 100}
19:14:48.600	[35mDEBUG[0m	worker/reservation_worker.go:55	expired pending reservations	{"batch_size": 100}
19:15:48.600	[35mDEBUG[0m	worker/reservation_worker.go:55	expired pending reservations	{"batch_size": 100}
19:16:48.600	[35mDEBUG[0m	worker/reservation_worker.go:55	expired pending reservations	{"batch_size": 100}
19:17:48.600	[35mDEBUG[0m	worker/reservation_worker.go:55	expired pending reservations	{"batch_size": 100}
19:18:48.600	[35mDEBUG[0m	worker/reservation_worker.go:55	expired pending reservations	{"batch_size": 100}
19:19:48.601	[35mDEBUG[0m	worker/reservation_worker.go:55	expired pending reservations	{"batch_size": 100}
19:20:48.601	[35mDEBUG[0m	worker/reservation_worker.go:55	expired pending reservations	{"batch_size": 100}
19:21:48.600	[35mDEBUG[0m	worker/reservation_worker.go:55	expired pending reservations	{"batch_size": 100}
19:22:48.601	[35mDEBUG[0m	worker/reservation_worker.go:55	expired pending reservations	{"batch_size": 100}
19:23:48.600	[35mDEBUG[0m	worker/reservation_worker.go:55	expired pending reservations	{"batch_size": 100}
19:24:48.600	[35mDEBUG[0m	worker/reservation_worker.go:55	expired pending reservations	{"batch_size": 100}
19:25:48.600	[35mDEBUG[0m	worker/reservation_worker.go:55	expired pending reservations	{"batch_size": 100}
19:26:48.600	[35mDEBUG[0m	worker/reservation_worker.go:55	expired pending reservations	{"batch_size": 100}
19:27:48.600	[35mDEBUG[0m	worker/reservation_worker.go:55	expired pending reservations	{"batch_size": 100}
19:28:48.601	[35mDEBUG[0m	worker/reservation_worker.go:55	expired pending reservations	{"batch_size": 100}
19:29:48.600	[35mDEBUG[0m	worker/reservation_worker.go:55	expired pending reservations	{"batch_size": 100}
19:30:48.601	[35mDEBUG[0m	worker/reservation_worker.go:55	expired pending reservations	{"batch_size": 100}
19:31:48.601	[35mDEBUG[0m	worker/reservation_worker.go:55	expired pending reservations	{"batch_size": 100}
19:32:48.600	[35mDEBUG[0m	worker/reservation_worker.go:55	expired pending reservations	{"batch_size": 100}
19:33:48.601	[35mDEBUG[0m	worker/reservation_worker.go:55	expired pending reservations	{"batch_size": 100}
19:34:48.600	[35mDEBUG[0m	worker/reservation_worker.go:55	expired pending reservations	{"batch_size": 100}
19:35:48.600	[35mDEBUG[0m	worker/reservation_worker.go:55	expired pending reservations	{"batch_size": 100}
19:36:48.601	[35mDEBUG[0m	worker/reservation_worker.go:55	expired pending reservations	{"batch_size": 100}
19:37:48.605	[35mDEBUG[0m	worker/reservation_worker.go:55	expired pending reservations	{"batch_size": 100}
19:38:48.610	[35mDEBUG[0m	worker/reservation_worker.go:55	expired pending reservations	{"batch_size": 100}
19:39:48.605	[35mDEBUG[0m	worker/reservation_worker.go:55	expired pending reservations	{"batch_size": 100}
19:40:48.601	[35mDEBUG[0m	worker/reservation_worker.go:55	expired pending reservations	{"batch_size": 100}
19:41:48.601	[35mDEBUG[0m	worker/reservation_worker.go:55	expired pending reservations	{"batch_size": 100}
19:42:48.607	[35mDEBUG[0m	worker/reservation_worker.go:55	expired pending reservations	{"batch_size": 100}
19:43:48.601	[35mDEBUG[0m	worker/reservation_worker.go:55	expired pending reservations	{"batch_size": 100}
19:44:48.601	[35mDEBUG[0m	worker/reservation_worker.go:55	expired pending reservations	{"batch_size": 100}
19:45:48.601	[35mDEBUG[0m	worker/reservation_worker.go:55	expired pending reservations	{"batch_size": 100}
19:46:48.601	[35mDEBUG[0m	worker/reservation_worker.go:55	expired pending reservations	{"batch_size": 100}
19:47:48.601	[35mDEBUG[0m	worker/reservation_worker.go:55	expired pending reservations	{"batch_size": 100}
19:48:48.601	[35mDEBUG[0m	worker/reservation_worker.go:55	expired pending reservations	{"batch_size": 100}
19:49:48.601	[35mDEBUG[0m	worker/reservation_worker.go:55	expired pending reservations	{"batch_size": 100}
19:50:48.601	[35mDEBUG[0m	worker/reservation_worker.go:55	expired pending reservations	{"batch_size": 100}
19:51:48.601	[35mDEBUG[0m	worker/reservation_worker.go:55	expired pending reservations	{"batch_size": 100}
19:52:48.601	[35mDEBUG[0m	worker/reservation_worker.go:55	expired pending reservations	{"batch_size": 100}
19:53:48.601	[35mDEBUG[0m	worker/reservation_worker.go:55	expired pending reservations	{"batch_size": 100}
19:54:48.601	[35mDEBUG[0m	worker/reservation_worker.go:55	expired pending reservations	{"batch_size": 100}
19:55:48.601	[35mDEBUG[0m	worker/reservation_worker.go:55	expired pending reservations	{"batch_size": 100}
19:56:48.601	[35mDEBUG[0m	worker/reservation_worker.go:55	expired pending reservations	{"batch_size": 100}
19:57:48.601	[35mDEBUG[0m	worker/reservation_worker.go:55	expired pending reservations	{"batch_size": 100}
19:58:48.601	[35mDEBUG[0m	worker/reservation_worker.go:55	expired pending reservations	{"batch_size": 100}
19:59:48.601	[35mDEBUG[0m	worker/reservation_worker.go:55	expired pending reservations	{"batch_size": 100}
20:00:48.601	[35mDEBUG[0m	worker/reservation_worker.go:55	expired pending reservations	{"batch_size": 100}
20:01:48.601	[35mDEBUG[0m	worker/reservation_worker.go:55	expired pending reservations	{"batch_size": 100}
20:02:48.600	[35mDEBUG[0m	worker/reservation_worker.go:55	expired pending reservations	{"batch_size": 100}
20:03:48.600	[35mDEBUG[0m	worker/reservation_worker.go:55	expired pending reservations	{"batch_size": 100}
20:04:48.601	[35mDEBUG[0m	worker/reservation_worker.go:55	expired pending reservations	{"batch_size": 100}
20:05:48.600	[35mDEBUG[0m	worker/reservation_worker.go:55	expired pending reservations	{"batch_size": 100}
20:06:48.600	[35mDEBUG[0m	worker/reservation_worker.go:55	expired pending reservations	{"batch_size": 100}
20:07:48.600	[35mDEBUG[0m	worker/reservation_worker.go:55	expired pending reservations	{"batch_size": 100}
20:08:48.600	[35mDEBUG[0m	worker/reservation_worker.go:55	expired pending reservations	{"batch_size": 100}
20:09:48.600	[35mDEBUG[0m	worker/reservation_worker.go:55	expired pending reservations	{"batch_size": 100}
20:10:48.601	[35mDEBUG[0m	worker/reservation_worker.go:55	expired pending reservations	{"batch_size": 100}
20:11:48.601	[35mDEBUG[0m	worker/reservation_worker.go:55	expired pending reservations	{"batch_size": 100}
20:12:48.600	[35mDEBUG[0m	worker/reservation_worker.go:55	expired pending reservations	{"batch_size": 100}
20:13:48.601	[35mDEBUG[0m	worker/reservation_worker.go:55	expired pending reservations	{"batch_size": 100}
20:14:48.601	[35mDEBUG[0m	worker/reservation_worker.go:55	expired pending reservations	{"batch_size": 100}
20:15:48.601	[35mDEBUG[0m	worker/reservation_worker.go:55	expired pending reservations	{"batch_size": 100}
20:16:48.600	[35mDEBUG[0m	worker/reservation_worker.go:55	expired pending reservations	{"batch_size": 100}
20:17:48.600	[35mDEBUG[0m	worker/reservation_worker.go:55	expired pending reservations	{"batch_size": 100}
20:18:48.600	[35mDEBUG[0m	worker/reservation_worker.go:55	expired pending reservations	{"batch_size": 100}
20:19:48.601	[35mDEBUG[0m	worker/reservation_worker.go:55	expired pending reservations	{"batch_size": 100}
20:20:48.600	[35mDEBUG[0m	worker/reservation_worker.go:55	expired pending reservations	{"batch_size": 100}
20:21:48.600	[35mDEBUG[0m	worker/reservation_worker.go:55	expired pending reservations	{"batch_size": 100}
20:22:48.601	[35mDEBUG[0m	worker/reservation_worker.go:55	expired pending reservations	{"batch_size": 100}
20:23:48.600	[35mDEBUG[0m	worker/reservation_worker.go:55	expired pending reservations	{"batch_size": 100}
20:24:48.600	[35mDEBUG[0m	worker/reservation_worker.go:55	expired pending reservations	{"batch_size": 100}
20:25:48.600	[35mDEBUG[0m	worker/reservation_worker.go:55	expired pending reservations	{"batch_size": 100}
20:26:48.600	[35mDEBUG[0m	worker/reservation_worker.go:55	expired pending reservations	{"batch_size": 100}
20:27:48.600	[35mDEBUG[0m	worker/reservation_worker.go:55	expired pending reservations	{"batch_size": 100}
20:28:48.600	[35mDEBUG[0m	worker/reservation_worker.go:55	expired pending reservations	{"batch_size": 100}
20:29:48.600	[35mDEBUG[0m	worker/reservation_worker.go:55	expired pending reservations	{"batch_size": 100}
20:30:48.601	[35mDEBUG[0m	worker/reservation_worker.go:55	expired pending reservations	{"batch_size": 100}
20:31:48.601	[35mDEBUG[0m	worker/reservation_worker.go:55	expired pending reservations	{"batch_size": 100}
20:32:48.600	[35mDEBUG[0m	worker/reservation_worker.go:55	expired pending reservations	{"batch_size": 100}
20:33:48.601	[35mDEBUG[0m	worker/reservation_worker.go:55	expired pending reservations	{"batch_size": 100}
20:34:48.601	[35mDEBUG[0m	worker/reservation_worker.go:55	expired pending reservations	{"batch_size": 100}
20:35:48.601	[35mDEBUG[0m	worker/reservation_worker.go:55	expired pending reservations	{"batch_size": 100}
20:36:48.601	[35mDEBUG[0m	worker/reservation_worker.go:55	expired pending reservations	{"batch_size": 100}
20:37:48.608	[35mDEBUG[0m	worker/reservation_worker.go:55	expired pending reservations	{"batch_size": 100}
20:38:48.606	[35mDEBUG[0m	worker/reservation_worker.go:55	expired pending reservations	{"batch_size": 100}
20:39:48.606	[35mDEBUG[0m	worker/reservation_worker.go:55	expired pending reservations	{"batch_size": 100}
20:40:48.605	[35mDEBUG[0m	worker/reservation_worker.go:55	expired pending reservations	{"batch_size": 100}
20:41:48.601	[35mDEBUG[0m	worker/reservation_worker.go:55	expired pending reservations	{"batch_size": 100}
20:42:48.601	[35mDEBUG[0m	worker/reservation_worker.go:55	expired pending reservations	{"batch_size": 100}
20:43:48.601	[35mDEBUG[0m	worker/reservation_worker.go:55	expired pending reservations	{"batch_size": 100}
20:44:48.600	[35mDEBUG[0m	worker/reservation_worker.go:55	expired pending reservations	{"batch_size": 100}
20:45:48.601	[35mDEBUG[0m	worker/reservation_worker.go:55	expired pending reservations	{"batch_size": 100}
20:46:48.601	[35mDEBUG[0m	worker/reservation_worker.go:55	expired pending reservations	{"batch_size": 100}
20:47:48.601	[35mDEBUG[0m	worker/reservation_worker.go:55	expired pending reservations	{"batch_size": 100}
20:48:48.600	[35mDEBUG[0m	worker/reservation_worker.go:55	expired pending reservations	{"batch_size": 100}
20:49:48.600	[35mDEBUG[0m	worker/reservation_worker.go:55	expired pending reservations	{"batch_size": 100}
20:50:48.601	[35mDEBUG[0m	worker/reservation_worker.go:55	expired pending reservations	{"batch_size": 100}
20:51:48.600	[35mDEBUG[0m	worker/reservation_worker.go:55	expired pending reservations	{"batch_size": 100}
20:52:48.601	[35mDEBUG[0m	worker/reservation_worker.go:55	expired pending reservations	{"batch_size": 100}
20:53:48.601	[35mDEBUG[0m	worker/reservation_worker.go:55	expired pending reservations	{"batch_size": 100}
20:54:48.601	[35mDEBUG[0m	worker/reservation_worker.go:55	expired pending reservations	{"batch_size": 100}
20:55:48.601	[35mDEBUG[0m	worker/reservation_worker.go:55	expired pending reservations	{"batch_size": 100}
20:56:48.601	[35mDEBUG[0m	worker/reservation_worker.go:55	expired pending reservations	{"batch_size": 100}
20:57:48.601	[35mDEBUG[0m	worker/reservation_worker.go:55	expired pending reservations	{"batch_size": 100}
20:58:48.601	[35mDEBUG[0m	worker/reservation_worker.go:55	expired pending reservations	{"batch_size": 100}
20:59:48.601	[35mDEBUG[0m	worker/reservation_worker.go:55	expired pending reservations	{"batch_size": 100}
21:00:48.601	[35mDEBUG[0m	worker/reservation_worker.go:55	expired pending reservations	{"batch_size": 100}
21:01:48.600	[35mDEBUG[0m	worker/reservation_worker.go:55	expired pending reservations	{"batch_size": 100}
21:02:48.601	[35mDEBUG[0m	worker/reservation_worker.go:55	expired pending reservations	{"batch_size": 100}
21:03:48.601	[35mDEBUG[0m	worker/reservation_worker.go:55	expired pending reservations	{"batch_size": 100}
21:04:48.601	[35mDEBUG[0m	worker/reservation_worker.go:55	expired pending reservations	{"batch_size": 100}
21:05:48.600	[35mDEBUG[0m	worker/reservation_worker.go:55	expired pending reservations	{"batch_size": 100}
21:06:48.600	[35mDEBUG[0m	worker/reservation_worker.go:55	expired pending reservations	{"batch_size": 100}
21:07:48.600	[35mDEBUG[0m	worker/reservation_worker.go:55	expired pending reservations	{"batch_size": 100}
21:08:48.601	[35mDEBUG[0m	worker/reservation_worker.go:55	expired pending reservations	{"batch_size": 100}
21:09:48.600	[35mDEBUG[0m	worker/reservation_worker.go:55	expired pending reservations	{"batch_size": 100}
21:10:48.601	[35mDEBUG[0m	worker/reservation_worker.go:55	expired pending reservations	{"batch_size": 100}
21:11:48.600	[35mDEBUG[0m	worker/reservation_worker.go:55	expired pending reservations	{"batch_size": 100}
21:12:48.600	[35mDEBUG[0m	worker/reservation_worker.go:55	expired pending reservations	{"batch_size": 100}
21:13:48.600	[35mDEBUG[0m	worker/reservation_worker.go:55	expired pending reservations	{"batch_size": 100}
21:14:48.600	[35mDEBUG[0m	worker/reservation_worker.go:55	expired pending reservations	{"batch_size": 100}
21:15:48.600	[35mDEBUG[0m	worker/reservation_worker.go:55	expired pending reservations	{"batch_size": 100}
21:16:48.600	[35mDEBUG[0m	worker/reservation_worker.go:55	expired pending reservations	{"batch_size": 100}
21:17:48.600	[35mDEBUG[0m	worker/reservation_worker.go:55	expired pending reservations	{"batch_size": 100}
21:18:48.600	[35mDEBUG[0m	worker/reservation_worker.go:55	expired pending reservations	{"batch_size": 100}
21:19:48.602	[35mDEBUG[0m	worker/reservation_worker.go:55	expired pending reservations	{"batch_size": 100}
21:20:48.600	[35mDEBUG[0m	worker/reservation_worker.go:55	expired pending reservations	{"batch_size": 100}
21:21:48.600	[35mDEBUG[0m	worker/reservation_worker.go:55	expired pending reservations	{"batch_size": 100}
21:22:48.600	[35mDEBUG[0m	worker/reservation_worker.go:55	expired pending reservations	{"batch_size": 100}
21:23:48.601	[35mDEBUG[0m	worker/reservation_worker.go:55	expired pending reservations	{"batch_size": 100}
21:24:48.600	[35mDEBUG[0m	worker/reservation_worker.go:55	expired pending reservations	{"batch_size": 100}
21:25:48.600	[35mDEBUG[0m	worker/reservation_worker.go:55	expired pending reservations	{"batch_size": 100}
21:26:48.600	[35mDEBUG[0m	worker/reservation_worker.go:55	expired pending reservations	{"batch_size": 100}
21:27:48.600	[35mDEBUG[0m	worker/reservation_worker.go:55	expired pending reservations	{"batch_size": 100}
21:28:48.600	[35mDEBUG[0m	worker/reservation_worker.go:55	expired pending reservations	{"batch_size": 100}
21:29:48.600	[35mDEBUG[0m	worker/reservation_worker.go:55	expired pending reservations	{"batch_size": 100}
21:30:48.600	[35mDEBUG[0m	worker/reservation_worker.go:55	expired pending reservations	{"batch_size": 100}
21:31:48.600	[35mDEBUG[0m	worker/reservation_worker.go:55	expired pending reservations	{"batch_size": 100}
21:32:48.600	[35mDEBUG[0m	worker/reservation_worker.go:55	expired pending reservations	{"batch_size": 100}
21:33:48.600	[35mDEBUG[0m	worker/reservation_worker.go:55	expired pending reservations	{"batch_size": 100}
21:34:48.600	[35mDEBUG[0m	worker/reservation_worker.go:55	expired pending reservations	{"batch_size": 100}
21:35:48.600	[35mDEBUG[0m	worker/reservation_worker.go:55	expired pending reservations	{"batch_size": 100}
21:36:48.600	[35mDEBUG[0m	worker/reservation_worker.go:55	expired pending reservations	{"batch_size": 100}
21:37:48.605	[35mDEBUG[0m	worker/reservation_worker.go:55	expired pending reservations	{"batch_size": 100}
21:38:48.610	[35mDEBUG[0m	worker/reservation_worker.go:55	expired pending reservations	{"batch_size": 100}
21:39:48.600	[35mDEBUG[0m	worker/reservation_worker.go:55	expired pending reservations	{"batch_size": 100}
21:40:48.600	[35mDEBUG[0m	worker/reservation_worker.go:55	expired pending reservations	{"batch_size": 100}
21:41:48.606	[35mDEBUG[0m	worker/reservation_worker.go:55	expired pending reservations	{"batch_size": 100}
21:42:48.601	[35mDEBUG[0m	worker/reservation_worker.go:55	expired pending reservations	{"batch_size": 100}
21:43:48.601	[35mDEBUG[0m	worker/reservation_worker.go:55	expired pending reservations	{"batch_size": 100}
21:44:48.601	[35mDEBUG[0m	worker/reservation_worker.go:55	expired pending reservations	{"batch_size": 100}
21:45:48.600	[35mDEBUG[0m	worker/reservation_worker.go:55	expired pending reservations	{"batch_size": 100}
21:46:48.607	[35mDEBUG[0m	worker/reservation_worker.go:55	expired pending reservations	{"batch_size": 100}
21:47:48.600	[35mDEBUG[0m	worker/reservation_worker.go:55	expired pending reservations	{"batch_size": 100}
21:48:48.600	[35mDEBUG[0m	worker/reservation_worker.go:55	expired pending reservations	{"batch_size": 100}
21:49:48.601	[35mDEBUG[0m	worker/reservation_worker.go:55	expired pending reservations	{"batch_size": 100}
21:50:48.601	[35mDEBUG[0m	worker/reservation_worker.go:55	expired pending reservations	{"batch_size": 100}
21:51:48.600	[35mDEBUG[0m	worker/reservation_worker.go:55	expired pending reservations	{"batch_size": 100}
21:52:48.601	[35mDEBUG[0m	worker/reservation_worker.go:55	expired pending reservations	{"batch_size": 100}
21:53:48.601	[35mDEBUG[0m	worker/reservation_worker.go:55	expired pending reservations	{"batch_size": 100}
21:54:48.600	[35mDEBUG[0m	worker/reservation_worker.go:55	expired pending reservations	{"batch_size": 100}
21:55:48.600	[35mDEBUG[0m	worker/reservation_worker.go:55	expired pending reservations	{"batch_size": 100}
21:56:48.600	[35mDEBUG[0m	worker/reservation_worker.go:55	expired pending reservations	{"batch_size": 100}
21:57:48.601	[35mDEBUG[0m	worker/reservation_worker.go:55	expired pending reservations	{"batch_size": 100}
21:58:48.601	[35mDEBUG[0m	worker/reservation_worker.go:55	expired pending reservations	{"batch_size": 100}
21:59:48.600	[35mDEBUG[0m	worker/reservation_worker.go:55	expired pending reservations	{"batch_size": 100}
22:00:48.600	[35mDEBUG[0m	worker/reservation_worker.go:55	expired pending reservations	{"batch_size": 100}
22:01:48.601	[35mDEBUG[0m	worker/reservation_worker.go:55	expired pending reservations	{"batch_size": 100}
22:02:48.600	[35mDEBUG[0m	worker/reservation_worker.go:55	expired pending reservations	{"batch_size": 100}
22:03:48.600	[35mDEBUG[0m	worker/reservation_worker.go:55	expired pending reservations	{"batch_size": 100}
22:04:48.600	[35mDEBUG[0m	worker/reservation_worker.go:55	expired pending reservations	{"batch_size": 100}
22:05:48.601	[35mDEBUG[0m	worker/reservation_worker.go:55	expired pending reservations	{"batch_size": 100}
22:06:48.601	[35mDEBUG[0m	worker/reservation_worker.go:55	expired pending reservations	{"batch_size": 100}
22:07:48.600	[35mDEBUG[0m	worker/reservation_worker.go:55	expired pending reservations	{"batch_size": 100}
22:08:48.600	[35mDEBUG[0m	worker/reservation_worker.go:55	expired pending reservations	{"batch_size": 100}
22:09:48.600	[35mDEBUG[0m	worker/reservation_worker.go:55	expired pending reservations	{"batch_size": 100}
22:10:48.601	[35mDEBUG[0m	worker/reservation_worker.go:55	expired pending reservations	{"batch_size": 100}
22:11:48.600	[35mDEBUG[0m	worker/reservation_worker.go:55	expired pending reservations	{"batch_size": 100}
22:12:48.601	[35mDEBUG[0m	worker/reservation_worker.go:55	expired pending reservations	{"batch_size": 100}
22:13:48.601	[35mDEBUG[0m	worker/reservation_worker.go:55	expired pending reservations	{"batch_size": 100}
22:14:48.601	[35mDEBUG[0m	worker/reservation_worker.go:55	expired pending reservations	{"batch_size": 100}
22:15:48.600	[35mDEBUG[0m	worker/reservation_worker.go:55	expired pending reservations	{"batch_size": 100}
22:16:48.600	[35mDEBUG[0m	worker/reservation_worker.go:55	expired pending reservations	{"batch_size": 100}
22:17:48.601	[35mDEBUG[0m	worker/reservation_worker.go:55	expired pending reservations	{"batch_size": 100}
22:18:48.601	[35mDEBUG[0m	worker/reservation_worker.go:55	expired pending reservations	{"batch_size": 100}
22:19:48.601	[35mDEBUG[0m	worker/reservation_worker.go:55	expired pending reservations	{"batch_size": 100}
22:20:48.601	[35mDEBUG[0m	worker/reservation_worker.go:55	expired pending reservations	{"batch_size": 100}
22:21:48.601	[35mDEBUG[0m	worker/reservation_worker.go:55	expired pending reservations	{"batch_size": 100}
22:22:48.601	[35mDEBUG[0m	worker/reservation_worker.go:55	expired pending reservations	{"batch_size": 100}
22:23:48.600	[35mDEBUG[0m	worker/reservation_worker.go:55	expired pending reservations	{"batch_size": 100}
22:24:48.601	[35mDEBUG[0m	worker/reservation_worker.go:55	expired pending reservations	{"batch_size": 100}
22:25:48.601	[35mDEBUG[0m	worker/reservation_worker.go:55	expired pending reservations	{"batch_size": 100}
22:26:48.600	[35mDEBUG[0m	worker/reservation_worker.go:55	expired pending reservations	{"batch_size": 100}
22:27:48.600	[35mDEBUG[0m	worker/reservation_worker.go:55	expired pending reservations	{"batch_size": 100}
22:28:48.600	[35mDEBUG[0m	worker/reservation_worker.go:55	expired pending reservations	{"batch_size": 100}
22:29:48.600	[35mDEBUG[0m	worker/reservation_worker.go:55	expired pending reservations	{"batch_size": 100}
22:30:48.601	[35mDEBUG[0m	worker/reservation_worker.go:55	expired pending reservations	{"batch_size": 100}
22:31:48.600	[35mDEBUG[0m	worker/reservation_worker.go:55	expired pending reservations	{"batch_size": 100}
22:32:48.600	[35mDEBUG[0m	worker/reservation_worker.go:55	expired pending reservations	{"batch_size": 100}
22:33:48.600	[35mDEBUG[0m	worker/reservation_worker.go:55	expired pending reservations	{"batch_size": 100}
22:34:48.601	[35mDEBUG[0m	worker/reservation_worker.go:55	expired pending reservations	{"batch_size": 100}
22:35:48.600	[35mDEBUG[0m	worker/reservation_worker.go:55	expired pending reservations	{"batch_size": 100}
22:36:48.600	[35mDEBUG[0m	worker/reservation_worker.go:55	expired pending reservations	{"batch_size": 100}
22:37:48.609	[35mDEBUG[0m	worker/reservation_worker.go:55	expired pending reservations	{"batch_size": 100}
22:38:48.607	[35mDEBUG[0m	worker/reservation_worker.go:55	expired pending reservations	{"batch_size": 100}
22:39:48.607	[35mDEBUG[0m	worker/reservation_worker.go:55	expired pending reservations	{"batch_size": 100}
22:40:48.606	[35mDEBUG[0m	worker/reservation_worker.go:55	expired pending reservations	{"batch_size": 100}
22:41:48.601	[35mDEBUG[0m	worker/reservation_worker.go:55	expired pending reservations	{"batch_size": 100}
22:42:48.601	[35mDEBUG[0m	worker/reservation_worker.go:55	expired pending reservations	{"batch_size": 100}
22:43:48.601	[35mDEBUG[0m	worker/reservation_worker.go:55	expired pending reservations	{"batch_size": 100}
22:44:48.601	[35mDEBUG[0m	worker/reservation_worker.go:55	expired pending reservations	{"batch_size": 100}
22:45:48.601	[35mDEBUG[0m	worker/reservation_worker.go:55	expired pending reservations	{"batch_size": 100}
22:46:48.600	[35mDEBUG[0m	worker/reservation_worker.go:55	expired pending reservations	{"batch_size": 100}
22:47:48.601	[35mDEBUG[0m	worker/reservation_worker.go:55	expired pending reservations	{"batch_size": 100}
22:48:48.601	[35mDEBUG[0m	worker/reservation_worker.go:55	expired pending reservations	{"batch_size": 100}
22:49:48.601	[35mDEBUG[0m	worker/reservation_worker.go:55	expired pending reservations	{"batch_size": 100}
22:50:48.601	[35mDEBUG[0m	worker/reservation_worker.go:55	expired pending reservations	{"batch_size": 100}
22:51:48.601	[35mDEBUG[0m	worker/reservation_worker.go:55	expired pending reservations	{"batch_size": 100}
22:52:48.601	[35mDEBUG[0m	worker/reservation_worker.go:55	expired pending reservations	{"batch_size": 100}
22:53:48.601	[35mDEBUG[0m	worker/reservation_worker.go:55	expired pending reservations	{"batch_size": 100}
22:54:48.601	[35mDEBUG[0m	worker/reservation_worker.go:55	expired pending reservations	{"batch_size": 100}
22:55:48.601	[35mDEBUG[0m	worker/reservation_worker.go:55	expired pending reservations	{"batch_size": 100}
22:56:48.600	[35mDEBUG[0m	worker/reservation_worker.go:55	expired pending reservations	{"batch_size": 100}
22:57:48.601	[35mDEBUG[0m	worker/reservation_worker.go:55	expired pending reservations	{"batch_size": 100}
22:58:48.601	[35mDEBUG[0m	worker/reservation_worker.go:55	expired pending reservations	{"batch_size": 100}
22:59:48.601	[35mDEBUG[0m	worker/reservation_worker.go:55	expired pending reservations	{"batch_size": 100}
23:00:48.600	[35mDEBUG[0m	worker/reservation_worker.go:55	expired pending reservations	{"batch_size": 100}
23:01:48.601	[35mDEBUG[0m	worker/reservation_worker.go:55	expired pending reservations	{"batch_size": 100}
23:02:48.601	[35mDEBUG[0m	worker/reservation_worker.go:55	expired pending reservations	{"batch_size": 100}
23:03:48.601	[35mDEBUG[0m	worker/reservation_worker.go:55	expired pending reservations	{"batch_size": 100}
23:04:48.600	[35mDEBUG[0m	worker/reservation_worker.go:55	expired pending reservations	{"batch_size": 100}
23:04:49.549	[31mERROR[0m	rabbitmq/connection.go:94	rabbitmq connection lost	{"error": "Exception (320) Reason: \"CONNECTION_FORCED - broker forced connection closure with reason 'shutdown'\""}
github.com/baaaki/mydreamcampus/shared/rabbitmq.(*Connection).handleReconnect
	/home/nautilus/Desktop/Playground/mydreamcampus/backend/shared/rabbitmq/connection.go:94
23:04:49.549	[34mINFO[0m	rabbitmq/connection.go:99	attempting to reconnect to rabbitmq...
23:04:54.550	[34mINFO[0m	rabbitmq/connection.go:53	connecting to rabbitmq	{"url": "amqp://rabbitmq:rabbitmq@localhost:5672/"}
23:04:54.550	[31mERROR[0m	rabbitmq/connection.go:103	rabbitmq reconnection failed	{"error": "failed to connect to rabbitmq: Exception (501) Reason: \"read tcp 127.0.0.1:55164->127.0.0.1:5672: read: connection reset by peer\""}
github.com/baaaki/mydreamcampus/shared/rabbitmq.(*Connection).handleReconnect
	/home/nautilus/Desktop/Playground/mydreamcampus/backend/shared/rabbitmq/connection.go:103
23:04:54.550	[34mINFO[0m	rabbitmq/connection.go:99	attempting to reconnect to rabbitmq...
23:04:59.550	[34mINFO[0m	rabbitmq/connection.go:53	connecting to rabbitmq	{"url": "amqp://rabbitmq:rabbitmq@localhost:5672/"}
23:04:59.562	[34mINFO[0m	rabbitmq/connection.go:85	rabbitmq connection established
23:04:59.562	[34mINFO[0m	rabbitmq/connection.go:107	rabbitmq reconnection successful
23:05:48.604	[35mDEBUG[0m	worker/reservation_worker.go:55	expired pending reservations	{"batch_size": 100}
23:06:48.606	[35mDEBUG[0m	worker/reservation_worker.go:55	expired pending reservations	{"batch_size": 100}
23:06:49.836	[31mERROR[0m	rabbitmq/connection.go:94	rabbitmq connection lost	{"error": "Exception (320) Reason: \"CONNECTION_FORCED - broker forced connection closure with reason 'shutdown'\""}
github.com/baaaki/mydreamcampus/shared/rabbitmq.(*Connection).handleReconnect
	/home/nautilus/Desktop/Playground/mydreamcampus/backend/shared/rabbitmq/connection.go:94
23:06:49.837	[34mINFO[0m	rabbitmq/connection.go:99	attempting to reconnect to rabbitmq...
23:06:50.003	[34mINFO[0m	runtime/proc.go:290	shutting down server...
23:06:50.003	[34mINFO[0m	cmd/main.go:178	stopping reservation worker
23:06:50.003	[34mINFO[0m	cmd/main.go:179	stopping outbox worker
23:06:50.003	[34mINFO[0m	runtime/asm_amd64.s:1771	expiry job stopped
23:06:50.003	[34mINFO[0m	runtime/asm_amd64.s:1771	outbox polling job stopped
23:06:50.003	[34mINFO[0m	runtime/proc.go:290	server exited
23:06:50.003	[34mINFO[0m	runtime/asm_amd64.s:1771	cleanup job stopped
23:06:50.003	[34mINFO[0m	redis/redis.go:48	closing redis connection
cleaning...
see you again~
