[warning] build.bin is deprecated; set build.entrypoint instead

  __    _   ___  
 / /\  | | | |_) 
/_/--\ |_| |_| \_ v1.64.5, built with Go go1.26.0

watching .
watching bin
watching cmd
watching config
watching internal
watching internal/server
watching proto
!exclude tmp
building...
running...
13:36:48.539	[34mINFO[0m	runtime/proc.go:290	starting payment service (gRPC)	{"environment": "development", "port": "50051"}
13:36:48.540	[34mINFO[0m	runtime/asm_amd64.s:1771	gRPC server listening	{"address": "[::]:50051"}
23:06:50.002	[34mINFO[0m	runtime/proc.go:290	shutting down gRPC server...
23:06:50.002	[34mINFO[0m	runtime/proc.go:290	server exited
cleaning...
see you again~
