mode: atomic
github.com/baaaki/mydreamcampus/staff-service/cmd/main.go:27.13,30.16 2 0
github.com/baaaki/mydreamcampus/staff-service/cmd/main.go:30.16,31.55 1 0
github.com/baaaki/mydreamcampus/staff-service/cmd/main.go:35.2,35.60 1 0
github.com/baaaki/mydreamcampus/staff-service/cmd/main.go:35.60,36.61 1 0
github.com/baaaki/mydreamcampus/staff-service/cmd/main.go:38.2,47.16 4 0
github.com/baaaki/mydreamcampus/staff-service/cmd/main.go:47.16,51.3 1 0
github.com/baaaki/mydreamcampus/staff-service/cmd/main.go:52.2,58.16 4 0
github.com/baaaki/mydreamcampus/staff-service/cmd/main.go:58.16,60.3 1 0
github.com/baaaki/mydreamcampus/staff-service/cmd/main.go:60.8,62.28 2 0
github.com/baaaki/mydreamcampus/staff-service/cmd/main.go:62.28,73.4 3 0
github.com/baaaki/mydreamcampus/staff-service/cmd/main.go:77.2,78.16 2 0
github.com/baaaki/mydreamcampus/staff-service/cmd/main.go:78.16,82.3 1 0
github.com/baaaki/mydreamcampus/staff-service/cmd/main.go:83.2,88.50 3 0
github.com/baaaki/mydreamcampus/staff-service/cmd/main.go:88.50,92.3 1 0
github.com/baaaki/mydreamcampus/staff-service/cmd/main.go:95.2,133.24 16 0
github.com/baaaki/mydreamcampus/staff-service/cmd/main.go:133.24,135.3 1 0
github.com/baaaki/mydreamcampus/staff-service/cmd/main.go:136.2,146.12 4 0
github.com/baaaki/mydreamcampus/staff-service/cmd/main.go:146.12,150.77 2 0
github.com/baaaki/mydreamcampus/staff-service/cmd/main.go:150.77,154.4 1 0
github.com/baaaki/mydreamcampus/staff-service/cmd/main.go:158.2,171.50 8 0
github.com/baaaki/mydreamcampus/staff-service/cmd/main.go:171.50,175.3 1 0
github.com/baaaki/mydreamcampus/staff-service/cmd/main.go:177.2,177.30 1 0
github.com/baaaki/mydreamcampus/staff-service/cmd/main.go:180.172,181.25 1 0
github.com/baaaki/mydreamcampus/staff-service/cmd/main.go:181.25,183.3 1 0
github.com/baaaki/mydreamcampus/staff-service/cmd/main.go:185.2,200.2 9 0
github.com/baaaki/mydreamcampus/staff-service/cmd/main.go:200.2,203.3 2 0
github.com/baaaki/mydreamcampus/staff-service/cmd/main.go:207.2,212.2 3 0
github.com/baaaki/mydreamcampus/staff-service/cmd/main.go:212.2,215.3 2 0
github.com/baaaki/mydreamcampus/staff-service/cmd/main.go:219.2,223.2 5 0
github.com/baaaki/mydreamcampus/staff-service/cmd/main.go:223.2,233.3 6 0
github.com/baaaki/mydreamcampus/staff-service/cmd/main.go:233.3,239.4 4 0
github.com/baaaki/mydreamcampus/staff-service/cmd/main.go:243.2,246.2 4 0
github.com/baaaki/mydreamcampus/staff-service/cmd/main.go:246.2,248.3 1 0
github.com/baaaki/mydreamcampus/staff-service/cmd/main.go:250.2,250.15 1 0
github.com/baaaki/mydreamcampus/staff-service/cmd/main.go:253.53,265.16 2 0
github.com/baaaki/mydreamcampus/staff-service/cmd/main.go:265.16,267.3 1 0
github.com/baaaki/mydreamcampus/staff-service/cmd/main.go:269.2,287.39 4 0
github.com/baaaki/mydreamcampus/staff-service/cmd/main.go:287.39,288.90 1 0
github.com/baaaki/mydreamcampus/staff-service/cmd/main.go:288.90,290.4 1 0
github.com/baaaki/mydreamcampus/staff-service/cmd/main.go:293.2,295.12 2 0
github.com/baaaki/mydreamcampus/staff-service/internal/db/db.go:20.28,22.2 1 0
github.com/baaaki/mydreamcampus/staff-service/internal/db/db.go:28.46,32.2 1 0
github.com/baaaki/mydreamcampus/staff-service/internal/db/models.go:22.56,23.25 1 0
github.com/baaaki/mydreamcampus/staff-service/internal/db/models.go:24.14,25.27 1 0
github.com/baaaki/mydreamcampus/staff-service/internal/db/models.go:26.14,27.27 1 0
github.com/baaaki/mydreamcampus/staff-service/internal/db/models.go:28.10,29.75 1 0
github.com/baaaki/mydreamcampus/staff-service/internal/db/models.go:31.2,31.12 1 0
github.com/baaaki/mydreamcampus/staff-service/internal/db/models.go:40.63,41.18 1 0
github.com/baaaki/mydreamcampus/staff-service/internal/db/models.go:41.18,44.3 2 0
github.com/baaaki/mydreamcampus/staff-service/internal/db/models.go:45.2,46.40 2 0
github.com/baaaki/mydreamcampus/staff-service/internal/db/models.go:50.62,51.15 1 0
github.com/baaaki/mydreamcampus/staff-service/internal/db/models.go:51.15,53.3 1 0
github.com/baaaki/mydreamcampus/staff-service/internal/db/models.go:54.2,54.41 1 0
github.com/baaaki/mydreamcampus/staff-service/internal/db/outbox.sql.go:39.117,55.2 4 0
github.com/baaaki/mydreamcampus/staff-service/internal/db/outbox.sql.go:78.111,80.16 2 0
github.com/baaaki/mydreamcampus/staff-service/internal/db/outbox.sql.go:80.16,82.3 1 0
github.com/baaaki/mydreamcampus/staff-service/internal/db/outbox.sql.go:83.2,85.18 3 0
github.com/baaaki/mydreamcampus/staff-service/internal/db/outbox.sql.go:85.18,98.17 2 0
github.com/baaaki/mydreamcampus/staff-service/internal/db/outbox.sql.go:98.17,100.4 1 0
github.com/baaaki/mydreamcampus/staff-service/internal/db/outbox.sql.go:101.3,101.27 1 0
github.com/baaaki/mydreamcampus/staff-service/internal/db/outbox.sql.go:103.2,103.35 1 0
github.com/baaaki/mydreamcampus/staff-service/internal/db/outbox.sql.go:103.35,105.3 1 0
github.com/baaaki/mydreamcampus/staff-service/internal/db/outbox.sql.go:106.2,106.19 1 0
github.com/baaaki/mydreamcampus/staff-service/internal/db/outbox.sql.go:130.113,132.16 2 0
github.com/baaaki/mydreamcampus/staff-service/internal/db/outbox.sql.go:132.16,134.3 1 0
github.com/baaaki/mydreamcampus/staff-service/internal/db/outbox.sql.go:135.2,137.18 3 0
github.com/baaaki/mydreamcampus/staff-service/internal/db/outbox.sql.go:137.18,150.17 2 0
github.com/baaaki/mydreamcampus/staff-service/internal/db/outbox.sql.go:150.17,152.4 1 0
github.com/baaaki/mydreamcampus/staff-service/internal/db/outbox.sql.go:153.3,153.27 1 0
github.com/baaaki/mydreamcampus/staff-service/internal/db/outbox.sql.go:155.2,155.35 1 0
github.com/baaaki/mydreamcampus/staff-service/internal/db/outbox.sql.go:155.35,157.3 1 0
github.com/baaaki/mydreamcampus/staff-service/internal/db/outbox.sql.go:158.2,158.19 1 0
github.com/baaaki/mydreamcampus/staff-service/internal/db/outbox.sql.go:172.101,175.2 2 0
github.com/baaaki/mydreamcampus/staff-service/internal/db/outbox.sql.go:183.87,186.2 2 0
github.com/baaaki/mydreamcampus/staff-service/internal/db/outbox.sql.go:194.85,197.2 2 0
github.com/baaaki/mydreamcampus/staff-service/internal/db/staff.sql.go:18.66,23.2 4 0
github.com/baaaki/mydreamcampus/staff-service/internal/db/staff.sql.go:41.90,67.2 4 0
github.com/baaaki/mydreamcampus/staff-service/internal/db/staff.sql.go:76.108,78.16 2 0
github.com/baaaki/mydreamcampus/staff-service/internal/db/staff.sql.go:78.16,80.3 1 0
github.com/baaaki/mydreamcampus/staff-service/internal/db/staff.sql.go:81.2,83.18 3 0
github.com/baaaki/mydreamcampus/staff-service/internal/db/staff.sql.go:83.18,98.17 2 0
github.com/baaaki/mydreamcampus/staff-service/internal/db/staff.sql.go:98.17,100.4 1 0
github.com/baaaki/mydreamcampus/staff-service/internal/db/staff.sql.go:101.3,101.27 1 0
github.com/baaaki/mydreamcampus/staff-service/internal/db/staff.sql.go:103.2,103.35 1 0
github.com/baaaki/mydreamcampus/staff-service/internal/db/staff.sql.go:103.35,105.3 1 0
github.com/baaaki/mydreamcampus/staff-service/internal/db/staff.sql.go:106.2,106.19 1 0
github.com/baaaki/mydreamcampus/staff-service/internal/db/staff.sql.go:116.85,134.2 4 0
github.com/baaaki/mydreamcampus/staff-service/internal/db/staff.sql.go:143.84,161.2 4 0
github.com/baaaki/mydreamcampus/staff-service/internal/db/staff.sql.go:176.88,178.16 2 0
github.com/baaaki/mydreamcampus/staff-service/internal/db/staff.sql.go:178.16,180.3 1 0
github.com/baaaki/mydreamcampus/staff-service/internal/db/staff.sql.go:181.2,183.18 3 0
github.com/baaaki/mydreamcampus/staff-service/internal/db/staff.sql.go:183.18,198.17 2 0
github.com/baaaki/mydreamcampus/staff-service/internal/db/staff.sql.go:198.17,200.4 1 0
github.com/baaaki/mydreamcampus/staff-service/internal/db/staff.sql.go:201.3,201.27 1 0
github.com/baaaki/mydreamcampus/staff-service/internal/db/staff.sql.go:203.2,203.35 1 0
github.com/baaaki/mydreamcampus/staff-service/internal/db/staff.sql.go:203.35,205.3 1 0
github.com/baaaki/mydreamcampus/staff-service/internal/db/staff.sql.go:206.2,206.19 1 0
github.com/baaaki/mydreamcampus/staff-service/internal/db/staff.sql.go:215.78,218.2 2 0
github.com/baaaki/mydreamcampus/staff-service/internal/db/staff.sql.go:237.90,260.2 4 0
github.com/baaaki/mydreamcampus/staff-service/internal/db/teacher_profiles.sql.go:20.76,25.2 4 0
github.com/baaaki/mydreamcampus/staff-service/internal/db/teacher_profiles.sql.go:42.117,67.2 4 0
github.com/baaaki/mydreamcampus/staff-service/internal/db/teacher_profiles.sql.go:73.97,76.2 2 0
github.com/baaaki/mydreamcampus/staff-service/internal/db/teacher_profiles.sql.go:112.127,138.2 4 0
github.com/baaaki/mydreamcampus/staff-service/internal/db/teacher_profiles.sql.go:180.125,182.16 2 0
github.com/baaaki/mydreamcampus/staff-service/internal/db/teacher_profiles.sql.go:182.16,184.3 1 0
github.com/baaaki/mydreamcampus/staff-service/internal/db/teacher_profiles.sql.go:185.2,187.18 3 0
github.com/baaaki/mydreamcampus/staff-service/internal/db/teacher_profiles.sql.go:187.18,210.17 2 0
github.com/baaaki/mydreamcampus/staff-service/internal/db/teacher_profiles.sql.go:210.17,212.4 1 0
github.com/baaaki/mydreamcampus/staff-service/internal/db/teacher_profiles.sql.go:213.3,213.27 1 0
github.com/baaaki/mydreamcampus/staff-service/internal/db/teacher_profiles.sql.go:215.2,215.35 1 0
github.com/baaaki/mydreamcampus/staff-service/internal/db/teacher_profiles.sql.go:215.35,217.3 1 0
github.com/baaaki/mydreamcampus/staff-service/internal/db/teacher_profiles.sql.go:218.2,218.19 1 0
github.com/baaaki/mydreamcampus/staff-service/internal/db/teacher_profiles.sql.go:254.117,286.2 4 0
github.com/baaaki/mydreamcampus/staff-service/config/config.go:20.30,25.59 2 0
github.com/baaaki/mydreamcampus/staff-service/config/config.go:25.59,27.3 1 0
github.com/baaaki/mydreamcampus/staff-service/config/config.go:30.2,43.39 3 0
github.com/baaaki/mydreamcampus/staff-service/config/config.go:43.39,45.3 1 0
github.com/baaaki/mydreamcampus/staff-service/config/config.go:47.2,47.17 1 0
github.com/baaaki/mydreamcampus/staff-service/config/config.go:51.35,54.2 1 0
github.com/baaaki/mydreamcampus/staff-service/internal/worker/outbox_worker.go:28.17,35.2 1 0
github.com/baaaki/mydreamcampus/staff-service/internal/worker/outbox_worker.go:38.51,50.6 5 0
github.com/baaaki/mydreamcampus/staff-service/internal/worker/outbox_worker.go:50.6,51.10 1 0
github.com/baaaki/mydreamcampus/staff-service/internal/worker/outbox_worker.go:52.21,54.10 2 0
github.com/baaaki/mydreamcampus/staff-service/internal/worker/outbox_worker.go:55.19,56.24 1 0
github.com/baaaki/mydreamcampus/staff-service/internal/worker/outbox_worker.go:62.59,64.16 2 0
github.com/baaaki/mydreamcampus/staff-service/internal/worker/outbox_worker.go:64.16,69.3 2 0
github.com/baaaki/mydreamcampus/staff-service/internal/worker/outbox_worker.go:71.2,71.29 1 0
github.com/baaaki/mydreamcampus/staff-service/internal/worker/outbox_worker.go:71.29,73.3 1 0
github.com/baaaki/mydreamcampus/staff-service/internal/worker/outbox_worker.go:75.2,82.38 4 0
github.com/baaaki/mydreamcampus/staff-service/internal/worker/outbox_worker.go:82.38,87.65 3 0
github.com/baaaki/mydreamcampus/staff-service/internal/worker/outbox_worker.go:87.65,94.12 4 0
github.com/baaaki/mydreamcampus/staff-service/internal/worker/outbox_worker.go:98.3,110.17 4 0
github.com/baaaki/mydreamcampus/staff-service/internal/worker/outbox_worker.go:110.17,119.12 4 0
github.com/baaaki/mydreamcampus/staff-service/internal/worker/outbox_worker.go:123.3,124.17 2 0
github.com/baaaki/mydreamcampus/staff-service/internal/worker/outbox_worker.go:124.17,130.12 3 0
github.com/baaaki/mydreamcampus/staff-service/internal/worker/outbox_worker.go:133.3,137.17 2 0
github.com/baaaki/mydreamcampus/staff-service/internal/worker/outbox_worker.go:140.2,147.28 2 0
github.com/baaaki/mydreamcampus/staff-service/internal/worker/outbox_worker.go:151.65,153.16 2 0
github.com/baaaki/mydreamcampus/staff-service/internal/worker/outbox_worker.go:153.16,158.3 2 0
github.com/baaaki/mydreamcampus/staff-service/internal/worker/outbox_worker.go:160.2,160.28 1 0
github.com/baaaki/mydreamcampus/staff-service/internal/worker/outbox_worker.go:160.28,162.3 1 0
github.com/baaaki/mydreamcampus/staff-service/internal/worker/outbox_worker.go:164.2,168.37 2 0
github.com/baaaki/mydreamcampus/staff-service/internal/worker/outbox_worker.go:168.37,172.55 2 0
github.com/baaaki/mydreamcampus/staff-service/internal/worker/outbox_worker.go:172.55,177.12 2 0
github.com/baaaki/mydreamcampus/staff-service/internal/worker/outbox_worker.go:181.3,182.17 2 0
github.com/baaaki/mydreamcampus/staff-service/internal/worker/outbox_worker.go:182.17,187.12 2 0
github.com/baaaki/mydreamcampus/staff-service/internal/worker/outbox_worker.go:190.3,193.4 1 0
github.com/baaaki/mydreamcampus/staff-service/internal/worker/outbox_worker.go:198.63,199.19 1 0
github.com/baaaki/mydreamcampus/staff-service/internal/worker/outbox_worker.go:200.32,201.39 1 0
github.com/baaaki/mydreamcampus/staff-service/internal/worker/outbox_worker.go:202.32,203.39 1 0
github.com/baaaki/mydreamcampus/staff-service/internal/worker/outbox_worker.go:204.36,205.43 1 0
github.com/baaaki/mydreamcampus/staff-service/internal/worker/outbox_worker.go:206.10,208.19 1 0
github.com/baaaki/mydreamcampus/staff-service/internal/service/staff_service.go:22.75,26.2 1 0
github.com/baaaki/mydreamcampus/staff-service/internal/service/staff_service.go:29.112,39.16 3 0
github.com/baaaki/mydreamcampus/staff-service/internal/service/staff_service.go:39.16,41.56 1 0
github.com/baaaki/mydreamcampus/staff-service/internal/service/staff_service.go:41.56,43.4 1 0
github.com/baaaki/mydreamcampus/staff-service/internal/service/staff_service.go:45.3,45.79 1 0
github.com/baaaki/mydreamcampus/staff-service/internal/service/staff_service.go:49.2,49.31 1 0
github.com/baaaki/mydreamcampus/staff-service/internal/service/staff_service.go:49.31,54.3 2 0
github.com/baaaki/mydreamcampus/staff-service/internal/service/staff_service.go:57.2,77.16 4 0
github.com/baaaki/mydreamcampus/staff-service/internal/service/staff_service.go:77.16,79.61 1 0
github.com/baaaki/mydreamcampus/staff-service/internal/service/staff_service.go:79.61,84.4 2 0
github.com/baaaki/mydreamcampus/staff-service/internal/service/staff_service.go:87.3,87.115 1 0
github.com/baaaki/mydreamcampus/staff-service/internal/service/staff_service.go:87.115,89.4 1 0
github.com/baaaki/mydreamcampus/staff-service/internal/service/staff_service.go:92.3,92.79 1 0
github.com/baaaki/mydreamcampus/staff-service/internal/service/staff_service.go:95.2,100.38 2 0
github.com/baaaki/mydreamcampus/staff-service/internal/service/staff_service.go:104.96,113.16 3 0
github.com/baaaki/mydreamcampus/staff-service/internal/service/staff_service.go:113.16,118.3 2 0
github.com/baaaki/mydreamcampus/staff-service/internal/service/staff_service.go:120.2,121.16 2 0
github.com/baaaki/mydreamcampus/staff-service/internal/service/staff_service.go:121.16,123.63 1 0
github.com/baaaki/mydreamcampus/staff-service/internal/service/staff_service.go:123.63,128.4 2 0
github.com/baaaki/mydreamcampus/staff-service/internal/service/staff_service.go:131.3,131.56 1 0
github.com/baaaki/mydreamcampus/staff-service/internal/service/staff_service.go:131.56,133.4 1 0
github.com/baaaki/mydreamcampus/staff-service/internal/service/staff_service.go:136.3,136.79 1 0
github.com/baaaki/mydreamcampus/staff-service/internal/service/staff_service.go:139.2,143.38 2 0
github.com/baaaki/mydreamcampus/staff-service/internal/service/staff_service.go:147.123,156.16 3 0
github.com/baaaki/mydreamcampus/staff-service/internal/service/staff_service.go:156.16,161.3 2 0
github.com/baaaki/mydreamcampus/staff-service/internal/service/staff_service.go:164.2,165.16 2 0
github.com/baaaki/mydreamcampus/staff-service/internal/service/staff_service.go:165.16,167.63 1 0
github.com/baaaki/mydreamcampus/staff-service/internal/service/staff_service.go:167.63,172.4 2 0
github.com/baaaki/mydreamcampus/staff-service/internal/service/staff_service.go:175.3,175.56 1 0
github.com/baaaki/mydreamcampus/staff-service/internal/service/staff_service.go:175.56,177.4 1 0
github.com/baaaki/mydreamcampus/staff-service/internal/service/staff_service.go:180.3,180.79 1 0
github.com/baaaki/mydreamcampus/staff-service/internal/service/staff_service.go:183.2,201.16 4 0
github.com/baaaki/mydreamcampus/staff-service/internal/service/staff_service.go:201.16,203.63 1 0
github.com/baaaki/mydreamcampus/staff-service/internal/service/staff_service.go:203.63,208.4 2 0
github.com/baaaki/mydreamcampus/staff-service/internal/service/staff_service.go:211.3,211.115 1 0
github.com/baaaki/mydreamcampus/staff-service/internal/service/staff_service.go:211.115,213.4 1 0
github.com/baaaki/mydreamcampus/staff-service/internal/service/staff_service.go:216.3,216.79 1 0
github.com/baaaki/mydreamcampus/staff-service/internal/service/staff_service.go:219.2,226.38 2 0
github.com/baaaki/mydreamcampus/staff-service/internal/service/staff_service.go:230.74,239.16 3 0
github.com/baaaki/mydreamcampus/staff-service/internal/service/staff_service.go:239.16,244.3 2 0
github.com/baaaki/mydreamcampus/staff-service/internal/service/staff_service.go:247.2,248.16 2 0
github.com/baaaki/mydreamcampus/staff-service/internal/service/staff_service.go:248.16,250.63 1 0
github.com/baaaki/mydreamcampus/staff-service/internal/service/staff_service.go:250.63,255.4 2 0
github.com/baaaki/mydreamcampus/staff-service/internal/service/staff_service.go:258.3,258.56 1 0
github.com/baaaki/mydreamcampus/staff-service/internal/service/staff_service.go:258.56,260.4 1 0
github.com/baaaki/mydreamcampus/staff-service/internal/service/staff_service.go:263.3,263.58 1 0
github.com/baaaki/mydreamcampus/staff-service/internal/service/staff_service.go:266.2,271.16 3 0
github.com/baaaki/mydreamcampus/staff-service/internal/service/staff_service.go:271.16,273.63 1 0
github.com/baaaki/mydreamcampus/staff-service/internal/service/staff_service.go:273.63,278.4 2 0
github.com/baaaki/mydreamcampus/staff-service/internal/service/staff_service.go:281.3,281.115 1 0
github.com/baaaki/mydreamcampus/staff-service/internal/service/staff_service.go:281.115,283.4 1 0
github.com/baaaki/mydreamcampus/staff-service/internal/service/staff_service.go:286.3,286.58 1 0
github.com/baaaki/mydreamcampus/staff-service/internal/service/staff_service.go:289.2,294.12 2 0
github.com/baaaki/mydreamcampus/staff-service/internal/service/staff_service.go:298.113,311.16 5 0
github.com/baaaki/mydreamcampus/staff-service/internal/service/staff_service.go:311.16,313.56 1 0
github.com/baaaki/mydreamcampus/staff-service/internal/service/staff_service.go:313.56,315.4 1 0
github.com/baaaki/mydreamcampus/staff-service/internal/service/staff_service.go:318.3,318.83 1 0
github.com/baaaki/mydreamcampus/staff-service/internal/service/staff_service.go:321.2,322.34 2 0
github.com/baaaki/mydreamcampus/staff-service/internal/service/staff_service.go:322.34,324.3 1 0
github.com/baaaki/mydreamcampus/staff-service/internal/service/staff_service.go:326.2,342.8 3 0
github.com/baaaki/mydreamcampus/staff-service/internal/service/staff_service.go:346.122,355.16 3 0
github.com/baaaki/mydreamcampus/staff-service/internal/service/staff_service.go:355.16,357.56 1 0
github.com/baaaki/mydreamcampus/staff-service/internal/service/staff_service.go:357.56,359.4 1 0
github.com/baaaki/mydreamcampus/staff-service/internal/service/staff_service.go:362.3,362.83 1 0
github.com/baaaki/mydreamcampus/staff-service/internal/service/staff_service.go:365.2,366.41 2 0
github.com/baaaki/mydreamcampus/staff-service/internal/service/staff_service.go:366.41,368.3 1 0
github.com/baaaki/mydreamcampus/staff-service/internal/service/staff_service.go:370.2,382.8 2 0
github.com/baaaki/mydreamcampus/staff-service/internal/service/staff_service.go:386.74,388.21 2 0
github.com/baaaki/mydreamcampus/staff-service/internal/service/staff_service.go:388.21,390.3 1 0
github.com/baaaki/mydreamcampus/staff-service/internal/service/staff_service.go:392.2,404.3 1 0
github.com/baaaki/mydreamcampus/staff-service/internal/service/teacher_profile_service.go:22.104,26.2 1 0
github.com/baaaki/mydreamcampus/staff-service/internal/service/teacher_profile_service.go:29.133,37.16 3 0
github.com/baaaki/mydreamcampus/staff-service/internal/service/teacher_profile_service.go:37.16,40.3 2 0
github.com/baaaki/mydreamcampus/staff-service/internal/service/teacher_profile_service.go:42.2,43.16 2 0
github.com/baaaki/mydreamcampus/staff-service/internal/service/teacher_profile_service.go:43.16,44.72 1 0
github.com/baaaki/mydreamcampus/staff-service/internal/service/teacher_profile_service.go:44.72,47.4 2 0
github.com/baaaki/mydreamcampus/staff-service/internal/service/teacher_profile_service.go:48.3,48.56 1 0
github.com/baaaki/mydreamcampus/staff-service/internal/service/teacher_profile_service.go:48.56,50.4 1 0
github.com/baaaki/mydreamcampus/staff-service/internal/service/teacher_profile_service.go:51.3,51.88 1 0
github.com/baaaki/mydreamcampus/staff-service/internal/service/teacher_profile_service.go:54.2,55.49 2 0
github.com/baaaki/mydreamcampus/staff-service/internal/service/teacher_profile_service.go:59.164,67.16 3 0
github.com/baaaki/mydreamcampus/staff-service/internal/service/teacher_profile_service.go:67.16,70.3 2 0
github.com/baaaki/mydreamcampus/staff-service/internal/service/teacher_profile_service.go:73.2,77.30 2 0
github.com/baaaki/mydreamcampus/staff-service/internal/service/teacher_profile_service.go:77.30,79.3 1 0
github.com/baaaki/mydreamcampus/staff-service/internal/service/teacher_profile_service.go:80.2,80.24 1 0
github.com/baaaki/mydreamcampus/staff-service/internal/service/teacher_profile_service.go:80.24,82.3 1 0
github.com/baaaki/mydreamcampus/staff-service/internal/service/teacher_profile_service.go:83.2,83.32 1 0
github.com/baaaki/mydreamcampus/staff-service/internal/service/teacher_profile_service.go:83.32,85.3 1 0
github.com/baaaki/mydreamcampus/staff-service/internal/service/teacher_profile_service.go:86.2,86.26 1 0
github.com/baaaki/mydreamcampus/staff-service/internal/service/teacher_profile_service.go:86.26,89.3 2 0
github.com/baaaki/mydreamcampus/staff-service/internal/service/teacher_profile_service.go:90.2,90.25 1 0
github.com/baaaki/mydreamcampus/staff-service/internal/service/teacher_profile_service.go:90.25,93.3 2 0
github.com/baaaki/mydreamcampus/staff-service/internal/service/teacher_profile_service.go:94.2,94.26 1 0
github.com/baaaki/mydreamcampus/staff-service/internal/service/teacher_profile_service.go:94.26,97.3 2 0
github.com/baaaki/mydreamcampus/staff-service/internal/service/teacher_profile_service.go:98.2,98.25 1 0
github.com/baaaki/mydreamcampus/staff-service/internal/service/teacher_profile_service.go:98.25,101.3 2 0
github.com/baaaki/mydreamcampus/staff-service/internal/service/teacher_profile_service.go:102.2,102.23 1 0
github.com/baaaki/mydreamcampus/staff-service/internal/service/teacher_profile_service.go:102.23,105.3 2 0
github.com/baaaki/mydreamcampus/staff-service/internal/service/teacher_profile_service.go:106.2,106.29 1 0
github.com/baaaki/mydreamcampus/staff-service/internal/service/teacher_profile_service.go:106.29,109.3 2 0
github.com/baaaki/mydreamcampus/staff-service/internal/service/teacher_profile_service.go:110.2,110.33 1 0
github.com/baaaki/mydreamcampus/staff-service/internal/service/teacher_profile_service.go:110.33,113.3 2 0
github.com/baaaki/mydreamcampus/staff-service/internal/service/teacher_profile_service.go:115.2,116.16 2 0
github.com/baaaki/mydreamcampus/staff-service/internal/service/teacher_profile_service.go:116.16,117.72 1 0
github.com/baaaki/mydreamcampus/staff-service/internal/service/teacher_profile_service.go:117.72,120.4 2 0
github.com/baaaki/mydreamcampus/staff-service/internal/service/teacher_profile_service.go:121.3,121.56 1 0
github.com/baaaki/mydreamcampus/staff-service/internal/service/teacher_profile_service.go:121.56,123.4 1 0
github.com/baaaki/mydreamcampus/staff-service/internal/service/teacher_profile_service.go:124.3,124.88 1 0
github.com/baaaki/mydreamcampus/staff-service/internal/service/teacher_profile_service.go:128.2,129.16 2 0
github.com/baaaki/mydreamcampus/staff-service/internal/service/teacher_profile_service.go:129.16,131.3 1 0
github.com/baaaki/mydreamcampus/staff-service/internal/service/teacher_profile_service.go:133.2,134.56 2 0
github.com/baaaki/mydreamcampus/staff-service/internal/service/teacher_profile_service.go:138.141,150.16 5 0
github.com/baaaki/mydreamcampus/staff-service/internal/service/teacher_profile_service.go:150.16,151.56 1 0
github.com/baaaki/mydreamcampus/staff-service/internal/service/teacher_profile_service.go:151.56,153.4 1 0
github.com/baaaki/mydreamcampus/staff-service/internal/service/teacher_profile_service.go:154.3,154.92 1 0
github.com/baaaki/mydreamcampus/staff-service/internal/service/teacher_profile_service.go:157.2,158.35 2 0
github.com/baaaki/mydreamcampus/staff-service/internal/service/teacher_profile_service.go:158.35,160.3 1 0
github.com/baaaki/mydreamcampus/staff-service/internal/service/teacher_profile_service.go:162.2,177.8 3 0
github.com/baaaki/mydreamcampus/staff-service/internal/service/teacher_profile_service.go:181.123,206.28 2 0
github.com/baaaki/mydreamcampus/staff-service/internal/service/teacher_profile_service.go:206.28,208.3 1 0
github.com/baaaki/mydreamcampus/staff-service/internal/service/teacher_profile_service.go:209.2,209.27 1 0
github.com/baaaki/mydreamcampus/staff-service/internal/service/teacher_profile_service.go:209.27,211.3 1 0
github.com/baaaki/mydreamcampus/staff-service/internal/service/teacher_profile_service.go:212.2,212.28 1 0
github.com/baaaki/mydreamcampus/staff-service/internal/service/teacher_profile_service.go:212.28,214.3 1 0
github.com/baaaki/mydreamcampus/staff-service/internal/service/teacher_profile_service.go:215.2,215.27 1 0
github.com/baaaki/mydreamcampus/staff-service/internal/service/teacher_profile_service.go:215.27,217.3 1 0
github.com/baaaki/mydreamcampus/staff-service/internal/service/teacher_profile_service.go:218.2,218.25 1 0
github.com/baaaki/mydreamcampus/staff-service/internal/service/teacher_profile_service.go:218.25,220.3 1 0
github.com/baaaki/mydreamcampus/staff-service/internal/service/teacher_profile_service.go:221.2,221.31 1 0
github.com/baaaki/mydreamcampus/staff-service/internal/service/teacher_profile_service.go:221.31,223.3 1 0
github.com/baaaki/mydreamcampus/staff-service/internal/service/teacher_profile_service.go:224.2,224.35 1 0
github.com/baaaki/mydreamcampus/staff-service/internal/service/teacher_profile_service.go:224.35,226.3 1 0
github.com/baaaki/mydreamcampus/staff-service/internal/service/teacher_profile_service.go:228.2,228.17 1 0
github.com/baaaki/mydreamcampus/staff-service/internal/service/teacher_profile_service.go:232.123,257.28 2 0
github.com/baaaki/mydreamcampus/staff-service/internal/service/teacher_profile_service.go:257.28,259.3 1 0
github.com/baaaki/mydreamcampus/staff-service/internal/service/teacher_profile_service.go:260.2,260.27 1 0
github.com/baaaki/mydreamcampus/staff-service/internal/service/teacher_profile_service.go:260.27,262.3 1 0
github.com/baaaki/mydreamcampus/staff-service/internal/service/teacher_profile_service.go:263.2,263.28 1 0
github.com/baaaki/mydreamcampus/staff-service/internal/service/teacher_profile_service.go:263.28,265.3 1 0
github.com/baaaki/mydreamcampus/staff-service/internal/service/teacher_profile_service.go:266.2,266.27 1 0
github.com/baaaki/mydreamcampus/staff-service/internal/service/teacher_profile_service.go:266.27,268.3 1 0
github.com/baaaki/mydreamcampus/staff-service/internal/service/teacher_profile_service.go:269.2,269.25 1 0
github.com/baaaki/mydreamcampus/staff-service/internal/service/teacher_profile_service.go:269.25,271.3 1 0
github.com/baaaki/mydreamcampus/staff-service/internal/service/teacher_profile_service.go:272.2,272.31 1 0
github.com/baaaki/mydreamcampus/staff-service/internal/service/teacher_profile_service.go:272.31,274.3 1 0
github.com/baaaki/mydreamcampus/staff-service/internal/service/teacher_profile_service.go:275.2,275.35 1 0
github.com/baaaki/mydreamcampus/staff-service/internal/service/teacher_profile_service.go:275.35,277.3 1 0
github.com/baaaki/mydreamcampus/staff-service/internal/service/teacher_profile_service.go:279.2,279.17 1 0
github.com/baaaki/mydreamcampus/staff-service/internal/repository/outbox_repository.go:19.64,24.2 1 0
github.com/baaaki/mydreamcampus/staff-service/internal/repository/outbox_repository.go:27.119,29.16 2 0
github.com/baaaki/mydreamcampus/staff-service/internal/repository/outbox_repository.go:29.16,31.3 1 0
github.com/baaaki/mydreamcampus/staff-service/internal/repository/outbox_repository.go:32.2,32.20 1 0
github.com/baaaki/mydreamcampus/staff-service/internal/repository/outbox_repository.go:36.88,38.16 2 0
github.com/baaaki/mydreamcampus/staff-service/internal/repository/outbox_repository.go:38.16,40.3 1 0
github.com/baaaki/mydreamcampus/staff-service/internal/repository/outbox_repository.go:41.2,41.12 1 0
github.com/baaaki/mydreamcampus/staff-service/internal/repository/outbox_repository.go:45.106,50.16 2 0
github.com/baaaki/mydreamcampus/staff-service/internal/repository/outbox_repository.go:50.16,52.3 1 0
github.com/baaaki/mydreamcampus/staff-service/internal/repository/outbox_repository.go:53.2,53.12 1 0
github.com/baaaki/mydreamcampus/staff-service/internal/repository/outbox_repository.go:57.117,59.16 2 0
github.com/baaaki/mydreamcampus/staff-service/internal/repository/outbox_repository.go:59.16,61.3 1 0
github.com/baaaki/mydreamcampus/staff-service/internal/repository/outbox_repository.go:62.2,62.20 1 0
github.com/baaaki/mydreamcampus/staff-service/internal/repository/outbox_repository.go:66.86,68.16 2 0
github.com/baaaki/mydreamcampus/staff-service/internal/repository/outbox_repository.go:68.16,70.3 1 0
github.com/baaaki/mydreamcampus/staff-service/internal/repository/outbox_repository.go:71.2,71.12 1 0
github.com/baaaki/mydreamcampus/staff-service/internal/repository/staff_repository.go:24.62,29.2 1 0
github.com/baaaki/mydreamcampus/staff-service/internal/repository/staff_repository.go:33.145,35.16 2 0
github.com/baaaki/mydreamcampus/staff-service/internal/repository/staff_repository.go:35.16,37.3 1 0
github.com/baaaki/mydreamcampus/staff-service/internal/repository/staff_repository.go:38.2,44.16 4 0
github.com/baaaki/mydreamcampus/staff-service/internal/repository/staff_repository.go:44.16,46.46 1 0
github.com/baaaki/mydreamcampus/staff-service/internal/repository/staff_repository.go:46.46,47.30 1 0
github.com/baaaki/mydreamcampus/staff-service/internal/repository/staff_repository.go:47.30,49.5 1 0
github.com/baaaki/mydreamcampus/staff-service/internal/repository/staff_repository.go:51.3,51.100 1 0
github.com/baaaki/mydreamcampus/staff-service/internal/repository/staff_repository.go:55.2,55.30 1 0
github.com/baaaki/mydreamcampus/staff-service/internal/repository/staff_repository.go:55.30,60.17 2 0
github.com/baaaki/mydreamcampus/staff-service/internal/repository/staff_repository.go:60.17,62.4 1 0
github.com/baaaki/mydreamcampus/staff-service/internal/repository/staff_repository.go:66.2,70.16 3 0
github.com/baaaki/mydreamcampus/staff-service/internal/repository/staff_repository.go:70.16,72.3 1 0
github.com/baaaki/mydreamcampus/staff-service/internal/repository/staff_repository.go:73.2,78.16 2 0
github.com/baaaki/mydreamcampus/staff-service/internal/repository/staff_repository.go:78.16,80.3 1 0
github.com/baaaki/mydreamcampus/staff-service/internal/repository/staff_repository.go:82.2,82.39 1 0
github.com/baaaki/mydreamcampus/staff-service/internal/repository/staff_repository.go:82.39,84.3 1 0
github.com/baaaki/mydreamcampus/staff-service/internal/repository/staff_repository.go:86.2,86.19 1 0
github.com/baaaki/mydreamcampus/staff-service/internal/repository/staff_repository.go:90.93,92.16 2 0
github.com/baaaki/mydreamcampus/staff-service/internal/repository/staff_repository.go:92.16,93.27 1 0
github.com/baaaki/mydreamcampus/staff-service/internal/repository/staff_repository.go:93.27,95.4 1 0
github.com/baaaki/mydreamcampus/staff-service/internal/repository/staff_repository.go:96.3,96.97 1 0
github.com/baaaki/mydreamcampus/staff-service/internal/repository/staff_repository.go:98.2,98.19 1 0
github.com/baaaki/mydreamcampus/staff-service/internal/repository/staff_repository.go:103.96,105.16 2 0
github.com/baaaki/mydreamcampus/staff-service/internal/repository/staff_repository.go:105.16,106.27 1 0
github.com/baaaki/mydreamcampus/staff-service/internal/repository/staff_repository.go:106.27,109.4 1 0
github.com/baaaki/mydreamcampus/staff-service/internal/repository/staff_repository.go:110.3,110.118 1 0
github.com/baaaki/mydreamcampus/staff-service/internal/repository/staff_repository.go:112.2,112.19 1 0
github.com/baaaki/mydreamcampus/staff-service/internal/repository/staff_repository.go:116.159,118.16 2 0
github.com/baaaki/mydreamcampus/staff-service/internal/repository/staff_repository.go:118.16,120.3 1 0
github.com/baaaki/mydreamcampus/staff-service/internal/repository/staff_repository.go:121.2,127.16 4 0
github.com/baaaki/mydreamcampus/staff-service/internal/repository/staff_repository.go:127.16,128.27 1 0
github.com/baaaki/mydreamcampus/staff-service/internal/repository/staff_repository.go:128.27,130.4 1 0
github.com/baaaki/mydreamcampus/staff-service/internal/repository/staff_repository.go:131.3,131.100 1 0
github.com/baaaki/mydreamcampus/staff-service/internal/repository/staff_repository.go:135.2,136.16 2 0
github.com/baaaki/mydreamcampus/staff-service/internal/repository/staff_repository.go:136.16,138.3 1 0
github.com/baaaki/mydreamcampus/staff-service/internal/repository/staff_repository.go:139.2,144.16 2 0
github.com/baaaki/mydreamcampus/staff-service/internal/repository/staff_repository.go:144.16,146.3 1 0
github.com/baaaki/mydreamcampus/staff-service/internal/repository/staff_repository.go:148.2,148.39 1 0
github.com/baaaki/mydreamcampus/staff-service/internal/repository/staff_repository.go:148.39,150.3 1 0
github.com/baaaki/mydreamcampus/staff-service/internal/repository/staff_repository.go:152.2,152.19 1 0
github.com/baaaki/mydreamcampus/staff-service/internal/repository/staff_repository.go:156.122,158.16 2 0
github.com/baaaki/mydreamcampus/staff-service/internal/repository/staff_repository.go:158.16,160.3 1 0
github.com/baaaki/mydreamcampus/staff-service/internal/repository/staff_repository.go:161.2,167.16 4 0
github.com/baaaki/mydreamcampus/staff-service/internal/repository/staff_repository.go:167.16,168.27 1 0
github.com/baaaki/mydreamcampus/staff-service/internal/repository/staff_repository.go:168.27,170.4 1 0
github.com/baaaki/mydreamcampus/staff-service/internal/repository/staff_repository.go:171.3,171.88 1 0
github.com/baaaki/mydreamcampus/staff-service/internal/repository/staff_repository.go:175.2,176.16 2 0
github.com/baaaki/mydreamcampus/staff-service/internal/repository/staff_repository.go:176.16,178.3 1 0
github.com/baaaki/mydreamcampus/staff-service/internal/repository/staff_repository.go:179.2,184.16 2 0
github.com/baaaki/mydreamcampus/staff-service/internal/repository/staff_repository.go:184.16,186.3 1 0
github.com/baaaki/mydreamcampus/staff-service/internal/repository/staff_repository.go:188.2,188.39 1 0
github.com/baaaki/mydreamcampus/staff-service/internal/repository/staff_repository.go:188.39,190.3 1 0
github.com/baaaki/mydreamcampus/staff-service/internal/repository/staff_repository.go:192.2,192.12 1 0
github.com/baaaki/mydreamcampus/staff-service/internal/repository/staff_repository.go:196.106,199.16 2 0
github.com/baaaki/mydreamcampus/staff-service/internal/repository/staff_repository.go:199.16,201.3 1 0
github.com/baaaki/mydreamcampus/staff-service/internal/repository/staff_repository.go:204.2,208.16 2 0
github.com/baaaki/mydreamcampus/staff-service/internal/repository/staff_repository.go:208.16,210.3 1 0
github.com/baaaki/mydreamcampus/staff-service/internal/repository/staff_repository.go:212.2,212.30 1 0
github.com/baaaki/mydreamcampus/staff-service/internal/repository/staff_repository.go:216.114,218.16 2 0
github.com/baaaki/mydreamcampus/staff-service/internal/repository/staff_repository.go:218.16,220.3 1 0
github.com/baaaki/mydreamcampus/staff-service/internal/repository/staff_repository.go:221.2,221.25 1 0
github.com/baaaki/mydreamcampus/staff-service/internal/repository/teacher_profile_repository.go:21.80,26.2 1 0
github.com/baaaki/mydreamcampus/staff-service/internal/repository/teacher_profile_repository.go:29.145,31.16 2 0
github.com/baaaki/mydreamcampus/staff-service/internal/repository/teacher_profile_repository.go:31.16,32.27 1 0
github.com/baaaki/mydreamcampus/staff-service/internal/repository/teacher_profile_repository.go:32.27,34.4 1 0
github.com/baaaki/mydreamcampus/staff-service/internal/repository/teacher_profile_repository.go:35.3,35.131 1 0
github.com/baaaki/mydreamcampus/staff-service/internal/repository/teacher_profile_repository.go:37.2,37.21 1 0
github.com/baaaki/mydreamcampus/staff-service/internal/repository/teacher_profile_repository.go:41.124,48.16 3 0
github.com/baaaki/mydreamcampus/staff-service/internal/repository/teacher_profile_repository.go:48.16,50.3 1 0
github.com/baaaki/mydreamcampus/staff-service/internal/repository/teacher_profile_repository.go:51.2,51.21 1 0
github.com/baaaki/mydreamcampus/staff-service/internal/repository/teacher_profile_repository.go:55.143,57.16 2 0
github.com/baaaki/mydreamcampus/staff-service/internal/repository/teacher_profile_repository.go:57.16,58.27 1 0
github.com/baaaki/mydreamcampus/staff-service/internal/repository/teacher_profile_repository.go:58.27,60.4 1 0
github.com/baaaki/mydreamcampus/staff-service/internal/repository/teacher_profile_repository.go:61.3,61.119 1 0
github.com/baaaki/mydreamcampus/staff-service/internal/repository/teacher_profile_repository.go:63.2,63.21 1 0
github.com/baaaki/mydreamcampus/staff-service/internal/repository/teacher_profile_repository.go:67.112,69.16 2 0
github.com/baaaki/mydreamcampus/staff-service/internal/repository/teacher_profile_repository.go:69.16,71.3 1 0
github.com/baaaki/mydreamcampus/staff-service/internal/repository/teacher_profile_repository.go:72.2,72.12 1 0
github.com/baaaki/mydreamcampus/staff-service/internal/repository/teacher_profile_repository.go:76.142,79.16 2 0
github.com/baaaki/mydreamcampus/staff-service/internal/repository/teacher_profile_repository.go:79.16,81.3 1 0
github.com/baaaki/mydreamcampus/staff-service/internal/repository/teacher_profile_repository.go:84.2,88.16 2 0
github.com/baaaki/mydreamcampus/staff-service/internal/repository/teacher_profile_repository.go:88.16,90.3 1 0
github.com/baaaki/mydreamcampus/staff-service/internal/repository/teacher_profile_repository.go:92.2,92.29 1 0
github.com/baaaki/mydreamcampus/staff-service/internal/handler/staff_handler.go:26.67,30.2 1 0
github.com/baaaki/mydreamcampus/staff-service/internal/handler/staff_handler.go:42.52,53.47 5 0
github.com/baaaki/mydreamcampus/staff-service/internal/handler/staff_handler.go:53.47,62.3 3 0
github.com/baaaki/mydreamcampus/staff-service/internal/handler/staff_handler.go:64.2,69.16 3 0
github.com/baaaki/mydreamcampus/staff-service/internal/handler/staff_handler.go:69.16,71.45 1 0
github.com/baaaki/mydreamcampus/staff-service/internal/handler/staff_handler.go:71.45,82.4 3 0
github.com/baaaki/mydreamcampus/staff-service/internal/handler/staff_handler.go:85.3,93.9 3 0
github.com/baaaki/mydreamcampus/staff-service/internal/handler/staff_handler.go:96.2,101.38 2 0
github.com/baaaki/mydreamcampus/staff-service/internal/handler/staff_handler.go:114.53,130.16 7 0
github.com/baaaki/mydreamcampus/staff-service/internal/handler/staff_handler.go:130.16,132.45 1 0
github.com/baaaki/mydreamcampus/staff-service/internal/handler/staff_handler.go:132.45,142.4 3 0
github.com/baaaki/mydreamcampus/staff-service/internal/handler/staff_handler.go:145.3,152.9 3 0
github.com/baaaki/mydreamcampus/staff-service/internal/handler/staff_handler.go:155.2,156.33 2 0
github.com/baaaki/mydreamcampus/staff-service/internal/handler/staff_handler.go:171.52,185.47 6 0
github.com/baaaki/mydreamcampus/staff-service/internal/handler/staff_handler.go:185.47,194.3 3 0
github.com/baaaki/mydreamcampus/staff-service/internal/handler/staff_handler.go:196.2,201.16 3 0
github.com/baaaki/mydreamcampus/staff-service/internal/handler/staff_handler.go:201.16,203.45 1 0
github.com/baaaki/mydreamcampus/staff-service/internal/handler/staff_handler.go:203.45,213.4 3 0
github.com/baaaki/mydreamcampus/staff-service/internal/handler/staff_handler.go:216.3,223.9 3 0
github.com/baaaki/mydreamcampus/staff-service/internal/handler/staff_handler.go:226.2,228.33 2 0
github.com/baaaki/mydreamcampus/staff-service/internal/handler/staff_handler.go:241.52,257.16 7 0
github.com/baaaki/mydreamcampus/staff-service/internal/handler/staff_handler.go:257.16,259.45 1 0
github.com/baaaki/mydreamcampus/staff-service/internal/handler/staff_handler.go:259.45,269.4 3 0
github.com/baaaki/mydreamcampus/staff-service/internal/handler/staff_handler.go:272.3,279.9 3 0
github.com/baaaki/mydreamcampus/staff-service/internal/handler/staff_handler.go:282.2,286.4 2 0
github.com/baaaki/mydreamcampus/staff-service/internal/handler/staff_handler.go:299.50,310.50 5 0
github.com/baaaki/mydreamcampus/staff-service/internal/handler/staff_handler.go:310.50,319.3 3 0
github.com/baaaki/mydreamcampus/staff-service/internal/handler/staff_handler.go:322.2,322.21 1 0
github.com/baaaki/mydreamcampus/staff-service/internal/handler/staff_handler.go:322.21,324.3 1 0
github.com/baaaki/mydreamcampus/staff-service/internal/handler/staff_handler.go:325.2,325.22 1 0
github.com/baaaki/mydreamcampus/staff-service/internal/handler/staff_handler.go:325.22,327.3 1 0
github.com/baaaki/mydreamcampus/staff-service/internal/handler/staff_handler.go:328.2,328.32 1 0
github.com/baaaki/mydreamcampus/staff-service/internal/handler/staff_handler.go:328.32,330.3 1 0
github.com/baaaki/mydreamcampus/staff-service/internal/handler/staff_handler.go:331.2,331.21 1 0
github.com/baaaki/mydreamcampus/staff-service/internal/handler/staff_handler.go:331.21,333.3 1 0
github.com/baaaki/mydreamcampus/staff-service/internal/handler/staff_handler.go:335.2,341.16 3 0
github.com/baaaki/mydreamcampus/staff-service/internal/handler/staff_handler.go:341.16,343.45 1 0
github.com/baaaki/mydreamcampus/staff-service/internal/handler/staff_handler.go:343.45,353.4 3 0
github.com/baaaki/mydreamcampus/staff-service/internal/handler/staff_handler.go:356.3,363.9 3 0
github.com/baaaki/mydreamcampus/staff-service/internal/handler/staff_handler.go:366.2,370.33 2 0
github.com/baaaki/mydreamcampus/staff-service/internal/handler/staff_handler.go:382.67,387.22 4 0
github.com/baaaki/mydreamcampus/staff-service/internal/handler/staff_handler.go:387.22,393.3 2 0
github.com/baaaki/mydreamcampus/staff-service/internal/handler/staff_handler.go:396.2,405.16 4 0
github.com/baaaki/mydreamcampus/staff-service/internal/handler/staff_handler.go:405.16,407.45 1 0
github.com/baaaki/mydreamcampus/staff-service/internal/handler/staff_handler.go:407.45,417.4 3 0
github.com/baaaki/mydreamcampus/staff-service/internal/handler/staff_handler.go:420.3,427.9 3 0
github.com/baaaki/mydreamcampus/staff-service/internal/handler/staff_handler.go:430.2,434.33 2 0
github.com/baaaki/mydreamcampus/staff-service/internal/handler/teacher_profile_handler.go:19.94,23.2 1 0
github.com/baaaki/mydreamcampus/staff-service/internal/handler/teacher_profile_handler.go:36.76,51.16 7 0
github.com/baaaki/mydreamcampus/staff-service/internal/handler/teacher_profile_handler.go:51.16,52.45 1 0
github.com/baaaki/mydreamcampus/staff-service/internal/handler/teacher_profile_handler.go:52.45,62.4 3 0
github.com/baaaki/mydreamcampus/staff-service/internal/handler/teacher_profile_handler.go:64.3,69.9 3 0
github.com/baaaki/mydreamcampus/staff-service/internal/handler/teacher_profile_handler.go:72.2,73.33 2 0
github.com/baaaki/mydreamcampus/staff-service/internal/handler/teacher_profile_handler.go:89.70,102.47 6 0
github.com/baaaki/mydreamcampus/staff-service/internal/handler/teacher_profile_handler.go:102.47,109.3 3 0
github.com/baaaki/mydreamcampus/staff-service/internal/handler/teacher_profile_handler.go:111.2,114.16 3 0
github.com/baaaki/mydreamcampus/staff-service/internal/handler/teacher_profile_handler.go:114.16,115.45 1 0
github.com/baaaki/mydreamcampus/staff-service/internal/handler/teacher_profile_handler.go:115.45,125.4 3 0
github.com/baaaki/mydreamcampus/staff-service/internal/handler/teacher_profile_handler.go:127.3,132.9 3 0
github.com/baaaki/mydreamcampus/staff-service/internal/handler/teacher_profile_handler.go:135.2,136.33 2 0
github.com/baaaki/mydreamcampus/staff-service/internal/handler/teacher_profile_handler.go:150.69,160.50 5 0
github.com/baaaki/mydreamcampus/staff-service/internal/handler/teacher_profile_handler.go:160.50,167.3 3 0
github.com/baaaki/mydreamcampus/staff-service/internal/handler/teacher_profile_handler.go:170.2,170.21 1 0
github.com/baaaki/mydreamcampus/staff-service/internal/handler/teacher_profile_handler.go:170.21,172.3 1 0
github.com/baaaki/mydreamcampus/staff-service/internal/handler/teacher_profile_handler.go:173.2,173.22 1 0
github.com/baaaki/mydreamcampus/staff-service/internal/handler/teacher_profile_handler.go:173.22,175.3 1 0
github.com/baaaki/mydreamcampus/staff-service/internal/handler/teacher_profile_handler.go:176.2,176.32 1 0
github.com/baaaki/mydreamcampus/staff-service/internal/handler/teacher_profile_handler.go:176.32,178.3 1 0
github.com/baaaki/mydreamcampus/staff-service/internal/handler/teacher_profile_handler.go:180.2,186.16 3 0
github.com/baaaki/mydreamcampus/staff-service/internal/handler/teacher_profile_handler.go:186.16,187.45 1 0
github.com/baaaki/mydreamcampus/staff-service/internal/handler/teacher_profile_handler.go:187.45,197.4 3 0
github.com/baaaki/mydreamcampus/staff-service/internal/handler/teacher_profile_handler.go:199.3,204.9 3 0
github.com/baaaki/mydreamcampus/staff-service/internal/handler/teacher_profile_handler.go:207.2,211.33 2 0
